<?xml version="1.0" encoding="UTF-8"?>
<coverage generated="1543520359">
  <project timestamp="1543520359">
    <file name="/Applications/MAMP/htdocs/umpire/application/controllers/Ajax_post_controller.php">
      <class name="Ajax_Post_Controller" namespace="global" fullPackage="Ajax.Post">
        <metrics complexity="7" methods="7" coveredmethods="0" conditionals="0" coveredconditionals="0" statements="39" coveredstatements="0" elements="46" coveredelements="0"/>
      </class>
      <line num="2" type="stmt" count="0"/>
      <line num="3" type="stmt" count="0"/>
      <line num="8" type="method" name="__construct" visibility="public" complexity="1" crap="2" count="0"/>
      <line num="9" type="stmt" count="0"/>
      <line num="11" type="stmt" count="0"/>
      <line num="12" type="stmt" count="0"/>
      <line num="13" type="stmt" count="0"/>
      <line num="14" type="stmt" count="0"/>
      <line num="15" type="stmt" count="0"/>
      <line num="18" type="stmt" count="0"/>
      <line num="21" type="method" name="index" visibility="public" complexity="1" crap="2" count="0"/>
      <line num="22" type="stmt" count="0"/>
      <line num="23" type="stmt" count="0"/>
      <line num="24" type="stmt" count="0"/>
      <line num="25" type="stmt" count="0"/>
      <line num="28" type="method" name="user_data_submit" visibility="public" complexity="1" crap="2" count="0"/>
      <line num="29" type="stmt" count="0"/>
      <line num="30" type="stmt" count="0"/>
      <line num="31" type="stmt" count="0"/>
      <line num="32" type="stmt" count="0"/>
      <line num="33" type="stmt" count="0"/>
      <line num="35" type="stmt" count="0"/>
      <line num="36" type="stmt" count="0"/>
      <line num="38" type="method" name="updateCompetition" visibility="public" complexity="1" crap="2" count="0"/>
      <line num="41" type="stmt" count="0"/>
      <line num="42" type="stmt" count="0"/>
      <line num="43" type="stmt" count="0"/>
      <line num="44" type="stmt" count="0"/>
      <line num="45" type="stmt" count="0"/>
      <line num="46" type="stmt" count="0"/>
      <line num="47" type="stmt" count="0"/>
      <line num="50" type="stmt" count="0"/>
      <line num="51" type="stmt" count="0"/>
      <line num="54" type="stmt" count="0"/>
      <line num="56" type="method" name="updateUmpireGames" visibility="public" complexity="1" crap="2" count="0"/>
      <line num="58" type="stmt" count="0"/>
      <line num="59" type="stmt" count="0"/>
      <line num="60" type="stmt" count="0"/>
      <line num="73" type="stmt" count="0"/>
      <line num="74" type="stmt" count="0"/>
      <line num="75" type="stmt" count="0"/>
      <line num="77" type="stmt" count="0"/>
      <line num="79" type="method" name="startDataImport" visibility="public" complexity="1" crap="2" count="0"/>
      <line num="84" type="stmt" count="0"/>
      <line num="87" type="stmt" count="0"/>
      <line num="100" type="method" name="updateProgressBar" visibility="public" complexity="1" crap="2" count="0"/>
      <line num="115" type="stmt" count="0"/>
      <line num="119" type="stmt" count="0"/>
      <metrics loc="123" ncloc="74" classes="1" methods="7" coveredmethods="0" conditionals="0" coveredconditionals="0" statements="41" coveredstatements="0" elements="48" coveredelements="0"/>
    </file>
    <file name="/Applications/MAMP/htdocs/umpire/application/controllers/Createpdf.php">
      <class name="CreatePDF" namespace="global">
        <metrics complexity="5" methods="3" coveredmethods="0" conditionals="0" coveredconditionals="0" statements="44" coveredstatements="0" elements="47" coveredelements="0"/>
      </class>
      <line num="5" type="method" name="__construct" complexity="1" crap="2" count="0"/>
      <line num="6" type="stmt" count="0"/>
      <line num="7" type="stmt" count="0"/>
      <line num="8" type="stmt" count="0"/>
      <line num="9" type="stmt" count="0"/>
      <line num="10" type="stmt" count="0"/>
      <line num="11" type="stmt" count="0"/>
      <line num="12" type="stmt" count="0"/>
      <line num="14" type="method" name="writeToFile" complexity="1" crap="2" count="0"/>
      <line num="15" type="stmt" count="0"/>
      <line num="17" type="stmt" count="0"/>
      <line num="19" type="stmt" count="0"/>
      <line num="21" type="stmt" count="0"/>
      <line num="23" type="stmt" count="0"/>
      <line num="25" type="method" name="pdf" complexity="3" crap="12" count="0"/>
      <line num="26" type="stmt" count="0"/>
      <line num="28" type="stmt" count="0"/>
      <line num="29" type="stmt" count="0"/>
      <line num="30" type="stmt" count="0"/>
      <line num="31" type="stmt" count="0"/>
      <line num="32" type="stmt" count="0"/>
      <line num="34" type="stmt" count="0"/>
      <line num="36" type="stmt" count="0"/>
      <line num="37" type="stmt" count="0"/>
      <line num="38" type="stmt" count="0"/>
      <line num="39" type="stmt" count="0"/>
      <line num="40" type="stmt" count="0"/>
      <line num="41" type="stmt" count="0"/>
      <line num="42" type="stmt" count="0"/>
      <line num="44" type="stmt" count="0"/>
      <line num="45" type="stmt" count="0"/>
      <line num="47" type="stmt" count="0"/>
      <line num="48" type="stmt" count="0"/>
      <line num="49" type="stmt" count="0"/>
      <line num="51" type="stmt" count="0"/>
      <line num="55" type="stmt" count="0"/>
      <line num="56" type="stmt" count="0"/>
      <line num="57" type="stmt" count="0"/>
      <line num="60" type="stmt" count="0"/>
      <line num="61" type="stmt" count="0"/>
      <line num="62" type="stmt" count="0"/>
      <line num="63" type="stmt" count="0"/>
      <line num="64" type="stmt" count="0"/>
      <line num="65" type="stmt" count="0"/>
      <line num="68" type="stmt" count="0"/>
      <line num="69" type="stmt" count="0"/>
      <line num="73" type="stmt" count="0"/>
      <metrics loc="75" ncloc="59" classes="1" methods="3" coveredmethods="0" conditionals="0" coveredconditionals="0" statements="44" coveredstatements="0" elements="47" coveredelements="0"/>
    </file>
    <file name="/Applications/MAMP/htdocs/umpire/application/controllers/Datatest.php">
      <class name="DataTest" namespace="global">
        <metrics complexity="2" methods="2" coveredmethods="0" conditionals="0" coveredconditionals="0" statements="11" coveredstatements="0" elements="13" coveredelements="0"/>
      </class>
      <line num="4" type="method" name="__construct" visibility="public" complexity="1" crap="2" count="0"/>
      <line num="5" type="stmt" count="0"/>
      <line num="7" type="stmt" count="0"/>
      <line num="8" type="stmt" count="0"/>
      <line num="9" type="stmt" count="0"/>
      <line num="10" type="stmt" count="0"/>
      <line num="13" type="stmt" count="0"/>
      <line num="15" type="method" name="index" visibility="public" complexity="1" crap="2" count="0"/>
      <line num="16" type="stmt" count="0"/>
      <line num="17" type="stmt" count="0"/>
      <line num="20" type="stmt" count="0"/>
      <line num="23" type="stmt" count="0"/>
      <line num="27" type="stmt" count="0"/>
      <metrics loc="30" ncloc="24" classes="1" methods="2" coveredmethods="0" conditionals="0" coveredconditionals="0" statements="11" coveredstatements="0" elements="13" coveredelements="0"/>
    </file>
    <file name="/Applications/MAMP/htdocs/umpire/application/controllers/FileImport.php">
      <class name="FileImport" namespace="global">
        <metrics complexity="7" methods="6" coveredmethods="0" conditionals="0" coveredconditionals="0" statements="49" coveredstatements="0" elements="55" coveredelements="0"/>
      </class>
      <line num="6" type="method" name="__construct" visibility="public" complexity="1" crap="2" count="0"/>
      <line num="7" type="stmt" count="0"/>
      <line num="9" type="stmt" count="0"/>
      <line num="10" type="stmt" count="0"/>
      <line num="11" type="stmt" count="0"/>
      <line num="12" type="stmt" count="0"/>
      <line num="13" type="stmt" count="0"/>
      <line num="14" type="stmt" count="0"/>
      <line num="15" type="stmt" count="0"/>
      <line num="16" type="stmt" count="0"/>
      <line num="17" type="stmt" count="0"/>
      <line num="19" type="method" name="index" visibility="public" complexity="1" crap="2" count="0"/>
      <line num="21" type="stmt" count="0"/>
      <line num="23" type="method" name="do_upload" complexity="2" crap="6" count="0"/>
      <line num="24" type="stmt" count="0"/>
      <line num="25" type="stmt" count="0"/>
      <line num="26" type="stmt" count="0"/>
      <line num="27" type="stmt" count="0"/>
      <line num="28" type="stmt" count="0"/>
      <line num="30" type="stmt" count="0"/>
      <line num="32" type="stmt" count="0"/>
      <line num="33" type="stmt" count="0"/>
      <line num="34" type="stmt" count="0"/>
      <line num="35" type="stmt" count="0"/>
      <line num="36" type="stmt" count="0"/>
      <line num="37" type="stmt" count="0"/>
      <line num="38" type="stmt" count="0"/>
      <line num="39" type="stmt" count="0"/>
      <line num="40" type="stmt" count="0"/>
      <line num="41" type="stmt" count="0"/>
      <line num="42" type="stmt" count="0"/>
      <line num="43" type="stmt" count="0"/>
      <line num="45" type="stmt" count="0"/>
      <line num="46" type="stmt" count="0"/>
      <line num="48" type="method" name="runETLProcess" visibility="public" complexity="1" crap="2" count="0"/>
      <line num="50" type="stmt" count="0"/>
      <line num="51" type="stmt" count="0"/>
      <line num="52" type="stmt" count="0"/>
      <line num="53" type="stmt" count="0"/>
      <line num="55" type="method" name="showUploadComplete" visibility="private" complexity="1" crap="2" count="0"/>
      <line num="56" type="stmt" count="0"/>
      <line num="57" type="stmt" count="0"/>
      <line num="58" type="stmt" count="0"/>
      <line num="59" type="stmt" count="0"/>
      <line num="60" type="stmt" count="0"/>
      <line num="61" type="stmt" count="0"/>
      <line num="62" type="stmt" count="0"/>
      <line num="64" type="stmt" count="0"/>
      <line num="65" type="stmt" count="0"/>
      <line num="66" type="stmt" count="0"/>
      <line num="67" type="stmt" count="0"/>
      <line num="70" type="method" name="updateCompetition" visibility="public" complexity="1" crap="2" count="0"/>
      <line num="71" type="stmt" count="0"/>
      <line num="73" type="stmt" count="0"/>
      <line num="74" type="stmt" count="0"/>
      <metrics loc="75" ncloc="73" classes="1" methods="6" coveredmethods="0" conditionals="0" coveredconditionals="0" statements="49" coveredstatements="0" elements="55" coveredelements="0"/>
    </file>
    <file name="/Applications/MAMP/htdocs/umpire/application/controllers/ForgotPassword.php">
      <class name="ForgotPassword" namespace="global">
        <metrics complexity="13" methods="7" coveredmethods="0" conditionals="0" coveredconditionals="0" statements="111" coveredstatements="0" elements="118" coveredelements="0"/>
      </class>
      <line num="5" type="method" name="__construct" complexity="1" crap="2" count="0"/>
      <line num="6" type="stmt" count="0"/>
      <line num="7" type="stmt" count="0"/>
      <line num="8" type="stmt" count="0"/>
      <line num="9" type="stmt" count="0"/>
      <line num="10" type="stmt" count="0"/>
      <line num="11" type="stmt" count="0"/>
      <line num="12" type="stmt" count="0"/>
      <line num="14" type="stmt" count="0"/>
      <line num="16" type="method" name="index" complexity="1" crap="2" count="0"/>
      <line num="17" type="stmt" count="0"/>
      <line num="18" type="stmt" count="0"/>
      <line num="20" type="stmt" count="0"/>
      <line num="21" type="stmt" count="0"/>
      <line num="22" type="stmt" count="0"/>
      <line num="24" type="stmt" count="0"/>
      <line num="26" type="method" name="submitChangePasswordForm" visibility="public" complexity="2" crap="6" count="0"/>
      <line num="28" type="stmt" count="0"/>
      <line num="29" type="stmt" count="0"/>
      <line num="30" type="stmt" count="0"/>
      <line num="32" type="stmt" count="0"/>
      <line num="34" type="stmt" count="0"/>
      <line num="35" type="stmt" count="0"/>
      <line num="36" type="stmt" count="0"/>
      <line num="38" type="stmt" count="0"/>
      <line num="39" type="stmt" count="0"/>
      <line num="41" type="method" name="showPasswordResetNextStepsPage" visibility="private" complexity="1" crap="2" count="0"/>
      <line num="42" type="stmt" count="0"/>
      <line num="43" type="stmt" count="0"/>
      <line num="44" type="stmt" count="0"/>
      <line num="46" type="stmt" count="0"/>
      <line num="47" type="stmt" count="0"/>
      <line num="48" type="stmt" count="0"/>
      <line num="49" type="stmt" count="0"/>
      <line num="51" type="method" name="showPasswordResetPage" visibility="private" complexity="1" crap="2" count="0"/>
      <line num="52" type="stmt" count="0"/>
      <line num="53" type="stmt" count="0"/>
      <line num="55" type="stmt" count="0"/>
      <line num="56" type="stmt" count="0"/>
      <line num="57" type="stmt" count="0"/>
      <line num="58" type="stmt" count="0"/>
      <line num="59" type="stmt" count="0"/>
      <line num="61" type="method" name="validateUserAndSendEmail" visibility="private" complexity="5" crap="30" count="0"/>
      <line num="62" type="stmt" count="0"/>
      <line num="63" type="stmt" count="0"/>
      <line num="64" type="stmt" count="0"/>
      <line num="65" type="stmt" count="0"/>
      <line num="66" type="stmt" count="0"/>
      <line num="67" type="stmt" count="0"/>
      <line num="69" type="stmt" count="0"/>
      <line num="70" type="stmt" count="0"/>
      <line num="71" type="stmt" count="0"/>
      <line num="72" type="stmt" count="0"/>
      <line num="73" type="stmt" count="0"/>
      <line num="75" type="stmt" count="0"/>
      <line num="78" type="stmt" count="0"/>
      <line num="80" type="stmt" count="0"/>
      <line num="82" type="stmt" count="0"/>
      <line num="83" type="stmt" count="0"/>
      <line num="84" type="stmt" count="0"/>
      <line num="86" type="stmt" count="0"/>
      <line num="89" type="stmt" count="0"/>
      <line num="90" type="stmt" count="0"/>
      <line num="91" type="stmt" count="0"/>
      <line num="92" type="stmt" count="0"/>
      <line num="93" type="stmt" count="0"/>
      <line num="95" type="stmt" count="0"/>
      <line num="96" type="stmt" count="0"/>
      <line num="97" type="stmt" count="0"/>
      <line num="98" type="stmt" count="0"/>
      <line num="99" type="stmt" count="0"/>
      <line num="100" type="stmt" count="0"/>
      <line num="101" type="stmt" count="0"/>
      <line num="102" type="stmt" count="0"/>
      <line num="103" type="stmt" count="0"/>
      <line num="104" type="stmt" count="0"/>
      <line num="105" type="stmt" count="0"/>
      <line num="106" type="stmt" count="0"/>
      <line num="107" type="stmt" count="0"/>
      <line num="108" type="stmt" count="0"/>
      <line num="109" type="stmt" count="0"/>
      <line num="111" type="stmt" count="0"/>
      <line num="112" type="stmt" count="0"/>
      <line num="113" type="stmt" count="0"/>
      <line num="114" type="stmt" count="0"/>
      <line num="115" type="stmt" count="0"/>
      <line num="117" type="stmt" count="0"/>
      <line num="118" type="stmt" count="0"/>
      <line num="120" type="method" name="sendPasswordResetEmail" visibility="private" complexity="2" crap="6" count="0"/>
      <line num="121" type="stmt" count="0"/>
      <line num="122" type="stmt" count="0"/>
      <line num="123" type="stmt" count="0"/>
      <line num="124" type="stmt" count="0"/>
      <line num="125" type="stmt" count="0"/>
      <line num="126" type="stmt" count="0"/>
      <line num="127" type="stmt" count="0"/>
      <line num="128" type="stmt" count="0"/>
      <line num="129" type="stmt" count="0"/>
      <line num="130" type="stmt" count="0"/>
      <line num="131" type="stmt" count="0"/>
      <line num="133" type="stmt" count="0"/>
      <line num="134" type="stmt" count="0"/>
      <line num="135" type="stmt" count="0"/>
      <line num="136" type="stmt" count="0"/>
      <line num="137" type="stmt" count="0"/>
      <line num="138" type="stmt" count="0"/>
      <line num="140" type="stmt" count="0"/>
      <line num="141" type="stmt" count="0"/>
      <line num="142" type="stmt" count="0"/>
      <line num="144" type="stmt" count="0"/>
      <line num="145" type="stmt" count="0"/>
      <line num="147" type="stmt" count="0"/>
      <line num="148" type="stmt" count="0"/>
      <line num="149" type="stmt" count="0"/>
      <line num="151" type="stmt" count="0"/>
      <line num="152" type="stmt" count="0"/>
      <line num="155" type="stmt" count="0"/>
      <line num="156" type="stmt" count="0"/>
      <metrics loc="157" ncloc="141" classes="1" methods="7" coveredmethods="0" conditionals="0" coveredconditionals="0" statements="111" coveredstatements="0" elements="118" coveredelements="0"/>
    </file>
    <file name="/Applications/MAMP/htdocs/umpire/application/controllers/Home.php">
      <class name="Home" namespace="global">
        <metrics complexity="14" methods="9" coveredmethods="0" conditionals="0" coveredconditionals="0" statements="94" coveredstatements="0" elements="103" coveredelements="0"/>
      </class>
      <line num="5" type="method" name="__construct" complexity="1" crap="2" count="0"/>
      <line num="6" type="stmt" count="0"/>
      <line num="7" type="stmt" count="0"/>
      <line num="9" type="method" name="index" complexity="2" crap="6" count="0"/>
      <line num="10" type="stmt" count="0"/>
      <line num="11" type="stmt" count="0"/>
      <line num="12" type="stmt" count="0"/>
      <line num="13" type="stmt" count="0"/>
      <line num="14" type="stmt" count="0"/>
      <line num="16" type="stmt" count="0"/>
      <line num="17" type="stmt" count="0"/>
      <line num="18" type="stmt" count="0"/>
      <line num="19" type="stmt" count="0"/>
      <line num="21" type="stmt" count="0"/>
      <line num="22" type="stmt" count="0"/>
      <line num="23" type="stmt" count="0"/>
      <line num="24" type="stmt" count="0"/>
      <line num="26" type="stmt" count="0"/>
      <line num="27" type="stmt" count="0"/>
      <line num="28" type="stmt" count="0"/>
      <line num="29" type="stmt" count="0"/>
      <line num="31" type="stmt" count="0"/>
      <line num="32" type="stmt" count="0"/>
      <line num="33" type="stmt" count="0"/>
      <line num="35" type="method" name="logout" visibility="public" complexity="1" crap="2" count="0"/>
      <line num="36" type="stmt" count="0"/>
      <line num="37" type="stmt" count="0"/>
      <line num="39" type="stmt" count="0"/>
      <line num="40" type="stmt" count="0"/>
      <line num="42" type="method" name="getLatestImportDate" visibility="private" complexity="2" crap="6" count="0"/>
      <line num="43" type="stmt" count="0"/>
      <line num="44" type="stmt" count="0"/>
      <line num="45" type="stmt" count="0"/>
      <line num="46" type="stmt" count="0"/>
      <line num="47" type="stmt" count="0"/>
      <line num="48" type="stmt" count="0"/>
      <line num="49" type="stmt" count="0"/>
      <line num="51" type="method" name="getLatestImportDateOutput" visibility="private" complexity="1" crap="2" count="0"/>
      <line num="52" type="stmt" count="0"/>
      <line num="53" type="stmt" count="0"/>
      <line num="54" type="stmt" count="0"/>
      <line num="55" type="stmt" count="0"/>
      <line num="57" type="method" name="getAllReportSelectionParameters" visibility="private" complexity="2" crap="6" count="0"/>
      <line num="58" type="stmt" count="0"/>
      <line num="60" type="stmt" count="0"/>
      <line num="61" type="stmt" count="0"/>
      <line num="62" type="stmt" count="0"/>
      <line num="64" type="stmt" count="0"/>
      <line num="65" type="stmt" count="0"/>
      <line num="66" type="stmt" count="0"/>
      <line num="67" type="stmt" count="0"/>
      <line num="68" type="stmt" count="0"/>
      <line num="69" type="stmt" count="0"/>
      <line num="70" type="stmt" count="0"/>
      <line num="71" type="stmt" count="0"/>
      <line num="72" type="stmt" count="0"/>
      <line num="73" type="stmt" count="0"/>
      <line num="74" type="stmt" count="0"/>
      <line num="76" type="method" name="getListOfReports" visibility="private" complexity="2" crap="6" count="0"/>
      <line num="77" type="stmt" count="0"/>
      <line num="78" type="stmt" count="0"/>
      <line num="79" type="stmt" count="0"/>
      <line num="80" type="stmt" count="0"/>
      <line num="81" type="stmt" count="0"/>
      <line num="82" type="stmt" count="0"/>
      <line num="83" type="stmt" count="0"/>
      <line num="84" type="stmt" count="0"/>
      <line num="85" type="stmt" count="0"/>
      <line num="87" type="stmt" count="0"/>
      <line num="89" type="stmt" count="0"/>
      <line num="90" type="stmt" count="0"/>
      <line num="91" type="stmt" count="0"/>
      <line num="92" type="stmt" count="0"/>
      <line num="94" type="stmt" count="0"/>
      <line num="95" type="stmt" count="0"/>
      <line num="96" type="stmt" count="0"/>
      <line num="97" type="stmt" count="0"/>
      <line num="99" type="method" name="getListOfSeasons" visibility="private" complexity="2" crap="6" count="0"/>
      <line num="100" type="stmt" count="0"/>
      <line num="101" type="stmt" count="0"/>
      <line num="102" type="stmt" count="0"/>
      <line num="104" type="stmt" count="0"/>
      <line num="106" type="stmt" count="0"/>
      <line num="107" type="stmt" count="0"/>
      <line num="108" type="stmt" count="0"/>
      <line num="110" type="stmt" count="0"/>
      <line num="111" type="stmt" count="0"/>
      <line num="112" type="stmt" count="0"/>
      <line num="113" type="stmt" count="0"/>
      <line num="115" type="method" name="getListOfValidCombinations" visibility="private" complexity="1" crap="2" count="0"/>
      <line num="116" type="stmt" count="0"/>
      <line num="117" type="stmt" count="0"/>
      <line num="118" type="stmt" count="0"/>
      <line num="119" type="stmt" count="0"/>
      <line num="120" type="stmt" count="0"/>
      <line num="121" type="stmt" count="0"/>
      <line num="122" type="stmt" count="0"/>
      <line num="123" type="stmt" count="0"/>
      <line num="124" type="stmt" count="0"/>
      <line num="126" type="stmt" count="0"/>
      <line num="127" type="stmt" count="0"/>
      <line num="128" type="stmt" count="0"/>
      <line num="129" type="stmt" count="0"/>
      <metrics loc="131" ncloc="125" classes="1" methods="9" coveredmethods="0" conditionals="0" coveredconditionals="0" statements="94" coveredstatements="0" elements="103" coveredelements="0"/>
    </file>
    <file name="/Applications/MAMP/htdocs/umpire/application/controllers/ImportFileSelector.php">
      <class name="ImportFileSelector" namespace="global">
        <metrics complexity="2" methods="2" coveredmethods="0" conditionals="0" coveredconditionals="0" statements="10" coveredstatements="0" elements="12" coveredelements="0"/>
      </class>
      <line num="4" type="method" name="__construct" visibility="public" complexity="1" crap="2" count="0"/>
      <line num="5" type="stmt" count="0"/>
      <line num="7" type="stmt" count="0"/>
      <line num="8" type="stmt" count="0"/>
      <line num="9" type="stmt" count="0"/>
      <line num="10" type="stmt" count="0"/>
      <line num="12" type="method" name="index" visibility="public" complexity="1" crap="2" count="0"/>
      <line num="13" type="stmt" count="0"/>
      <line num="14" type="stmt" count="0"/>
      <line num="15" type="stmt" count="0"/>
      <line num="16" type="stmt" count="0"/>
      <line num="18" type="stmt" count="0"/>
      <metrics loc="19" ncloc="19" classes="1" methods="2" coveredmethods="0" conditionals="0" coveredconditionals="0" statements="10" coveredstatements="0" elements="12" coveredelements="0"/>
    </file>
    <file name="/Applications/MAMP/htdocs/umpire/application/controllers/Login.php">
      <class name="Login" namespace="global">
        <metrics complexity="2" methods="2" coveredmethods="0" conditionals="0" coveredconditionals="0" statements="9" coveredstatements="0" elements="11" coveredelements="0"/>
      </class>
      <line num="5" type="method" name="__construct" complexity="1" crap="2" count="0"/>
      <line num="6" type="stmt" count="0"/>
      <line num="7" type="stmt" count="0"/>
      <line num="8" type="stmt" count="0"/>
      <line num="10" type="method" name="index" complexity="1" crap="2" count="0"/>
      <line num="11" type="stmt" count="0"/>
      <line num="12" type="stmt" count="0"/>
      <line num="14" type="stmt" count="0"/>
      <line num="15" type="stmt" count="0"/>
      <line num="16" type="stmt" count="0"/>
      <line num="18" type="stmt" count="0"/>
      <metrics loc="21" ncloc="21" classes="1" methods="2" coveredmethods="0" conditionals="0" coveredconditionals="0" statements="9" coveredstatements="0" elements="11" coveredelements="0"/>
    </file>
    <file name="/Applications/MAMP/htdocs/umpire/application/controllers/Report.php">
      <class name="Report" namespace="global">
        <metrics complexity="4" methods="3" coveredmethods="0" conditionals="0" coveredconditionals="0" statements="41" coveredstatements="0" elements="44" coveredelements="0"/>
      </class>
      <line num="4" type="method" name="__construct" visibility="public" complexity="1" crap="2" count="0"/>
      <line num="5" type="stmt" count="0"/>
      <line num="6" type="stmt" count="0"/>
      <line num="7" type="stmt" count="0"/>
      <line num="8" type="stmt" count="0"/>
      <line num="9" type="stmt" count="0"/>
      <line num="10" type="stmt" count="0"/>
      <line num="11" type="stmt" count="0"/>
      <line num="13" type="method" name="index" visibility="public" complexity="1" crap="2" count="0"/>
      <line num="14" type="stmt" count="0"/>
      <line num="15" type="stmt" count="0"/>
      <line num="17" type="stmt" count="0"/>
      <line num="18" type="stmt" count="0"/>
      <line num="19" type="stmt" count="0"/>
      <line num="20" type="stmt" count="0"/>
      <line num="21" type="stmt" count="0"/>
      <line num="22" type="stmt" count="0"/>
      <line num="23" type="stmt" count="0"/>
      <line num="24" type="stmt" count="0"/>
      <line num="25" type="stmt" count="0"/>
      <line num="46" type="stmt" count="0"/>
      <line num="47" type="stmt" count="0"/>
      <line num="48" type="stmt" count="0"/>
      <line num="49" type="stmt" count="0"/>
      <line num="57" type="stmt" count="0"/>
      <line num="58" type="stmt" count="0"/>
      <line num="59" type="stmt" count="0"/>
      <line num="60" type="stmt" count="0"/>
      <line num="61" type="stmt" count="0"/>
      <line num="62" type="stmt" count="0"/>
      <line num="63" type="stmt" count="0"/>
      <line num="64" type="stmt" count="0"/>
      <line num="65" type="stmt" count="0"/>
      <line num="67" type="stmt" count="0"/>
      <line num="68" type="stmt" count="0"/>
      <line num="69" type="stmt" count="0"/>
      <line num="71" type="stmt" count="0"/>
      <line num="75" type="method" name="findValueFromPostOrHidden" visibility="private" complexity="2" crap="6" count="0"/>
      <line num="76" type="stmt" count="0"/>
      <line num="77" type="stmt" count="0"/>
      <line num="78" type="stmt" count="0"/>
      <line num="79" type="stmt" count="0"/>
      <line num="80" type="stmt" count="0"/>
      <line num="81" type="stmt" count="0"/>
      <metrics loc="82" ncloc="50" classes="1" methods="3" coveredmethods="0" conditionals="0" coveredconditionals="0" statements="41" coveredstatements="0" elements="44" coveredelements="0"/>
    </file>
    <file name="/Applications/MAMP/htdocs/umpire/application/controllers/ResetPasswordEntry.php">
      <class name="ResetPasswordEntry" namespace="global">
        <metrics complexity="6" methods="5" coveredmethods="0" conditionals="0" coveredconditionals="0" statements="45" coveredstatements="0" elements="50" coveredelements="0"/>
      </class>
      <line num="2" type="stmt" count="0"/>
      <line num="6" type="method" name="__construct" complexity="1" crap="2" count="0"/>
      <line num="7" type="stmt" count="0"/>
      <line num="8" type="stmt" count="0"/>
      <line num="9" type="stmt" count="0"/>
      <line num="10" type="stmt" count="0"/>
      <line num="11" type="stmt" count="0"/>
      <line num="12" type="stmt" count="0"/>
      <line num="13" type="stmt" count="0"/>
      <line num="14" type="stmt" count="0"/>
      <line num="15" type="stmt" count="0"/>
      <line num="22" type="method" name="load" complexity="1" crap="2" count="0"/>
      <line num="23" type="stmt" count="0"/>
      <line num="24" type="stmt" count="0"/>
      <line num="25" type="stmt" count="0"/>
      <line num="28" type="stmt" count="0"/>
      <line num="29" type="stmt" count="0"/>
      <line num="30" type="stmt" count="0"/>
      <line num="32" type="stmt" count="0"/>
      <line num="33" type="stmt" count="0"/>
      <line num="34" type="stmt" count="0"/>
      <line num="36" type="stmt" count="0"/>
      <line num="51" type="method" name="showPasswordResetDonePage" visibility="private" complexity="1" crap="2" count="0"/>
      <line num="52" type="stmt" count="0"/>
      <line num="53" type="stmt" count="0"/>
      <line num="54" type="stmt" count="0"/>
      <line num="55" type="stmt" count="0"/>
      <line num="57" type="method" name="showPasswordResetEntryPage" visibility="private" complexity="1" crap="2" count="0"/>
      <line num="58" type="stmt" count="0"/>
      <line num="59" type="stmt" count="0"/>
      <line num="60" type="stmt" count="0"/>
      <line num="62" type="stmt" count="0"/>
      <line num="64" type="stmt" count="0"/>
      <line num="65" type="stmt" count="0"/>
      <line num="66" type="stmt" count="0"/>
      <line num="68" type="stmt" count="0"/>
      <line num="69" type="stmt" count="0"/>
      <line num="70" type="stmt" count="0"/>
      <line num="71" type="stmt" count="0"/>
      <line num="73" type="method" name="submitNewPassword" visibility="public" complexity="2" crap="6" count="0"/>
      <line num="75" type="stmt" count="0"/>
      <line num="76" type="stmt" count="0"/>
      <line num="79" type="stmt" count="0"/>
      <line num="81" type="stmt" count="0"/>
      <line num="82" type="stmt" count="0"/>
      <line num="83" type="stmt" count="0"/>
      <line num="84" type="stmt" count="0"/>
      <line num="85" type="stmt" count="0"/>
      <line num="86" type="stmt" count="0"/>
      <line num="87" type="stmt" count="0"/>
      <line num="111" type="stmt" count="0"/>
      <metrics loc="118" ncloc="72" classes="1" methods="5" coveredmethods="0" conditionals="0" coveredconditionals="0" statements="46" coveredstatements="0" elements="51" coveredelements="0"/>
    </file>
    <file name="/Applications/MAMP/htdocs/umpire/application/controllers/Tabletest.php">
      <class name="TableTest" namespace="global">
        <metrics complexity="2" methods="2" coveredmethods="0" conditionals="0" coveredconditionals="0" statements="11" coveredstatements="0" elements="13" coveredelements="0"/>
      </class>
      <line num="4" type="method" name="__construct" visibility="public" complexity="1" crap="2" count="0"/>
      <line num="5" type="stmt" count="0"/>
      <line num="7" type="stmt" count="0"/>
      <line num="8" type="stmt" count="0"/>
      <line num="9" type="stmt" count="0"/>
      <line num="10" type="stmt" count="0"/>
      <line num="13" type="stmt" count="0"/>
      <line num="15" type="method" name="index" visibility="public" complexity="1" crap="2" count="0"/>
      <line num="16" type="stmt" count="0"/>
      <line num="17" type="stmt" count="0"/>
      <line num="20" type="stmt" count="0"/>
      <line num="23" type="stmt" count="0"/>
      <line num="27" type="stmt" count="0"/>
      <metrics loc="30" ncloc="24" classes="1" methods="2" coveredmethods="0" conditionals="0" coveredconditionals="0" statements="11" coveredstatements="0" elements="13" coveredelements="0"/>
    </file>
    <file name="/Applications/MAMP/htdocs/umpire/application/controllers/UmpireAdmin.php">
      <class name="UmpireAdmin" namespace="global">
        <metrics complexity="5" methods="4" coveredmethods="2" conditionals="0" coveredconditionals="0" statements="27" coveredstatements="24" elements="31" coveredelements="26"/>
      </class>
      <line num="3" type="stmt" count="1"/>
      <line num="4" type="stmt" count="0"/>
      <line num="9" type="method" name="__construct" complexity="1" crap="1" count="1"/>
      <line num="10" type="stmt" count="1"/>
      <line num="13" type="stmt" count="1"/>
      <line num="14" type="stmt" count="1"/>
      <line num="15" type="stmt" count="1"/>
      <line num="16" type="stmt" count="1"/>
      <line num="17" type="stmt" count="1"/>
      <line num="18" type="stmt" count="1"/>
      <line num="20" type="method" name="index" complexity="1" crap="2" count="0"/>
      <line num="21" type="stmt" count="0"/>
      <line num="22" type="stmt" count="0"/>
      <line num="24" type="method" name="loadPage" visibility="public" complexity="1" crap="1" count="1"/>
      <line num="25" type="stmt" count="1"/>
      <line num="26" type="stmt" count="1"/>
      <line num="27" type="stmt" count="1"/>
      <line num="29" type="stmt" count="1"/>
      <line num="30" type="stmt" count="1"/>
      <line num="31" type="stmt" count="1"/>
      <line num="33" type="stmt" count="1"/>
      <line num="34" type="stmt" count="1"/>
      <line num="35" type="stmt" count="1"/>
      <line num="38" type="stmt" count="1"/>
      <line num="40" type="method" name="updateUmpireGamesPlayed" visibility="public" complexity="2" crap="2.01" count="1"/>
      <line num="47" type="stmt" count="1"/>
      <line num="48" type="stmt" count="1"/>
      <line num="49" type="stmt" count="1"/>
      <line num="51" type="stmt" count="1"/>
      <line num="52" type="stmt" count="1"/>
      <line num="54" type="stmt" count="0"/>
      <line num="56" type="stmt" count="1"/>
      <line num="58" type="stmt" count="1"/>
      <metrics loc="61" ncloc="53" classes="1" methods="4" coveredmethods="2" conditionals="0" coveredconditionals="0" statements="29" coveredstatements="25" elements="33" coveredelements="27"/>
    </file>
    <file name="/Applications/MAMP/htdocs/umpire/application/controllers/UpdateProfile.php">
      <class name="UpdateProfile" namespace="global">
        <metrics complexity="5" methods="5" coveredmethods="0" conditionals="0" coveredconditionals="0" statements="39" coveredstatements="0" elements="44" coveredelements="0"/>
      </class>
      <line num="3" type="stmt" count="0"/>
      <line num="4" type="stmt" count="0"/>
      <line num="9" type="method" name="__construct" complexity="1" crap="2" count="0"/>
      <line num="10" type="stmt" count="0"/>
      <line num="12" type="stmt" count="0"/>
      <line num="13" type="stmt" count="0"/>
      <line num="14" type="stmt" count="0"/>
      <line num="15" type="stmt" count="0"/>
      <line num="16" type="stmt" count="0"/>
      <line num="17" type="stmt" count="0"/>
      <line num="18" type="stmt" count="0"/>
      <line num="19" type="stmt" count="0"/>
      <line num="21" type="method" name="index" complexity="1" crap="2" count="0"/>
      <line num="22" type="stmt" count="0"/>
      <line num="23" type="stmt" count="0"/>
      <line num="25" type="method" name="loadPage" visibility="public" complexity="1" crap="2" count="0"/>
      <line num="26" type="stmt" count="0"/>
      <line num="28" type="stmt" count="0"/>
      <line num="29" type="stmt" count="0"/>
      <line num="30" type="stmt" count="0"/>
      <line num="32" type="stmt" count="0"/>
      <line num="33" type="stmt" count="0"/>
      <line num="34" type="stmt" count="0"/>
      <line num="35" type="stmt" count="0"/>
      <line num="37" type="stmt" count="0"/>
      <line num="38" type="stmt" count="0"/>
      <line num="39" type="stmt" count="0"/>
      <line num="40" type="stmt" count="0"/>
      <line num="43" type="method" name="updateEmail" visibility="public" complexity="1" crap="2" count="0"/>
      <line num="44" type="stmt" count="0"/>
      <line num="45" type="stmt" count="0"/>
      <line num="46" type="stmt" count="0"/>
      <line num="48" type="stmt" count="0"/>
      <line num="50" type="stmt" count="0"/>
      <line num="52" type="stmt" count="0"/>
      <line num="53" type="stmt" count="0"/>
      <line num="54" type="stmt" count="0"/>
      <line num="55" type="stmt" count="0"/>
      <line num="56" type="stmt" count="0"/>
      <line num="59" type="stmt" count="0"/>
      <line num="61" type="method" name="lookupUserData" visibility="private" complexity="1" crap="2" count="0"/>
      <line num="62" type="stmt" count="0"/>
      <line num="63" type="stmt" count="0"/>
      <line num="65" type="stmt" count="0"/>
      <line num="67" type="stmt" count="0"/>
      <line num="68" type="stmt" count="0"/>
      <metrics loc="72" ncloc="72" classes="1" methods="5" coveredmethods="0" conditionals="0" coveredconditionals="0" statements="41" coveredstatements="0" elements="46" coveredelements="0"/>
    </file>
    <file name="/Applications/MAMP/htdocs/umpire/application/controllers/Upload.php">
      <class name="Upload" namespace="global">
        <metrics complexity="4" methods="3" coveredmethods="0" conditionals="0" coveredconditionals="0" statements="19" coveredstatements="0" elements="22" coveredelements="0"/>
      </class>
      <line num="5" type="method" name="__construct" complexity="1" crap="2" count="0"/>
      <line num="6" type="stmt" count="0"/>
      <line num="7" type="stmt" count="0"/>
      <line num="8" type="stmt" count="0"/>
      <line num="10" type="method" name="index" complexity="1" crap="2" count="0"/>
      <line num="11" type="stmt" count="0"/>
      <line num="12" type="stmt" count="0"/>
      <line num="14" type="method" name="do_upload" complexity="2" crap="6" count="0"/>
      <line num="15" type="stmt" count="0"/>
      <line num="16" type="stmt" count="0"/>
      <line num="17" type="stmt" count="0"/>
      <line num="18" type="stmt" count="0"/>
      <line num="19" type="stmt" count="0"/>
      <line num="21" type="stmt" count="0"/>
      <line num="23" type="stmt" count="0"/>
      <line num="24" type="stmt" count="0"/>
      <line num="26" type="stmt" count="0"/>
      <line num="27" type="stmt" count="0"/>
      <line num="28" type="stmt" count="0"/>
      <line num="29" type="stmt" count="0"/>
      <line num="30" type="stmt" count="0"/>
      <line num="31" type="stmt" count="0"/>
      <metrics loc="32" ncloc="32" classes="1" methods="3" coveredmethods="0" conditionals="0" coveredconditionals="0" statements="19" coveredstatements="0" elements="22" coveredelements="0"/>
    </file>
    <file name="/Applications/MAMP/htdocs/umpire/application/controllers/UserAdmin.php">
      <class name="UserAdmin" namespace="global">
        <metrics complexity="12" methods="8" coveredmethods="0" conditionals="0" coveredconditionals="0" statements="100" coveredstatements="0" elements="108" coveredelements="0"/>
      </class>
      <line num="3" type="stmt" count="0"/>
      <line num="4" type="stmt" count="0"/>
      <line num="9" type="method" name="__construct" complexity="1" crap="2" count="0"/>
      <line num="10" type="stmt" count="0"/>
      <line num="12" type="stmt" count="0"/>
      <line num="13" type="stmt" count="0"/>
      <line num="14" type="stmt" count="0"/>
      <line num="15" type="stmt" count="0"/>
      <line num="16" type="stmt" count="0"/>
      <line num="17" type="stmt" count="0"/>
      <line num="18" type="stmt" count="0"/>
      <line num="19" type="stmt" count="0"/>
      <line num="21" type="method" name="index" complexity="1" crap="2" count="0"/>
      <line num="22" type="stmt" count="0"/>
      <line num="23" type="stmt" count="0"/>
      <line num="25" type="method" name="addNewUser" visibility="public" complexity="2" crap="6" count="0"/>
      <line num="26" type="stmt" count="0"/>
      <line num="27" type="stmt" count="0"/>
      <line num="28" type="stmt" count="0"/>
      <line num="29" type="stmt" count="0"/>
      <line num="30" type="stmt" count="0"/>
      <line num="32" type="stmt" count="0"/>
      <line num="34" type="stmt" count="0"/>
      <line num="35" type="stmt" count="0"/>
      <line num="37" type="stmt" count="0"/>
      <line num="38" type="stmt" count="0"/>
      <line num="39" type="stmt" count="0"/>
      <line num="41" type="method" name="loadPage" visibility="public" complexity="2" crap="6" count="0"/>
      <line num="43" type="stmt" count="0"/>
      <line num="44" type="stmt" count="0"/>
      <line num="45" type="stmt" count="0"/>
      <line num="46" type="stmt" count="0"/>
      <line num="47" type="stmt" count="0"/>
      <line num="50" type="stmt" count="0"/>
      <line num="53" type="stmt" count="0"/>
      <line num="54" type="stmt" count="0"/>
      <line num="55" type="stmt" count="0"/>
      <line num="56" type="stmt" count="0"/>
      <line num="57" type="stmt" count="0"/>
      <line num="59" type="stmt" count="0"/>
      <line num="61" type="stmt" count="0"/>
      <line num="63" type="stmt" count="0"/>
      <line num="64" type="stmt" count="0"/>
      <line num="66" type="stmt" count="0"/>
      <line num="68" type="stmt" count="0"/>
      <line num="69" type="stmt" count="0"/>
      <line num="70" type="stmt" count="0"/>
      <line num="71" type="stmt" count="0"/>
      <line num="72" type="stmt" count="0"/>
      <line num="74" type="stmt" count="0"/>
      <line num="75" type="stmt" count="0"/>
      <line num="76" type="stmt" count="0"/>
      <line num="78" type="stmt" count="0"/>
      <line num="79" type="stmt" count="0"/>
      <line num="80" type="stmt" count="0"/>
      <line num="82" type="method" name="saveUserPrivileges" visibility="public" complexity="1" crap="2" count="0"/>
      <line num="83" type="stmt" count="0"/>
      <line num="84" type="stmt" count="0"/>
      <line num="115" type="stmt" count="0"/>
      <line num="117" type="stmt" count="0"/>
      <line num="118" type="stmt" count="0"/>
      <line num="120" type="stmt" count="0"/>
      <line num="121" type="stmt" count="0"/>
      <line num="127" type="stmt" count="0"/>
      <line num="130" type="stmt" count="0"/>
      <line num="132" type="stmt" count="0"/>
      <line num="133" type="stmt" count="0"/>
      <line num="139" type="stmt" count="0"/>
      <line num="144" type="stmt" count="0"/>
      <line num="147" type="stmt" count="0"/>
      <line num="148" type="stmt" count="0"/>
      <line num="154" type="stmt" count="0"/>
      <line num="159" type="stmt" count="0"/>
      <line num="164" type="stmt" count="0"/>
      <line num="166" type="stmt" count="0"/>
      <line num="167" type="stmt" count="0"/>
      <line num="170" type="method" name="arrayDiff" visibility="private" complexity="1" crap="2" count="0"/>
      <line num="171" type="stmt" count="0"/>
      <line num="172" type="stmt" count="0"/>
      <line num="173" type="stmt" count="0"/>
      <line num="176" type="method" name="arrayDiffKey" visibility="private" complexity="1" crap="2" count="0"/>
      <line num="177" type="stmt" count="0"/>
      <line num="178" type="stmt" count="0"/>
      <line num="179" type="stmt" count="0"/>
      <line num="184" type="method" name="testArrayCheck" visibility="private" complexity="3" crap="12" count="0"/>
      <line num="185" type="stmt" count="0"/>
      <line num="187" type="stmt" count="0"/>
      <line num="188" type="stmt" count="0"/>
      <line num="189" type="stmt" count="0"/>
      <line num="190" type="stmt" count="0"/>
      <line num="191" type="stmt" count="0"/>
      <line num="192" type="stmt" count="0"/>
      <line num="193" type="stmt" count="0"/>
      <line num="196" type="stmt" count="0"/>
      <line num="197" type="stmt" count="0"/>
      <line num="198" type="stmt" count="0"/>
      <line num="199" type="stmt" count="0"/>
      <line num="200" type="stmt" count="0"/>
      <line num="201" type="stmt" count="0"/>
      <line num="203" type="stmt" count="0"/>
      <line num="204" type="stmt" count="0"/>
      <line num="206" type="stmt" count="0"/>
      <line num="208" type="stmt" count="0"/>
      <line num="210" type="stmt" count="0"/>
      <line num="211" type="stmt" count="0"/>
      <line num="213" type="stmt" count="0"/>
      <line num="214" type="stmt" count="0"/>
      <line num="215" type="stmt" count="0"/>
      <line num="217" type="stmt" count="0"/>
      <line num="221" type="stmt" count="0"/>
      <metrics loc="225" ncloc="147" classes="1" methods="8" coveredmethods="0" conditionals="0" coveredconditionals="0" statements="102" coveredstatements="0" elements="110" coveredelements="0"/>
    </file>
    <file name="/Applications/MAMP/htdocs/umpire/application/controllers/VerifyLogin.php">
      <class name="VerifyLogin" namespace="global">
        <metrics complexity="7" methods="3" coveredmethods="0" conditionals="0" coveredconditionals="0" statements="41" coveredstatements="0" elements="44" coveredelements="0"/>
      </class>
      <line num="5" type="method" name="__construct" complexity="1" crap="2" count="0"/>
      <line num="6" type="stmt" count="0"/>
      <line num="7" type="stmt" count="0"/>
      <line num="8" type="stmt" count="0"/>
      <line num="9" type="stmt" count="0"/>
      <line num="11" type="stmt" count="0"/>
      <line num="13" type="method" name="index" complexity="2" crap="6" count="0"/>
      <line num="16" type="stmt" count="0"/>
      <line num="18" type="stmt" count="0"/>
      <line num="20" type="stmt" count="0"/>
      <line num="21" type="stmt" count="0"/>
      <line num="27" type="stmt" count="0"/>
      <line num="30" type="stmt" count="0"/>
      <line num="31" type="stmt" count="0"/>
      <line num="32" type="stmt" count="0"/>
      <line num="33" type="stmt" count="0"/>
      <line num="36" type="stmt" count="0"/>
      <line num="37" type="stmt" count="0"/>
      <line num="53" type="stmt" count="0"/>
      <line num="55" type="method" name="check_database" complexity="4" crap="20" count="0"/>
      <line num="57" type="stmt" count="0"/>
      <line num="58" type="stmt" count="0"/>
      <line num="59" type="stmt" count="0"/>
      <line num="62" type="stmt" count="0"/>
      <line num="65" type="stmt" count="0"/>
      <line num="66" type="stmt" count="0"/>
      <line num="67" type="stmt" count="0"/>
      <line num="68" type="stmt" count="0"/>
      <line num="69" type="stmt" count="0"/>
      <line num="70" type="stmt" count="0"/>
      <line num="71" type="stmt" count="0"/>
      <line num="72" type="stmt" count="0"/>
      <line num="73" type="stmt" count="0"/>
      <line num="74" type="stmt" count="0"/>
      <line num="75" type="stmt" count="0"/>
      <line num="76" type="stmt" count="0"/>
      <line num="77" type="stmt" count="0"/>
      <line num="78" type="stmt" count="0"/>
      <line num="79" type="stmt" count="0"/>
      <line num="82" type="stmt" count="0"/>
      <line num="84" type="stmt" count="0"/>
      <line num="85" type="stmt" count="0"/>
      <line num="86" type="stmt" count="0"/>
      <line num="88" type="stmt" count="0"/>
      <metrics loc="89" ncloc="52" classes="1" methods="3" coveredmethods="0" conditionals="0" coveredconditionals="0" statements="41" coveredstatements="0" elements="44" coveredelements="0"/>
    </file>
    <file name="/Applications/MAMP/htdocs/umpire/application/controllers/db.php">
      <line num="5" type="stmt" count="0"/>
      <line num="6" type="stmt" count="0"/>
      <line num="7" type="stmt" count="0"/>
      <line num="8" type="stmt" count="0"/>
      <line num="11" type="stmt" count="0"/>
      <line num="13" type="stmt" count="0"/>
      <line num="14" type="stmt" count="0"/>
      <line num="15" type="stmt" count="0"/>
      <line num="16" type="stmt" count="0"/>
      <line num="19" type="stmt" count="0"/>
      <line num="20" type="stmt" count="0"/>
      <line num="21" type="stmt" count="0"/>
      <line num="22" type="stmt" count="0"/>
      <line num="25" type="stmt" count="0"/>
      <line num="26" type="stmt" count="0"/>
      <line num="28" type="stmt" count="0"/>
      <line num="29" type="stmt" count="0"/>
      <line num="30" type="stmt" count="0"/>
      <line num="32" type="stmt" count="0"/>
      <line num="33" type="stmt" count="0"/>
      <line num="34" type="stmt" count="0"/>
      <line num="35" type="stmt" count="0"/>
      <line num="36" type="stmt" count="0"/>
      <metrics loc="37" ncloc="29" classes="0" methods="0" coveredmethods="0" conditionals="0" coveredconditionals="0" statements="23" coveredstatements="0" elements="23" coveredelements="0"/>
    </file>
    <file name="/Applications/MAMP/htdocs/umpire/application/controllers/etlsmall.php">
      <line num="5" type="stmt" count="0"/>
      <line num="9" type="stmt" count="0"/>
      <line num="11" type="stmt" count="0"/>
      <line num="13" type="stmt" count="0"/>
      <line num="14" type="stmt" count="0"/>
      <line num="16" type="stmt" count="0"/>
      <line num="18" type="stmt" count="0"/>
      <line num="20" type="stmt" count="0"/>
      <line num="21" type="stmt" count="0"/>
      <metrics loc="23" ncloc="13" classes="0" methods="0" coveredmethods="0" conditionals="0" coveredconditionals="0" statements="9" coveredstatements="0" elements="9" coveredelements="0"/>
    </file>
    <file name="/Applications/MAMP/htdocs/umpire/application/controllers/etltestrun.php">
      <line num="3" type="stmt" count="0"/>
      <line num="4" type="stmt" count="0"/>
      <line num="6" type="stmt" count="0"/>
      <line num="7" type="stmt" count="0"/>
      <line num="8" type="stmt" count="0"/>
      <line num="9" type="stmt" count="0"/>
      <line num="13" type="stmt" count="0"/>
      <line num="14" type="stmt" count="0"/>
      <line num="15" type="stmt" count="0"/>
      <line num="16" type="stmt" count="0"/>
      <line num="17" type="stmt" count="0"/>
      <line num="18" type="stmt" count="0"/>
      <line num="21" type="stmt" count="0"/>
      <line num="22" type="stmt" count="0"/>
      <line num="23" type="stmt" count="0"/>
      <line num="24" type="stmt" count="0"/>
      <line num="25" type="stmt" count="0"/>
      <line num="26" type="stmt" count="0"/>
      <line num="29" type="stmt" count="0"/>
      <line num="30" type="stmt" count="0"/>
      <line num="31" type="stmt" count="0"/>
      <line num="32" type="stmt" count="0"/>
      <line num="35" type="stmt" count="0"/>
      <line num="37" type="stmt" count="0"/>
      <line num="38" type="stmt" count="0"/>
      <line num="40" type="stmt" count="0"/>
      <line num="42" type="stmt" count="0"/>
      <line num="43" type="stmt" count="0"/>
      <line num="48" type="stmt" count="0"/>
      <line num="49" type="stmt" count="0"/>
      <line num="52" type="stmt" count="0"/>
      <line num="53" type="stmt" count="0"/>
      <line num="56" type="stmt" count="0"/>
      <line num="59" type="stmt" count="0"/>
      <line num="60" type="stmt" count="0"/>
      <line num="61" type="stmt" count="0"/>
      <line num="62" type="stmt" count="0"/>
      <line num="63" type="stmt" count="0"/>
      <line num="64" type="stmt" count="0"/>
      <line num="65" type="stmt" count="0"/>
      <line num="66" type="stmt" count="0"/>
      <line num="67" type="stmt" count="0"/>
      <metrics loc="68" ncloc="60" classes="0" methods="0" coveredmethods="0" conditionals="0" coveredconditionals="0" statements="42" coveredstatements="0" elements="42" coveredelements="0"/>
    </file>
    <file name="/Applications/MAMP/htdocs/umpire/application/controllers/refreshmv.php">
      <class name="RefreshMV" namespace="global">
        <metrics complexity="22" methods="20" coveredmethods="0" conditionals="0" coveredconditionals="0" statements="382" coveredstatements="0" elements="402" coveredelements="0"/>
      </class>
      <line num="3" type="stmt" count="0"/>
      <line num="7" type="method" name="refreshMVTables" visibility="public" complexity="1" crap="2" count="0"/>
      <line num="12" type="stmt" count="0"/>
      <line num="13" type="stmt" count="0"/>
      <line num="14" type="stmt" count="0"/>
      <line num="15" type="stmt" count="0"/>
      <line num="16" type="stmt" count="0"/>
      <line num="17" type="stmt" count="0"/>
      <line num="18" type="stmt" count="0"/>
      <line num="20" type="stmt" count="0"/>
      <line num="23" type="method" name="refreshMVTable1" visibility="private" complexity="1" crap="2" count="0"/>
      <line num="24" type="stmt" count="0"/>
      <line num="25" type="stmt" count="0"/>
      <line num="26" type="stmt" count="0"/>
      <line num="27" type="stmt" count="0"/>
      <line num="28" type="stmt" count="0"/>
      <line num="30" type="method" name="refreshMVTable2" visibility="private" complexity="1" crap="2" count="0"/>
      <line num="31" type="stmt" count="0"/>
      <line num="32" type="stmt" count="0"/>
      <line num="33" type="stmt" count="0"/>
      <line num="34" type="stmt" count="0"/>
      <line num="35" type="stmt" count="0"/>
      <line num="37" type="method" name="refreshMVTable4" visibility="private" complexity="1" crap="2" count="0"/>
      <line num="38" type="stmt" count="0"/>
      <line num="39" type="stmt" count="0"/>
      <line num="40" type="stmt" count="0"/>
      <line num="41" type="stmt" count="0"/>
      <line num="42" type="stmt" count="0"/>
      <line num="44" type="method" name="refreshMVTable5" visibility="private" complexity="1" crap="2" count="0"/>
      <line num="45" type="stmt" count="0"/>
      <line num="46" type="stmt" count="0"/>
      <line num="47" type="stmt" count="0"/>
      <line num="48" type="stmt" count="0"/>
      <line num="49" type="stmt" count="0"/>
      <line num="51" type="method" name="refreshMVTable6" visibility="private" complexity="1" crap="2" count="0"/>
      <line num="52" type="stmt" count="0"/>
      <line num="53" type="stmt" count="0"/>
      <line num="54" type="stmt" count="0"/>
      <line num="55" type="stmt" count="0"/>
      <line num="57" type="stmt" count="0"/>
      <line num="58" type="stmt" count="0"/>
      <line num="59" type="stmt" count="0"/>
      <line num="60" type="stmt" count="0"/>
      <line num="63" type="stmt" count="0"/>
      <line num="64" type="stmt" count="0"/>
      <line num="65" type="stmt" count="0"/>
      <line num="66" type="stmt" count="0"/>
      <line num="67" type="stmt" count="0"/>
      <line num="69" type="method" name="refreshMVTable7" visibility="private" complexity="1" crap="2" count="0"/>
      <line num="70" type="stmt" count="0"/>
      <line num="71" type="stmt" count="0"/>
      <line num="72" type="stmt" count="0"/>
      <line num="73" type="stmt" count="0"/>
      <line num="74" type="stmt" count="0"/>
      <line num="76" type="method" name="refreshMVTable8" visibility="private" complexity="1" crap="2" count="0"/>
      <line num="77" type="stmt" count="0"/>
      <line num="78" type="stmt" count="0"/>
      <line num="79" type="stmt" count="0"/>
      <line num="81" type="stmt" count="0"/>
      <line num="82" type="stmt" count="0"/>
      <line num="83" type="stmt" count="0"/>
      <line num="84" type="stmt" count="0"/>
      <line num="86" type="method" name="updateKeyStatus" visibility="private" complexity="3" crap="12" count="0"/>
      <line num="87" type="stmt" count="0"/>
      <line num="89" type="stmt" count="0"/>
      <line num="90" type="stmt" count="0"/>
      <line num="92" type="stmt" count="0"/>
      <line num="93" type="stmt" count="0"/>
      <line num="94" type="stmt" count="0"/>
      <line num="95" type="stmt" count="0"/>
      <line num="96" type="stmt" count="0"/>
      <line num="98" type="method" name="logTableOperation" visibility="private" complexity="1" crap="2" count="0"/>
      <line num="99" type="stmt" count="0"/>
      <line num="101" type="stmt" count="0"/>
      <line num="102" type="stmt" count="0"/>
      <line num="104" type="method" name="updateTableMV1" visibility="private" complexity="1" crap="2" count="0"/>
      <line num="105" type="stmt" count="0"/>
      <line num="106" type="stmt" count="0"/>
      <line num="107" type="stmt" count="0"/>
      <line num="108" type="stmt" count="0"/>
      <line num="109" type="stmt" count="0"/>
      <line num="110" type="stmt" count="0"/>
      <line num="111" type="stmt" count="0"/>
      <line num="112" type="stmt" count="0"/>
      <line num="113" type="stmt" count="0"/>
      <line num="114" type="stmt" count="0"/>
      <line num="115" type="stmt" count="0"/>
      <line num="116" type="stmt" count="0"/>
      <line num="117" type="stmt" count="0"/>
      <line num="118" type="stmt" count="0"/>
      <line num="119" type="stmt" count="0"/>
      <line num="120" type="stmt" count="0"/>
      <line num="121" type="stmt" count="0"/>
      <line num="122" type="stmt" count="0"/>
      <line num="124" type="stmt" count="0"/>
      <line num="125" type="stmt" count="0"/>
      <line num="127" type="method" name="updateTableMV2" visibility="private" complexity="1" crap="2" count="0"/>
      <line num="128" type="stmt" count="0"/>
      <line num="129" type="stmt" count="0"/>
      <line num="130" type="stmt" count="0"/>
      <line num="131" type="stmt" count="0"/>
      <line num="132" type="stmt" count="0"/>
      <line num="133" type="stmt" count="0"/>
      <line num="134" type="stmt" count="0"/>
      <line num="135" type="stmt" count="0"/>
      <line num="136" type="stmt" count="0"/>
      <line num="137" type="stmt" count="0"/>
      <line num="138" type="stmt" count="0"/>
      <line num="139" type="stmt" count="0"/>
      <line num="140" type="stmt" count="0"/>
      <line num="141" type="stmt" count="0"/>
      <line num="142" type="stmt" count="0"/>
      <line num="143" type="stmt" count="0"/>
      <line num="144" type="stmt" count="0"/>
      <line num="145" type="stmt" count="0"/>
      <line num="146" type="stmt" count="0"/>
      <line num="147" type="stmt" count="0"/>
      <line num="148" type="stmt" count="0"/>
      <line num="149" type="stmt" count="0"/>
      <line num="150" type="stmt" count="0"/>
      <line num="151" type="stmt" count="0"/>
      <line num="152" type="stmt" count="0"/>
      <line num="153" type="stmt" count="0"/>
      <line num="154" type="stmt" count="0"/>
      <line num="155" type="stmt" count="0"/>
      <line num="156" type="stmt" count="0"/>
      <line num="157" type="stmt" count="0"/>
      <line num="158" type="stmt" count="0"/>
      <line num="159" type="stmt" count="0"/>
      <line num="160" type="stmt" count="0"/>
      <line num="161" type="stmt" count="0"/>
      <line num="162" type="stmt" count="0"/>
      <line num="163" type="stmt" count="0"/>
      <line num="164" type="stmt" count="0"/>
      <line num="165" type="stmt" count="0"/>
      <line num="166" type="stmt" count="0"/>
      <line num="167" type="stmt" count="0"/>
      <line num="168" type="stmt" count="0"/>
      <line num="169" type="stmt" count="0"/>
      <line num="170" type="stmt" count="0"/>
      <line num="171" type="stmt" count="0"/>
      <line num="172" type="stmt" count="0"/>
      <line num="173" type="stmt" count="0"/>
      <line num="174" type="stmt" count="0"/>
      <line num="175" type="stmt" count="0"/>
      <line num="176" type="stmt" count="0"/>
      <line num="177" type="stmt" count="0"/>
      <line num="178" type="stmt" count="0"/>
      <line num="179" type="stmt" count="0"/>
      <line num="180" type="stmt" count="0"/>
      <line num="181" type="stmt" count="0"/>
      <line num="183" type="stmt" count="0"/>
      <line num="184" type="stmt" count="0"/>
      <line num="186" type="method" name="updateTableMV4" visibility="private" complexity="1" crap="2" count="0"/>
      <line num="187" type="stmt" count="0"/>
      <line num="188" type="stmt" count="0"/>
      <line num="189" type="stmt" count="0"/>
      <line num="190" type="stmt" count="0"/>
      <line num="191" type="stmt" count="0"/>
      <line num="192" type="stmt" count="0"/>
      <line num="193" type="stmt" count="0"/>
      <line num="194" type="stmt" count="0"/>
      <line num="195" type="stmt" count="0"/>
      <line num="196" type="stmt" count="0"/>
      <line num="197" type="stmt" count="0"/>
      <line num="198" type="stmt" count="0"/>
      <line num="199" type="stmt" count="0"/>
      <line num="200" type="stmt" count="0"/>
      <line num="201" type="stmt" count="0"/>
      <line num="202" type="stmt" count="0"/>
      <line num="203" type="stmt" count="0"/>
      <line num="204" type="stmt" count="0"/>
      <line num="205" type="stmt" count="0"/>
      <line num="206" type="stmt" count="0"/>
      <line num="207" type="stmt" count="0"/>
      <line num="208" type="stmt" count="0"/>
      <line num="209" type="stmt" count="0"/>
      <line num="210" type="stmt" count="0"/>
      <line num="211" type="stmt" count="0"/>
      <line num="212" type="stmt" count="0"/>
      <line num="213" type="stmt" count="0"/>
      <line num="214" type="stmt" count="0"/>
      <line num="215" type="stmt" count="0"/>
      <line num="216" type="stmt" count="0"/>
      <line num="217" type="stmt" count="0"/>
      <line num="218" type="stmt" count="0"/>
      <line num="219" type="stmt" count="0"/>
      <line num="220" type="stmt" count="0"/>
      <line num="221" type="stmt" count="0"/>
      <line num="222" type="stmt" count="0"/>
      <line num="223" type="stmt" count="0"/>
      <line num="224" type="stmt" count="0"/>
      <line num="225" type="stmt" count="0"/>
      <line num="226" type="stmt" count="0"/>
      <line num="227" type="stmt" count="0"/>
      <line num="228" type="stmt" count="0"/>
      <line num="229" type="stmt" count="0"/>
      <line num="230" type="stmt" count="0"/>
      <line num="231" type="stmt" count="0"/>
      <line num="232" type="stmt" count="0"/>
      <line num="233" type="stmt" count="0"/>
      <line num="234" type="stmt" count="0"/>
      <line num="235" type="stmt" count="0"/>
      <line num="236" type="stmt" count="0"/>
      <line num="237" type="stmt" count="0"/>
      <line num="238" type="stmt" count="0"/>
      <line num="239" type="stmt" count="0"/>
      <line num="240" type="stmt" count="0"/>
      <line num="241" type="stmt" count="0"/>
      <line num="242" type="stmt" count="0"/>
      <line num="243" type="stmt" count="0"/>
      <line num="244" type="stmt" count="0"/>
      <line num="245" type="stmt" count="0"/>
      <line num="246" type="stmt" count="0"/>
      <line num="247" type="stmt" count="0"/>
      <line num="248" type="stmt" count="0"/>
      <line num="249" type="stmt" count="0"/>
      <line num="250" type="stmt" count="0"/>
      <line num="251" type="stmt" count="0"/>
      <line num="252" type="stmt" count="0"/>
      <line num="253" type="stmt" count="0"/>
      <line num="254" type="stmt" count="0"/>
      <line num="255" type="stmt" count="0"/>
      <line num="256" type="stmt" count="0"/>
      <line num="257" type="stmt" count="0"/>
      <line num="258" type="stmt" count="0"/>
      <line num="259" type="stmt" count="0"/>
      <line num="260" type="stmt" count="0"/>
      <line num="261" type="stmt" count="0"/>
      <line num="263" type="stmt" count="0"/>
      <line num="264" type="stmt" count="0"/>
      <line num="266" type="method" name="updateTableMV5" visibility="private" complexity="1" crap="2" count="0"/>
      <line num="267" type="stmt" count="0"/>
      <line num="268" type="stmt" count="0"/>
      <line num="269" type="stmt" count="0"/>
      <line num="270" type="stmt" count="0"/>
      <line num="271" type="stmt" count="0"/>
      <line num="272" type="stmt" count="0"/>
      <line num="273" type="stmt" count="0"/>
      <line num="274" type="stmt" count="0"/>
      <line num="275" type="stmt" count="0"/>
      <line num="276" type="stmt" count="0"/>
      <line num="277" type="stmt" count="0"/>
      <line num="278" type="stmt" count="0"/>
      <line num="279" type="stmt" count="0"/>
      <line num="280" type="stmt" count="0"/>
      <line num="281" type="stmt" count="0"/>
      <line num="282" type="stmt" count="0"/>
      <line num="283" type="stmt" count="0"/>
      <line num="284" type="stmt" count="0"/>
      <line num="285" type="stmt" count="0"/>
      <line num="286" type="stmt" count="0"/>
      <line num="287" type="stmt" count="0"/>
      <line num="288" type="stmt" count="0"/>
      <line num="289" type="stmt" count="0"/>
      <line num="290" type="stmt" count="0"/>
      <line num="291" type="stmt" count="0"/>
      <line num="292" type="stmt" count="0"/>
      <line num="293" type="stmt" count="0"/>
      <line num="294" type="stmt" count="0"/>
      <line num="295" type="stmt" count="0"/>
      <line num="296" type="stmt" count="0"/>
      <line num="297" type="stmt" count="0"/>
      <line num="298" type="stmt" count="0"/>
      <line num="299" type="stmt" count="0"/>
      <line num="300" type="stmt" count="0"/>
      <line num="301" type="stmt" count="0"/>
      <line num="302" type="stmt" count="0"/>
      <line num="303" type="stmt" count="0"/>
      <line num="304" type="stmt" count="0"/>
      <line num="305" type="stmt" count="0"/>
      <line num="306" type="stmt" count="0"/>
      <line num="307" type="stmt" count="0"/>
      <line num="308" type="stmt" count="0"/>
      <line num="309" type="stmt" count="0"/>
      <line num="310" type="stmt" count="0"/>
      <line num="311" type="stmt" count="0"/>
      <line num="312" type="stmt" count="0"/>
      <line num="313" type="stmt" count="0"/>
      <line num="314" type="stmt" count="0"/>
      <line num="315" type="stmt" count="0"/>
      <line num="316" type="stmt" count="0"/>
      <line num="317" type="stmt" count="0"/>
      <line num="318" type="stmt" count="0"/>
      <line num="320" type="stmt" count="0"/>
      <line num="321" type="stmt" count="0"/>
      <line num="323" type="method" name="updateTableMV6Staging" visibility="private" complexity="1" crap="2" count="0"/>
      <line num="324" type="stmt" count="0"/>
      <line num="325" type="stmt" count="0"/>
      <line num="326" type="stmt" count="0"/>
      <line num="327" type="stmt" count="0"/>
      <line num="328" type="stmt" count="0"/>
      <line num="329" type="stmt" count="0"/>
      <line num="330" type="stmt" count="0"/>
      <line num="331" type="stmt" count="0"/>
      <line num="332" type="stmt" count="0"/>
      <line num="333" type="stmt" count="0"/>
      <line num="334" type="stmt" count="0"/>
      <line num="335" type="stmt" count="0"/>
      <line num="336" type="stmt" count="0"/>
      <line num="337" type="stmt" count="0"/>
      <line num="338" type="stmt" count="0"/>
      <line num="339" type="stmt" count="0"/>
      <line num="341" type="stmt" count="0"/>
      <line num="342" type="stmt" count="0"/>
      <line num="344" type="method" name="updateTableMV6StagingPart2" visibility="private" complexity="1" crap="2" count="0"/>
      <line num="345" type="stmt" count="0"/>
      <line num="346" type="stmt" count="0"/>
      <line num="347" type="stmt" count="0"/>
      <line num="348" type="stmt" count="0"/>
      <line num="349" type="stmt" count="0"/>
      <line num="350" type="stmt" count="0"/>
      <line num="351" type="stmt" count="0"/>
      <line num="352" type="stmt" count="0"/>
      <line num="353" type="stmt" count="0"/>
      <line num="354" type="stmt" count="0"/>
      <line num="355" type="stmt" count="0"/>
      <line num="356" type="stmt" count="0"/>
      <line num="357" type="stmt" count="0"/>
      <line num="358" type="stmt" count="0"/>
      <line num="360" type="stmt" count="0"/>
      <line num="361" type="stmt" count="0"/>
      <line num="363" type="method" name="updateTableMV6" visibility="private" complexity="1" crap="2" count="0"/>
      <line num="364" type="stmt" count="0"/>
      <line num="365" type="stmt" count="0"/>
      <line num="366" type="stmt" count="0"/>
      <line num="367" type="stmt" count="0"/>
      <line num="368" type="stmt" count="0"/>
      <line num="369" type="stmt" count="0"/>
      <line num="370" type="stmt" count="0"/>
      <line num="371" type="stmt" count="0"/>
      <line num="372" type="stmt" count="0"/>
      <line num="373" type="stmt" count="0"/>
      <line num="374" type="stmt" count="0"/>
      <line num="376" type="stmt" count="0"/>
      <line num="377" type="stmt" count="0"/>
      <line num="379" type="method" name="updateTableMV7" visibility="private" complexity="1" crap="2" count="0"/>
      <line num="380" type="stmt" count="0"/>
      <line num="381" type="stmt" count="0"/>
      <line num="382" type="stmt" count="0"/>
      <line num="383" type="stmt" count="0"/>
      <line num="384" type="stmt" count="0"/>
      <line num="385" type="stmt" count="0"/>
      <line num="386" type="stmt" count="0"/>
      <line num="387" type="stmt" count="0"/>
      <line num="388" type="stmt" count="0"/>
      <line num="389" type="stmt" count="0"/>
      <line num="390" type="stmt" count="0"/>
      <line num="391" type="stmt" count="0"/>
      <line num="392" type="stmt" count="0"/>
      <line num="393" type="stmt" count="0"/>
      <line num="394" type="stmt" count="0"/>
      <line num="395" type="stmt" count="0"/>
      <line num="396" type="stmt" count="0"/>
      <line num="397" type="stmt" count="0"/>
      <line num="398" type="stmt" count="0"/>
      <line num="399" type="stmt" count="0"/>
      <line num="400" type="stmt" count="0"/>
      <line num="401" type="stmt" count="0"/>
      <line num="403" type="stmt" count="0"/>
      <line num="404" type="stmt" count="0"/>
      <line num="405" type="stmt" count="0"/>
      <line num="406" type="stmt" count="0"/>
      <line num="407" type="stmt" count="0"/>
      <line num="409" type="stmt" count="0"/>
      <line num="410" type="stmt" count="0"/>
      <line num="412" type="method" name="updateTableMV8" visibility="private" complexity="1" crap="2" count="0"/>
      <line num="413" type="stmt" count="0"/>
      <line num="414" type="stmt" count="0"/>
      <line num="415" type="stmt" count="0"/>
      <line num="416" type="stmt" count="0"/>
      <line num="417" type="stmt" count="0"/>
      <line num="418" type="stmt" count="0"/>
      <line num="419" type="stmt" count="0"/>
      <line num="420" type="stmt" count="0"/>
      <line num="421" type="stmt" count="0"/>
      <line num="422" type="stmt" count="0"/>
      <line num="423" type="stmt" count="0"/>
      <line num="424" type="stmt" count="0"/>
      <line num="425" type="stmt" count="0"/>
      <line num="426" type="stmt" count="0"/>
      <line num="427" type="stmt" count="0"/>
      <line num="428" type="stmt" count="0"/>
      <line num="429" type="stmt" count="0"/>
      <line num="430" type="stmt" count="0"/>
      <line num="431" type="stmt" count="0"/>
      <line num="432" type="stmt" count="0"/>
      <line num="433" type="stmt" count="0"/>
      <line num="434" type="stmt" count="0"/>
      <line num="435" type="stmt" count="0"/>
      <line num="437" type="stmt" count="0"/>
      <line num="438" type="stmt" count="0"/>
      <line num="440" type="method" name="updateTableMV8Totals" visibility="private" complexity="1" crap="2" count="0"/>
      <line num="441" type="stmt" count="0"/>
      <line num="442" type="stmt" count="0"/>
      <line num="443" type="stmt" count="0"/>
      <line num="444" type="stmt" count="0"/>
      <line num="445" type="stmt" count="0"/>
      <line num="446" type="stmt" count="0"/>
      <line num="447" type="stmt" count="0"/>
      <line num="448" type="stmt" count="0"/>
      <line num="450" type="stmt" count="0"/>
      <line num="451" type="stmt" count="0"/>
      <metrics loc="454" ncloc="424" classes="1" methods="20" coveredmethods="0" conditionals="0" coveredconditionals="0" statements="383" coveredstatements="0" elements="403" coveredelements="0"/>
    </file>
    <file name="/Applications/MAMP/htdocs/umpire/application/helpers/cell_formatting_helper.php">
      <line num="4" type="stmt" count="0"/>
      <line num="5" type="stmt" count="0"/>
      <line num="6" type="stmt" count="0"/>
      <line num="8" type="stmt" count="0"/>
      <line num="9" type="stmt" count="0"/>
      <line num="10" type="stmt" count="0"/>
      <line num="12" type="stmt" count="0"/>
      <line num="13" type="stmt" count="0"/>
      <line num="14" type="stmt" count="0"/>
      <line num="15" type="stmt" count="0"/>
      <line num="16" type="stmt" count="0"/>
      <line num="17" type="stmt" count="0"/>
      <line num="18" type="stmt" count="0"/>
      <line num="19" type="stmt" count="0"/>
      <line num="20" type="stmt" count="0"/>
      <line num="21" type="stmt" count="0"/>
      <line num="22" type="stmt" count="0"/>
      <line num="23" type="stmt" count="0"/>
      <line num="24" type="stmt" count="0"/>
      <line num="25" type="stmt" count="0"/>
      <line num="26" type="stmt" count="0"/>
      <line num="27" type="stmt" count="0"/>
      <line num="28" type="stmt" count="0"/>
      <line num="29" type="stmt" count="0"/>
      <line num="30" type="stmt" count="0"/>
      <line num="31" type="stmt" count="0"/>
      <line num="32" type="stmt" count="0"/>
      <line num="33" type="stmt" count="0"/>
      <line num="34" type="stmt" count="0"/>
      <line num="35" type="stmt" count="0"/>
      <line num="36" type="stmt" count="0"/>
      <line num="37" type="stmt" count="0"/>
      <line num="38" type="stmt" count="0"/>
      <line num="39" type="stmt" count="0"/>
      <line num="40" type="stmt" count="0"/>
      <line num="41" type="stmt" count="0"/>
      <line num="42" type="stmt" count="0"/>
      <line num="43" type="stmt" count="0"/>
      <line num="44" type="stmt" count="0"/>
      <line num="45" type="stmt" count="0"/>
      <line num="46" type="stmt" count="0"/>
      <line num="47" type="stmt" count="0"/>
      <line num="48" type="stmt" count="0"/>
      <line num="49" type="stmt" count="0"/>
      <line num="50" type="stmt" count="0"/>
      <line num="51" type="stmt" count="0"/>
      <line num="52" type="stmt" count="0"/>
      <line num="53" type="stmt" count="0"/>
      <line num="54" type="stmt" count="0"/>
      <line num="55" type="stmt" count="0"/>
      <line num="56" type="stmt" count="0"/>
      <line num="57" type="stmt" count="0"/>
      <line num="58" type="stmt" count="0"/>
      <line num="59" type="stmt" count="0"/>
      <line num="60" type="stmt" count="0"/>
      <line num="63" type="stmt" count="0"/>
      <metrics loc="65" ncloc="65" classes="0" methods="0" coveredmethods="0" conditionals="0" coveredconditionals="0" statements="56" coveredstatements="0" elements="56" coveredelements="0"/>
    </file>
    <file name="/Applications/MAMP/htdocs/umpire/application/helpers/dompdf_helper.php">
      <line num="3" type="stmt" count="0"/>
      <line num="4" type="stmt" count="0"/>
      <line num="5" type="stmt" count="0"/>
      <line num="7" type="stmt" count="0"/>
      <line num="9" type="stmt" count="0"/>
      <line num="11" type="stmt" count="0"/>
      <line num="12" type="stmt" count="0"/>
      <line num="13" type="stmt" count="0"/>
      <line num="14" type="stmt" count="0"/>
      <line num="15" type="stmt" count="0"/>
      <line num="16" type="stmt" count="0"/>
      <line num="17" type="stmt" count="0"/>
      <line num="18" type="stmt" count="0"/>
      <metrics loc="19" ncloc="16" classes="0" methods="0" coveredmethods="0" conditionals="0" coveredconditionals="0" statements="13" coveredstatements="0" elements="13" coveredelements="0"/>
    </file>
    <file name="/Applications/MAMP/htdocs/umpire/application/helpers/pdf_helper.php">
      <line num="3" type="stmt" count="0"/>
      <line num="4" type="stmt" count="0"/>
      <line num="5" type="stmt" count="0"/>
      <metrics loc="7" ncloc="7" classes="0" methods="0" coveredmethods="0" conditionals="0" coveredconditionals="0" statements="3" coveredstatements="0" elements="3" coveredelements="0"/>
    </file>
    <file name="/Applications/MAMP/htdocs/umpire/application/helpers/utility_helper.php">
      <line num="4" type="stmt" count="1"/>
      <metrics loc="6" ncloc="6" classes="0" methods="0" coveredmethods="0" conditionals="0" coveredconditionals="0" statements="1" coveredstatements="1" elements="1" coveredelements="1"/>
    </file>
    <file name="/Applications/MAMP/htdocs/umpire/application/libraries/Array_library.php">
      <class name="Array_library" namespace="global" fullPackage="Array">
        <metrics complexity="18" methods="7" coveredmethods="0" conditionals="0" coveredconditionals="0" statements="40" coveredstatements="0" elements="47" coveredelements="0"/>
      </class>
      <line num="3" type="stmt" count="0"/>
      <line num="6" type="method" name="__construct" visibility="public" complexity="1" crap="2" count="0"/>
      <line num="7" type="stmt" count="0"/>
      <line num="8" type="stmt" count="0"/>
      <line num="9" type="stmt" count="0"/>
      <line num="12" type="stmt" count="0"/>
      <line num="15" type="method" name="in_array_r" visibility="public" complexity="6" crap="42" count="0"/>
      <line num="16" type="stmt" count="0"/>
      <line num="17" type="stmt" count="0"/>
      <line num="18" type="stmt" count="0"/>
      <line num="19" type="stmt" count="0"/>
      <line num="20" type="stmt" count="0"/>
      <line num="22" type="stmt" count="0"/>
      <line num="23" type="stmt" count="0"/>
      <line num="49" type="method" name="findRecursiveArrayDiff" visibility="public" complexity="3" crap="12" count="0"/>
      <line num="51" type="stmt" count="0"/>
      <line num="52" type="stmt" count="0"/>
      <line num="54" type="stmt" count="0"/>
      <line num="55" type="stmt" count="0"/>
      <line num="56" type="stmt" count="0"/>
      <line num="57" type="stmt" count="0"/>
      <line num="58" type="stmt" count="0"/>
      <line num="59" type="stmt" count="0"/>
      <line num="61" type="method" name="findMultiArrayDiff" visibility="public" complexity="1" crap="2" count="0"/>
      <line num="62" type="stmt" count="0"/>
      <line num="63" type="stmt" count="0"/>
      <line num="64" type="stmt" count="0"/>
      <line num="66" type="method" name="compareDeepValue" visibility="private" complexity="1" crap="2" count="0"/>
      <line num="67" type="stmt" count="0"/>
      <line num="68" type="stmt" count="0"/>
      <line num="70" type="method" name="findKeyFromValue" visibility="public" complexity="3" crap="12" count="0"/>
      <line num="71" type="stmt" count="0"/>
      <line num="72" type="stmt" count="0"/>
      <line num="73" type="stmt" count="0"/>
      <line num="74" type="stmt" count="0"/>
      <line num="75" type="stmt" count="0"/>
      <line num="76" type="stmt" count="0"/>
      <line num="77" type="stmt" count="0"/>
      <line num="79" type="stmt" count="0"/>
      <line num="81" type="method" name="findArrayDBObjectDiff" visibility="public" complexity="3" crap="12" count="0"/>
      <line num="82" type="stmt" count="0"/>
      <line num="83" type="stmt" count="0"/>
      <line num="84" type="stmt" count="0"/>
      <line num="85" type="stmt" count="0"/>
      <line num="86" type="stmt" count="0"/>
      <line num="88" type="stmt" count="0"/>
      <line num="89" type="stmt" count="0"/>
      <line num="92" type="stmt" count="0"/>
[...]
      <line num="43" type="stmt" count="0"/>
      <line num="44" type="stmt" count="0"/>
      <line num="48" type="stmt" count="0"/>
      <line num="50" type="stmt" count="0"/>
      <line num="51" type="stmt" count="0"/>
      <line num="53" type="stmt" count="0"/>
      <line num="54" type="stmt" count="0"/>
      <line num="55" type="stmt" count="0"/>
      <line num="56" type="stmt" count="0"/>
      <line num="57" type="stmt" count="0"/>
      <line num="58" type="stmt" count="0"/>
      <line num="59" type="stmt" count="0"/>
      <line num="60" type="stmt" count="0"/>
      <line num="61" type="stmt" count="0"/>
      <line num="62" type="stmt" count="0"/>
      <line num="63" type="stmt" count="0"/>
      <line num="64" type="stmt" count="0"/>
      <line num="65" type="stmt" count="0"/>
      <line num="66" type="stmt" count="0"/>
      <line num="67" type="stmt" count="0"/>
      <line num="72" type="stmt" count="0"/>
      <line num="76" type="stmt" count="0"/>
      <line num="77" type="stmt" count="0"/>
      <metrics loc="76" ncloc="74" classes="0" methods="0" coveredmethods="0" conditionals="0" coveredconditionals="0" statements="57" coveredstatements="0" elements="57" coveredelements="0"/>
    </file>
    <file name="/Applications/MAMP/htdocs/umpire/application/views/upload_form.php">
      <line num="1" type="stmt" count="0"/>
      <line num="2" type="stmt" count="0"/>
      <line num="3" type="stmt" count="0"/>
      <line num="4" type="stmt" count="0"/>
      <line num="6" type="stmt" count="0"/>
      <line num="7" type="stmt" count="0"/>
      <line num="8" type="stmt" count="0"/>
      <line num="9" type="stmt" count="0"/>
      <line num="10" type="stmt" count="0"/>
      <line num="11" type="stmt" count="0"/>
      <line num="12" type="stmt" count="0"/>
      <line num="13" type="stmt" count="0"/>
      <line num="14" type="stmt" count="0"/>
      <line num="15" type="stmt" count="0"/>
      <line num="16" type="stmt" count="0"/>
      <line num="17" type="stmt" count="0"/>
      <line num="18" type="stmt" count="0"/>
      <line num="19" type="stmt" count="0"/>
      <line num="22" type="stmt" count="0"/>
      <line num="25" type="stmt" count="0"/>
      <line num="26" type="stmt" count="0"/>
      <line num="27" type="stmt" count="0"/>
      <line num="28" type="stmt" count="0"/>
      <line num="29" type="stmt" count="0"/>
      <line num="30" type="stmt" count="0"/>
      <line num="31" type="stmt" count="0"/>
      <line num="32" type="stmt" count="0"/>
      <line num="33" type="stmt" count="0"/>
      <line num="34" type="stmt" count="0"/>
      <line num="35" type="stmt" count="0"/>
      <line num="36" type="stmt" count="0"/>
      <line num="38" type="stmt" count="0"/>
      <line num="40" type="stmt" count="0"/>
      <line num="41" type="stmt" count="0"/>
      <metrics loc="40" ncloc="40" classes="0" methods="0" coveredmethods="0" conditionals="0" coveredconditionals="0" statements="33" coveredstatements="0" elements="33" coveredelements="0"/>
    </file>
    <file name="/Applications/MAMP/htdocs/umpire/application/views/upload_success.php">
      <line num="2" type="stmt" count="0"/>
      <line num="3" type="stmt" count="0"/>
      <line num="4" type="stmt" count="0"/>
      <line num="5" type="stmt" count="0"/>
      <line num="6" type="stmt" count="0"/>
      <line num="7" type="stmt" count="0"/>
      <line num="8" type="stmt" count="0"/>
      <line num="10" type="stmt" count="0"/>
      <line num="11" type="stmt" count="0"/>
      <line num="13" type="stmt" count="0"/>
      <line num="14" type="stmt" count="0"/>
      <line num="15" type="stmt" count="0"/>
      <line num="16" type="stmt" count="0"/>
      <line num="17" type="stmt" count="0"/>
      <line num="18" type="stmt" count="0"/>
      <line num="19" type="stmt" count="0"/>
      <line num="20" type="stmt" count="0"/>
      <line num="21" type="stmt" count="0"/>
      <line num="22" type="stmt" count="0"/>
      <line num="23" type="stmt" count="0"/>
      <line num="24" type="stmt" count="0"/>
      <line num="26" type="stmt" count="0"/>
      <line num="27" type="stmt" count="0"/>
      <line num="28" type="stmt" count="0"/>
      <line num="29" type="stmt" count="0"/>
      <line num="31" type="stmt" count="0"/>
      <line num="32" type="stmt" count="0"/>
      <line num="35" type="stmt" count="0"/>
      <line num="37" type="stmt" count="0"/>
      <line num="38" type="stmt" count="0"/>
      <line num="39" type="stmt" count="0"/>
      <line num="40" type="stmt" count="0"/>
      <line num="41" type="stmt" count="0"/>
      <line num="42" type="stmt" count="0"/>
      <line num="43" type="stmt" count="0"/>
      <line num="44" type="stmt" count="0"/>
      <line num="45" type="stmt" count="0"/>
      <line num="46" type="stmt" count="0"/>
      <line num="47" type="stmt" count="0"/>
      <line num="48" type="stmt" count="0"/>
      <line num="49" type="stmt" count="0"/>
      <line num="50" type="stmt" count="0"/>
      <line num="51" type="stmt" count="0"/>
      <line num="54" type="stmt" count="0"/>
      <line num="55" type="stmt" count="0"/>
      <line num="56" type="stmt" count="0"/>
      <line num="57" type="stmt" count="0"/>
      <line num="58" type="stmt" count="0"/>
      <line num="59" type="stmt" count="0"/>
      <line num="60" type="stmt" count="0"/>
      <line num="61" type="stmt" count="0"/>
      <line num="64" type="stmt" count="0"/>
      <line num="65" type="stmt" count="0"/>
      <line num="67" type="stmt" count="0"/>
      <line num="68" type="stmt" count="0"/>
      <line num="70" type="stmt" count="0"/>
      <line num="71" type="stmt" count="0"/>
      <line num="73" type="stmt" count="0"/>
      <line num="74" type="stmt" count="0"/>
      <line num="75" type="stmt" count="0"/>
      <line num="76" type="stmt" count="0"/>
      <line num="77" type="stmt" count="0"/>
      <line num="79" type="stmt" count="0"/>
      <line num="80" type="stmt" count="0"/>
      <line num="81" type="stmt" count="0"/>
      <line num="82" type="stmt" count="0"/>
      <line num="83" type="stmt" count="0"/>
      <line num="85" type="stmt" count="0"/>
      <line num="86" type="stmt" count="0"/>
      <line num="87" type="stmt" count="0"/>
      <line num="88" type="stmt" count="0"/>
      <line num="89" type="stmt" count="0"/>
      <line num="91" type="stmt" count="0"/>
      <line num="92" type="stmt" count="0"/>
      <line num="93" type="stmt" count="0"/>
      <line num="94" type="stmt" count="0"/>
      <line num="95" type="stmt" count="0"/>
      <line num="96" type="stmt" count="0"/>
      <line num="97" type="stmt" count="0"/>
      <line num="98" type="stmt" count="0"/>
      <line num="99" type="stmt" count="0"/>
      <line num="102" type="stmt" count="0"/>
      <line num="103" type="stmt" count="0"/>
      <line num="106" type="stmt" count="0"/>
      <line num="109" type="stmt" count="0"/>
      <line num="110" type="stmt" count="0"/>
      <line num="119" type="stmt" count="0"/>
      <line num="120" type="stmt" count="0"/>
      <line num="121" type="stmt" count="0"/>
      <line num="122" type="stmt" count="0"/>
      <line num="123" type="stmt" count="0"/>
      <line num="124" type="stmt" count="0"/>
      <line num="127" type="stmt" count="0"/>
      <line num="128" type="stmt" count="0"/>
      <line num="129" type="stmt" count="0"/>
      <line num="135" type="stmt" count="0"/>
      <line num="136" type="stmt" count="0"/>
      <line num="137" type="stmt" count="0"/>
      <line num="138" type="stmt" count="0"/>
      <line num="140" type="stmt" count="0"/>
      <line num="141" type="stmt" count="0"/>
      <line num="142" type="stmt" count="0"/>
      <line num="143" type="stmt" count="0"/>
      <line num="144" type="stmt" count="0"/>
      <line num="145" type="stmt" count="0"/>
      <line num="147" type="stmt" count="0"/>
      <line num="148" type="stmt" count="0"/>
      <line num="151" type="stmt" count="0"/>
      <line num="152" type="stmt" count="0"/>
      <line num="154" type="stmt" count="0"/>
      <line num="158" type="stmt" count="0"/>
      <line num="160" type="stmt" count="0"/>
      <line num="161" type="stmt" count="0"/>
      <line num="162" type="stmt" count="0"/>
      <line num="163" type="stmt" count="0"/>
      <line num="164" type="stmt" count="0"/>
      <line num="166" type="stmt" count="0"/>
      <line num="167" type="stmt" count="0"/>
      <line num="168" type="stmt" count="0"/>
      <line num="169" type="stmt" count="0"/>
      <line num="170" type="stmt" count="0"/>
      <line num="172" type="stmt" count="0"/>
      <line num="173" type="stmt" count="0"/>
      <line num="174" type="stmt" count="0"/>
      <line num="176" type="stmt" count="0"/>
      <line num="178" type="stmt" count="0"/>
      <line num="179" type="stmt" count="0"/>
      <line num="180" type="stmt" count="0"/>
      <line num="181" type="stmt" count="0"/>
      <line num="182" type="stmt" count="0"/>
      <line num="183" type="stmt" count="0"/>
      <line num="184" type="stmt" count="0"/>
      <line num="185" type="stmt" count="0"/>
      <line num="186" type="stmt" count="0"/>
      <line num="187" type="stmt" count="0"/>
      <line num="188" type="stmt" count="0"/>
      <line num="189" type="stmt" count="0"/>
      <line num="190" type="stmt" count="0"/>
      <line num="191" type="stmt" count="0"/>
      <line num="193" type="stmt" count="0"/>
      <line num="194" type="stmt" count="0"/>
      <line num="195" type="stmt" count="0"/>
      <line num="196" type="stmt" count="0"/>
      <line num="198" type="stmt" count="0"/>
      <line num="199" type="stmt" count="0"/>
      <line num="200" type="stmt" count="0"/>
      <line num="201" type="stmt" count="0"/>
      <line num="202" type="stmt" count="0"/>
      <line num="203" type="stmt" count="0"/>
      <line num="204" type="stmt" count="0"/>
      <line num="205" type="stmt" count="0"/>
      <line num="206" type="stmt" count="0"/>
      <line num="207" type="stmt" count="0"/>
      <line num="209" type="stmt" count="0"/>
      <line num="210" type="stmt" count="0"/>
      <line num="211" type="stmt" count="0"/>
      <line num="212" type="stmt" count="0"/>
      <line num="213" type="stmt" count="0"/>
      <line num="214" type="stmt" count="0"/>
      <line num="215" type="stmt" count="0"/>
      <line num="216" type="stmt" count="0"/>
      <line num="217" type="stmt" count="0"/>
      <line num="218" type="stmt" count="0"/>
      <line num="219" type="stmt" count="0"/>
      <line num="220" type="stmt" count="0"/>
      <line num="221" type="stmt" count="0"/>
      <line num="222" type="stmt" count="0"/>
      <line num="223" type="stmt" count="0"/>
      <line num="224" type="stmt" count="0"/>
      <line num="225" type="stmt" count="0"/>
      <line num="226" type="stmt" count="0"/>
      <line num="227" type="stmt" count="0"/>
      <line num="229" type="stmt" count="0"/>
      <line num="230" type="stmt" count="0"/>
      <line num="231" type="stmt" count="0"/>
      <line num="232" type="stmt" count="0"/>
      <line num="233" type="stmt" count="0"/>
      <line num="235" type="stmt" count="0"/>
      <line num="236" type="stmt" count="0"/>
      <line num="238" type="stmt" count="0"/>
      <line num="239" type="stmt" count="0"/>
      <line num="241" type="stmt" count="0"/>
      <line num="243" type="stmt" count="0"/>
      <line num="244" type="stmt" count="0"/>
      <line num="245" type="stmt" count="0"/>
      <line num="246" type="stmt" count="0"/>
      <line num="247" type="stmt" count="0"/>
      <line num="248" type="stmt" count="0"/>
      <line num="249" type="stmt" count="0"/>
      <line num="250" type="stmt" count="0"/>
      <line num="251" type="stmt" count="0"/>
      <line num="252" type="stmt" count="0"/>
      <line num="253" type="stmt" count="0"/>
      <line num="254" type="stmt" count="0"/>
      <line num="255" type="stmt" count="0"/>
      <line num="256" type="stmt" count="0"/>
      <line num="257" type="stmt" count="0"/>
      <line num="258" type="stmt" count="0"/>
      <line num="259" type="stmt" count="0"/>
      <line num="260" type="stmt" count="0"/>
      <line num="262" type="stmt" count="0"/>
      <metrics loc="263" ncloc="243" classes="0" methods="0" coveredmethods="0" conditionals="0" coveredconditionals="0" statements="201" coveredstatements="0" elements="201" coveredelements="0"/>
    </file>
    <file name="/Applications/MAMP/htdocs/umpire/application/views/useradmin.php">
      <line num="1" type="stmt" count="0"/>
      <line num="2" type="stmt" count="0"/>
      <line num="3" type="stmt" count="0"/>
      <line num="4" type="stmt" count="0"/>
      <line num="5" type="stmt" count="0"/>
      <line num="6" type="stmt" count="0"/>
      <line num="7" type="stmt" count="0"/>
      <line num="8" type="stmt" count="0"/>
      <line num="10" type="stmt" count="0"/>
      <line num="11" type="stmt" count="0"/>
      <line num="12" type="stmt" count="0"/>
      <line num="13" type="stmt" count="0"/>
      <line num="14" type="stmt" count="0"/>
      <line num="16" type="stmt" count="0"/>
      <line num="18" type="stmt" count="0"/>
      <line num="19" type="stmt" count="0"/>
      <line num="20" type="stmt" count="0"/>
      <line num="21" type="stmt" count="0"/>
      <line num="22" type="stmt" count="0"/>
      <line num="23" type="stmt" count="0"/>
      <line num="24" type="stmt" count="0"/>
      <line num="25" type="stmt" count="0"/>
      <line num="26" type="stmt" count="0"/>
      <line num="27" type="stmt" count="0"/>
      <line num="28" type="stmt" count="0"/>
      <line num="29" type="stmt" count="0"/>
      <line num="30" type="stmt" count="0"/>
      <line num="31" type="stmt" count="0"/>
      <line num="32" type="stmt" count="0"/>
      <line num="33" type="stmt" count="0"/>
      <line num="34" type="stmt" count="0"/>
      <line num="35" type="stmt" count="0"/>
      <line num="37" type="stmt" count="0"/>
      <line num="38" type="stmt" count="0"/>
      <line num="39" type="stmt" count="0"/>
      <line num="40" type="stmt" count="0"/>
      <line num="42" type="stmt" count="0"/>
      <line num="44" type="stmt" count="0"/>
      <line num="47" type="stmt" count="0"/>
      <line num="48" type="stmt" count="0"/>
      <line num="49" type="stmt" count="0"/>
      <line num="50" type="stmt" count="0"/>
      <line num="51" type="stmt" count="0"/>
      <line num="52" type="stmt" count="0"/>
      <line num="53" type="stmt" count="0"/>
      <line num="54" type="stmt" count="0"/>
      <line num="56" type="stmt" count="0"/>
      <line num="58" type="stmt" count="0"/>
      <line num="59" type="stmt" count="0"/>
      <line num="62" type="stmt" count="0"/>
      <line num="63" type="stmt" count="0"/>
      <line num="65" type="stmt" count="0"/>
      <line num="67" type="stmt" count="0"/>
      <line num="68" type="stmt" count="0"/>
      <line num="70" type="stmt" count="0"/>
      <line num="71" type="stmt" count="0"/>
      <line num="72" type="stmt" count="0"/>
      <line num="73" type="stmt" count="0"/>
      <line num="74" type="stmt" count="0"/>
      <line num="75" type="stmt" count="0"/>
      <line num="76" type="stmt" count="0"/>
      <line num="77" type="stmt" count="0"/>
      <line num="78" type="stmt" count="0"/>
      <line num="79" type="stmt" count="0"/>
      <line num="80" type="stmt" count="0"/>
      <line num="84" type="stmt" count="0"/>
      <line num="85" type="stmt" count="0"/>
      <line num="86" type="stmt" count="0"/>
      <line num="87" type="stmt" count="0"/>
      <line num="88" type="stmt" count="0"/>
      <line num="90" type="stmt" count="0"/>
      <line num="92" type="stmt" count="0"/>
      <line num="94" type="stmt" count="0"/>
      <line num="96" type="stmt" count="0"/>
      <line num="97" type="stmt" count="0"/>
      <line num="98" type="stmt" count="0"/>
      <line num="99" type="stmt" count="0"/>
      <line num="100" type="stmt" count="0"/>
      <line num="102" type="stmt" count="0"/>
      <line num="103" type="stmt" count="0"/>
      <line num="104" type="stmt" count="0"/>
      <line num="107" type="stmt" count="0"/>
      <line num="108" type="stmt" count="0"/>
      <line num="109" type="stmt" count="0"/>
      <line num="112" type="stmt" count="0"/>
      <line num="113" type="stmt" count="0"/>
      <line num="114" type="stmt" count="0"/>
      <line num="115" type="stmt" count="0"/>
      <line num="116" type="stmt" count="0"/>
      <line num="117" type="stmt" count="0"/>
      <line num="119" type="stmt" count="0"/>
      <line num="121" type="stmt" count="0"/>
      <line num="122" type="stmt" count="0"/>
      <line num="125" type="stmt" count="0"/>
      <line num="126" type="stmt" count="0"/>
      <line num="127" type="stmt" count="0"/>
      <line num="128" type="stmt" count="0"/>
      <line num="129" type="stmt" count="0"/>
      <line num="130" type="stmt" count="0"/>
      <line num="131" type="stmt" count="0"/>
      <line num="132" type="stmt" count="0"/>
      <line num="133" type="stmt" count="0"/>
      <line num="135" type="stmt" count="0"/>
      <line num="137" type="stmt" count="0"/>
      <line num="138" type="stmt" count="0"/>
      <line num="141" type="stmt" count="0"/>
      <line num="142" type="stmt" count="0"/>
      <line num="143" type="stmt" count="0"/>
      <line num="144" type="stmt" count="0"/>
      <line num="145" type="stmt" count="0"/>
      <line num="146" type="stmt" count="0"/>
      <line num="147" type="stmt" count="0"/>
      <line num="148" type="stmt" count="0"/>
      <line num="149" type="stmt" count="0"/>
      <line num="151" type="stmt" count="0"/>
      <line num="153" type="stmt" count="0"/>
      <line num="154" type="stmt" count="0"/>
      <line num="157" type="stmt" count="0"/>
      <line num="158" type="stmt" count="0"/>
      <line num="159" type="stmt" count="0"/>
      <line num="160" type="stmt" count="0"/>
      <line num="161" type="stmt" count="0"/>
      <line num="162" type="stmt" count="0"/>
      <line num="163" type="stmt" count="0"/>
      <line num="164" type="stmt" count="0"/>
      <line num="165" type="stmt" count="0"/>
      <line num="167" type="stmt" count="0"/>
      <line num="169" type="stmt" count="0"/>
      <line num="170" type="stmt" count="0"/>
      <line num="173" type="stmt" count="0"/>
      <line num="174" type="stmt" count="0"/>
      <line num="175" type="stmt" count="0"/>
      <line num="176" type="stmt" count="0"/>
      <line num="177" type="stmt" count="0"/>
      <line num="178" type="stmt" count="0"/>
      <line num="179" type="stmt" count="0"/>
      <line num="180" type="stmt" count="0"/>
      <line num="181" type="stmt" count="0"/>
      <line num="183" type="stmt" count="0"/>
      <line num="185" type="stmt" count="0"/>
      <line num="187" type="stmt" count="0"/>
      <line num="188" type="stmt" count="0"/>
      <line num="189" type="stmt" count="0"/>
      <line num="191" type="stmt" count="0"/>
      <line num="194" type="stmt" count="0"/>
      <line num="196" type="stmt" count="0"/>
      <line num="197" type="stmt" count="0"/>
      <line num="198" type="stmt" count="0"/>
      <line num="199" type="stmt" count="0"/>
      <line num="200" type="stmt" count="0"/>
      <line num="202" type="stmt" count="0"/>
      <line num="204" type="stmt" count="0"/>
      <line num="205" type="stmt" count="0"/>
      <metrics loc="204" ncloc="190" classes="0" methods="0" coveredmethods="0" conditionals="0" coveredconditionals="0" statements="152" coveredstatements="0" elements="152" coveredelements="0"/>
    </file>
    <metrics files="121" loc="13024" ncloc="10895" classes="71" methods="697" coveredmethods="33" conditionals="0" coveredconditionals="0" statements="7521" coveredstatements="224" elements="8218" coveredelements="257"/>
  </project>
</coverage>
