<?xml version="1.0" encoding="UTF-8"?>
<testsuites>
  <testsuite name="" tests="407" assertions="540" errors="0" failures="0" skipped="0" time="25.916607">
    <testsuite name="unittests" tests="378" assertions="503" errors="0" failures="0" skipped="0" time="20.480982">
      <testsuite name="Match_import_test" file="/Applications/MAMP/htdocs/umpire/application/tests/models/Match_import_test.php" tests="11" assertions="20" errors="0" failures="0" skipped="0" time="4.240045">
        <testcase name="test_ImportFile_ValidXLS" class="Match_import_test" classname="Match_import_test" file="/Applications/MAMP/htdocs/umpire/application/tests/models/Match_import_test.php" line="28" assertions="4" time="1.865223"/>
        <testcase name="test_ImportFile_ValidXLSX" class="Match_import_test" classname="Match_import_test" file="/Applications/MAMP/htdocs/umpire/application/tests/models/Match_import_test.php" line="54" assertions="4" time="0.436856"/>
        <testcase name="test_ImportFile_MissingColumnHeaderRow" class="Match_import_test" classname="Match_import_test" file="/Applications/MAMP/htdocs/umpire/application/tests/models/Match_import_test.php" line="80" assertions="1" time="0.212235"/>
        <testcase name="test_ImportFile_BlankColumnHeaderRow" class="Match_import_test" classname="Match_import_test" file="/Applications/MAMP/htdocs/umpire/application/tests/models/Match_import_test.php" line="93" assertions="1" time="0.242374"/>
        <testcase name="test_ImportFile_IncorrectColumnHeaderRow" class="Match_import_test" classname="Match_import_test" file="/Applications/MAMP/htdocs/umpire/application/tests/models/Match_import_test.php" line="106" assertions="1" time="0.227069"/>
        <testcase name="test_ImportFile_MissingLastColumn" class="Match_import_test" classname="Match_import_test" file="/Applications/MAMP/htdocs/umpire/application/tests/models/Match_import_test.php" line="119" assertions="1" time="0.225557"/>
        <testcase name="test_ImportFile_MissingSeveralColumns" class="Match_import_test" classname="Match_import_test" file="/Applications/MAMP/htdocs/umpire/application/tests/models/Match_import_test.php" line="132" assertions="1" time="0.232820"/>
        <testcase name="test_ImportFile_ExtraColumn" class="Match_import_test" classname="Match_import_test" file="/Applications/MAMP/htdocs/umpire/application/tests/models/Match_import_test.php" line="145" assertions="4" time="0.278078"/>
        <testcase name="test_ImportFile_NoData" class="Match_import_test" classname="Match_import_test" file="/Applications/MAMP/htdocs/umpire/application/tests/models/Match_import_test.php" line="171" assertions="1" time="0.125811"/>
        <testcase name="test_ImportFile_NotExcel" class="Match_import_test" classname="Match_import_test" file="/Applications/MAMP/htdocs/umpire/application/tests/models/Match_import_test.php" line="184" assertions="1" time="0.164473"/>
        <testcase name="test_ImportFile_AnotherSheetSelected" class="Match_import_test" classname="Match_import_test" file="/Applications/MAMP/htdocs/umpire/application/tests/models/Match_import_test.php" line="197" assertions="1" time="0.229550"/>
      </testsuite>
      <testsuite name="Missing_data_updater_test" file="/Applications/MAMP/htdocs/umpire/application/tests/models/Missing_data_updater_test.php" tests="14" assertions="20" errors="0" failures="0" skipped="0" time="0.676672">
        <testcase name="test_GetPossibleLeaguesForComp" class="Missing_data_updater_test" classname="Missing_data_updater_test" file="/Applications/MAMP/htdocs/umpire/application/tests/models/Missing_data_updater_test.php" line="12" assertions="2" time="0.057147"/>
        <testcase name="test_GetClubsForTeam" class="Missing_data_updater_test" classname="Missing_data_updater_test" file="/Applications/MAMP/htdocs/umpire/application/tests/models/Missing_data_updater_test.php" line="23" assertions="2" time="0.047212"/>
        <testcase name="test_GetRegions" class="Missing_data_updater_test" classname="Missing_data_updater_test" file="/Applications/MAMP/htdocs/umpire/application/tests/models/Missing_data_updater_test.php" line="34" assertions="2" time="0.045897"/>
        <testcase name="test_GetAgeGroups" class="Missing_data_updater_test" classname="Missing_data_updater_test" file="/Applications/MAMP/htdocs/umpire/application/tests/models/Missing_data_updater_test.php" line="45" assertions="2" time="0.048488"/>
        <testcase name="test_GetShortLeagueNames" class="Missing_data_updater_test" classname="Missing_data_updater_test" file="/Applications/MAMP/htdocs/umpire/application/tests/models/Missing_data_updater_test.php" line="56" assertions="2" time="0.050419"/>
        <testcase name="test_GetDivisions" class="Missing_data_updater_test" classname="Missing_data_updater_test" file="/Applications/MAMP/htdocs/umpire/application/tests/models/Missing_data_updater_test.php" line="67" assertions="2" time="0.049950"/>
        <testcase name="test_UpdateSingleCompetition" class="Missing_data_updater_test" classname="Missing_data_updater_test" file="/Applications/MAMP/htdocs/umpire/application/tests/models/Missing_data_updater_test.php" line="78" assertions="1" time="0.047624"/>
        <testcase name="test_InsertNewLeague" class="Missing_data_updater_test" classname="Missing_data_updater_test" file="/Applications/MAMP/htdocs/umpire/application/tests/models/Missing_data_updater_test.php" line="88" assertions="1" time="0.050609"/>
        <testcase name="test_updateTeamAndClubData_OneTeamInsert" class="Missing_data_updater_test" classname="Missing_data_updater_test" file="/Applications/MAMP/htdocs/umpire/application/tests/models/Missing_data_updater_test.php" line="100" assertions="1" time="0.050718"/>
        <testcase name="test_updateTeamAndClubData_TwoTeamsInsert" class="Missing_data_updater_test" classname="Missing_data_updater_test" file="/Applications/MAMP/htdocs/umpire/application/tests/models/Missing_data_updater_test.php" line="123" assertions="1" time="0.044870"/>
        <testcase name="test_updateTeamAndClubData_OneTeamUpdate" class="Missing_data_updater_test" classname="Missing_data_updater_test" file="/Applications/MAMP/htdocs/umpire/application/tests/models/Missing_data_updater_test.php" line="147" assertions="1" time="0.046226"/>
        <testcase name="test_updateTeamAndClubData_TwoTeamsUpdate" class="Missing_data_updater_test" classname="Missing_data_updater_test" file="/Applications/MAMP/htdocs/umpire/application/tests/models/Missing_data_updater_test.php" line="170" assertions="1" time="0.042994"/>
        <testcase name="test_updateTeamAndClubData_MissingValues" class="Missing_data_updater_test" classname="Missing_data_updater_test" file="/Applications/MAMP/htdocs/umpire/application/tests/models/Missing_data_updater_test.php" line="193" assertions="1" time="0.045202"/>
        <testcase name="test_updateTeamAndClubData_NoCompetition" class="Missing_data_updater_test" classname="Missing_data_updater_test" file="/Applications/MAMP/htdocs/umpire/application/tests/models/Missing_data_updater_test.php" line="208" assertions="1" time="0.049316"/>
      </testsuite>
      <testsuite name="Report1_test" file="/Applications/MAMP/htdocs/umpire/application/tests/models/Report1_test.php" tests="6" assertions="6" errors="0" failures="0" skipped="0" time="0.475074">
        <testcase name="test_GetDataQuery" class="Report1_test" classname="Report1_test" file="/Applications/MAMP/htdocs/umpire/application/tests/models/Report1_test.php" line="10" assertions="1" time="0.148306"/>
        <testcase name="test_GetReportColumnQuery" class="Report1_test" classname="Report1_test" file="/Applications/MAMP/htdocs/umpire/application/tests/models/Report1_test.php" line="32" assertions="1" time="0.065138"/>
        <testcase name="test_GetDataQueryNullParam" class="Report1_test" classname="Report1_test" file="/Applications/MAMP/htdocs/umpire/application/tests/models/Report1_test.php" line="52" assertions="1" time="0.064785"/>
        <testcase name="test_GetDataQueryEmptyParam" class="Report1_test" classname="Report1_test" file="/Applications/MAMP/htdocs/umpire/application/tests/models/Report1_test.php" line="71" assertions="1" time="0.072366"/>
        <testcase name="test_GetReportColumnQueryNullParam" class="Report1_test" classname="Report1_test" file="/Applications/MAMP/htdocs/umpire/application/tests/models/Report1_test.php" line="90" assertions="1" time="0.058355"/>
        <testcase name="test_GetReportColumnQueryEmptyParam" class="Report1_test" classname="Report1_test" file="/Applications/MAMP/htdocs/umpire/application/tests/models/Report1_test.php" line="108" assertions="1" time="0.066124"/>
      </testsuite>
      <testsuite name="Report2_test" file="/Applications/MAMP/htdocs/umpire/application/tests/models/Report2_test.php" tests="6" assertions="6" errors="0" failures="0" skipped="0" time="0.382409">
        <testcase name="test_GetDataQuery" class="Report2_test" classname="Report2_test" file="/Applications/MAMP/htdocs/umpire/application/tests/models/Report2_test.php" line="10" assertions="1" time="0.062473"/>
        <testcase name="test_GetReportColumnQuery" class="Report2_test" classname="Report2_test" file="/Applications/MAMP/htdocs/umpire/application/tests/models/Report2_test.php" line="37" assertions="1" time="0.064152"/>
        <testcase name="test_GetDataQueryNullParam" class="Report2_test" classname="Report2_test" file="/Applications/MAMP/htdocs/umpire/application/tests/models/Report2_test.php" line="58" assertions="1" time="0.061758"/>
        <testcase name="test_GetDataQueryEmptyParam" class="Report2_test" classname="Report2_test" file="/Applications/MAMP/htdocs/umpire/application/tests/models/Report2_test.php" line="77" assertions="1" time="0.068643"/>
        <testcase name="test_GetReportColumnQueryNullParam" class="Report2_test" classname="Report2_test" file="/Applications/MAMP/htdocs/umpire/application/tests/models/Report2_test.php" line="96" assertions="1" time="0.063755"/>
        <testcase name="test_GetReportColumnQueryEmptyParam" class="Report2_test" classname="Report2_test" file="/Applications/MAMP/htdocs/umpire/application/tests/models/Report2_test.php" line="114" assertions="1" time="0.061628"/>
      </testsuite>
      <testsuite name="Report3_test" file="/Applications/MAMP/htdocs/umpire/application/tests/models/Report3_test.php" tests="6" assertions="6" errors="0" failures="0" skipped="0" time="0.413072">
        <testcase name="test_GetDataQuery" class="Report3_test" classname="Report3_test" file="/Applications/MAMP/htdocs/umpire/application/tests/models/Report3_test.php" line="10" assertions="1" time="0.085262"/>
        <testcase name="test_GetReportColumnQuery" class="Report3_test" classname="Report3_test" file="/Applications/MAMP/htdocs/umpire/application/tests/models/Report3_test.php" line="29" assertions="1" time="0.058875"/>
        <testcase name="test_GetDataQueryNullParam" class="Report3_test" classname="Report3_test" file="/Applications/MAMP/htdocs/umpire/application/tests/models/Report3_test.php" line="47" assertions="1" time="0.077707"/>
        <testcase name="test_GetDataQueryEmptyParam" class="Report3_test" classname="Report3_test" file="/Applications/MAMP/htdocs/umpire/application/tests/models/Report3_test.php" line="63" assertions="1" time="0.066498"/>
        <testcase name="test_GetReportColumnQueryNullParam" class="Report3_test" classname="Report3_test" file="/Applications/MAMP/htdocs/umpire/application/tests/models/Report3_test.php" line="79" assertions="1" time="0.059989"/>
        <testcase name="test_GetReportColumnQueryEmptyParam" class="Report3_test" classname="Report3_test" file="/Applications/MAMP/htdocs/umpire/application/tests/models/Report3_test.php" line="94" assertions="1" time="0.064741"/>
      </testsuite>
      <testsuite name="Report4_test" file="/Applications/MAMP/htdocs/umpire/application/tests/models/Report4_test.php" tests="6" assertions="6" errors="0" failures="0" skipped="0" time="0.377236">
        <testcase name="test_GetDataQuery" class="Report4_test" classname="Report4_test" file="/Applications/MAMP/htdocs/umpire/application/tests/models/Report4_test.php" line="10" assertions="1" time="0.057884"/>
        <testcase name="test_GetReportColumnQuery" class="Report4_test" classname="Report4_test" file="/Applications/MAMP/htdocs/umpire/application/tests/models/Report4_test.php" line="25" assertions="1" time="0.059457"/>
        <testcase name="test_GetDataQueryNullParam" class="Report4_test" classname="Report4_test" file="/Applications/MAMP/htdocs/umpire/application/tests/models/Report4_test.php" line="38" assertions="1" time="0.067831"/>
        <testcase name="test_GetDataQueryEmptyParam" class="Report4_test" classname="Report4_test" file="/Applications/MAMP/htdocs/umpire/application/tests/models/Report4_test.php" line="57" assertions="1" time="0.058203"/>
        <testcase name="test_GetReportColumnQueryNullParam" class="Report4_test" classname="Report4_test" file="/Applications/MAMP/htdocs/umpire/application/tests/models/Report4_test.php" line="76" assertions="1" time="0.078181"/>
        <testcase name="test_GetReportColumnQueryEmptyParam" class="Report4_test" classname="Report4_test" file="/Applications/MAMP/htdocs/umpire/application/tests/models/Report4_test.php" line="94" assertions="1" time="0.055680"/>
      </testsuite>
      <testsuite name="Report5_test" file="/Applications/MAMP/htdocs/umpire/application/tests/models/Report5_test.php" tests="6" assertions="6" errors="0" failures="0" skipped="0" time="0.414319">
        <testcase name="test_GetDataQuery" class="Report5_test" classname="Report5_test" file="/Applications/MAMP/htdocs/umpire/application/tests/models/Report5_test.php" line="10" assertions="1" time="0.069203"/>
        <testcase name="test_GetReportColumnQuery" class="Report5_test" classname="Report5_test" file="/Applications/MAMP/htdocs/umpire/application/tests/models/Report5_test.php" line="30" assertions="1" time="0.062957"/>
        <testcase name="test_GetDataQueryNullParam" class="Report5_test" classname="Report5_test" file="/Applications/MAMP/htdocs/umpire/application/tests/models/Report5_test.php" line="47" assertions="1" time="0.063181"/>
        <testcase name="test_GetDataQueryEmptyParam" class="Report5_test" classname="Report5_test" file="/Applications/MAMP/htdocs/umpire/application/tests/models/Report5_test.php" line="66" assertions="1" time="0.064401"/>
        <testcase name="test_GetReportColumnQueryNullParam" class="Report5_test" classname="Report5_test" file="/Applications/MAMP/htdocs/umpire/application/tests/models/Report5_test.php" line="85" assertions="1" time="0.072592"/>
        <testcase name="test_GetReportColumnQueryEmptyParam" class="Report5_test" classname="Report5_test" file="/Applications/MAMP/htdocs/umpire/application/tests/models/Report5_test.php" line="103" assertions="1" time="0.081985"/>
      </testsuite>
      <testsuite name="Report6_test" file="/Applications/MAMP/htdocs/umpire/application/tests/models/Report6_test.php" tests="6" assertions="6" errors="0" failures="0" skipped="0" time="0.377801">
        <testcase name="test_GetDataQuery" class="Report6_test" classname="Report6_test" file="/Applications/MAMP/htdocs/umpire/application/tests/models/Report6_test.php" line="10" assertions="1" time="0.061932"/>
        <testcase name="test_GetReportColumnQuery" class="Report6_test" classname="Report6_test" file="/Applications/MAMP/htdocs/umpire/application/tests/models/Report6_test.php" line="32" assertions="1" time="0.063157"/>
        <testcase name="test_GetDataQueryNullParam" class="Report6_test" classname="Report6_test" file="/Applications/MAMP/htdocs/umpire/application/tests/models/Report6_test.php" line="51" assertions="1" time="0.057649"/>
        <testcase name="test_GetDataQueryEmptyParam" class="Report6_test" classname="Report6_test" file="/Applications/MAMP/htdocs/umpire/application/tests/models/Report6_test.php" line="70" assertions="1" time="0.061246"/>
        <testcase name="test_GetReportColumnQueryNullParam" class="Report6_test" classname="Report6_test" file="/Applications/MAMP/htdocs/umpire/application/tests/models/Report6_test.php" line="89" assertions="1" time="0.072923"/>
        <testcase name="test_GetReportColumnQueryEmptyParam" class="Report6_test" classname="Report6_test" file="/Applications/MAMP/htdocs/umpire/application/tests/models/Report6_test.php" line="107" assertions="1" time="0.060895"/>
      </testsuite>
      <testsuite name="Report7_test" file="/Applications/MAMP/htdocs/umpire/application/tests/models/Report7_test.php" tests="6" assertions="6" errors="0" failures="0" skipped="0" time="0.398959">
        <testcase name="test_GetDataQuery" class="Report7_test" classname="Report7_test" file="/Applications/MAMP/htdocs/umpire/application/tests/models/Report7_test.php" line="10" assertions="1" time="0.068919"/>
        <testcase name="test_GetReportColumnQuery" class="Report7_test" classname="Report7_test" file="/Applications/MAMP/htdocs/umpire/application/tests/models/Report7_test.php" line="32" assertions="1" time="0.059768"/>
        <testcase name="test_GetDataQueryNullParam" class="Report7_test" classname="Report7_test" file="/Applications/MAMP/htdocs/umpire/application/tests/models/Report7_test.php" line="53" assertions="1" time="0.068610"/>
        <testcase name="test_GetDataQueryEmptyParam" class="Report7_test" classname="Report7_test" file="/Applications/MAMP/htdocs/umpire/application/tests/models/Report7_test.php" line="72" assertions="1" time="0.073070"/>
        <testcase name="test_GetReportColumnQueryNullParam" class="Report7_test" classname="Report7_test" file="/Applications/MAMP/htdocs/umpire/application/tests/models/Report7_test.php" line="91" assertions="1" time="0.060224"/>
        <testcase name="test_GetReportColumnQueryEmptyParam" class="Report7_test" classname="Report7_test" file="/Applications/MAMP/htdocs/umpire/application/tests/models/Report7_test.php" line="109" assertions="1" time="0.068368"/>
      </testsuite>
      <testsuite name="Report8_test" file="/Applications/MAMP/htdocs/umpire/application/tests/models/Report8_test.php" tests="6" assertions="6" errors="0" failures="0" skipped="0" time="0.400881">
        <testcase name="test_GetDataQuery" class="Report8_test" classname="Report8_test" file="/Applications/MAMP/htdocs/umpire/application/tests/models/Report8_test.php" line="10" assertions="1" time="0.057287"/>
        <testcase name="test_GetReportColumnQuery" class="Report8_test" classname="Report8_test" file="/Applications/MAMP/htdocs/umpire/application/tests/models/Report8_test.php" line="20" assertions="1" time="0.067982"/>
        <testcase name="test_GetDataQueryNullParam" class="Report8_test" classname="Report8_test" file="/Applications/MAMP/htdocs/umpire/application/tests/models/Report8_test.php" line="27" assertions="1" time="0.072444"/>
        <testcase name="test_GetDataQueryEmptyParam" class="Report8_test" classname="Report8_test" file="/Applications/MAMP/htdocs/umpire/application/tests/models/Report8_test.php" line="46" assertions="1" time="0.071988"/>
        <testcase name="test_GetReportColumnQueryNullParam" class="Report8_test" classname="Report8_test" file="/Applications/MAMP/htdocs/umpire/application/tests/models/Report8_test.php" line="65" assertions="1" time="0.071892"/>
        <testcase name="test_GetReportColumnQueryEmptyParam" class="Report8_test" classname="Report8_test" file="/Applications/MAMP/htdocs/umpire/application/tests/models/Report8_test.php" line="83" assertions="1" time="0.059288"/>
      </testsuite>
      <testsuite name="Report_display_options_test" file="/Applications/MAMP/htdocs/umpire/application/tests/models/Report_display_options_test.php" tests="14" assertions="14" errors="0" failures="0" skipped="0" time="0.800945">
        <testcase name="test_ColumnGroup" class="Report_display_options_test" classname="Report_display_options_test" file="/Applications/MAMP/htdocs/umpire/application/tests/models/Report_display_options_test.php" line="10" assertions="1" time="0.054220"/>
        <testcase name="test_RowGroup" class="Report_display_options_test" classname="Report_display_options_test" file="/Applications/MAMP/htdocs/umpire/application/tests/models/Report_display_options_test.php" line="16" assertions="1" time="0.055723"/>
        <testcase name="test_FieldToDisplay" class="Report_display_options_test" classname="Report_display_options_test" file="/Applications/MAMP/htdocs/umpire/application/tests/models/Report_display_options_test.php" line="22" assertions="1" time="0.056588"/>
        <testcase name="test_NoDataValue" class="Report_display_options_test" classname="Report_display_options_test" file="/Applications/MAMP/htdocs/umpire/application/tests/models/Report_display_options_test.php" line="28" assertions="1" time="0.067099"/>
        <testcase name="test_MergeColumnGroup" class="Report_display_options_test" classname="Report_display_options_test" file="/Applications/MAMP/htdocs/umpire/application/tests/models/Report_display_options_test.php" line="34" assertions="1" time="0.056356"/>
        <testcase name="test_ColourCells" class="Report_display_options_test" classname="Report_display_options_test" file="/Applications/MAMP/htdocs/umpire/application/tests/models/Report_display_options_test.php" line="40" assertions="1" time="0.057604"/>
        <testcase name="test_ColumnHeadingLabel" class="Report_display_options_test" classname="Report_display_options_test" file="/Applications/MAMP/htdocs/umpire/application/tests/models/Report_display_options_test.php" line="46" assertions="1" time="0.048142"/>
        <testcase name="test_FirstColumnFormat" class="Report_display_options_test" classname="Report_display_options_test" file="/Applications/MAMP/htdocs/umpire/application/tests/models/Report_display_options_test.php" line="52" assertions="1" time="0.057758"/>
        <testcase name="test_ColumnHeadingSizeText" class="Report_display_options_test" classname="Report_display_options_test" file="/Applications/MAMP/htdocs/umpire/application/tests/models/Report_display_options_test.php" line="58" assertions="1" time="0.051272"/>
        <testcase name="test_PDFResolution" class="Report_display_options_test" classname="Report_display_options_test" file="/Applications/MAMP/htdocs/umpire/application/tests/models/Report_display_options_test.php" line="64" assertions="1" time="0.062641"/>
        <testcase name="test_PDFPaperSize" class="Report_display_options_test" classname="Report_display_options_test" file="/Applications/MAMP/htdocs/umpire/application/tests/models/Report_display_options_test.php" line="70" assertions="1" time="0.045472"/>
        <testcase name="test_PDFOrientation" class="Report_display_options_test" classname="Report_display_options_test" file="/Applications/MAMP/htdocs/umpire/application/tests/models/Report_display_options_test.php" line="76" assertions="1" time="0.065047"/>
        <testcase name="test_LastGameDate" class="Report_display_options_test" classname="Report_display_options_test" file="/Applications/MAMP/htdocs/umpire/application/tests/models/Report_display_options_test.php" line="82" assertions="1" time="0.047657"/>
        <testcase name="test_CreateObject" class="Report_display_options_test" classname="Report_display_options_test" file="/Applications/MAMP/htdocs/umpire/application/tests/models/Report_display_options_test.php" line="88" assertions="1" time="0.075365"/>
      </testsuite>
      <testsuite name="Report_factory_test" file="/Applications/MAMP/htdocs/umpire/application/tests/models/Report_factory_test.php" tests="13" assertions="13" errors="0" failures="0" skipped="0" time="0.539857">
        <testcase name="test_Report1" class="Report_factory_test" classname="Report_factory_test" file="/Applications/MAMP/htdocs/umpire/application/tests/models/Report_factory_test.php" line="17" assertions="1" time="0.037577"/>
        <testcase name="test_Report2" class="Report_factory_test" classname="Report_factory_test" file="/Applications/MAMP/htdocs/umpire/application/tests/models/Report_factory_test.php" line="22" assertions="1" time="0.042751"/>
        <testcase name="test_Report3" class="Report_factory_test" classname="Report_factory_test" file="/Applications/MAMP/htdocs/umpire/application/tests/models/Report_factory_test.php" line="27" assertions="1" time="0.045231"/>
        <testcase name="test_Report4" class="Report_factory_test" classname="Report_factory_test" file="/Applications/MAMP/htdocs/umpire/application/tests/models/Report_factory_test.php" line="32" assertions="1" time="0.043969"/>
        <testcase name="test_Report5" class="Report_factory_test" classname="Report_factory_test" file="/Applications/MAMP/htdocs/umpire/application/tests/models/Report_factory_test.php" line="37" assertions="1" time="0.036466"/>
        <testcase name="test_Report6" class="Report_factory_test" classname="Report_factory_test" file="/Applications/MAMP/htdocs/umpire/application/tests/models/Report_factory_test.php" line="42" assertions="1" time="0.038153"/>
        <testcase name="test_Report7" class="Report_factory_test" classname="Report_factory_test" file="/Applications/MAMP/htdocs/umpire/application/tests/models/Report_factory_test.php" line="47" assertions="1" time="0.042677"/>
        <testcase name="test_Report8" class="Report_factory_test" classname="Report_factory_test" file="/Applications/MAMP/htdocs/umpire/application/tests/models/Report_factory_test.php" line="52" assertions="1" time="0.046839"/>
        <testcase name="test_Report9" class="Report_factory_test" classname="Report_factory_test" file="/Applications/MAMP/htdocs/umpire/application/tests/models/Report_factory_test.php" line="57" assertions="1" time="0.046076"/>
        <testcase name="test_ReportDecimal" class="Report_factory_test" classname="Report_factory_test" file="/Applications/MAMP/htdocs/umpire/application/tests/models/Report_factory_test.php" line="62" assertions="1" time="0.037092"/>
        <testcase name="test_ReportZero" class="Report_factory_test" classname="Report_factory_test" file="/Applications/MAMP/htdocs/umpire/application/tests/models/Report_factory_test.php" line="67" assertions="1" time="0.045952"/>
        <testcase name="test_ReportText" class="Report_factory_test" classname="Report_factory_test" file="/Applications/MAMP/htdocs/umpire/application/tests/models/Report_factory_test.php" line="72" assertions="1" time="0.038755"/>
        <testcase name="test_ReportNull" class="Report_factory_test" classname="Report_factory_test" file="/Applications/MAMP/htdocs/umpire/application/tests/models/Report_factory_test.php" line="77" assertions="1" time="0.038319"/>
      </testsuite>
      <testsuite name="Report_filter_parameter_test" file="/Applications/MAMP/htdocs/umpire/application/tests/models/Report_filter_parameter_test.php" tests="15" assertions="15" errors="0" failures="0" skipped="0" time="0.582707">
        <testcase name="test_dummy" class="Report_filter_parameter_test" classname="Report_filter_parameter_test" file="/Applications/MAMP/htdocs/umpire/application/tests/models/Report_filter_parameter_test.php" line="9" assertions="1" time="0.037013"/>
        <testcase name="test_createFilterParameter_ValuesOKSQL" class="Report_filter_parameter_test" classname="Report_filter_parameter_test" file="/Applications/MAMP/htdocs/umpire/application/tests/models/Report_filter_parameter_test.php" line="13" assertions="1" time="0.031601"/>
        <testcase name="test_createFilterParameter_ValuesOKDisplay" class="Report_filter_parameter_test" classname="Report_filter_parameter_test" file="/Applications/MAMP/htdocs/umpire/application/tests/models/Report_filter_parameter_test.php" line="23" assertions="1" time="0.037467"/>
        <testcase name="test_createFilterParameter_SingleValueSQL" class="Report_filter_parameter_test" classname="Report_filter_parameter_test" file="/Applications/MAMP/htdocs/umpire/application/tests/models/Report_filter_parameter_test.php" line="33" assertions="1" time="0.040115"/>
        <testcase name="test_createFilterParameter_SingleValueDisplay" class="Report_filter_parameter_test" classname="Report_filter_parameter_test" file="/Applications/MAMP/htdocs/umpire/application/tests/models/Report_filter_parameter_test.php" line="43" assertions="1" time="0.033337"/>
        <testcase name="test_createFilterParameter_ValuesOKPDFSQL" class="Report_filter_parameter_test" classname="Report_filter_parameter_test" file="/Applications/MAMP/htdocs/umpire/application/tests/models/Report_filter_parameter_test.php" line="55" assertions="1" time="0.046977"/>
        <testcase name="test_createFilterParameter_SingleValuePDFSQL" class="Report_filter_parameter_test" classname="Report_filter_parameter_test" file="/Applications/MAMP/htdocs/umpire/application/tests/models/Report_filter_parameter_test.php" line="84" assertions="1" time="0.035359"/>
        <testcase name="test_createFilterParameter_SeveralValuesRegionSQL" class="Report_filter_parameter_test" classname="Report_filter_parameter_test" file="/Applications/MAMP/htdocs/umpire/application/tests/models/Report_filter_parameter_test.php" line="105" assertions="1" time="0.040224"/>
        <testcase name="test_createFilterParameter_SeveralValuesRegionDisplay" class="Report_filter_parameter_test" classname="Report_filter_parameter_test" file="/Applications/MAMP/htdocs/umpire/application/tests/models/Report_filter_parameter_test.php" line="115" assertions="1" time="0.040932"/>
        <testcase name="test_createFilterParameter_SingleArrayValueRegionSQL" class="Report_filter_parameter_test" classname="Report_filter_parameter_test" file="/Applications/MAMP/htdocs/umpire/application/tests/models/Report_filter_parameter_test.php" line="125" assertions="1" time="0.037847"/>
        <testcase name="test_createFilterParameter_SingleArrayValueRegionDisplay" class="Report_filter_parameter_test" classname="Report_filter_parameter_test" file="/Applications/MAMP/htdocs/umpire/application/tests/models/Report_filter_parameter_test.php" line="135" assertions="1" time="0.038113"/>
        <testcase name="test_createFilterParameter_SingleValueRegionSQL" class="Report_filter_parameter_test" classname="Report_filter_parameter_test" file="/Applications/MAMP/htdocs/umpire/application/tests/models/Report_filter_parameter_test.php" line="145" assertions="1" time="0.034102"/>
        <testcase name="test_createFilterParameter_SingleValueRegionDisplay" class="Report_filter_parameter_test" classname="Report_filter_parameter_test" file="/Applications/MAMP/htdocs/umpire/application/tests/models/Report_filter_parameter_test.php" line="155" assertions="1" time="0.042142"/>
        <testcase name="test_createFilterParameter_StringSQL" class="Report_filter_parameter_test" classname="Report_filter_parameter_test" file="/Applications/MAMP/htdocs/umpire/application/tests/models/Report_filter_parameter_test.php" line="165" assertions="1" time="0.035901"/>
        <testcase name="test_createFilterParameter_EmptyArraySQL" class="Report_filter_parameter_test" classname="Report_filter_parameter_test" file="/Applications/MAMP/htdocs/umpire/application/tests/models/Report_filter_parameter_test.php" line="173" assertions="1" time="0.051577"/>
      </testsuite>
      <testsuite name="Report_grouping_structure_test" file="/Applications/MAMP/htdocs/umpire/application/tests/models/Report_grouping_structure_test.php" tests="10" assertions="10" errors="0" failures="0" skipped="0" time="0.366189">
        <testcase name="test_ObjectType" class="Report_grouping_structure_test" classname="Report_grouping_structure_test" file="/Applications/MAMP/htdocs/umpire/application/tests/models/Report_grouping_structure_test.php" line="8" assertions="1" time="0.034977"/>
        <testcase name="test_ReportGroupingStructureID" class="Report_grouping_structure_test" classname="Report_grouping_structure_test" file="/Applications/MAMP/htdocs/umpire/application/tests/models/Report_grouping_structure_test.php" line="15" assertions="1" time="0.031393"/>
        <testcase name="test_GroupingType" class="Report_grouping_structure_test" classname="Report_grouping_structure_test" file="/Applications/MAMP/htdocs/umpire/application/tests/models/Report_grouping_structure_test.php" line="23" assertions="1" time="0.033222"/>
        <testcase name="test_FieldName" class="Report_grouping_structure_test" classname="Report_grouping_structure_test" file="/Applications/MAMP/htdocs/umpire/application/tests/models/Report_grouping_structure_test.php" line="31" assertions="1" time="0.032454"/>
        <testcase name="test_FieldGroupOrder" class="Report_grouping_structure_test" classname="Report_grouping_structure_test" file="/Applications/MAMP/htdocs/umpire/application/tests/models/Report_grouping_structure_test.php" line="40" assertions="1" time="0.038111"/>
        <testcase name="test_MergeField" class="Report_grouping_structure_test" classname="Report_grouping_structure_test" file="/Applications/MAMP/htdocs/umpire/application/tests/models/Report_grouping_structure_test.php" line="49" assertions="1" time="0.038387"/>
        <testcase name="test_GroupHeading" class="Report_grouping_structure_test" classname="Report_grouping_structure_test" file="/Applications/MAMP/htdocs/umpire/application/tests/models/Report_grouping_structure_test.php" line="58" assertions="1" time="0.036834"/>
        <testcase name="test_GroupSizeText" class="Report_grouping_structure_test" classname="Report_grouping_structure_test" file="/Applications/MAMP/htdocs/umpire/application/tests/models/Report_grouping_structure_test.php" line="67" assertions="1" time="0.039573"/>
        <testcase name="test_NullParams" class="Report_grouping_structure_test" classname="Report_grouping_structure_test" file="/Applications/MAMP/htdocs/umpire/application/tests/models/Report_grouping_structure_test.php" line="75" assertions="1" time="0.033789"/>
        <testcase name="test_EmptyStringParams" class="Report_grouping_structure_test" classname="Report_grouping_structure_test" file="/Applications/MAMP/htdocs/umpire/application/tests/models/Report_grouping_structure_test.php" line="83" assertions="1" time="0.047449"/>
      </testsuite>
      <testsuite name="Report_instance_test" file="/Applications/MAMP/htdocs/umpire/application/tests/models/Report_instance_test.php" tests="2" assertions="7" errors="0" failures="0" skipped="0" time="0.118087">
        <testcase name="test_SetReportType" class="Report_instance_test" classname="Report_instance_test" file="/Applications/MAMP/htdocs/umpire/application/tests/models/Report_instance_test.php" line="10" assertions="3" time="0.055312"/>
        <testcase name="test_LoadReportResults" class="Report_instance_test" classname="Report_instance_test" file="/Applications/MAMP/htdocs/umpire/application/tests/models/Report_instance_test.php" line="39" assertions="4" time="0.062775"/>
      </testsuite>
      <testsuite name="Report_param_loader_test" file="/Applications/MAMP/htdocs/umpire/application/tests/models/Report_param_loader_test.php" tests="7" assertions="8" errors="0" failures="0" skipped="0" time="0.307260">
        <testcase name="test_GetReportParameter" class="Report_param_loader_test" classname="Report_param_loader_test" file="/Applications/MAMP/htdocs/umpire/application/tests/models/Report_param_loader_test.php" line="12" assertions="1" time="0.051456"/>
        <testcase name="test_GetReportGroupingStructureArray" class="Report_param_loader_test" classname="Report_param_loader_test" file="/Applications/MAMP/htdocs/umpire/application/tests/models/Report_param_loader_test.php" line="19" assertions="2" time="0.039033"/>
        <testcase name="test_loadAllParametersTest" class="Report_param_loader_test" classname="Report_param_loader_test" file="/Applications/MAMP/htdocs/umpire/application/tests/models/Report_param_loader_test.php" line="30" assertions="1" time="0.041656"/>
        <testcase name="test_loadAllParametersTestV2" class="Report_param_loader_test" classname="Report_param_loader_test" file="/Applications/MAMP/htdocs/umpire/application/tests/models/Report_param_loader_test.php" line="41" assertions="1" time="0.041474"/>
        <testcase name="test_loadAllParametersTestNotFound" class="Report_param_loader_test" classname="Report_param_loader_test" file="/Applications/MAMP/htdocs/umpire/application/tests/models/Report_param_loader_test.php" line="52" assertions="1" time="0.045907"/>
        <testcase name="test_loadAllGroupingStructuresForReport" class="Report_param_loader_test" classname="Report_param_loader_test" file="/Applications/MAMP/htdocs/umpire/application/tests/models/Report_param_loader_test.php" line="60" assertions="1" time="0.050219"/>
        <testcase name="test_loadAllGroupingStructuresForReportNotFound" class="Report_param_loader_test" classname="Report_param_loader_test" file="/Applications/MAMP/htdocs/umpire/application/tests/models/Report_param_loader_test.php" line="71" assertions="1" time="0.037515"/>
      </testsuite>
      <testsuite name="Report_parameter_test" file="/Applications/MAMP/htdocs/umpire/application/tests/models/Report_parameter_test.php" tests="8" assertions="8" errors="0" failures="0" skipped="0" time="0.267716">
        <testcase name="test_ReportTitle" class="Report_parameter_test" classname="Report_parameter_test" file="/Applications/MAMP/htdocs/umpire/application/tests/models/Report_parameter_test.php" line="20" assertions="1" time="0.033517"/>
        <testcase name="test_ValueFieldID" class="Report_parameter_test" classname="Report_parameter_test" file="/Applications/MAMP/htdocs/umpire/application/tests/models/Report_parameter_test.php" line="27" assertions="1" time="0.030677"/>
        <testcase name="test_NoValueDisplay" class="Report_parameter_test" classname="Report_parameter_test" file="/Applications/MAMP/htdocs/umpire/application/tests/models/Report_parameter_test.php" line="34" assertions="1" time="0.032192"/>
        <testcase name="test_FirstColumnFormat" class="Report_parameter_test" classname="Report_parameter_test" file="/Applications/MAMP/htdocs/umpire/application/tests/models/Report_parameter_test.php" line="41" assertions="1" time="0.029848"/>
        <testcase name="test_ColourCells" class="Report_parameter_test" classname="Report_parameter_test" file="/Applications/MAMP/htdocs/umpire/application/tests/models/Report_parameter_test.php" line="48" assertions="1" time="0.030678"/>
        <testcase name="test_PDFOrientation" class="Report_parameter_test" classname="Report_parameter_test" file="/Applications/MAMP/htdocs/umpire/application/tests/models/Report_parameter_test.php" line="55" assertions="1" time="0.039406"/>
        <testcase name="test_PDFPaperSize" class="Report_parameter_test" classname="Report_parameter_test" file="/Applications/MAMP/htdocs/umpire/application/tests/models/Report_parameter_test.php" line="62" assertions="1" time="0.034887"/>
        <testcase name="test_PDFResolution" class="Report_parameter_test" classname="Report_parameter_test" file="/Applications/MAMP/htdocs/umpire/application/tests/models/Report_parameter_test.php" line="69" assertions="1" time="0.036512"/>
      </testsuite>
      <testsuite name="Report_populator_model_test" file="/Applications/MAMP/htdocs/umpire/application/tests/models/Report_populator_model_test.php" tests="1" assertions="1" errors="0" failures="0" skipped="0" time="0.060335">
        <testcase name="test_dummy" class="Report_populator_model_test" classname="Report_populator_model_test" file="/Applications/MAMP/htdocs/umpire/application/tests/models/Report_populator_model_test.php" line="10" assertions="1" time="0.060335"/>
      </testsuite>
      <testsuite name="Report_selection_parameter_test" file="/Applications/MAMP/htdocs/umpire/application/tests/models/Report_selection_parameter_test.php" tests="8" assertions="14" errors="0" failures="0" skipped="0" time="0.394742">
        <testcase name="test_createReportSelectionParameterID" class="Report_selection_parameter_test" classname="Report_selection_parameter_test" file="/Applications/MAMP/htdocs/umpire/application/tests/models/Report_selection_parameter_test.php" line="8" assertions="1" time="0.045952"/>
        <testcase name="test_createReportSelectionParameterName" class="Report_selection_parameter_test" classname="Report_selection_parameter_test" file="/Applications/MAMP/htdocs/umpire/application/tests/models/Report_selection_parameter_test.php" line="20" assertions="1" time="0.040654"/>
        <testcase name="test_createReportSelectionParameterDisplayOrder" class="Report_selection_parameter_test" classname="Report_selection_parameter_test" file="/Applications/MAMP/htdocs/umpire/application/tests/models/Report_selection_parameter_test.php" line="32" assertions="1" time="0.066134"/>
        <testcase name="test_createReportSelectionParameterAllowMultiple" class="Report_selection_parameter_test" classname="Report_selection_parameter_test" file="/Applications/MAMP/htdocs/umpire/application/tests/models/Report_selection_parameter_test.php" line="44" assertions="1" time="0.043518"/>
        <testcase name="test_createReportSelectionParameterIDNull" class="Report_selection_parameter_test" classname="Report_selection_parameter_test" file="/Applications/MAMP/htdocs/umpire/application/tests/models/Report_selection_parameter_test.php" line="56" assertions="1" time="0.047435"/>
        <testcase name="test_createReportSelectionParameterIDEmpty" class="Report_selection_parameter_test" classname="Report_selection_parameter_test" file="/Applications/MAMP/htdocs/umpire/application/tests/models/Report_selection_parameter_test.php" line="68" assertions="1" time="0.054760"/>
        <testcase name="test_initialiseSelectableReportOptions_OneValue" class="Report_selection_parameter_test" classname="Report_selection_parameter_test" file="/Applications/MAMP/htdocs/umpire/application/tests/models/Report_selection_parameter_test.php" line="80" assertions="3" time="0.039221"/>
        <testcase name="test_initialiseSelectableReportOptions_TwoValues" class="Report_selection_parameter_test" classname="Report_selection_parameter_test" file="/Applications/MAMP/htdocs/umpire/application/tests/models/Report_selection_parameter_test.php" line="107" assertions="5" time="0.057068"/>
      </testsuite>
      <testsuite name="Report_selection_test" file="/Applications/MAMP/htdocs/umpire/application/tests/models/Report_selection_test.php" tests="19" assertions="19" errors="0" failures="0" skipped="0" time="0.659956">
        <testcase name="test_CreateReportSelection" class="Report_selection_test" classname="Report_selection_test" file="/Applications/MAMP/htdocs/umpire/application/tests/models/Report_selection_test.php" line="8" assertions="1" time="0.036800"/>
        <testcase name="test_CreateReportSelectionEmptyID" class="Report_selection_test" classname="Report_selection_test" file="/Applications/MAMP/htdocs/umpire/application/tests/models/Report_selection_test.php" line="22" assertions="1" time="0.035058"/>
        <testcase name="test_CreateReportSelectionNullID" class="Report_selection_test" classname="Report_selection_test" file="/Applications/MAMP/htdocs/umpire/application/tests/models/Report_selection_test.php" line="35" assertions="1" time="0.030733"/>
        <testcase name="test_CreateReportSelectionTextID" class="Report_selection_test" classname="Report_selection_test" file="/Applications/MAMP/htdocs/umpire/application/tests/models/Report_selection_test.php" line="48" assertions="1" time="0.029525"/>
        <testcase name="test_CreateReportSelectionZeroEnabled" class="Report_selection_test" classname="Report_selection_test" file="/Applications/MAMP/htdocs/umpire/application/tests/models/Report_selection_test.php" line="61" assertions="1" time="0.037420"/>
        <testcase name="test_CreateReportSelectionRegionEnabledTwo" class="Report_selection_test" classname="Report_selection_test" file="/Applications/MAMP/htdocs/umpire/application/tests/models/Report_selection_test.php" line="75" assertions="1" time="0.030129"/>
        <testcase name="test_CreateReportSelectionLeagueEnabledTwo" class="Report_selection_test" classname="Report_selection_test" file="/Applications/MAMP/htdocs/umpire/application/tests/models/Report_selection_test.php" line="88" assertions="1" time="0.031762"/>
        <testcase name="test_CreateReportSelectionAgeGroupEnabledTwo" class="Report_selection_test" classname="Report_selection_test" file="/Applications/MAMP/htdocs/umpire/application/tests/models/Report_selection_test.php" line="101" assertions="1" time="0.038304"/>
        <testcase name="test_CreateReportSelectionUmpireTypeEnabledTwo" class="Report_selection_test" classname="Report_selection_test" file="/Applications/MAMP/htdocs/umpire/application/tests/models/Report_selection_test.php" line="114" assertions="1" time="0.033404"/>
        <testcase name="test_CreateReportSelectionRegionEnabledText" class="Report_selection_test" classname="Report_selection_test" file="/Applications/MAMP/htdocs/umpire/application/tests/models/Report_selection_test.php" line="127" assertions="1" time="0.043917"/>
        <testcase name="test_CreateReportSelectionLeagueEnabledText" class="Report_selection_test" classname="Report_selection_test" file="/Applications/MAMP/htdocs/umpire/application/tests/models/Report_selection_test.php" line="140" assertions="1" time="0.032042"/>
        <testcase name="test_CreateReportSelectionAgeGroupEnabledText" class="Report_selection_test" classname="Report_selection_test" file="/Applications/MAMP/htdocs/umpire/application/tests/models/Report_selection_test.php" line="153" assertions="1" time="0.029986"/>
        <testcase name="test_CreateReportSelectionUmpireTypeEnabledText" class="Report_selection_test" classname="Report_selection_test" file="/Applications/MAMP/htdocs/umpire/application/tests/models/Report_selection_test.php" line="166" assertions="1" time="0.034579"/>
        <testcase name="test_CreateReportSelectionIDName" class="Report_selection_test" classname="Report_selection_test" file="/Applications/MAMP/htdocs/umpire/application/tests/models/Report_selection_test.php" line="179" assertions="1" time="0.038468"/>
        <testcase name="test_CreateReportSelectionName" class="Report_selection_test" classname="Report_selection_test" file="/Applications/MAMP/htdocs/umpire/application/tests/models/Report_selection_test.php" line="188" assertions="1" time="0.030923"/>
        <testcase name="test_CreateReportSelectionRegion" class="Report_selection_test" classname="Report_selection_test" file="/Applications/MAMP/htdocs/umpire/application/tests/models/Report_selection_test.php" line="202" assertions="1" time="0.040952"/>
        <testcase name="test_CreateReportSelectionLeague" class="Report_selection_test" classname="Report_selection_test" file="/Applications/MAMP/htdocs/umpire/application/tests/models/Report_selection_test.php" line="216" assertions="1" time="0.030534"/>
        <testcase name="test_CreateReportSelectionAgeGroup" class="Report_selection_test" classname="Report_selection_test" file="/Applications/MAMP/htdocs/umpire/application/tests/models/Report_selection_test.php" line="230" assertions="1" time="0.035883"/>
        <testcase name="test_CreateReportSelectionUmpireType" class="Report_selection_test" classname="Report_selection_test" file="/Applications/MAMP/htdocs/umpire/application/tests/models/Report_selection_test.php" line="244" assertions="1" time="0.039537"/>
      </testsuite>
      <testsuite name="Requested_report_model_test" file="/Applications/MAMP/htdocs/umpire/application/tests/models/Requested_report_model_test.php" tests="10" assertions="10" errors="0" failures="0" skipped="0" time="0.352009">
        <testcase name="test_ReportNumber" class="Requested_report_model_test" classname="Requested_report_model_test" file="/Applications/MAMP/htdocs/umpire/application/tests/models/Requested_report_model_test.php" line="8" assertions="1" time="0.030847"/>
        <testcase name="test_Season" class="Requested_report_model_test" classname="Requested_report_model_test" file="/Applications/MAMP/htdocs/umpire/application/tests/models/Requested_report_model_test.php" line="23" assertions="1" time="0.037492"/>
        <testcase name="test_Region" class="Requested_report_model_test" classname="Requested_report_model_test" file="/Applications/MAMP/htdocs/umpire/application/tests/models/Requested_report_model_test.php" line="38" assertions="1" time="0.034663"/>
        <testcase name="test_AgeGroup" class="Requested_report_model_test" classname="Requested_report_model_test" file="/Applications/MAMP/htdocs/umpire/application/tests/models/Requested_report_model_test.php" line="53" assertions="1" time="0.029580"/>
        <testcase name="test_UmpireType" class="Requested_report_model_test" classname="Requested_report_model_test" file="/Applications/MAMP/htdocs/umpire/application/tests/models/Requested_report_model_test.php" line="68" assertions="1" time="0.032210"/>
        <testcase name="test_League" class="Requested_report_model_test" classname="Requested_report_model_test" file="/Applications/MAMP/htdocs/umpire/application/tests/models/Requested_report_model_test.php" line="83" assertions="1" time="0.033710"/>
        <testcase name="test_PDFMode" class="Requested_report_model_test" classname="Requested_report_model_test" file="/Applications/MAMP/htdocs/umpire/application/tests/models/Requested_report_model_test.php" line="98" assertions="1" time="0.031315"/>
        <testcase name="test_ReportNumberText" class="Requested_report_model_test" classname="Requested_report_model_test" file="/Applications/MAMP/htdocs/umpire/application/tests/models/Requested_report_model_test.php" line="113" assertions="1" time="0.041381"/>
        <testcase name="test_SeasonText" class="Requested_report_model_test" classname="Requested_report_model_test" file="/Applications/MAMP/htdocs/umpire/application/tests/models/Requested_report_model_test.php" line="126" assertions="1" time="0.033983"/>
        <testcase name="test_PDFModeText" class="Requested_report_model_test" classname="Requested_report_model_test" file="/Applications/MAMP/htdocs/umpire/application/tests/models/Requested_report_model_test.php" line="139" assertions="1" time="0.046828"/>
      </testsuite>
      <testsuite name="Season_test" file="/Applications/MAMP/htdocs/umpire/application/tests/models/Season_test.php" tests="8" assertions="9" errors="0" failures="0" skipped="0" time="0.275779">
        <testcase name="test_SeasonID" class="Season_test" classname="Season_test" file="/Applications/MAMP/htdocs/umpire/application/tests/models/Season_test.php" line="8" assertions="1" time="0.029728"/>
        <testcase name="test_SeasonIDText" class="Season_test" classname="Season_test" file="/Applications/MAMP/htdocs/umpire/application/tests/models/Season_test.php" line="17" assertions="1" time="0.032707"/>
        <testcase name="test_SeasonYearEarly" class="Season_test" classname="Season_test" file="/Applications/MAMP/htdocs/umpire/application/tests/models/Season_test.php" line="26" assertions="1" time="0.035585"/>
        <testcase name="test_SeasonYearMin" class="Season_test" classname="Season_test" file="/Applications/MAMP/htdocs/umpire/application/tests/models/Season_test.php" line="33" assertions="1" time="0.034508"/>
        <testcase name="test_SeasonYearRecent" class="Season_test" classname="Season_test" file="/Applications/MAMP/htdocs/umpire/application/tests/models/Season_test.php" line="42" assertions="1" time="0.030926"/>
        <testcase name="test_SeasonYearFuture" class="Season_test" classname="Season_test" file="/Applications/MAMP/htdocs/umpire/application/tests/models/Season_test.php" line="51" assertions="1" time="0.034870"/>
        <testcase name="test_SeasonYearText" class="Season_test" classname="Season_test" file="/Applications/MAMP/htdocs/umpire/application/tests/models/Season_test.php" line="60" assertions="1" time="0.041682"/>
        <testcase name="test_CreateSeasonFromID" class="Season_test" classname="Season_test" file="/Applications/MAMP/htdocs/umpire/application/tests/models/Season_test.php" line="67" assertions="2" time="0.035773"/>
      </testsuite>
      <testsuite name="Selectable_report_option_test" file="/Applications/MAMP/htdocs/umpire/application/tests/models/Selectable_report_option_test.php" tests="3" assertions="3" errors="0" failures="0" skipped="0" time="0.098228">
        <testcase name="test_OptionName" class="Selectable_report_option_test" classname="Selectable_report_option_test" file="/Applications/MAMP/htdocs/umpire/application/tests/models/Selectable_report_option_test.php" line="11" assertions="1" time="0.032642"/>
        <testcase name="test_OptionValue" class="Selectable_report_option_test" classname="Selectable_report_option_test" file="/Applications/MAMP/htdocs/umpire/application/tests/models/Selectable_report_option_test.php" line="17" assertions="1" time="0.031741"/>
        <testcase name="test_OptionDisplayOrder" class="Selectable_report_option_test" classname="Selectable_report_option_test" file="/Applications/MAMP/htdocs/umpire/application/tests/models/Selectable_report_option_test.php" line="23" assertions="1" time="0.033845"/>
      </testsuite>
      <testsuite name="Table_operation_test" file="/Applications/MAMP/htdocs/umpire/application/tests/models/Table_operation_test.php" tests="5" assertions="5" errors="0" failures="0" skipped="0" time="0.172630">
        <testcase name="test_ImportedFileID" class="Table_operation_test" classname="Table_operation_test" file="/Applications/MAMP/htdocs/umpire/application/tests/models/Table_operation_test.php" line="12" assertions="1" time="0.031702"/>
        <testcase name="test_ProcessedTableID" class="Table_operation_test" classname="Table_operation_test" file="/Applications/MAMP/htdocs/umpire/application/tests/models/Table_operation_test.php" line="18" assertions="1" time="0.044691"/>
        <testcase name="test_OperationID" class="Table_operation_test" classname="Table_operation_test" file="/Applications/MAMP/htdocs/umpire/application/tests/models/Table_operation_test.php" line="24" assertions="1" time="0.030707"/>
        <testcase name="test_OperationDateTime" class="Table_operation_test" classname="Table_operation_test" file="/Applications/MAMP/htdocs/umpire/application/tests/models/Table_operation_test.php" line="30" assertions="1" time="0.032139"/>
        <testcase name="test_RowCount" class="Table_operation_test" classname="Table_operation_test" file="/Applications/MAMP/htdocs/umpire/application/tests/models/Table_operation_test.php" line="36" assertions="1" time="0.033391"/>
      </testsuite>
      <testsuite name="Umpire_test" file="/Applications/MAMP/htdocs/umpire/application/tests/models/Umpire_test.php" tests="11" assertions="11" errors="0" failures="0" skipped="0" time="0.415716">
        <testcase name="test_ID" class="Umpire_test" classname="Umpire_test" file="/Applications/MAMP/htdocs/umpire/application/tests/models/Umpire_test.php" line="15" assertions="1" time="0.034269"/>
        <testcase name="test_FirstName" class="Umpire_test" classname="Umpire_test" file="/Applications/MAMP/htdocs/umpire/application/tests/models/Umpire_test.php" line="23" assertions="1" time="0.030979"/>
        <testcase name="test_LastName" class="Umpire_test" classname="Umpire_test" file="/Applications/MAMP/htdocs/umpire/application/tests/models/Umpire_test.php" line="31" assertions="1" time="0.054992"/>
        <testcase name="test_GamesPlayedPrior" class="Umpire_test" classname="Umpire_test" file="/Applications/MAMP/htdocs/umpire/application/tests/models/Umpire_test.php" line="40" assertions="1" time="0.036656"/>
        <testcase name="test_GamesPlayedPriorText" class="Umpire_test" classname="Umpire_test" file="/Applications/MAMP/htdocs/umpire/application/tests/models/Umpire_test.php" line="48" assertions="1" time="0.031832"/>
        <testcase name="test_GamesPlayedOtherLeagues" class="Umpire_test" classname="Umpire_test" file="/Applications/MAMP/htdocs/umpire/application/tests/models/Umpire_test.php" line="56" assertions="1" time="0.039928"/>
        <testcase name="test_GamesPlayedOtherLeaguesText" class="Umpire_test" classname="Umpire_test" file="/Applications/MAMP/htdocs/umpire/application/tests/models/Umpire_test.php" line="64" assertions="1" time="0.032704"/>
        <testcase name="test_OldGamesPlayedPrior" class="Umpire_test" classname="Umpire_test" file="/Applications/MAMP/htdocs/umpire/application/tests/models/Umpire_test.php" line="72" assertions="1" time="0.040834"/>
        <testcase name="test_OldGamesPlayedPriorText" class="Umpire_test" classname="Umpire_test" file="/Applications/MAMP/htdocs/umpire/application/tests/models/Umpire_test.php" line="80" assertions="1" time="0.033383"/>
        <testcase name="test_OldGamesPlayedOtherLeagues" class="Umpire_test" classname="Umpire_test" file="/Applications/MAMP/htdocs/umpire/application/tests/models/Umpire_test.php" line="88" assertions="1" time="0.034356"/>
        <testcase name="test_OldGamesPlayedOtherLeaguesText" class="Umpire_test" classname="Umpire_test" file="/Applications/MAMP/htdocs/umpire/application/tests/models/Umpire_test.php" line="96" assertions="1" time="0.045783"/>
      </testsuite>
      <testsuite name="Umpireadminmodel_test" file="/Applications/MAMP/htdocs/umpire/application/tests/models/Umpireadminmodel_test.php" tests="8" assertions="45" errors="0" failures="0" skipped="0" time="0.381696">
        <testcase name="test_GetAllUmpiresAndValues_ManyRecords" class="Umpireadminmodel_test" classname="Umpireadminmodel_test" file="/Applications/MAMP/htdocs/umpire/application/tests/models/Umpireadminmodel_test.php" line="12" assertions="4" time="0.055346"/>
        <testcase name="test_GetAllUmpiresAndValues_NoRecords" class="Umpireadminmodel_test" classname="Umpireadminmodel_test" file="/Applications/MAMP/htdocs/umpire/application/tests/models/Umpireadminmodel_test.php" line="32" assertions="1" time="0.044694"/>
        <testcase name="test_UpdateUmpireValues_Valid" class="Umpireadminmodel_test" classname="Umpireadminmodel_test" file="/Applications/MAMP/htdocs/umpire/application/tests/models/Umpireadminmodel_test.php" line="39" assertions="9" time="0.045871"/>
        <testcase name="test_UpdateUmpireValues_NoValuesInArray" class="Umpireadminmodel_test" classname="Umpireadminmodel_test" file="/Applications/MAMP/htdocs/umpire/application/tests/models/Umpireadminmodel_test.php" line="74" assertions="3" time="0.052541"/>
        <testcase name="test_UpdateUmpireValues_NoMatchingUmpires" class="Umpireadminmodel_test" classname="Umpireadminmodel_test" file="/Applications/MAMP/htdocs/umpire/application/tests/models/Umpireadminmodel_test.php" line="89" assertions="9" time="0.045893"/>
        <testcase name="test_UpdateUmpireValues_ArrayHasText" class="Umpireadminmodel_test" classname="Umpireadminmodel_test" file="/Applications/MAMP/htdocs/umpire/application/tests/models/Umpireadminmodel_test.php" line="116" assertions="1" time="0.039830"/>
        <testcase name="test_UpdateUmpireValues_MultipleUpdates" class="Umpireadminmodel_test" classname="Umpireadminmodel_test" file="/Applications/MAMP/htdocs/umpire/application/tests/models/Umpireadminmodel_test.php" line="132" assertions="9" time="0.045998"/>
        <testcase name="test_UpdateUmpireValues_NoChanges" class="Umpireadminmodel_test" classname="Umpireadminmodel_test" file="/Applications/MAMP/htdocs/umpire/application/tests/models/Umpireadminmodel_test.php" line="166" assertions="9" time="0.051523"/>
      </testsuite>
      <testsuite name="User_admin_model_test" file="/Applications/MAMP/htdocs/umpire/application/tests/models/User_admin_test.php" tests="39" assertions="73" errors="0" failures="0" skipped="0" time="1.764645">
        <testcase name="test_GetAllUsers" class="User_admin_model_test" classname="User_admin_model_test" file="/Applications/MAMP/htdocs/umpire/application/tests/models/User_admin_test.php" line="11" assertions="4" time="0.091815"/>
        <testcase name="test_GetAllUsersArrayEmpty" class="User_admin_model_test" classname="User_admin_model_test" file="/Applications/MAMP/htdocs/umpire/application/tests/models/User_admin_test.php" line="32" assertions="1" time="0.041866"/>
        <testcase name="test_GetRoleArray" class="User_admin_model_test" classname="User_admin_model_test" file="/Applications/MAMP/htdocs/umpire/application/tests/models/User_admin_test.php" line="41" assertions="4" time="0.046105"/>
        <testcase name="test_GetRoleArrayEmpty" class="User_admin_model_test" classname="User_admin_model_test" file="/Applications/MAMP/htdocs/umpire/application/tests/models/User_admin_test.php" line="57" assertions="1" time="0.036176"/>
        <testcase name="test_GetReportArray" class="User_admin_model_test" classname="User_admin_model_test" file="/Applications/MAMP/htdocs/umpire/application/tests/models/User_admin_test.php" line="66" assertions="3" time="0.046162"/>
        <testcase name="test_GetReportArrayEmpty" class="User_admin_model_test" classname="User_admin_model_test" file="/Applications/MAMP/htdocs/umpire/application/tests/models/User_admin_test.php" line="81" assertions="1" time="0.038887"/>
        <testcase name="test_GetRegionArray" class="User_admin_model_test" classname="User_admin_model_test" file="/Applications/MAMP/htdocs/umpire/application/tests/models/User_admin_test.php" line="89" assertions="2" time="0.042675"/>
        <testcase name="test_GetRegionArrayEmpty" class="User_admin_model_test" classname="User_admin_model_test" file="/Applications/MAMP/htdocs/umpire/application/tests/models/User_admin_test.php" line="103" assertions="1" time="0.044234"/>
        <testcase name="test_GetUmpireDisciplineArray" class="User_admin_model_test" classname="User_admin_model_test" file="/Applications/MAMP/htdocs/umpire/application/tests/models/User_admin_test.php" line="109" assertions="2" time="0.038853"/>
        <testcase name="test_GetUmpireDisciplineArrayEmpty" class="User_admin_model_test" classname="User_admin_model_test" file="/Applications/MAMP/htdocs/umpire/application/tests/models/User_admin_test.php" line="124" assertions="1" time="0.045805"/>
        <testcase name="test_GetAgeGroupArray" class="User_admin_model_test" classname="User_admin_model_test" file="/Applications/MAMP/htdocs/umpire/application/tests/models/User_admin_test.php" line="131" assertions="2" time="0.038202"/>
        <testcase name="test_GetAgeGroupArrayEmpty" class="User_admin_model_test" classname="User_admin_model_test" file="/Applications/MAMP/htdocs/umpire/application/tests/models/User_admin_test.php" line="146" assertions="1" time="0.039089"/>
        <testcase name="test_GetLeagueArray" class="User_admin_model_test" classname="User_admin_model_test" file="/Applications/MAMP/htdocs/umpire/application/tests/models/User_admin_test.php" line="152" assertions="2" time="0.038980"/>
        <testcase name="test_GetLeagueArrayEmpty" class="User_admin_model_test" classname="User_admin_model_test" file="/Applications/MAMP/htdocs/umpire/application/tests/models/User_admin_test.php" line="167" assertions="1" time="0.046362"/>
        <testcase name="test_GetPermissionArray" class="User_admin_model_test" classname="User_admin_model_test" file="/Applications/MAMP/htdocs/umpire/application/tests/models/User_admin_test.php" line="176" assertions="2" time="0.037919"/>
        <testcase name="test_GetPermissionArrayEmpty" class="User_admin_model_test" classname="User_admin_model_test" file="/Applications/MAMP/htdocs/umpire/application/tests/models/User_admin_test.php" line="190" assertions="1" time="0.050920"/>
        <testcase name="test_addNewUser" class="User_admin_model_test" classname="User_admin_model_test" file="/Applications/MAMP/htdocs/umpire/application/tests/models/User_admin_test.php" line="197" assertions="1" time="0.040907"/>
        <testcase name="test_addNewUser_EmptyUsername" class="User_admin_model_test" classname="User_admin_model_test" file="/Applications/MAMP/htdocs/umpire/application/tests/models/User_admin_test.php" line="212" assertions="1" time="0.049325"/>
        <testcase name="test_addNewUser_EmptyNames" class="User_admin_model_test" classname="User_admin_model_test" file="/Applications/MAMP/htdocs/umpire/application/tests/models/User_admin_test.php" line="226" assertions="1" time="0.043428"/>
        <testcase name="test_addNewUser_EmptyPassword" class="User_admin_model_test" classname="User_admin_model_test" file="/Applications/MAMP/htdocs/umpire/application/tests/models/User_admin_test.php" line="241" assertions="1" time="0.038037"/>
        <testcase name="test_GetAllUserPermissionsFromDB" class="User_admin_model_test" classname="User_admin_model_test" file="/Applications/MAMP/htdocs/umpire/application/tests/models/User_admin_test.php" line="255" assertions="2" time="0.040187"/>
        <testcase name="test_GetAllUserRolesFromDB" class="User_admin_model_test" classname="User_admin_model_test" file="/Applications/MAMP/htdocs/umpire/application/tests/models/User_admin_test.php" line="270" assertions="2" time="0.046365"/>
        <testcase name="test_GetAllUserActiveFromDB" class="User_admin_model_test" classname="User_admin_model_test" file="/Applications/MAMP/htdocs/umpire/application/tests/models/User_admin_test.php" line="287" assertions="2" time="0.040502"/>
        <testcase name="test_TranslateUserFormActive" class="User_admin_model_test" classname="User_admin_model_test" file="/Applications/MAMP/htdocs/umpire/application/tests/models/User_admin_test.php" line="302" assertions="4" time="0.040368"/>
        <testcase name="test_RemovePrivileges" class="User_admin_model_test" classname="User_admin_model_test" file="/Applications/MAMP/htdocs/umpire/application/tests/models/User_admin_test.php" line="333" assertions="2" time="0.042553"/>
        <testcase name="test_RemovePrivileges_UsernameNotFound" class="User_admin_model_test" classname="User_admin_model_test" file="/Applications/MAMP/htdocs/umpire/application/tests/models/User_admin_test.php" line="370" assertions="2" time="0.056418"/>
        <testcase name="test_RemovePrivileges_PermissionNotFound" class="User_admin_model_test" classname="User_admin_model_test" file="/Applications/MAMP/htdocs/umpire/application/tests/models/User_admin_test.php" line="408" assertions="2" time="0.066337"/>
        <testcase name="test_RemovePrivileges_DeleteTwo" class="User_admin_model_test" classname="User_admin_model_test" file="/Applications/MAMP/htdocs/umpire/application/tests/models/User_admin_test.php" line="441" assertions="2" time="0.040737"/>
        <testcase name="test_AddPrivileges" class="User_admin_model_test" classname="User_admin_model_test" file="/Applications/MAMP/htdocs/umpire/application/tests/models/User_admin_test.php" line="482" assertions="2" time="0.048487"/>
        <testcase name="test_AddPrivileges_UsernameNotFound" class="User_admin_model_test" classname="User_admin_model_test" file="/Applications/MAMP/htdocs/umpire/application/tests/models/User_admin_test.php" line="517" assertions="2" time="0.040140"/>
        <testcase name="test_AddPrivileges_PermissionExists" class="User_admin_model_test" classname="User_admin_model_test" file="/Applications/MAMP/htdocs/umpire/application/tests/models/User_admin_test.php" line="551" assertions="2" time="0.038834"/>
        <testcase name="test_UpdateUserRoles" class="User_admin_model_test" classname="User_admin_model_test" file="/Applications/MAMP/htdocs/umpire/application/tests/models/User_admin_test.php" line="587" assertions="2" time="0.043638"/>
        <testcase name="test_UpdateUserRoles_UsernameMissing" class="User_admin_model_test" classname="User_admin_model_test" file="/Applications/MAMP/htdocs/umpire/application/tests/models/User_admin_test.php" line="619" assertions="2" time="0.039954"/>
        <testcase name="test_UpdateUserRoles_UsernameHasRole" class="User_admin_model_test" classname="User_admin_model_test" file="/Applications/MAMP/htdocs/umpire/application/tests/models/User_admin_test.php" line="651" assertions="2" time="0.049549"/>
        <testcase name="test_UpdateUserActive" class="User_admin_model_test" classname="User_admin_model_test" file="/Applications/MAMP/htdocs/umpire/application/tests/models/User_admin_test.php" line="685" assertions="2" time="0.049683"/>
        <testcase name="test_UpdateUserActive_UsernameMissing" class="User_admin_model_test" classname="User_admin_model_test" file="/Applications/MAMP/htdocs/umpire/application/tests/models/User_admin_test.php" line="719" assertions="2" time="0.043862"/>
        <testcase name="test_UpdateUserActive_SetInactive" class="User_admin_model_test" classname="User_admin_model_test" file="/Applications/MAMP/htdocs/umpire/application/tests/models/User_admin_test.php" line="753" assertions="2" time="0.049771"/>
        <testcase name="test_UpdateUserActive_SetInvalid" class="User_admin_model_test" classname="User_admin_model_test" file="/Applications/MAMP/htdocs/umpire/application/tests/models/User_admin_test.php" line="787" assertions="2" time="0.037591"/>
        <testcase name="test_UpdateUserActive_SetNull" class="User_admin_model_test" classname="User_admin_model_test" file="/Applications/MAMP/htdocs/umpire/application/tests/models/User_admin_test.php" line="821" assertions="2" time="0.053921"/>
      </testsuite>
      <testsuite name="User_authentication_model_test" file="/Applications/MAMP/htdocs/umpire/application/tests/models/User_authentication_model_test.php" tests="11" assertions="11" errors="0" failures="0" skipped="0" time="0.411079">
        <testcase name="test_Login_ValidOneResult" class="User_authentication_model_test" classname="User_authentication_model_test" file="/Applications/MAMP/htdocs/umpire/application/tests/models/User_authentication_model_test.php" line="10" assertions="1" time="0.039000"/>
        <testcase name="test_Login_ValidTwoResults" class="User_authentication_model_test" classname="User_authentication_model_test" file="/Applications/MAMP/htdocs/umpire/application/tests/models/User_authentication_model_test.php" line="26" assertions="1" time="0.034939"/>
        <testcase name="test_Login_InvalidPassword" class="User_authentication_model_test" classname="User_authentication_model_test" file="/Applications/MAMP/htdocs/umpire/application/tests/models/User_authentication_model_test.php" line="42" assertions="1" time="0.032889"/>
        <testcase name="test_Login_NoPassword" class="User_authentication_model_test" classname="User_authentication_model_test" file="/Applications/MAMP/htdocs/umpire/application/tests/models/User_authentication_model_test.php" line="53" assertions="1" time="0.036560"/>
        <testcase name="test_Login_UsernameButNoPassword" class="User_authentication_model_test" classname="User_authentication_model_test" file="/Applications/MAMP/htdocs/umpire/application/tests/models/User_authentication_model_test.php" line="69" assertions="1" time="0.034959"/>
        <testcase name="test_Login_NoUsernameAndNoPassword" class="User_authentication_model_test" classname="User_authentication_model_test" file="/Applications/MAMP/htdocs/umpire/application/tests/models/User_authentication_model_test.php" line="80" assertions="1" time="0.033391"/>
        <testcase name="test_CheckUserActive_OneActive" class="User_authentication_model_test" classname="User_authentication_model_test" file="/Applications/MAMP/htdocs/umpire/application/tests/models/User_authentication_model_test.php" line="91" assertions="1" time="0.044308"/>
        <testcase name="test_CheckUserActive_OneInactive" class="User_authentication_model_test" classname="User_authentication_model_test" file="/Applications/MAMP/htdocs/umpire/application/tests/models/User_authentication_model_test.php" line="100" assertions="1" time="0.048664"/>
        <testcase name="test_CheckUserActive_TwoActive" class="User_authentication_model_test" classname="User_authentication_model_test" file="/Applications/MAMP/htdocs/umpire/application/tests/models/User_authentication_model_test.php" line="109" assertions="1" time="0.034452"/>
        <testcase name="test_CheckUserActive_TwoButOneActive" class="User_authentication_model_test" classname="User_authentication_model_test" file="/Applications/MAMP/htdocs/umpire/application/tests/models/User_authentication_model_test.php" line="118" assertions="1" time="0.037242"/>
        <testcase name="test_CheckUserActive_NoUsername" class="User_authentication_model_test" classname="User_authentication_model_test" file="/Applications/MAMP/htdocs/umpire/application/tests/models/User_authentication_model_test.php" line="127" assertions="1" time="0.034675"/>
      </testsuite>
      <testsuite name="User_maintenance_model_test" file="/Applications/MAMP/htdocs/umpire/application/tests/models/User_maintenance_model_test.php" tests="36" assertions="36" errors="0" failures="0" skipped="0" time="1.461798">
        <testcase name="testValidatePassword" class="User_maintenance_model_test" classname="User_maintenance_model_test" file="/Applications/MAMP/htdocs/umpire/application/tests/models/User_maintenance_model_test.php" line="11" assertions="1" time="0.049960"/>
        <testcase name="testValidatePasswordNoMatch" class="User_maintenance_model_test" classname="User_maintenance_model_test" file="/Applications/MAMP/htdocs/umpire/application/tests/models/User_maintenance_model_test.php" line="19" assertions="1" time="0.036052"/>
        <testcase name="testValidatePasswordNoMatchAndShort" class="User_maintenance_model_test" classname="User_maintenance_model_test" file="/Applications/MAMP/htdocs/umpire/application/tests/models/User_maintenance_model_test.php" line="27" assertions="1" time="0.035193"/>
        <testcase name="testValidatePasswordShortMatch" class="User_maintenance_model_test" classname="User_maintenance_model_test" file="/Applications/MAMP/htdocs/umpire/application/tests/models/User_maintenance_model_test.php" line="35" assertions="1" time="0.031607"/>
        <testcase name="test_CheckUserExistsForReset" class="User_maintenance_model_test" classname="User_maintenance_model_test" file="/Applications/MAMP/htdocs/umpire/application/tests/models/User_maintenance_model_test.php" line="43" assertions="1" time="0.051956"/>
        <testcase name="test_CheckUserExistsForReset_NoMatch" class="User_maintenance_model_test" classname="User_maintenance_model_test" file="/Applications/MAMP/htdocs/umpire/application/tests/models/User_maintenance_model_test.php" line="52" assertions="1" time="0.031286"/>
        <testcase name="test_CheckUserExistsForReset_TwoRecordsMatch" class="User_maintenance_model_test" classname="User_maintenance_model_test" file="/Applications/MAMP/htdocs/umpire/application/tests/models/User_maintenance_model_test.php" line="61" assertions="1" time="0.039850"/>
        <testcase name="test_CheckUserExistsForReset_UserMatchEmailNoMatch" class="User_maintenance_model_test" classname="User_maintenance_model_test" file="/Applications/MAMP/htdocs/umpire/application/tests/models/User_maintenance_model_test.php" line="70" assertions="1" time="0.037550"/>
        <testcase name="test_CheckUserExistsForReset_UserNoMatchEmailMatch" class="User_maintenance_model_test" classname="User_maintenance_model_test" file="/Applications/MAMP/htdocs/umpire/application/tests/models/User_maintenance_model_test.php" line="79" assertions="1" time="0.045362"/>
        <testcase name="test_LogPasswordResetRequest" class="User_maintenance_model_test" classname="User_maintenance_model_test" file="/Applications/MAMP/htdocs/umpire/application/tests/models/User_maintenance_model_test.php" line="88" assertions="1" time="0.031282"/>
        <testcase name="test_LogPasswordResetRequest_MissingUsername" class="User_maintenance_model_test" classname="User_maintenance_model_test" file="/Applications/MAMP/htdocs/umpire/application/tests/models/User_maintenance_model_test.php" line="106" assertions="1" time="0.032029"/>
        <testcase name="test_StoreActivationID" class="User_maintenance_model_test" classname="User_maintenance_model_test" file="/Applications/MAMP/htdocs/umpire/application/tests/models/User_maintenance_model_test.php" line="124" assertions="1" time="0.047203"/>
        <testcase name="test_StoreActivationID_UserNotFound" class="User_maintenance_model_test" classname="User_maintenance_model_test" file="/Applications/MAMP/htdocs/umpire/application/tests/models/User_maintenance_model_test.php" line="134" assertions="1" time="0.033812"/>
        <testcase name="test_CreateUserFromActivationID" class="User_maintenance_model_test" classname="User_maintenance_model_test" file="/Applications/MAMP/htdocs/umpire/application/tests/models/User_maintenance_model_test.php" line="144" assertions="1" time="0.034978"/>
        <testcase name="test_CreateUserFromActivationID_NotFound" class="User_maintenance_model_test" classname="User_maintenance_model_test" file="/Applications/MAMP/htdocs/umpire/application/tests/models/User_maintenance_model_test.php" line="155" assertions="1" time="0.034551"/>
        <testcase name="test_CreateUserFromActivationID_TwoUsersFound" class="User_maintenance_model_test" classname="User_maintenance_model_test" file="/Applications/MAMP/htdocs/umpire/application/tests/models/User_maintenance_model_test.php" line="167" assertions="1" time="0.055062"/>
        <testcase name="test_UpdatePassword" class="User_maintenance_model_test" classname="User_maintenance_model_test" file="/Applications/MAMP/htdocs/umpire/application/tests/models/User_maintenance_model_test.php" line="179" assertions="1" time="0.040421"/>
        <testcase name="test_UpdatePassword_SamePW" class="User_maintenance_model_test" classname="User_maintenance_model_test" file="/Applications/MAMP/htdocs/umpire/application/tests/models/User_maintenance_model_test.php" line="189" assertions="1" time="0.030961"/>
        <testcase name="test_UpdatePassword_Empty" class="User_maintenance_model_test" classname="User_maintenance_model_test" file="/Applications/MAMP/htdocs/umpire/application/tests/models/User_maintenance_model_test.php" line="199" assertions="1" time="0.041130"/>
        <testcase name="test_UpdatePassword_Null" class="User_maintenance_model_test" classname="User_maintenance_model_test" file="/Applications/MAMP/htdocs/umpire/application/tests/models/User_maintenance_model_test.php" line="209" assertions="1" time="0.033361"/>
        <testcase name="test_UpdatePassword_UserNotFound" class="User_maintenance_model_test" classname="User_maintenance_model_test" file="/Applications/MAMP/htdocs/umpire/application/tests/models/User_maintenance_model_test.php" line="221" assertions="1" time="0.035678"/>
        <testcase name="test_UpdatePassword_TwoUsersFound" class="User_maintenance_model_test" classname="User_maintenance_model_test" file="/Applications/MAMP/htdocs/umpire/application/tests/models/User_maintenance_model_test.php" line="230" assertions="1" time="0.059940"/>
        <testcase name="test_Validate_UserExists" class="User_maintenance_model_test" classname="User_maintenance_model_test" file="/Applications/MAMP/htdocs/umpire/application/tests/models/User_maintenance_model_test.php" line="242" assertions="1" time="0.048167"/>
        <testcase name="test_Validate_UserExistsButWrongPW" class="User_maintenance_model_test" classname="User_maintenance_model_test" file="/Applications/MAMP/htdocs/umpire/application/tests/models/User_maintenance_model_test.php" line="252" assertions="1" time="0.054000"/>
[...]
        <testcase name="test_Username" class="User_test" classname="User_test" file="/Applications/MAMP/htdocs/umpire/application/tests/models/User_test.php" line="29" assertions="1" time="0.043150"/>
        <testcase name="test_Username255" class="User_test" classname="User_test" file="/Applications/MAMP/htdocs/umpire/application/tests/models/User_test.php" line="35" assertions="1" time="0.034957"/>
        <testcase name="test_Username256" class="User_test" classname="User_test" file="/Applications/MAMP/htdocs/umpire/application/tests/models/User_test.php" line="41" assertions="1" time="0.033200"/>
        <testcase name="test_Username300" class="User_test" classname="User_test" file="/Applications/MAMP/htdocs/umpire/application/tests/models/User_test.php" line="47" assertions="1" time="0.051781"/>
        <testcase name="test_UsernameNull" class="User_test" classname="User_test" file="/Applications/MAMP/htdocs/umpire/application/tests/models/User_test.php" line="53" assertions="1" time="0.034744"/>
        <testcase name="test_UsernameEmptyString" class="User_test" classname="User_test" file="/Applications/MAMP/htdocs/umpire/application/tests/models/User_test.php" line="59" assertions="1" time="0.029484"/>
        <testcase name="test_Password" class="User_test" classname="User_test" file="/Applications/MAMP/htdocs/umpire/application/tests/models/User_test.php" line="65" assertions="1" time="0.044017"/>
        <testcase name="test_PasswordNull" class="User_test" classname="User_test" file="/Applications/MAMP/htdocs/umpire/application/tests/models/User_test.php" line="71" assertions="1" time="0.033463"/>
        <testcase name="test_PasswordEmpty" class="User_test" classname="User_test" file="/Applications/MAMP/htdocs/umpire/application/tests/models/User_test.php" line="77" assertions="1" time="0.046622"/>
        <testcase name="test_FirstName" class="User_test" classname="User_test" file="/Applications/MAMP/htdocs/umpire/application/tests/models/User_test.php" line="83" assertions="1" time="0.035104"/>
        <testcase name="test_FirstNameNull" class="User_test" classname="User_test" file="/Applications/MAMP/htdocs/umpire/application/tests/models/User_test.php" line="89" assertions="1" time="0.035782"/>
        <testcase name="test_FirstNameEmpty" class="User_test" classname="User_test" file="/Applications/MAMP/htdocs/umpire/application/tests/models/User_test.php" line="95" assertions="1" time="0.040285"/>
        <testcase name="test_LastName" class="User_test" classname="User_test" file="/Applications/MAMP/htdocs/umpire/application/tests/models/User_test.php" line="101" assertions="1" time="0.033143"/>
        <testcase name="test_LastNameNull" class="User_test" classname="User_test" file="/Applications/MAMP/htdocs/umpire/application/tests/models/User_test.php" line="107" assertions="1" time="0.034679"/>
        <testcase name="test_LastNameEmpty" class="User_test" classname="User_test" file="/Applications/MAMP/htdocs/umpire/application/tests/models/User_test.php" line="113" assertions="1" time="0.031591"/>
        <testcase name="test_RoleName" class="User_test" classname="User_test" file="/Applications/MAMP/htdocs/umpire/application/tests/models/User_test.php" line="119" assertions="1" time="0.031921"/>
        <testcase name="test_RoleNameNull" class="User_test" classname="User_test" file="/Applications/MAMP/htdocs/umpire/application/tests/models/User_test.php" line="125" assertions="1" time="0.043947"/>
        <testcase name="test_RoleNameEmpty" class="User_test" classname="User_test" file="/Applications/MAMP/htdocs/umpire/application/tests/models/User_test.php" line="131" assertions="1" time="0.032485"/>
        <testcase name="test_SubRoleName" class="User_test" classname="User_test" file="/Applications/MAMP/htdocs/umpire/application/tests/models/User_test.php" line="137" assertions="1" time="0.030781"/>
        <testcase name="test_SubRoleNameNull" class="User_test" classname="User_test" file="/Applications/MAMP/htdocs/umpire/application/tests/models/User_test.php" line="143" assertions="1" time="0.044689"/>
        <testcase name="test_SubRoleNameEmpty" class="User_test" classname="User_test" file="/Applications/MAMP/htdocs/umpire/application/tests/models/User_test.php" line="149" assertions="1" time="0.036100"/>
        <testcase name="test_PasswordResetURL" class="User_test" classname="User_test" file="/Applications/MAMP/htdocs/umpire/application/tests/models/User_test.php" line="156" assertions="1" time="0.033163"/>
        <testcase name="test_PasswordResetURLNotURL" class="User_test" classname="User_test" file="/Applications/MAMP/htdocs/umpire/application/tests/models/User_test.php" line="162" assertions="1" time="0.039783"/>
        <testcase name="test_PasswordResetURLNumber" class="User_test" classname="User_test" file="/Applications/MAMP/htdocs/umpire/application/tests/models/User_test.php" line="168" assertions="1" time="0.034255"/>
        <testcase name="test_PasswordResetURLNull" class="User_test" classname="User_test" file="/Applications/MAMP/htdocs/umpire/application/tests/models/User_test.php" line="174" assertions="1" time="0.036712"/>
        <testcase name="test_PasswordResetURLEmpty" class="User_test" classname="User_test" file="/Applications/MAMP/htdocs/umpire/application/tests/models/User_test.php" line="180" assertions="1" time="0.042761"/>
        <testcase name="test_EmailAddress" class="User_test" classname="User_test" file="/Applications/MAMP/htdocs/umpire/application/tests/models/User_test.php" line="186" assertions="1" time="0.032440"/>
        <testcase name="test_EmailAddress255" class="User_test" classname="User_test" file="/Applications/MAMP/htdocs/umpire/application/tests/models/User_test.php" line="192" assertions="1" time="0.032918"/>
        <testcase name="test_EmailAddress256" class="User_test" classname="User_test" file="/Applications/MAMP/htdocs/umpire/application/tests/models/User_test.php" line="198" assertions="1" time="0.050221"/>
        <testcase name="test_EmailAddress300" class="User_test" classname="User_test" file="/Applications/MAMP/htdocs/umpire/application/tests/models/User_test.php" line="204" assertions="1" time="0.033955"/>
        <testcase name="test_EmailAddressNull" class="User_test" classname="User_test" file="/Applications/MAMP/htdocs/umpire/application/tests/models/User_test.php" line="210" assertions="1" time="0.032427"/>
        <testcase name="test_EmailAddressEmptyString" class="User_test" classname="User_test" file="/Applications/MAMP/htdocs/umpire/application/tests/models/User_test.php" line="216" assertions="1" time="0.035387"/>
        <testcase name="test_ActivationID" class="User_test" classname="User_test" file="/Applications/MAMP/htdocs/umpire/application/tests/models/User_test.php" line="222" assertions="1" time="0.029427"/>
        <testcase name="test_ActivationID200" class="User_test" classname="User_test" file="/Applications/MAMP/htdocs/umpire/application/tests/models/User_test.php" line="228" assertions="1" time="0.036192"/>
        <testcase name="test_ActivationID201" class="User_test" classname="User_test" file="/Applications/MAMP/htdocs/umpire/application/tests/models/User_test.php" line="234" assertions="1" time="0.032329"/>
        <testcase name="test_ActivationID300" class="User_test" classname="User_test" file="/Applications/MAMP/htdocs/umpire/application/tests/models/User_test.php" line="240" assertions="1" time="0.029410"/>
        <testcase name="test_ActivationIDNull" class="User_test" classname="User_test" file="/Applications/MAMP/htdocs/umpire/application/tests/models/User_test.php" line="246" assertions="1" time="0.035875"/>
        <testcase name="test_ActivationIDEmptyString" class="User_test" classname="User_test" file="/Applications/MAMP/htdocs/umpire/application/tests/models/User_test.php" line="252" assertions="1" time="0.033314"/>
        <testcase name="test_Active0" class="User_test" classname="User_test" file="/Applications/MAMP/htdocs/umpire/application/tests/models/User_test.php" line="258" assertions="1" time="0.032552"/>
        <testcase name="test_Active1" class="User_test" classname="User_test" file="/Applications/MAMP/htdocs/umpire/application/tests/models/User_test.php" line="265" assertions="1" time="0.041093"/>
        <testcase name="test_ActiveEmpty" class="User_test" classname="User_test" file="/Applications/MAMP/htdocs/umpire/application/tests/models/User_test.php" line="272" assertions="1" time="0.030503"/>
        <testcase name="test_ActiveNull" class="User_test" classname="User_test" file="/Applications/MAMP/htdocs/umpire/application/tests/models/User_test.php" line="279" assertions="1" time="0.032245"/>
        <testcase name="test_Active0String" class="User_test" classname="User_test" file="/Applications/MAMP/htdocs/umpire/application/tests/models/User_test.php" line="286" assertions="1" time="0.044578"/>
        <testcase name="test_Active1String" class="User_test" classname="User_test" file="/Applications/MAMP/htdocs/umpire/application/tests/models/User_test.php" line="293" assertions="1" time="0.032133"/>
        <testcase name="test_Active2" class="User_test" classname="User_test" file="/Applications/MAMP/htdocs/umpire/application/tests/models/User_test.php" line="300" assertions="1" time="0.032373"/>
        <testcase name="test_ActiveTextValue" class="User_test" classname="User_test" file="/Applications/MAMP/htdocs/umpire/application/tests/models/User_test.php" line="306" assertions="1" time="0.053531"/>
        <testcase name="test_CreateUserFromNameAndRole" class="User_test" classname="User_test" file="/Applications/MAMP/htdocs/umpire/application/tests/models/User_test.php" line="313" assertions="8" time="0.033160"/>
        <testcase name="test_CreateUserFromNameAndPW" class="User_test" classname="User_test" file="/Applications/MAMP/htdocs/umpire/application/tests/models/User_test.php" line="334" assertions="5" time="0.033059"/>
        <testcase name="test_CreateUserFromNameAndPW_MissingUsername" class="User_test" classname="User_test" file="/Applications/MAMP/htdocs/umpire/application/tests/models/User_test.php" line="350" assertions="5" time="0.040020"/>
        <testcase name="test_CreateUserFromNameAndPW_MissingFirstname" class="User_test" classname="User_test" file="/Applications/MAMP/htdocs/umpire/application/tests/models/User_test.php" line="366" assertions="5" time="0.045246"/>
        <testcase name="test_SetPermissionArray" class="User_test" classname="User_test" file="/Applications/MAMP/htdocs/umpire/application/tests/models/User_test.php" line="382" assertions="1" time="0.043727"/>
        <testcase name="test_SetPermissionArray_Empty" class="User_test" classname="User_test" file="/Applications/MAMP/htdocs/umpire/application/tests/models/User_test.php" line="397" assertions="1" time="0.034038"/>
      </testsuite>
    </testsuite>
    <testsuite name="integration" tests="29" assertions="37" errors="0" failures="0" skipped="0" time="5.435625">
      <testsuite name="ForgotPassword_test" file="/Applications/MAMP/htdocs/umpire/application/tests/controllers/ForgotPassword_test.php" tests="9" assertions="9" errors="0" failures="0" skipped="0" time="0.883756">
        <testcase name="test_DataValid" class="ForgotPassword_test" classname="ForgotPassword_test" file="/Applications/MAMP/htdocs/umpire/application/tests/controllers/ForgotPassword_test.php" line="12" assertions="1" time="0.107369"/>
        <testcase name="test_SubmitChangePasswordForm_Valid" class="ForgotPassword_test" classname="ForgotPassword_test" file="/Applications/MAMP/htdocs/umpire/application/tests/controllers/ForgotPassword_test.php" line="21" assertions="1" time="0.161235"/>
        <testcase name="test_SubmitChangePasswordForm_DoesNotMatch" class="ForgotPassword_test" classname="ForgotPassword_test" file="/Applications/MAMP/htdocs/umpire/application/tests/controllers/ForgotPassword_test.php" line="33" assertions="1" time="0.088657"/>
        <testcase name="test_SubmitChangePasswordForm_UsernameNotFound" class="ForgotPassword_test" classname="ForgotPassword_test" file="/Applications/MAMP/htdocs/umpire/application/tests/controllers/ForgotPassword_test.php" line="45" assertions="1" time="0.086214"/>
        <testcase name="test_SubmitChangePasswordForm_UsernameNull" class="ForgotPassword_test" classname="ForgotPassword_test" file="/Applications/MAMP/htdocs/umpire/application/tests/controllers/ForgotPassword_test.php" line="57" assertions="1" time="0.101647"/>
        <testcase name="test_SubmitChangePasswordForm_EmailNull" class="ForgotPassword_test" classname="ForgotPassword_test" file="/Applications/MAMP/htdocs/umpire/application/tests/controllers/ForgotPassword_test.php" line="69" assertions="1" time="0.076050"/>
        <testcase name="test_SubmitChangePasswordForm_UsernameEmpty" class="ForgotPassword_test" classname="ForgotPassword_test" file="/Applications/MAMP/htdocs/umpire/application/tests/controllers/ForgotPassword_test.php" line="81" assertions="1" time="0.092628"/>
        <testcase name="test_SubmitChangePasswordForm_EmailEmpty" class="ForgotPassword_test" classname="ForgotPassword_test" file="/Applications/MAMP/htdocs/umpire/application/tests/controllers/ForgotPassword_test.php" line="93" assertions="1" time="0.081193"/>
        <testcase name="test_SubmitChangePasswordForm_UsernameInjection" class="ForgotPassword_test" classname="ForgotPassword_test" file="/Applications/MAMP/htdocs/umpire/application/tests/controllers/ForgotPassword_test.php" line="105" assertions="1" time="0.088763"/>
      </testsuite>
      <testsuite name="HomeController_test" file="/Applications/MAMP/htdocs/umpire/application/tests/controllers/HomeController_test.php" tests="2" assertions="3" errors="0" failures="0" skipped="0" time="0.261074">
        <testcase name="test_LoadPage" class="HomeController_test" classname="HomeController_test" file="/Applications/MAMP/htdocs/umpire/application/tests/controllers/HomeController_test.php" line="12" assertions="2" time="0.184326"/>
        <testcase name="test_LoadPage_NotLoggedIn" class="HomeController_test" classname="HomeController_test" file="/Applications/MAMP/htdocs/umpire/application/tests/controllers/HomeController_test.php" line="45" assertions="1" time="0.076748"/>
      </testsuite>
      <testsuite name="Integration_test" file="/Applications/MAMP/htdocs/umpire/application/tests/controllers/Integration_test.php" tests="1" assertions="1" errors="0" failures="0" skipped="0" time="1.516962">
        <testcase name="test_Dummy" class="Integration_test" classname="Integration_test" file="/Applications/MAMP/htdocs/umpire/application/tests/controllers/Integration_test.php" line="17" assertions="1" time="1.516962"/>
      </testsuite>
      <testsuite name="Report_test" file="/Applications/MAMP/htdocs/umpire/application/tests/controllers/Report_test.php" tests="2" assertions="2" errors="0" failures="0" skipped="0" time="1.137822">
        <testcase name="test_Report1" class="Report_test" classname="Report_test" file="/Applications/MAMP/htdocs/umpire/application/tests/controllers/Report_test.php" line="10" assertions="1" time="1.100405"/>
        <testcase name="test_dummy" class="Report_test" classname="Report_test" file="/Applications/MAMP/htdocs/umpire/application/tests/controllers/Report_test.php" line="29" assertions="1" time="0.037417"/>
      </testsuite>
      <testsuite name="ResetPasswordEntry_test" file="/Applications/MAMP/htdocs/umpire/application/tests/controllers/ResetPasswordEntry_test.php" tests="6" assertions="13" errors="0" failures="0" skipped="0" time="0.570006">
        <testcase name="test_LoadPage" class="ResetPasswordEntry_test" classname="ResetPasswordEntry_test" file="/Applications/MAMP/htdocs/umpire/application/tests/controllers/ResetPasswordEntry_test.php" line="18" assertions="1" time="0.081283"/>
        <testcase name="test_SubmitNewPassword_Valid" class="ResetPasswordEntry_test" classname="ResetPasswordEntry_test" file="/Applications/MAMP/htdocs/umpire/application/tests/controllers/ResetPasswordEntry_test.php" line="32" assertions="4" time="0.133691"/>
        <testcase name="test_SubmitNewPassword_IncorrectPW" class="ResetPasswordEntry_test" classname="ResetPasswordEntry_test" file="/Applications/MAMP/htdocs/umpire/application/tests/controllers/ResetPasswordEntry_test.php" line="69" assertions="2" time="0.095784"/>
        <testcase name="test_SubmitNewPassword_MissingPW" class="ResetPasswordEntry_test" classname="ResetPasswordEntry_test" file="/Applications/MAMP/htdocs/umpire/application/tests/controllers/ResetPasswordEntry_test.php" line="98" assertions="2" time="0.082546"/>
        <testcase name="test_SubmitNewPassword_PWDoesNotMatch" class="ResetPasswordEntry_test" classname="ResetPasswordEntry_test" file="/Applications/MAMP/htdocs/umpire/application/tests/controllers/ResetPasswordEntry_test.php" line="125" assertions="2" time="0.086690"/>
        <testcase name="test_SubmitNewPassword_UsernameDoesNotExist" class="ResetPasswordEntry_test" classname="ResetPasswordEntry_test" file="/Applications/MAMP/htdocs/umpire/application/tests/controllers/ResetPasswordEntry_test.php" line="152" assertions="2" time="0.090012"/>
      </testsuite>
      <testsuite name="UpdateProfile_test" file="/Applications/MAMP/htdocs/umpire/application/tests/controllers/UpdateProfile_test.php" tests="4" assertions="4" errors="0" failures="0" skipped="0" time="0.632353">
        <testcase name="test_DataValid" class="UpdateProfile_test" classname="UpdateProfile_test" file="/Applications/MAMP/htdocs/umpire/application/tests/controllers/UpdateProfile_test.php" line="11" assertions="1" time="0.170557"/>
        <testcase name="test_UpdateEmail_Valid" class="UpdateProfile_test" classname="UpdateProfile_test" file="/Applications/MAMP/htdocs/umpire/application/tests/controllers/UpdateProfile_test.php" line="25" assertions="1" time="0.147746"/>
        <testcase name="test_UpdateEmail_NotValid" class="UpdateProfile_test" classname="UpdateProfile_test" file="/Applications/MAMP/htdocs/umpire/application/tests/controllers/UpdateProfile_test.php" line="43" assertions="1" time="0.165722"/>
        <testcase name="test_UpdateEmail_Empty" class="UpdateProfile_test" classname="UpdateProfile_test" file="/Applications/MAMP/htdocs/umpire/application/tests/controllers/UpdateProfile_test.php" line="61" assertions="1" time="0.148328"/>
      </testsuite>
      <testsuite name="VerifyLogin_test" file="/Applications/MAMP/htdocs/umpire/application/tests/controllers/VerifyLogin_test.php" tests="5" assertions="5" errors="0" failures="0" skipped="0" time="0.433652">
        <testcase name="testIndex_CorrectDetails" class="VerifyLogin_test" classname="VerifyLogin_test" file="/Applications/MAMP/htdocs/umpire/application/tests/controllers/VerifyLogin_test.php" line="15" assertions="1" time="0.101525"/>
        <testcase name="testIndex_IncorrectPW" class="VerifyLogin_test" classname="VerifyLogin_test" file="/Applications/MAMP/htdocs/umpire/application/tests/controllers/VerifyLogin_test.php" line="27" assertions="1" time="0.086433"/>
        <testcase name="testIndex_IncorrectUsername" class="VerifyLogin_test" classname="VerifyLogin_test" file="/Applications/MAMP/htdocs/umpire/application/tests/controllers/VerifyLogin_test.php" line="39" assertions="1" time="0.076831"/>
        <testcase name="testIndex_MissingUsername" class="VerifyLogin_test" classname="VerifyLogin_test" file="/Applications/MAMP/htdocs/umpire/application/tests/controllers/VerifyLogin_test.php" line="51" assertions="1" time="0.081840"/>
        <testcase name="testIndex_MissingPassword" class="VerifyLogin_test" classname="VerifyLogin_test" file="/Applications/MAMP/htdocs/umpire/application/tests/controllers/VerifyLogin_test.php" line="63" assertions="1" time="0.087023"/>
      </testsuite>
    </testsuite>
  </testsuite>
</testsuites>
