<?xml version="1.0" encoding="UTF-8"?>
<testsuites>
  <testsuite name="" tests="413" assertions="546" errors="0" failures="0" skipped="0" time="50.053501">
    <testsuite name="unittests" tests="378" assertions="503" errors="0" failures="0" skipped="0" time="30.805037">
      <testsuite name="Match_import_test" file="/Applications/MAMP/htdocs/umpire/application/tests/models/Match_import_test.php" tests="11" assertions="20" errors="0" failures="0" skipped="0" time="8.393958">
        <testcase name="test_ImportFile_ValidXLS" class="Match_import_test" classname="Match_import_test" file="/Applications/MAMP/htdocs/umpire/application/tests/models/Match_import_test.php" line="28" assertions="4" time="2.035465"/>
        <testcase name="test_ImportFile_ValidXLSX" class="Match_import_test" classname="Match_import_test" file="/Applications/MAMP/htdocs/umpire/application/tests/models/Match_import_test.php" line="54" assertions="4" time="1.149784"/>
        <testcase name="test_ImportFile_MissingColumnHeaderRow" class="Match_import_test" classname="Match_import_test" file="/Applications/MAMP/htdocs/umpire/application/tests/models/Match_import_test.php" line="80" assertions="1" time="0.392707"/>
        <testcase name="test_ImportFile_BlankColumnHeaderRow" class="Match_import_test" classname="Match_import_test" file="/Applications/MAMP/htdocs/umpire/application/tests/models/Match_import_test.php" line="93" assertions="1" time="0.440757"/>
        <testcase name="test_ImportFile_IncorrectColumnHeaderRow" class="Match_import_test" classname="Match_import_test" file="/Applications/MAMP/htdocs/umpire/application/tests/models/Match_import_test.php" line="106" assertions="1" time="0.603438"/>
        <testcase name="test_ImportFile_MissingLastColumn" class="Match_import_test" classname="Match_import_test" file="/Applications/MAMP/htdocs/umpire/application/tests/models/Match_import_test.php" line="119" assertions="1" time="0.626620"/>
        <testcase name="test_ImportFile_MissingSeveralColumns" class="Match_import_test" classname="Match_import_test" file="/Applications/MAMP/htdocs/umpire/application/tests/models/Match_import_test.php" line="132" assertions="1" time="0.421918"/>
        <testcase name="test_ImportFile_ExtraColumn" class="Match_import_test" classname="Match_import_test" file="/Applications/MAMP/htdocs/umpire/application/tests/models/Match_import_test.php" line="145" assertions="4" time="0.448042"/>
        <testcase name="test_ImportFile_NoData" class="Match_import_test" classname="Match_import_test" file="/Applications/MAMP/htdocs/umpire/application/tests/models/Match_import_test.php" line="171" assertions="1" time="0.390819"/>
        <testcase name="test_ImportFile_NotExcel" class="Match_import_test" classname="Match_import_test" file="/Applications/MAMP/htdocs/umpire/application/tests/models/Match_import_test.php" line="184" assertions="1" time="0.689962"/>
        <testcase name="test_ImportFile_AnotherSheetSelected" class="Match_import_test" classname="Match_import_test" file="/Applications/MAMP/htdocs/umpire/application/tests/models/Match_import_test.php" line="197" assertions="1" time="1.194446"/>
      </testsuite>
      <testsuite name="Missing_data_updater_test" file="/Applications/MAMP/htdocs/umpire/application/tests/models/Missing_data_updater_test.php" tests="14" assertions="20" errors="0" failures="0" skipped="0" time="1.331133">
        <testcase name="test_GetPossibleLeaguesForComp" class="Missing_data_updater_test" classname="Missing_data_updater_test" file="/Applications/MAMP/htdocs/umpire/application/tests/models/Missing_data_updater_test.php" line="12" assertions="2" time="0.071796"/>
        <testcase name="test_GetClubsForTeam" class="Missing_data_updater_test" classname="Missing_data_updater_test" file="/Applications/MAMP/htdocs/umpire/application/tests/models/Missing_data_updater_test.php" line="23" assertions="2" time="0.114448"/>
        <testcase name="test_GetRegions" class="Missing_data_updater_test" classname="Missing_data_updater_test" file="/Applications/MAMP/htdocs/umpire/application/tests/models/Missing_data_updater_test.php" line="34" assertions="2" time="0.116922"/>
        <testcase name="test_GetAgeGroups" class="Missing_data_updater_test" classname="Missing_data_updater_test" file="/Applications/MAMP/htdocs/umpire/application/tests/models/Missing_data_updater_test.php" line="45" assertions="2" time="0.075199"/>
        <testcase name="test_GetShortLeagueNames" class="Missing_data_updater_test" classname="Missing_data_updater_test" file="/Applications/MAMP/htdocs/umpire/application/tests/models/Missing_data_updater_test.php" line="56" assertions="2" time="0.087846"/>
        <testcase name="test_GetDivisions" class="Missing_data_updater_test" classname="Missing_data_updater_test" file="/Applications/MAMP/htdocs/umpire/application/tests/models/Missing_data_updater_test.php" line="67" assertions="2" time="0.104449"/>
        <testcase name="test_UpdateSingleCompetition" class="Missing_data_updater_test" classname="Missing_data_updater_test" file="/Applications/MAMP/htdocs/umpire/application/tests/models/Missing_data_updater_test.php" line="78" assertions="1" time="0.080410"/>
        <testcase name="test_InsertNewLeague" class="Missing_data_updater_test" classname="Missing_data_updater_test" file="/Applications/MAMP/htdocs/umpire/application/tests/models/Missing_data_updater_test.php" line="88" assertions="1" time="0.065520"/>
        <testcase name="test_updateTeamAndClubData_OneTeamInsert" class="Missing_data_updater_test" classname="Missing_data_updater_test" file="/Applications/MAMP/htdocs/umpire/application/tests/models/Missing_data_updater_test.php" line="100" assertions="1" time="0.068390"/>
        <testcase name="test_updateTeamAndClubData_TwoTeamsInsert" class="Missing_data_updater_test" classname="Missing_data_updater_test" file="/Applications/MAMP/htdocs/umpire/application/tests/models/Missing_data_updater_test.php" line="123" assertions="1" time="0.084795"/>
        <testcase name="test_updateTeamAndClubData_OneTeamUpdate" class="Missing_data_updater_test" classname="Missing_data_updater_test" file="/Applications/MAMP/htdocs/umpire/application/tests/models/Missing_data_updater_test.php" line="147" assertions="1" time="0.093129"/>
        <testcase name="test_updateTeamAndClubData_TwoTeamsUpdate" class="Missing_data_updater_test" classname="Missing_data_updater_test" file="/Applications/MAMP/htdocs/umpire/application/tests/models/Missing_data_updater_test.php" line="170" assertions="1" time="0.091579"/>
        <testcase name="test_updateTeamAndClubData_MissingValues" class="Missing_data_updater_test" classname="Missing_data_updater_test" file="/Applications/MAMP/htdocs/umpire/application/tests/models/Missing_data_updater_test.php" line="193" assertions="1" time="0.205402"/>
        <testcase name="test_updateTeamAndClubData_NoCompetition" class="Missing_data_updater_test" classname="Missing_data_updater_test" file="/Applications/MAMP/htdocs/umpire/application/tests/models/Missing_data_updater_test.php" line="208" assertions="1" time="0.071248"/>
      </testsuite>
      <testsuite name="Report1_test" file="/Applications/MAMP/htdocs/umpire/application/tests/models/Report1_test.php" tests="6" assertions="6" errors="0" failures="0" skipped="0" time="1.241065">
        <testcase name="test_GetDataQuery" class="Report1_test" classname="Report1_test" file="/Applications/MAMP/htdocs/umpire/application/tests/models/Report1_test.php" line="10" assertions="1" time="0.324280"/>
        <testcase name="test_GetReportColumnQuery" class="Report1_test" classname="Report1_test" file="/Applications/MAMP/htdocs/umpire/application/tests/models/Report1_test.php" line="32" assertions="1" time="0.166050"/>
        <testcase name="test_GetDataQueryNullParam" class="Report1_test" classname="Report1_test" file="/Applications/MAMP/htdocs/umpire/application/tests/models/Report1_test.php" line="52" assertions="1" time="0.174848"/>
        <testcase name="test_GetDataQueryEmptyParam" class="Report1_test" classname="Report1_test" file="/Applications/MAMP/htdocs/umpire/application/tests/models/Report1_test.php" line="71" assertions="1" time="0.149664"/>
        <testcase name="test_GetReportColumnQueryNullParam" class="Report1_test" classname="Report1_test" file="/Applications/MAMP/htdocs/umpire/application/tests/models/Report1_test.php" line="90" assertions="1" time="0.273475"/>
        <testcase name="test_GetReportColumnQueryEmptyParam" class="Report1_test" classname="Report1_test" file="/Applications/MAMP/htdocs/umpire/application/tests/models/Report1_test.php" line="108" assertions="1" time="0.152748"/>
      </testsuite>
      <testsuite name="Report2_test" file="/Applications/MAMP/htdocs/umpire/application/tests/models/Report2_test.php" tests="6" assertions="6" errors="0" failures="0" skipped="0" time="1.228309">
        <testcase name="test_GetDataQuery" class="Report2_test" classname="Report2_test" file="/Applications/MAMP/htdocs/umpire/application/tests/models/Report2_test.php" line="10" assertions="1" time="0.281283"/>
        <testcase name="test_GetReportColumnQuery" class="Report2_test" classname="Report2_test" file="/Applications/MAMP/htdocs/umpire/application/tests/models/Report2_test.php" line="37" assertions="1" time="0.270077"/>
        <testcase name="test_GetDataQueryNullParam" class="Report2_test" classname="Report2_test" file="/Applications/MAMP/htdocs/umpire/application/tests/models/Report2_test.php" line="58" assertions="1" time="0.182480"/>
        <testcase name="test_GetDataQueryEmptyParam" class="Report2_test" classname="Report2_test" file="/Applications/MAMP/htdocs/umpire/application/tests/models/Report2_test.php" line="77" assertions="1" time="0.100842"/>
        <testcase name="test_GetReportColumnQueryNullParam" class="Report2_test" classname="Report2_test" file="/Applications/MAMP/htdocs/umpire/application/tests/models/Report2_test.php" line="96" assertions="1" time="0.073432"/>
        <testcase name="test_GetReportColumnQueryEmptyParam" class="Report2_test" classname="Report2_test" file="/Applications/MAMP/htdocs/umpire/application/tests/models/Report2_test.php" line="114" assertions="1" time="0.320195"/>
      </testsuite>
      <testsuite name="Report3_test" file="/Applications/MAMP/htdocs/umpire/application/tests/models/Report3_test.php" tests="6" assertions="6" errors="0" failures="0" skipped="0" time="1.651323">
        <testcase name="test_GetDataQuery" class="Report3_test" classname="Report3_test" file="/Applications/MAMP/htdocs/umpire/application/tests/models/Report3_test.php" line="10" assertions="1" time="0.349003"/>
        <testcase name="test_GetReportColumnQuery" class="Report3_test" classname="Report3_test" file="/Applications/MAMP/htdocs/umpire/application/tests/models/Report3_test.php" line="29" assertions="1" time="0.271104"/>
        <testcase name="test_GetDataQueryNullParam" class="Report3_test" classname="Report3_test" file="/Applications/MAMP/htdocs/umpire/application/tests/models/Report3_test.php" line="47" assertions="1" time="0.247384"/>
        <testcase name="test_GetDataQueryEmptyParam" class="Report3_test" classname="Report3_test" file="/Applications/MAMP/htdocs/umpire/application/tests/models/Report3_test.php" line="63" assertions="1" time="0.178786"/>
        <testcase name="test_GetReportColumnQueryNullParam" class="Report3_test" classname="Report3_test" file="/Applications/MAMP/htdocs/umpire/application/tests/models/Report3_test.php" line="79" assertions="1" time="0.466143"/>
        <testcase name="test_GetReportColumnQueryEmptyParam" class="Report3_test" classname="Report3_test" file="/Applications/MAMP/htdocs/umpire/application/tests/models/Report3_test.php" line="94" assertions="1" time="0.138903"/>
      </testsuite>
      <testsuite name="Report4_test" file="/Applications/MAMP/htdocs/umpire/application/tests/models/Report4_test.php" tests="6" assertions="6" errors="0" failures="0" skipped="0" time="0.922703">
        <testcase name="test_GetDataQuery" class="Report4_test" classname="Report4_test" file="/Applications/MAMP/htdocs/umpire/application/tests/models/Report4_test.php" line="10" assertions="1" time="0.190862"/>
        <testcase name="test_GetReportColumnQuery" class="Report4_test" classname="Report4_test" file="/Applications/MAMP/htdocs/umpire/application/tests/models/Report4_test.php" line="25" assertions="1" time="0.168887"/>
        <testcase name="test_GetDataQueryNullParam" class="Report4_test" classname="Report4_test" file="/Applications/MAMP/htdocs/umpire/application/tests/models/Report4_test.php" line="38" assertions="1" time="0.206738"/>
        <testcase name="test_GetDataQueryEmptyParam" class="Report4_test" classname="Report4_test" file="/Applications/MAMP/htdocs/umpire/application/tests/models/Report4_test.php" line="57" assertions="1" time="0.086351"/>
        <testcase name="test_GetReportColumnQueryNullParam" class="Report4_test" classname="Report4_test" file="/Applications/MAMP/htdocs/umpire/application/tests/models/Report4_test.php" line="76" assertions="1" time="0.093636"/>
        <testcase name="test_GetReportColumnQueryEmptyParam" class="Report4_test" classname="Report4_test" file="/Applications/MAMP/htdocs/umpire/application/tests/models/Report4_test.php" line="94" assertions="1" time="0.176228"/>
      </testsuite>
      <testsuite name="Report5_test" file="/Applications/MAMP/htdocs/umpire/application/tests/models/Report5_test.php" tests="6" assertions="6" errors="0" failures="0" skipped="0" time="1.142675">
        <testcase name="test_GetDataQuery" class="Report5_test" classname="Report5_test" file="/Applications/MAMP/htdocs/umpire/application/tests/models/Report5_test.php" line="10" assertions="1" time="0.492867"/>
        <testcase name="test_GetReportColumnQuery" class="Report5_test" classname="Report5_test" file="/Applications/MAMP/htdocs/umpire/application/tests/models/Report5_test.php" line="30" assertions="1" time="0.208722"/>
        <testcase name="test_GetDataQueryNullParam" class="Report5_test" classname="Report5_test" file="/Applications/MAMP/htdocs/umpire/application/tests/models/Report5_test.php" line="47" assertions="1" time="0.107023"/>
        <testcase name="test_GetDataQueryEmptyParam" class="Report5_test" classname="Report5_test" file="/Applications/MAMP/htdocs/umpire/application/tests/models/Report5_test.php" line="66" assertions="1" time="0.125124"/>
        <testcase name="test_GetReportColumnQueryNullParam" class="Report5_test" classname="Report5_test" file="/Applications/MAMP/htdocs/umpire/application/tests/models/Report5_test.php" line="85" assertions="1" time="0.086862"/>
        <testcase name="test_GetReportColumnQueryEmptyParam" class="Report5_test" classname="Report5_test" file="/Applications/MAMP/htdocs/umpire/application/tests/models/Report5_test.php" line="103" assertions="1" time="0.122077"/>
      </testsuite>
      <testsuite name="Report6_test" file="/Applications/MAMP/htdocs/umpire/application/tests/models/Report6_test.php" tests="6" assertions="6" errors="0" failures="0" skipped="0" time="0.564216">
        <testcase name="test_GetDataQuery" class="Report6_test" classname="Report6_test" file="/Applications/MAMP/htdocs/umpire/application/tests/models/Report6_test.php" line="10" assertions="1" time="0.106337"/>
        <testcase name="test_GetReportColumnQuery" class="Report6_test" classname="Report6_test" file="/Applications/MAMP/htdocs/umpire/application/tests/models/Report6_test.php" line="32" assertions="1" time="0.079387"/>
        <testcase name="test_GetDataQueryNullParam" class="Report6_test" classname="Report6_test" file="/Applications/MAMP/htdocs/umpire/application/tests/models/Report6_test.php" line="51" assertions="1" time="0.122250"/>
        <testcase name="test_GetDataQueryEmptyParam" class="Report6_test" classname="Report6_test" file="/Applications/MAMP/htdocs/umpire/application/tests/models/Report6_test.php" line="70" assertions="1" time="0.099348"/>
        <testcase name="test_GetReportColumnQueryNullParam" class="Report6_test" classname="Report6_test" file="/Applications/MAMP/htdocs/umpire/application/tests/models/Report6_test.php" line="89" assertions="1" time="0.091700"/>
        <testcase name="test_GetReportColumnQueryEmptyParam" class="Report6_test" classname="Report6_test" file="/Applications/MAMP/htdocs/umpire/application/tests/models/Report6_test.php" line="107" assertions="1" time="0.065194"/>
      </testsuite>
      <testsuite name="Report7_test" file="/Applications/MAMP/htdocs/umpire/application/tests/models/Report7_test.php" tests="6" assertions="6" errors="0" failures="0" skipped="0" time="0.441648">
        <testcase name="test_GetDataQuery" class="Report7_test" classname="Report7_test" file="/Applications/MAMP/htdocs/umpire/application/tests/models/Report7_test.php" line="10" assertions="1" time="0.085032"/>
        <testcase name="test_GetReportColumnQuery" class="Report7_test" classname="Report7_test" file="/Applications/MAMP/htdocs/umpire/application/tests/models/Report7_test.php" line="32" assertions="1" time="0.073644"/>
        <testcase name="test_GetDataQueryNullParam" class="Report7_test" classname="Report7_test" file="/Applications/MAMP/htdocs/umpire/application/tests/models/Report7_test.php" line="53" assertions="1" time="0.080490"/>
        <testcase name="test_GetDataQueryEmptyParam" class="Report7_test" classname="Report7_test" file="/Applications/MAMP/htdocs/umpire/application/tests/models/Report7_test.php" line="72" assertions="1" time="0.072096"/>
        <testcase name="test_GetReportColumnQueryNullParam" class="Report7_test" classname="Report7_test" file="/Applications/MAMP/htdocs/umpire/application/tests/models/Report7_test.php" line="91" assertions="1" time="0.069934"/>
        <testcase name="test_GetReportColumnQueryEmptyParam" class="Report7_test" classname="Report7_test" file="/Applications/MAMP/htdocs/umpire/application/tests/models/Report7_test.php" line="109" assertions="1" time="0.060452"/>
      </testsuite>
      <testsuite name="Report8_test" file="/Applications/MAMP/htdocs/umpire/application/tests/models/Report8_test.php" tests="6" assertions="6" errors="0" failures="0" skipped="0" time="0.412446">
        <testcase name="test_GetDataQuery" class="Report8_test" classname="Report8_test" file="/Applications/MAMP/htdocs/umpire/application/tests/models/Report8_test.php" line="10" assertions="1" time="0.074296"/>
        <testcase name="test_GetReportColumnQuery" class="Report8_test" classname="Report8_test" file="/Applications/MAMP/htdocs/umpire/application/tests/models/Report8_test.php" line="20" assertions="1" time="0.085017"/>
        <testcase name="test_GetDataQueryNullParam" class="Report8_test" classname="Report8_test" file="/Applications/MAMP/htdocs/umpire/application/tests/models/Report8_test.php" line="27" assertions="1" time="0.066325"/>
        <testcase name="test_GetDataQueryEmptyParam" class="Report8_test" classname="Report8_test" file="/Applications/MAMP/htdocs/umpire/application/tests/models/Report8_test.php" line="46" assertions="1" time="0.070207"/>
        <testcase name="test_GetReportColumnQueryNullParam" class="Report8_test" classname="Report8_test" file="/Applications/MAMP/htdocs/umpire/application/tests/models/Report8_test.php" line="65" assertions="1" time="0.063400"/>
        <testcase name="test_GetReportColumnQueryEmptyParam" class="Report8_test" classname="Report8_test" file="/Applications/MAMP/htdocs/umpire/application/tests/models/Report8_test.php" line="83" assertions="1" time="0.053201"/>
      </testsuite>
      <testsuite name="Report_display_options_test" file="/Applications/MAMP/htdocs/umpire/application/tests/models/Report_display_options_test.php" tests="14" assertions="14" errors="0" failures="0" skipped="0" time="0.806815">
        <testcase name="test_ColumnGroup" class="Report_display_options_test" classname="Report_display_options_test" file="/Applications/MAMP/htdocs/umpire/application/tests/models/Report_display_options_test.php" line="10" assertions="1" time="0.057382"/>
        <testcase name="test_RowGroup" class="Report_display_options_test" classname="Report_display_options_test" file="/Applications/MAMP/htdocs/umpire/application/tests/models/Report_display_options_test.php" line="16" assertions="1" time="0.048347"/>
        <testcase name="test_FieldToDisplay" class="Report_display_options_test" classname="Report_display_options_test" file="/Applications/MAMP/htdocs/umpire/application/tests/models/Report_display_options_test.php" line="22" assertions="1" time="0.048405"/>
        <testcase name="test_NoDataValue" class="Report_display_options_test" classname="Report_display_options_test" file="/Applications/MAMP/htdocs/umpire/application/tests/models/Report_display_options_test.php" line="28" assertions="1" time="0.063697"/>
        <testcase name="test_MergeColumnGroup" class="Report_display_options_test" classname="Report_display_options_test" file="/Applications/MAMP/htdocs/umpire/application/tests/models/Report_display_options_test.php" line="34" assertions="1" time="0.057217"/>
        <testcase name="test_ColourCells" class="Report_display_options_test" classname="Report_display_options_test" file="/Applications/MAMP/htdocs/umpire/application/tests/models/Report_display_options_test.php" line="40" assertions="1" time="0.058268"/>
        <testcase name="test_ColumnHeadingLabel" class="Report_display_options_test" classname="Report_display_options_test" file="/Applications/MAMP/htdocs/umpire/application/tests/models/Report_display_options_test.php" line="46" assertions="1" time="0.056808"/>
        <testcase name="test_FirstColumnFormat" class="Report_display_options_test" classname="Report_display_options_test" file="/Applications/MAMP/htdocs/umpire/application/tests/models/Report_display_options_test.php" line="52" assertions="1" time="0.053525"/>
        <testcase name="test_ColumnHeadingSizeText" class="Report_display_options_test" classname="Report_display_options_test" file="/Applications/MAMP/htdocs/umpire/application/tests/models/Report_display_options_test.php" line="58" assertions="1" time="0.061461"/>
        <testcase name="test_PDFResolution" class="Report_display_options_test" classname="Report_display_options_test" file="/Applications/MAMP/htdocs/umpire/application/tests/models/Report_display_options_test.php" line="64" assertions="1" time="0.059633"/>
        <testcase name="test_PDFPaperSize" class="Report_display_options_test" classname="Report_display_options_test" file="/Applications/MAMP/htdocs/umpire/application/tests/models/Report_display_options_test.php" line="70" assertions="1" time="0.059115"/>
        <testcase name="test_PDFOrientation" class="Report_display_options_test" classname="Report_display_options_test" file="/Applications/MAMP/htdocs/umpire/application/tests/models/Report_display_options_test.php" line="76" assertions="1" time="0.055282"/>
        <testcase name="test_LastGameDate" class="Report_display_options_test" classname="Report_display_options_test" file="/Applications/MAMP/htdocs/umpire/application/tests/models/Report_display_options_test.php" line="82" assertions="1" time="0.055395"/>
        <testcase name="test_CreateObject" class="Report_display_options_test" classname="Report_display_options_test" file="/Applications/MAMP/htdocs/umpire/application/tests/models/Report_display_options_test.php" line="88" assertions="1" time="0.072280"/>
      </testsuite>
      <testsuite name="Report_factory_test" file="/Applications/MAMP/htdocs/umpire/application/tests/models/Report_factory_test.php" tests="13" assertions="13" errors="0" failures="0" skipped="0" time="0.693774">
        <testcase name="test_Report1" class="Report_factory_test" classname="Report_factory_test" file="/Applications/MAMP/htdocs/umpire/application/tests/models/Report_factory_test.php" line="17" assertions="1" time="0.052865"/>
        <testcase name="test_Report2" class="Report_factory_test" classname="Report_factory_test" file="/Applications/MAMP/htdocs/umpire/application/tests/models/Report_factory_test.php" line="22" assertions="1" time="0.042229"/>
        <testcase name="test_Report3" class="Report_factory_test" classname="Report_factory_test" file="/Applications/MAMP/htdocs/umpire/application/tests/models/Report_factory_test.php" line="27" assertions="1" time="0.059351"/>
        <testcase name="test_Report4" class="Report_factory_test" classname="Report_factory_test" file="/Applications/MAMP/htdocs/umpire/application/tests/models/Report_factory_test.php" line="32" assertions="1" time="0.078840"/>
        <testcase name="test_Report5" class="Report_factory_test" classname="Report_factory_test" file="/Applications/MAMP/htdocs/umpire/application/tests/models/Report_factory_test.php" line="37" assertions="1" time="0.055868"/>
        <testcase name="test_Report6" class="Report_factory_test" classname="Report_factory_test" file="/Applications/MAMP/htdocs/umpire/application/tests/models/Report_factory_test.php" line="42" assertions="1" time="0.070229"/>
        <testcase name="test_Report7" class="Report_factory_test" classname="Report_factory_test" file="/Applications/MAMP/htdocs/umpire/application/tests/models/Report_factory_test.php" line="47" assertions="1" time="0.058532"/>
        <testcase name="test_Report8" class="Report_factory_test" classname="Report_factory_test" file="/Applications/MAMP/htdocs/umpire/application/tests/models/Report_factory_test.php" line="52" assertions="1" time="0.043547"/>
        <testcase name="test_Report9" class="Report_factory_test" classname="Report_factory_test" file="/Applications/MAMP/htdocs/umpire/application/tests/models/Report_factory_test.php" line="57" assertions="1" time="0.051520"/>
        <testcase name="test_ReportDecimal" class="Report_factory_test" classname="Report_factory_test" file="/Applications/MAMP/htdocs/umpire/application/tests/models/Report_factory_test.php" line="62" assertions="1" time="0.054540"/>
        <testcase name="test_ReportZero" class="Report_factory_test" classname="Report_factory_test" file="/Applications/MAMP/htdocs/umpire/application/tests/models/Report_factory_test.php" line="67" assertions="1" time="0.039281"/>
        <testcase name="test_ReportText" class="Report_factory_test" classname="Report_factory_test" file="/Applications/MAMP/htdocs/umpire/application/tests/models/Report_factory_test.php" line="72" assertions="1" time="0.048865"/>
        <testcase name="test_ReportNull" class="Report_factory_test" classname="Report_factory_test" file="/Applications/MAMP/htdocs/umpire/application/tests/models/Report_factory_test.php" line="77" assertions="1" time="0.038107"/>
      </testsuite>
      <testsuite name="Report_filter_parameter_test" file="/Applications/MAMP/htdocs/umpire/application/tests/models/Report_filter_parameter_test.php" tests="15" assertions="15" errors="0" failures="0" skipped="0" time="0.668512">
        <testcase name="test_dummy" class="Report_filter_parameter_test" classname="Report_filter_parameter_test" file="/Applications/MAMP/htdocs/umpire/application/tests/models/Report_filter_parameter_test.php" line="9" assertions="1" time="0.041246"/>
        <testcase name="test_createFilterParameter_ValuesOKSQL" class="Report_filter_parameter_test" classname="Report_filter_parameter_test" file="/Applications/MAMP/htdocs/umpire/application/tests/models/Report_filter_parameter_test.php" line="13" assertions="1" time="0.038119"/>
        <testcase name="test_createFilterParameter_ValuesOKDisplay" class="Report_filter_parameter_test" classname="Report_filter_parameter_test" file="/Applications/MAMP/htdocs/umpire/application/tests/models/Report_filter_parameter_test.php" line="23" assertions="1" time="0.043888"/>
        <testcase name="test_createFilterParameter_SingleValueSQL" class="Report_filter_parameter_test" classname="Report_filter_parameter_test" file="/Applications/MAMP/htdocs/umpire/application/tests/models/Report_filter_parameter_test.php" line="33" assertions="1" time="0.040311"/>
        <testcase name="test_createFilterParameter_SingleValueDisplay" class="Report_filter_parameter_test" classname="Report_filter_parameter_test" file="/Applications/MAMP/htdocs/umpire/application/tests/models/Report_filter_parameter_test.php" line="43" assertions="1" time="0.041895"/>
        <testcase name="test_createFilterParameter_ValuesOKPDFSQL" class="Report_filter_parameter_test" classname="Report_filter_parameter_test" file="/Applications/MAMP/htdocs/umpire/application/tests/models/Report_filter_parameter_test.php" line="55" assertions="1" time="0.075014"/>
        <testcase name="test_createFilterParameter_SingleValuePDFSQL" class="Report_filter_parameter_test" classname="Report_filter_parameter_test" file="/Applications/MAMP/htdocs/umpire/application/tests/models/Report_filter_parameter_test.php" line="84" assertions="1" time="0.042424"/>
        <testcase name="test_createFilterParameter_SeveralValuesRegionSQL" class="Report_filter_parameter_test" classname="Report_filter_parameter_test" file="/Applications/MAMP/htdocs/umpire/application/tests/models/Report_filter_parameter_test.php" line="105" assertions="1" time="0.050443"/>
        <testcase name="test_createFilterParameter_SeveralValuesRegionDisplay" class="Report_filter_parameter_test" classname="Report_filter_parameter_test" file="/Applications/MAMP/htdocs/umpire/application/tests/models/Report_filter_parameter_test.php" line="115" assertions="1" time="0.062625"/>
        <testcase name="test_createFilterParameter_SingleArrayValueRegionSQL" class="Report_filter_parameter_test" classname="Report_filter_parameter_test" file="/Applications/MAMP/htdocs/umpire/application/tests/models/Report_filter_parameter_test.php" line="125" assertions="1" time="0.036493"/>
        <testcase name="test_createFilterParameter_SingleArrayValueRegionDisplay" class="Report_filter_parameter_test" classname="Report_filter_parameter_test" file="/Applications/MAMP/htdocs/umpire/application/tests/models/Report_filter_parameter_test.php" line="135" assertions="1" time="0.035429"/>
        <testcase name="test_createFilterParameter_SingleValueRegionSQL" class="Report_filter_parameter_test" classname="Report_filter_parameter_test" file="/Applications/MAMP/htdocs/umpire/application/tests/models/Report_filter_parameter_test.php" line="145" assertions="1" time="0.034761"/>
        <testcase name="test_createFilterParameter_SingleValueRegionDisplay" class="Report_filter_parameter_test" classname="Report_filter_parameter_test" file="/Applications/MAMP/htdocs/umpire/application/tests/models/Report_filter_parameter_test.php" line="155" assertions="1" time="0.034188"/>
        <testcase name="test_createFilterParameter_StringSQL" class="Report_filter_parameter_test" classname="Report_filter_parameter_test" file="/Applications/MAMP/htdocs/umpire/application/tests/models/Report_filter_parameter_test.php" line="165" assertions="1" time="0.034349"/>
        <testcase name="test_createFilterParameter_EmptyArraySQL" class="Report_filter_parameter_test" classname="Report_filter_parameter_test" file="/Applications/MAMP/htdocs/umpire/application/tests/models/Report_filter_parameter_test.php" line="173" assertions="1" time="0.057327"/>
      </testsuite>
      <testsuite name="Report_grouping_structure_test" file="/Applications/MAMP/htdocs/umpire/application/tests/models/Report_grouping_structure_test.php" tests="10" assertions="10" errors="0" failures="0" skipped="0" time="0.460784">
        <testcase name="test_ObjectType" class="Report_grouping_structure_test" classname="Report_grouping_structure_test" file="/Applications/MAMP/htdocs/umpire/application/tests/models/Report_grouping_structure_test.php" line="8" assertions="1" time="0.053619"/>
        <testcase name="test_ReportGroupingStructureID" class="Report_grouping_structure_test" classname="Report_grouping_structure_test" file="/Applications/MAMP/htdocs/umpire/application/tests/models/Report_grouping_structure_test.php" line="15" assertions="1" time="0.062387"/>
        <testcase name="test_GroupingType" class="Report_grouping_structure_test" classname="Report_grouping_structure_test" file="/Applications/MAMP/htdocs/umpire/application/tests/models/Report_grouping_structure_test.php" line="23" assertions="1" time="0.046341"/>
        <testcase name="test_FieldName" class="Report_grouping_structure_test" classname="Report_grouping_structure_test" file="/Applications/MAMP/htdocs/umpire/application/tests/models/Report_grouping_structure_test.php" line="31" assertions="1" time="0.081912"/>
        <testcase name="test_FieldGroupOrder" class="Report_grouping_structure_test" classname="Report_grouping_structure_test" file="/Applications/MAMP/htdocs/umpire/application/tests/models/Report_grouping_structure_test.php" line="40" assertions="1" time="0.038268"/>
        <testcase name="test_MergeField" class="Report_grouping_structure_test" classname="Report_grouping_structure_test" file="/Applications/MAMP/htdocs/umpire/application/tests/models/Report_grouping_structure_test.php" line="49" assertions="1" time="0.038542"/>
        <testcase name="test_GroupHeading" class="Report_grouping_structure_test" classname="Report_grouping_structure_test" file="/Applications/MAMP/htdocs/umpire/application/tests/models/Report_grouping_structure_test.php" line="58" assertions="1" time="0.048292"/>
        <testcase name="test_GroupSizeText" class="Report_grouping_structure_test" classname="Report_grouping_structure_test" file="/Applications/MAMP/htdocs/umpire/application/tests/models/Report_grouping_structure_test.php" line="67" assertions="1" time="0.031022"/>
        <testcase name="test_NullParams" class="Report_grouping_structure_test" classname="Report_grouping_structure_test" file="/Applications/MAMP/htdocs/umpire/application/tests/models/Report_grouping_structure_test.php" line="75" assertions="1" time="0.028910"/>
        <testcase name="test_EmptyStringParams" class="Report_grouping_structure_test" classname="Report_grouping_structure_test" file="/Applications/MAMP/htdocs/umpire/application/tests/models/Report_grouping_structure_test.php" line="83" assertions="1" time="0.031491"/>
      </testsuite>
      <testsuite name="Report_instance_test" file="/Applications/MAMP/htdocs/umpire/application/tests/models/Report_instance_test.php" tests="2" assertions="7" errors="0" failures="0" skipped="0" time="0.156800">
        <testcase name="test_SetReportType" class="Report_instance_test" classname="Report_instance_test" file="/Applications/MAMP/htdocs/umpire/application/tests/models/Report_instance_test.php" line="10" assertions="3" time="0.072074"/>
        <testcase name="test_LoadReportResults" class="Report_instance_test" classname="Report_instance_test" file="/Applications/MAMP/htdocs/umpire/application/tests/models/Report_instance_test.php" line="39" assertions="4" time="0.084726"/>
      </testsuite>
      <testsuite name="Report_param_loader_test" file="/Applications/MAMP/htdocs/umpire/application/tests/models/Report_param_loader_test.php" tests="7" assertions="8" errors="0" failures="0" skipped="0" time="0.316171">
        <testcase name="test_GetReportParameter" class="Report_param_loader_test" classname="Report_param_loader_test" file="/Applications/MAMP/htdocs/umpire/application/tests/models/Report_param_loader_test.php" line="12" assertions="1" time="0.048776"/>
        <testcase name="test_GetReportGroupingStructureArray" class="Report_param_loader_test" classname="Report_param_loader_test" file="/Applications/MAMP/htdocs/umpire/application/tests/models/Report_param_loader_test.php" line="19" assertions="2" time="0.040084"/>
        <testcase name="test_loadAllParametersTest" class="Report_param_loader_test" classname="Report_param_loader_test" file="/Applications/MAMP/htdocs/umpire/application/tests/models/Report_param_loader_test.php" line="30" assertions="1" time="0.042430"/>
        <testcase name="test_loadAllParametersTestV2" class="Report_param_loader_test" classname="Report_param_loader_test" file="/Applications/MAMP/htdocs/umpire/application/tests/models/Report_param_loader_test.php" line="41" assertions="1" time="0.042606"/>
        <testcase name="test_loadAllParametersTestNotFound" class="Report_param_loader_test" classname="Report_param_loader_test" file="/Applications/MAMP/htdocs/umpire/application/tests/models/Report_param_loader_test.php" line="52" assertions="1" time="0.053175"/>
        <testcase name="test_loadAllGroupingStructuresForReport" class="Report_param_loader_test" classname="Report_param_loader_test" file="/Applications/MAMP/htdocs/umpire/application/tests/models/Report_param_loader_test.php" line="60" assertions="1" time="0.043321"/>
        <testcase name="test_loadAllGroupingStructuresForReportNotFound" class="Report_param_loader_test" classname="Report_param_loader_test" file="/Applications/MAMP/htdocs/umpire/application/tests/models/Report_param_loader_test.php" line="71" assertions="1" time="0.045779"/>
      </testsuite>
      <testsuite name="Report_parameter_test" file="/Applications/MAMP/htdocs/umpire/application/tests/models/Report_parameter_test.php" tests="8" assertions="8" errors="0" failures="0" skipped="0" time="0.396358">
        <testcase name="test_ReportTitle" class="Report_parameter_test" classname="Report_parameter_test" file="/Applications/MAMP/htdocs/umpire/application/tests/models/Report_parameter_test.php" line="20" assertions="1" time="0.048450"/>
        <testcase name="test_ValueFieldID" class="Report_parameter_test" classname="Report_parameter_test" file="/Applications/MAMP/htdocs/umpire/application/tests/models/Report_parameter_test.php" line="27" assertions="1" time="0.035625"/>
        <testcase name="test_NoValueDisplay" class="Report_parameter_test" classname="Report_parameter_test" file="/Applications/MAMP/htdocs/umpire/application/tests/models/Report_parameter_test.php" line="34" assertions="1" time="0.032302"/>
        <testcase name="test_FirstColumnFormat" class="Report_parameter_test" classname="Report_parameter_test" file="/Applications/MAMP/htdocs/umpire/application/tests/models/Report_parameter_test.php" line="41" assertions="1" time="0.066734"/>
        <testcase name="test_ColourCells" class="Report_parameter_test" classname="Report_parameter_test" file="/Applications/MAMP/htdocs/umpire/application/tests/models/Report_parameter_test.php" line="48" assertions="1" time="0.061937"/>
        <testcase name="test_PDFOrientation" class="Report_parameter_test" classname="Report_parameter_test" file="/Applications/MAMP/htdocs/umpire/application/tests/models/Report_parameter_test.php" line="55" assertions="1" time="0.047353"/>
        <testcase name="test_PDFPaperSize" class="Report_parameter_test" classname="Report_parameter_test" file="/Applications/MAMP/htdocs/umpire/application/tests/models/Report_parameter_test.php" line="62" assertions="1" time="0.056936"/>
        <testcase name="test_PDFResolution" class="Report_parameter_test" classname="Report_parameter_test" file="/Applications/MAMP/htdocs/umpire/application/tests/models/Report_parameter_test.php" line="69" assertions="1" time="0.047021"/>
      </testsuite>
      <testsuite name="Report_populator_model_test" file="/Applications/MAMP/htdocs/umpire/application/tests/models/Report_populator_model_test.php" tests="1" assertions="1" errors="0" failures="0" skipped="0" time="0.059807">
        <testcase name="test_dummy" class="Report_populator_model_test" classname="Report_populator_model_test" file="/Applications/MAMP/htdocs/umpire/application/tests/models/Report_populator_model_test.php" line="10" assertions="1" time="0.059807"/>
      </testsuite>
      <testsuite name="Report_selection_parameter_test" file="/Applications/MAMP/htdocs/umpire/application/tests/models/Report_selection_parameter_test.php" tests="8" assertions="14" errors="0" failures="0" skipped="0" time="0.427015">
        <testcase name="test_createReportSelectionParameterID" class="Report_selection_parameter_test" classname="Report_selection_parameter_test" file="/Applications/MAMP/htdocs/umpire/application/tests/models/Report_selection_parameter_test.php" line="8" assertions="1" time="0.050567"/>
        <testcase name="test_createReportSelectionParameterName" class="Report_selection_parameter_test" classname="Report_selection_parameter_test" file="/Applications/MAMP/htdocs/umpire/application/tests/models/Report_selection_parameter_test.php" line="20" assertions="1" time="0.051428"/>
        <testcase name="test_createReportSelectionParameterDisplayOrder" class="Report_selection_parameter_test" classname="Report_selection_parameter_test" file="/Applications/MAMP/htdocs/umpire/application/tests/models/Report_selection_parameter_test.php" line="32" assertions="1" time="0.049875"/>
        <testcase name="test_createReportSelectionParameterAllowMultiple" class="Report_selection_parameter_test" classname="Report_selection_parameter_test" file="/Applications/MAMP/htdocs/umpire/application/tests/models/Report_selection_parameter_test.php" line="44" assertions="1" time="0.051534"/>
        <testcase name="test_createReportSelectionParameterIDNull" class="Report_selection_parameter_test" classname="Report_selection_parameter_test" file="/Applications/MAMP/htdocs/umpire/application/tests/models/Report_selection_parameter_test.php" line="56" assertions="1" time="0.056309"/>
        <testcase name="test_createReportSelectionParameterIDEmpty" class="Report_selection_parameter_test" classname="Report_selection_parameter_test" file="/Applications/MAMP/htdocs/umpire/application/tests/models/Report_selection_parameter_test.php" line="68" assertions="1" time="0.042609"/>
        <testcase name="test_initialiseSelectableReportOptions_OneValue" class="Report_selection_parameter_test" classname="Report_selection_parameter_test" file="/Applications/MAMP/htdocs/umpire/application/tests/models/Report_selection_parameter_test.php" line="80" assertions="3" time="0.060526"/>
        <testcase name="test_initialiseSelectableReportOptions_TwoValues" class="Report_selection_parameter_test" classname="Report_selection_parameter_test" file="/Applications/MAMP/htdocs/umpire/application/tests/models/Report_selection_parameter_test.php" line="107" assertions="5" time="0.064167"/>
      </testsuite>
      <testsuite name="Report_selection_test" file="/Applications/MAMP/htdocs/umpire/application/tests/models/Report_selection_test.php" tests="19" assertions="19" errors="0" failures="0" skipped="0" time="0.878481">
        <testcase name="test_CreateReportSelection" class="Report_selection_test" classname="Report_selection_test" file="/Applications/MAMP/htdocs/umpire/application/tests/models/Report_selection_test.php" line="8" assertions="1" time="0.047898"/>
        <testcase name="test_CreateReportSelectionEmptyID" class="Report_selection_test" classname="Report_selection_test" file="/Applications/MAMP/htdocs/umpire/application/tests/models/Report_selection_test.php" line="22" assertions="1" time="0.046919"/>
        <testcase name="test_CreateReportSelectionNullID" class="Report_selection_test" classname="Report_selection_test" file="/Applications/MAMP/htdocs/umpire/application/tests/models/Report_selection_test.php" line="35" assertions="1" time="0.055664"/>
        <testcase name="test_CreateReportSelectionTextID" class="Report_selection_test" classname="Report_selection_test" file="/Applications/MAMP/htdocs/umpire/application/tests/models/Report_selection_test.php" line="48" assertions="1" time="0.036603"/>
        <testcase name="test_CreateReportSelectionZeroEnabled" class="Report_selection_test" classname="Report_selection_test" file="/Applications/MAMP/htdocs/umpire/application/tests/models/Report_selection_test.php" line="61" assertions="1" time="0.068344"/>
        <testcase name="test_CreateReportSelectionRegionEnabledTwo" class="Report_selection_test" classname="Report_selection_test" file="/Applications/MAMP/htdocs/umpire/application/tests/models/Report_selection_test.php" line="75" assertions="1" time="0.041479"/>
        <testcase name="test_CreateReportSelectionLeagueEnabledTwo" class="Report_selection_test" classname="Report_selection_test" file="/Applications/MAMP/htdocs/umpire/application/tests/models/Report_selection_test.php" line="88" assertions="1" time="0.043444"/>
        <testcase name="test_CreateReportSelectionAgeGroupEnabledTwo" class="Report_selection_test" classname="Report_selection_test" file="/Applications/MAMP/htdocs/umpire/application/tests/models/Report_selection_test.php" line="101" assertions="1" time="0.034748"/>
        <testcase name="test_CreateReportSelectionUmpireTypeEnabledTwo" class="Report_selection_test" classname="Report_selection_test" file="/Applications/MAMP/htdocs/umpire/application/tests/models/Report_selection_test.php" line="114" assertions="1" time="0.030987"/>
        <testcase name="test_CreateReportSelectionRegionEnabledText" class="Report_selection_test" classname="Report_selection_test" file="/Applications/MAMP/htdocs/umpire/application/tests/models/Report_selection_test.php" line="127" assertions="1" time="0.047178"/>
        <testcase name="test_CreateReportSelectionLeagueEnabledText" class="Report_selection_test" classname="Report_selection_test" file="/Applications/MAMP/htdocs/umpire/application/tests/models/Report_selection_test.php" line="140" assertions="1" time="0.040013"/>
        <testcase name="test_CreateReportSelectionAgeGroupEnabledText" class="Report_selection_test" classname="Report_selection_test" file="/Applications/MAMP/htdocs/umpire/application/tests/models/Report_selection_test.php" line="153" assertions="1" time="0.042996"/>
        <testcase name="test_CreateReportSelectionUmpireTypeEnabledText" class="Report_selection_test" classname="Report_selection_test" file="/Applications/MAMP/htdocs/umpire/application/tests/models/Report_selection_test.php" line="166" assertions="1" time="0.047976"/>
        <testcase name="test_CreateReportSelectionIDName" class="Report_selection_test" classname="Report_selection_test" file="/Applications/MAMP/htdocs/umpire/application/tests/models/Report_selection_test.php" line="179" assertions="1" time="0.045811"/>
        <testcase name="test_CreateReportSelectionName" class="Report_selection_test" classname="Report_selection_test" file="/Applications/MAMP/htdocs/umpire/application/tests/models/Report_selection_test.php" line="188" assertions="1" time="0.036832"/>
        <testcase name="test_CreateReportSelectionRegion" class="Report_selection_test" classname="Report_selection_test" file="/Applications/MAMP/htdocs/umpire/application/tests/models/Report_selection_test.php" line="202" assertions="1" time="0.071401"/>
        <testcase name="test_CreateReportSelectionLeague" class="Report_selection_test" classname="Report_selection_test" file="/Applications/MAMP/htdocs/umpire/application/tests/models/Report_selection_test.php" line="216" assertions="1" time="0.047880"/>
        <testcase name="test_CreateReportSelectionAgeGroup" class="Report_selection_test" classname="Report_selection_test" file="/Applications/MAMP/htdocs/umpire/application/tests/models/Report_selection_test.php" line="230" assertions="1" time="0.042928"/>
        <testcase name="test_CreateReportSelectionUmpireType" class="Report_selection_test" classname="Report_selection_test" file="/Applications/MAMP/htdocs/umpire/application/tests/models/Report_selection_test.php" line="244" assertions="1" time="0.049380"/>
      </testsuite>
      <testsuite name="Requested_report_model_test" file="/Applications/MAMP/htdocs/umpire/application/tests/models/Requested_report_model_test.php" tests="10" assertions="10" errors="0" failures="0" skipped="0" time="0.399078">
        <testcase name="test_ReportNumber" class="Requested_report_model_test" classname="Requested_report_model_test" file="/Applications/MAMP/htdocs/umpire/application/tests/models/Requested_report_model_test.php" line="8" assertions="1" time="0.040976"/>
        <testcase name="test_Season" class="Requested_report_model_test" classname="Requested_report_model_test" file="/Applications/MAMP/htdocs/umpire/application/tests/models/Requested_report_model_test.php" line="23" assertions="1" time="0.044903"/>
        <testcase name="test_Region" class="Requested_report_model_test" classname="Requested_report_model_test" file="/Applications/MAMP/htdocs/umpire/application/tests/models/Requested_report_model_test.php" line="38" assertions="1" time="0.045052"/>
        <testcase name="test_AgeGroup" class="Requested_report_model_test" classname="Requested_report_model_test" file="/Applications/MAMP/htdocs/umpire/application/tests/models/Requested_report_model_test.php" line="53" assertions="1" time="0.043021"/>
        <testcase name="test_UmpireType" class="Requested_report_model_test" classname="Requested_report_model_test" file="/Applications/MAMP/htdocs/umpire/application/tests/models/Requested_report_model_test.php" line="68" assertions="1" time="0.042804"/>
        <testcase name="test_League" class="Requested_report_model_test" classname="Requested_report_model_test" file="/Applications/MAMP/htdocs/umpire/application/tests/models/Requested_report_model_test.php" line="83" assertions="1" time="0.040267"/>
        <testcase name="test_PDFMode" class="Requested_report_model_test" classname="Requested_report_model_test" file="/Applications/MAMP/htdocs/umpire/application/tests/models/Requested_report_model_test.php" line="98" assertions="1" time="0.030470"/>
        <testcase name="test_ReportNumberText" class="Requested_report_model_test" classname="Requested_report_model_test" file="/Applications/MAMP/htdocs/umpire/application/tests/models/Requested_report_model_test.php" line="113" assertions="1" time="0.029311"/>
        <testcase name="test_SeasonText" class="Requested_report_model_test" classname="Requested_report_model_test" file="/Applications/MAMP/htdocs/umpire/application/tests/models/Requested_report_model_test.php" line="126" assertions="1" time="0.046597"/>
        <testcase name="test_PDFModeText" class="Requested_report_model_test" classname="Requested_report_model_test" file="/Applications/MAMP/htdocs/umpire/application/tests/models/Requested_report_model_test.php" line="139" assertions="1" time="0.035677"/>
      </testsuite>
      <testsuite name="Season_test" file="/Applications/MAMP/htdocs/umpire/application/tests/models/Season_test.php" tests="8" assertions="9" errors="0" failures="0" skipped="0" time="0.330469">
        <testcase name="test_SeasonID" class="Season_test" classname="Season_test" file="/Applications/MAMP/htdocs/umpire/application/tests/models/Season_test.php" line="8" assertions="1" time="0.037589"/>
        <testcase name="test_SeasonIDText" class="Season_test" classname="Season_test" file="/Applications/MAMP/htdocs/umpire/application/tests/models/Season_test.php" line="17" assertions="1" time="0.034621"/>
        <testcase name="test_SeasonYearEarly" class="Season_test" classname="Season_test" file="/Applications/MAMP/htdocs/umpire/application/tests/models/Season_test.php" line="26" assertions="1" time="0.037117"/>
        <testcase name="test_SeasonYearMin" class="Season_test" classname="Season_test" file="/Applications/MAMP/htdocs/umpire/application/tests/models/Season_test.php" line="33" assertions="1" time="0.039325"/>
        <testcase name="test_SeasonYearRecent" class="Season_test" classname="Season_test" file="/Applications/MAMP/htdocs/umpire/application/tests/models/Season_test.php" line="42" assertions="1" time="0.063657"/>
        <testcase name="test_SeasonYearFuture" class="Season_test" classname="Season_test" file="/Applications/MAMP/htdocs/umpire/application/tests/models/Season_test.php" line="51" assertions="1" time="0.036880"/>
        <testcase name="test_SeasonYearText" class="Season_test" classname="Season_test" file="/Applications/MAMP/htdocs/umpire/application/tests/models/Season_test.php" line="60" assertions="1" time="0.040696"/>
        <testcase name="test_CreateSeasonFromID" class="Season_test" classname="Season_test" file="/Applications/MAMP/htdocs/umpire/application/tests/models/Season_test.php" line="67" assertions="2" time="0.040584"/>
      </testsuite>
      <testsuite name="Selectable_report_option_test" file="/Applications/MAMP/htdocs/umpire/application/tests/models/Selectable_report_option_test.php" tests="3" assertions="3" errors="0" failures="0" skipped="0" time="0.108925">
        <testcase name="test_OptionName" class="Selectable_report_option_test" classname="Selectable_report_option_test" file="/Applications/MAMP/htdocs/umpire/application/tests/models/Selectable_report_option_test.php" line="11" assertions="1" time="0.036812"/>
        <testcase name="test_OptionValue" class="Selectable_report_option_test" classname="Selectable_report_option_test" file="/Applications/MAMP/htdocs/umpire/application/tests/models/Selectable_report_option_test.php" line="17" assertions="1" time="0.030812"/>
        <testcase name="test_OptionDisplayOrder" class="Selectable_report_option_test" classname="Selectable_report_option_test" file="/Applications/MAMP/htdocs/umpire/application/tests/models/Selectable_report_option_test.php" line="23" assertions="1" time="0.041301"/>
      </testsuite>
      <testsuite name="Table_operation_test" file="/Applications/MAMP/htdocs/umpire/application/tests/models/Table_operation_test.php" tests="5" assertions="5" errors="0" failures="0" skipped="0" time="0.190489">
        <testcase name="test_ImportedFileID" class="Table_operation_test" classname="Table_operation_test" file="/Applications/MAMP/htdocs/umpire/application/tests/models/Table_operation_test.php" line="12" assertions="1" time="0.039025"/>
        <testcase name="test_ProcessedTableID" class="Table_operation_test" classname="Table_operation_test" file="/Applications/MAMP/htdocs/umpire/application/tests/models/Table_operation_test.php" line="18" assertions="1" time="0.035346"/>
        <testcase name="test_OperationID" class="Table_operation_test" classname="Table_operation_test" file="/Applications/MAMP/htdocs/umpire/application/tests/models/Table_operation_test.php" line="24" assertions="1" time="0.036415"/>
        <testcase name="test_OperationDateTime" class="Table_operation_test" classname="Table_operation_test" file="/Applications/MAMP/htdocs/umpire/application/tests/models/Table_operation_test.php" line="30" assertions="1" time="0.033597"/>
        <testcase name="test_RowCount" class="Table_operation_test" classname="Table_operation_test" file="/Applications/MAMP/htdocs/umpire/application/tests/models/Table_operation_test.php" line="36" assertions="1" time="0.046106"/>
      </testsuite>
      <testsuite name="Umpire_test" file="/Applications/MAMP/htdocs/umpire/application/tests/models/Umpire_test.php" tests="11" assertions="11" errors="0" failures="0" skipped="0" time="0.437823">
        <testcase name="test_ID" class="Umpire_test" classname="Umpire_test" file="/Applications/MAMP/htdocs/umpire/application/tests/models/Umpire_test.php" line="15" assertions="1" time="0.043855"/>
        <testcase name="test_FirstName" class="Umpire_test" classname="Umpire_test" file="/Applications/MAMP/htdocs/umpire/application/tests/models/Umpire_test.php" line="23" assertions="1" time="0.036968"/>
        <testcase name="test_LastName" class="Umpire_test" classname="Umpire_test" file="/Applications/MAMP/htdocs/umpire/application/tests/models/Umpire_test.php" line="31" assertions="1" time="0.055622"/>
        <testcase name="test_GamesPlayedPrior" class="Umpire_test" classname="Umpire_test" file="/Applications/MAMP/htdocs/umpire/application/tests/models/Umpire_test.php" line="40" assertions="1" time="0.039825"/>
        <testcase name="test_GamesPlayedPriorText" class="Umpire_test" classname="Umpire_test" file="/Applications/MAMP/htdocs/umpire/application/tests/models/Umpire_test.php" line="48" assertions="1" time="0.032306"/>
        <testcase name="test_GamesPlayedOtherLeagues" class="Umpire_test" classname="Umpire_test" file="/Applications/MAMP/htdocs/umpire/application/tests/models/Umpire_test.php" line="56" assertions="1" time="0.032949"/>
        <testcase name="test_GamesPlayedOtherLeaguesText" class="Umpire_test" classname="Umpire_test" file="/Applications/MAMP/htdocs/umpire/application/tests/models/Umpire_test.php" line="64" assertions="1" time="0.043311"/>
        <testcase name="test_OldGamesPlayedPrior" class="Umpire_test" classname="Umpire_test" file="/Applications/MAMP/htdocs/umpire/application/tests/models/Umpire_test.php" line="72" assertions="1" time="0.042165"/>
        <testcase name="test_OldGamesPlayedPriorText" class="Umpire_test" classname="Umpire_test" file="/Applications/MAMP/htdocs/umpire/application/tests/models/Umpire_test.php" line="80" assertions="1" time="0.044154"/>
        <testcase name="test_OldGamesPlayedOtherLeagues" class="Umpire_test" classname="Umpire_test" file="/Applications/MAMP/htdocs/umpire/application/tests/models/Umpire_test.php" line="88" assertions="1" time="0.034875"/>
        <testcase name="test_OldGamesPlayedOtherLeaguesText" class="Umpire_test" classname="Umpire_test" file="/Applications/MAMP/htdocs/umpire/application/tests/models/Umpire_test.php" line="96" assertions="1" time="0.031792"/>
      </testsuite>
      <testsuite name="Umpireadminmodel_test" file="/Applications/MAMP/htdocs/umpire/application/tests/models/Umpireadminmodel_test.php" tests="8" assertions="45" errors="0" failures="0" skipped="0" time="0.375830">
        <testcase name="test_GetAllUmpiresAndValues_ManyRecords" class="Umpireadminmodel_test" classname="Umpireadminmodel_test" file="/Applications/MAMP/htdocs/umpire/application/tests/models/Umpireadminmodel_test.php" line="12" assertions="4" time="0.058318"/>
        <testcase name="test_GetAllUmpiresAndValues_NoRecords" class="Umpireadminmodel_test" classname="Umpireadminmodel_test" file="/Applications/MAMP/htdocs/umpire/application/tests/models/Umpireadminmodel_test.php" line="32" assertions="1" time="0.043595"/>
        <testcase name="test_UpdateUmpireValues_Valid" class="Umpireadminmodel_test" classname="Umpireadminmodel_test" file="/Applications/MAMP/htdocs/umpire/application/tests/models/Umpireadminmodel_test.php" line="39" assertions="9" time="0.047013"/>
        <testcase name="test_UpdateUmpireValues_NoValuesInArray" class="Umpireadminmodel_test" classname="Umpireadminmodel_test" file="/Applications/MAMP/htdocs/umpire/application/tests/models/Umpireadminmodel_test.php" line="74" assertions="3" time="0.044768"/>
        <testcase name="test_UpdateUmpireValues_NoMatchingUmpires" class="Umpireadminmodel_test" classname="Umpireadminmodel_test" file="/Applications/MAMP/htdocs/umpire/application/tests/models/Umpireadminmodel_test.php" line="89" assertions="9" time="0.047094"/>
        <testcase name="test_UpdateUmpireValues_ArrayHasText" class="Umpireadminmodel_test" classname="Umpireadminmodel_test" file="/Applications/MAMP/htdocs/umpire/application/tests/models/Umpireadminmodel_test.php" line="116" assertions="1" time="0.038726"/>
        <testcase name="test_UpdateUmpireValues_MultipleUpdates" class="Umpireadminmodel_test" classname="Umpireadminmodel_test" file="/Applications/MAMP/htdocs/umpire/application/tests/models/Umpireadminmodel_test.php" line="132" assertions="9" time="0.047573"/>
        <testcase name="test_UpdateUmpireValues_NoChanges" class="Umpireadminmodel_test" classname="Umpireadminmodel_test" file="/Applications/MAMP/htdocs/umpire/application/tests/models/Umpireadminmodel_test.php" line="166" assertions="9" time="0.048743"/>
      </testsuite>
      <testsuite name="User_admin_model_test" file="/Applications/MAMP/htdocs/umpire/application/tests/models/User_admin_test.php" tests="39" assertions="73" errors="0" failures="0" skipped="0" time="1.815355">
        <testcase name="test_GetAllUsers" class="User_admin_model_test" classname="User_admin_model_test" file="/Applications/MAMP/htdocs/umpire/application/tests/models/User_admin_test.php" line="11" assertions="4" time="0.092885"/>
        <testcase name="test_GetAllUsersArrayEmpty" class="User_admin_model_test" classname="User_admin_model_test" file="/Applications/MAMP/htdocs/umpire/application/tests/models/User_admin_test.php" line="32" assertions="1" time="0.041776"/>
        <testcase name="test_GetRoleArray" class="User_admin_model_test" classname="User_admin_model_test" file="/Applications/MAMP/htdocs/umpire/application/tests/models/User_admin_test.php" line="41" assertions="4" time="0.049215"/>
        <testcase name="test_GetRoleArrayEmpty" class="User_admin_model_test" classname="User_admin_model_test" file="/Applications/MAMP/htdocs/umpire/application/tests/models/User_admin_test.php" line="57" assertions="1" time="0.046817"/>
        <testcase name="test_GetReportArray" class="User_admin_model_test" classname="User_admin_model_test" file="/Applications/MAMP/htdocs/umpire/application/tests/models/User_admin_test.php" line="66" assertions="3" time="0.044971"/>
        <testcase name="test_GetReportArrayEmpty" class="User_admin_model_test" classname="User_admin_model_test" file="/Applications/MAMP/htdocs/umpire/application/tests/models/User_admin_test.php" line="81" assertions="1" time="0.044121"/>
        <testcase name="test_GetRegionArray" class="User_admin_model_test" classname="User_admin_model_test" file="/Applications/MAMP/htdocs/umpire/application/tests/models/User_admin_test.php" line="89" assertions="2" time="0.042338"/>
        <testcase name="test_GetRegionArrayEmpty" class="User_admin_model_test" classname="User_admin_model_test" file="/Applications/MAMP/htdocs/umpire/application/tests/models/User_admin_test.php" line="103" assertions="1" time="0.039743"/>
        <testcase name="test_GetUmpireDisciplineArray" class="User_admin_model_test" classname="User_admin_model_test" file="/Applications/MAMP/htdocs/umpire/application/tests/models/User_admin_test.php" line="109" assertions="2" time="0.040887"/>
        <testcase name="test_GetUmpireDisciplineArrayEmpty" class="User_admin_model_test" classname="User_admin_model_test" file="/Applications/MAMP/htdocs/umpire/application/tests/models/User_admin_test.php" line="124" assertions="1" time="0.046173"/>
        <testcase name="test_GetAgeGroupArray" class="User_admin_model_test" classname="User_admin_model_test" file="/Applications/MAMP/htdocs/umpire/application/tests/models/User_admin_test.php" line="131" assertions="2" time="0.038592"/>
        <testcase name="test_GetAgeGroupArrayEmpty" class="User_admin_model_test" classname="User_admin_model_test" file="/Applications/MAMP/htdocs/umpire/application/tests/models/User_admin_test.php" line="146" assertions="1" time="0.040379"/>
        <testcase name="test_GetLeagueArray" class="User_admin_model_test" classname="User_admin_model_test" file="/Applications/MAMP/htdocs/umpire/application/tests/models/User_admin_test.php" line="152" assertions="2" time="0.041563"/>
        <testcase name="test_GetLeagueArrayEmpty" class="User_admin_model_test" classname="User_admin_model_test" file="/Applications/MAMP/htdocs/umpire/application/tests/models/User_admin_test.php" line="167" assertions="1" time="0.042847"/>
        <testcase name="test_GetPermissionArray" class="User_admin_model_test" classname="User_admin_model_test" file="/Applications/MAMP/htdocs/umpire/application/tests/models/User_admin_test.php" line="176" assertions="2" time="0.040603"/>
        <testcase name="test_GetPermissionArrayEmpty" class="User_admin_model_test" classname="User_admin_model_test" file="/Applications/MAMP/htdocs/umpire/application/tests/models/User_admin_test.php" line="190" assertions="1" time="0.039730"/>
        <testcase name="test_addNewUser" class="User_admin_model_test" classname="User_admin_model_test" file="/Applications/MAMP/htdocs/umpire/application/tests/models/User_admin_test.php" line="197" assertions="1" time="0.039010"/>
        <testcase name="test_addNewUser_EmptyUsername" class="User_admin_model_test" classname="User_admin_model_test" file="/Applications/MAMP/htdocs/umpire/application/tests/models/User_admin_test.php" line="212" assertions="1" time="0.052231"/>
        <testcase name="test_addNewUser_EmptyNames" class="User_admin_model_test" classname="User_admin_model_test" file="/Applications/MAMP/htdocs/umpire/application/tests/models/User_admin_test.php" line="226" assertions="1" time="0.056249"/>
        <testcase name="test_addNewUser_EmptyPassword" class="User_admin_model_test" classname="User_admin_model_test" file="/Applications/MAMP/htdocs/umpire/application/tests/models/User_admin_test.php" line="241" assertions="1" time="0.043686"/>
        <testcase name="test_GetAllUserPermissionsFromDB" class="User_admin_model_test" classname="User_admin_model_test" file="/Applications/MAMP/htdocs/umpire/application/tests/models/User_admin_test.php" line="255" assertions="2" time="0.050356"/>
        <testcase name="test_GetAllUserRolesFromDB" class="User_admin_model_test" classname="User_admin_model_test" file="/Applications/MAMP/htdocs/umpire/application/tests/models/User_admin_test.php" line="270" assertions="2" time="0.040007"/>
        <testcase name="test_GetAllUserActiveFromDB" class="User_admin_model_test" classname="User_admin_model_test" file="/Applications/MAMP/htdocs/umpire/application/tests/models/User_admin_test.php" line="287" assertions="2" time="0.040186"/>
        <testcase name="test_TranslateUserFormActive" class="User_admin_model_test" classname="User_admin_model_test" file="/Applications/MAMP/htdocs/umpire/application/tests/models/User_admin_test.php" line="302" assertions="4" time="0.058208"/>
        <testcase name="test_RemovePrivileges" class="User_admin_model_test" classname="User_admin_model_test" file="/Applications/MAMP/htdocs/umpire/application/tests/models/User_admin_test.php" line="333" assertions="2" time="0.049667"/>
        <testcase name="test_RemovePrivileges_UsernameNotFound" class="User_admin_model_test" classname="User_admin_model_test" file="/Applications/MAMP/htdocs/umpire/application/tests/models/User_admin_test.php" line="370" assertions="2" time="0.047753"/>
        <testcase name="test_RemovePrivileges_PermissionNotFound" class="User_admin_model_test" classname="User_admin_model_test" file="/Applications/MAMP/htdocs/umpire/application/tests/models/User_admin_test.php" line="408" assertions="2" time="0.044310"/>
        <testcase name="test_RemovePrivileges_DeleteTwo" class="User_admin_model_test" classname="User_admin_model_test" file="/Applications/MAMP/htdocs/umpire/application/tests/models/User_admin_test.php" line="441" assertions="2" time="0.049360"/>
        <testcase name="test_AddPrivileges" class="User_admin_model_test" classname="User_admin_model_test" file="/Applications/MAMP/htdocs/umpire/application/tests/models/User_admin_test.php" line="482" assertions="2" time="0.043528"/>
        <testcase name="test_AddPrivileges_UsernameNotFound" class="User_admin_model_test" classname="User_admin_model_test" file="/Applications/MAMP/htdocs/umpire/application/tests/models/User_admin_test.php" line="517" assertions="2" time="0.047809"/>
        <testcase name="test_AddPrivileges_PermissionExists" class="User_admin_model_test" classname="User_admin_model_test" file="/Applications/MAMP/htdocs/umpire/application/tests/models/User_admin_test.php" line="551" assertions="2" time="0.042447"/>
        <testcase name="test_UpdateUserRoles" class="User_admin_model_test" classname="User_admin_model_test" file="/Applications/MAMP/htdocs/umpire/application/tests/models/User_admin_test.php" line="587" assertions="2" time="0.046344"/>
        <testcase name="test_UpdateUserRoles_UsernameMissing" class="User_admin_model_test" classname="User_admin_model_test" file="/Applications/MAMP/htdocs/umpire/application/tests/models/User_admin_test.php" line="619" assertions="2" time="0.044148"/>
        <testcase name="test_UpdateUserRoles_UsernameHasRole" class="User_admin_model_test" classname="User_admin_model_test" file="/Applications/MAMP/htdocs/umpire/application/tests/models/User_admin_test.php" line="651" assertions="2" time="0.048570"/>
        <testcase name="test_UpdateUserActive" class="User_admin_model_test" classname="User_admin_model_test" file="/Applications/MAMP/htdocs/umpire/application/tests/models/User_admin_test.php" line="685" assertions="2" time="0.048794"/>
        <testcase name="test_UpdateUserActive_UsernameMissing" class="User_admin_model_test" classname="User_admin_model_test" file="/Applications/MAMP/htdocs/umpire/application/tests/models/User_admin_test.php" line="719" assertions="2" time="0.047895"/>
        <testcase name="test_UpdateUserActive_SetInactive" class="User_admin_model_test" classname="User_admin_model_test" file="/Applications/MAMP/htdocs/umpire/application/tests/models/User_admin_test.php" line="753" assertions="2" time="0.042892"/>
        <testcase name="test_UpdateUserActive_SetInvalid" class="User_admin_model_test" classname="User_admin_model_test" file="/Applications/MAMP/htdocs/umpire/application/tests/models/User_admin_test.php" line="787" assertions="2" time="0.054611"/>
        <testcase name="test_UpdateUserActive_SetNull" class="User_admin_model_test" classname="User_admin_model_test" file="/Applications/MAMP/htdocs/umpire/application/tests/models/User_admin_test.php" line="821" assertions="2" time="0.044654"/>
      </testsuite>
      <testsuite name="User_authentication_model_test" file="/Applications/MAMP/htdocs/umpire/application/tests/models/User_authentication_model_test.php" tests="11" assertions="11" errors="0" failures="0" skipped="0" time="0.432791">
        <testcase name="test_Login_ValidOneResult" class="User_authentication_model_test" classname="User_authentication_model_test" file="/Applications/MAMP/htdocs/umpire/application/tests/models/User_authentication_model_test.php" line="10" assertions="1" time="0.046561"/>
        <testcase name="test_Login_ValidTwoResults" class="User_authentication_model_test" classname="User_authentication_model_test" file="/Applications/MAMP/htdocs/umpire/application/tests/models/User_authentication_model_test.php" line="26" assertions="1" time="0.044709"/>
        <testcase name="test_Login_InvalidPassword" class="User_authentication_model_test" classname="User_authentication_model_test" file="/Applications/MAMP/htdocs/umpire/application/tests/models/User_authentication_model_test.php" line="42" assertions="1" time="0.046600"/>
        <testcase name="test_Login_NoPassword" class="User_authentication_model_test" classname="User_authentication_model_test" file="/Applications/MAMP/htdocs/umpire/application/tests/models/User_authentication_model_test.php" line="53" assertions="1" time="0.035245"/>
        <testcase name="test_Login_UsernameButNoPassword" class="User_authentication_model_test" classname="User_authentication_model_test" file="/Applications/MAMP/htdocs/umpire/application/tests/models/User_authentication_model_test.php" line="69" assertions="1" time="0.039766"/>
        <testcase name="test_Login_NoUsernameAndNoPassword" class="User_authentication_model_test" classname="User_authentication_model_test" file="/Applications/MAMP/htdocs/umpire/application/tests/models/User_authentication_model_test.php" line="80" assertions="1" time="0.045451"/>
        <testcase name="test_CheckUserActive_OneActive" class="User_authentication_model_test" classname="User_authentication_model_test" file="/Applications/MAMP/htdocs/umpire/application/tests/models/User_authentication_model_test.php" line="91" assertions="1" time="0.033462"/>
        <testcase name="test_CheckUserActive_OneInactive" class="User_authentication_model_test" classname="User_authentication_model_test" file="/Applications/MAMP/htdocs/umpire/application/tests/models/User_authentication_model_test.php" line="100" assertions="1" time="0.031130"/>
        <testcase name="test_CheckUserActive_TwoActive" class="User_authentication_model_test" classname="User_authentication_model_test" file="/Applications/MAMP/htdocs/umpire/application/tests/models/User_authentication_model_test.php" line="109" assertions="1" time="0.037361"/>
        <testcase name="test_CheckUserActive_TwoButOneActive" class="User_authentication_model_test" classname="User_authentication_model_test" file="/Applications/MAMP/htdocs/umpire/application/tests/models/User_authentication_model_test.php" line="118" assertions="1" time="0.041221"/>
        <testcase name="test_CheckUserActive_NoUsername" class="User_authentication_model_test" classname="User_authentication_model_test" file="/Applications/MAMP/htdocs/umpire/application/tests/models/User_authentication_model_test.php" line="127" assertions="1" time="0.031285"/>
      </testsuite>
      <testsuite name="User_maintenance_model_test" file="/Applications/MAMP/htdocs/umpire/application/tests/models/User_maintenance_model_test.php" tests="36" assertions="36" errors="0" failures="0" skipped="0" time="1.508438">
        <testcase name="testValidatePassword" class="User_maintenance_model_test" classname="User_maintenance_model_test" file="/Applications/MAMP/htdocs/umpire/application/tests/models/User_maintenance_model_test.php" line="11" assertions="1" time="0.049201"/>
        <testcase name="testValidatePasswordNoMatch" class="User_maintenance_model_test" classname="User_maintenance_model_test" file="/Applications/MAMP/htdocs/umpire/application/tests/models/User_maintenance_model_test.php" line="19" assertions="1" time="0.050436"/>
        <testcase name="testValidatePasswordNoMatchAndShort" class="User_maintenance_model_test" classname="User_maintenance_model_test" file="/Applications/MAMP/htdocs/umpire/application/tests/models/User_maintenance_model_test.php" line="27" assertions="1" time="0.036694"/>
        <testcase name="testValidatePasswordShortMatch" class="User_maintenance_model_test" classname="User_maintenance_model_test" file="/Applications/MAMP/htdocs/umpire/application/tests/models/User_maintenance_model_test.php" line="35" assertions="1" time="0.040363"/>
        <testcase name="test_CheckUserExistsForReset" class="User_maintenance_model_test" classname="User_maintenance_model_test" file="/Applications/MAMP/htdocs/umpire/application/tests/models/User_maintenance_model_test.php" line="43" assertions="1" time="0.043328"/>
        <testcase name="test_CheckUserExistsForReset_NoMatch" class="User_maintenance_model_test" classname="User_maintenance_model_test" file="/Applications/MAMP/htdocs/umpire/application/tests/models/User_maintenance_model_test.php" line="52" assertions="1" time="0.037352"/>
        <testcase name="test_CheckUserExistsForReset_TwoRecordsMatch" class="User_maintenance_model_test" classname="User_maintenance_model_test" file="/Applications/MAMP/htdocs/umpire/application/tests/models/User_maintenance_model_test.php" line="61" assertions="1" time="0.048138"/>
        <testcase name="test_CheckUserExistsForReset_UserMatchEmailNoMatch" class="User_maintenance_model_test" classname="User_maintenance_model_test" file="/Applications/MAMP/htdocs/umpire/application/tests/models/User_maintenance_model_test.php" line="70" assertions="1" time="0.042531"/>
        <testcase name="test_CheckUserExistsForReset_UserNoMatchEmailMatch" class="User_maintenance_model_test" classname="User_maintenance_model_test" file="/Applications/MAMP/htdocs/umpire/application/tests/models/User_maintenance_model_test.php" line="79" assertions="1" time="0.035215"/>
        <testcase name="test_LogPasswordResetRequest" class="User_maintenance_model_test" classname="User_maintenance_model_test" file="/Applications/MAMP/htdocs/umpire/application/tests/models/User_maintenance_model_test.php" line="88" assertions="1" time="0.030703"/>
        <testcase name="test_LogPasswordResetRequest_MissingUsername" class="User_maintenance_model_test" classname="User_maintenance_model_test" file="/Applications/MAMP/htdocs/umpire/application/tests/models/User_maintenance_model_test.php" line="106" assertions="1" time="0.034112"/>
        <testcase name="test_StoreActivationID" class="User_maintenance_model_test" classname="User_maintenance_model_test" file="/Applications/MAMP/htdocs/umpire/application/tests/models/User_maintenance_model_test.php" line="124" assertions="1" time="0.032127"/>
        <testcase name="test_StoreActivationID_UserNotFound" class="User_maintenance_model_test" classname="User_maintenance_model_test" file="/Applications/MAMP/htdocs/umpire/application/tests/models/User_maintenance_model_test.php" line="134" assertions="1" time="0.034014"/>
        <testcase name="test_CreateUserFromActivationID" class="User_maintenance_model_test" classname="User_maintenance_model_test" file="/Applications/MAMP/htdocs/umpire/application/tests/models/User_maintenance_model_test.php" line="144" assertions="1" time="0.035426"/>
        <testcase name="test_CreateUserFromActivationID_NotFound" class="User_maintenance_model_test" classname="User_maintenance_model_test" file="/Applications/MAMP/htdocs/umpire/application/tests/models/User_maintenance_model_test.php" line="155" assertions="1" time="0.034760"/>
        <testcase name="test_CreateUserFromActivationID_TwoUsersFound" class="User_maintenance_model_test" classname="User_maintenance_model_test" file="/Applications/MAMP/htdocs/umpire/application/tests/models/User_maintenance_model_test.php" line="167" assertions="1" time="0.053210"/>
        <testcase name="test_UpdatePassword" class="User_maintenance_model_test" classname="User_maintenance_model_test" file="/Applications/MAMP/htdocs/umpire/application/tests/models/User_maintenance_model_test.php" line="179" assertions="1" time="0.038253"/>
        <testcase name="test_UpdatePassword_SamePW" class="User_maintenance_model_test" classname="User_maintenance_model_test" file="/Applications/MAMP/htdocs/umpire/application/tests/models/User_maintenance_model_test.php" line="189" assertions="1" time="0.031415"/>
        <testcase name="test_UpdatePassword_Empty" class="User_maintenance_model_test" classname="User_maintenance_model_test" file="/Applications/MAMP/htdocs/umpire/application/tests/models/User_maintenance_model_test.php" line="199" assertions="1" time="0.034967"/>
        <testcase name="test_UpdatePassword_Null" class="User_maintenance_model_test" classname="User_maintenance_model_test" file="/Applications/MAMP/htdocs/umpire/application/tests/models/User_maintenance_model_test.php" line="209" assertions="1" time="0.044537"/>
        <testcase name="test_UpdatePassword_UserNotFound" class="User_maintenance_model_test" classname="User_maintenance_model_test" file="/Applications/MAMP/htdocs/umpire/application/tests/models/User_maintenance_model_test.php" line="221" assertions="1" time="0.065813"/>
        <testcase name="test_UpdatePassword_TwoUsersFound" class="User_maintenance_model_test" classname="User_maintenance_model_test" file="/Applications/MAMP/htdocs/umpire/application/tests/models/User_maintenance_model_test.php" line="230" assertions="1" time="0.038341"/>
        <testcase name="test_Validate_UserExists" class="User_maintenance_model_test" classname="User_maintenance_model_test" file="/Applications/MAMP/htdocs/umpire/application/tests/models/User_maintenance_model_test.php" line="242" assertions="1" time="0.047224"/>
        <testcase name="test_Validate_UserExistsButWrongPW" class="User_maintenance_model_test" classname="User_maintenance_model_test" file="/Applications/MAMP/htdocs/umpire/application/tests/models/User_maintenance_model_test.php" line="252" assertions="1" time="0.042790"/>
[...]
        <testcase name="test_Password" class="User_test" classname="User_test" file="/Applications/MAMP/htdocs/umpire/application/tests/models/User_test.php" line="65" assertions="1" time="0.032379"/>
        <testcase name="test_PasswordNull" class="User_test" classname="User_test" file="/Applications/MAMP/htdocs/umpire/application/tests/models/User_test.php" line="71" assertions="1" time="0.031412"/>
        <testcase name="test_PasswordEmpty" class="User_test" classname="User_test" file="/Applications/MAMP/htdocs/umpire/application/tests/models/User_test.php" line="77" assertions="1" time="0.032562"/>
        <testcase name="test_FirstName" class="User_test" classname="User_test" file="/Applications/MAMP/htdocs/umpire/application/tests/models/User_test.php" line="83" assertions="1" time="0.037027"/>
        <testcase name="test_FirstNameNull" class="User_test" classname="User_test" file="/Applications/MAMP/htdocs/umpire/application/tests/models/User_test.php" line="89" assertions="1" time="0.030352"/>
        <testcase name="test_FirstNameEmpty" class="User_test" classname="User_test" file="/Applications/MAMP/htdocs/umpire/application/tests/models/User_test.php" line="95" assertions="1" time="0.039288"/>
        <testcase name="test_LastName" class="User_test" classname="User_test" file="/Applications/MAMP/htdocs/umpire/application/tests/models/User_test.php" line="101" assertions="1" time="0.048251"/>
        <testcase name="test_LastNameNull" class="User_test" classname="User_test" file="/Applications/MAMP/htdocs/umpire/application/tests/models/User_test.php" line="107" assertions="1" time="0.034082"/>
        <testcase name="test_LastNameEmpty" class="User_test" classname="User_test" file="/Applications/MAMP/htdocs/umpire/application/tests/models/User_test.php" line="113" assertions="1" time="0.032866"/>
        <testcase name="test_RoleName" class="User_test" classname="User_test" file="/Applications/MAMP/htdocs/umpire/application/tests/models/User_test.php" line="119" assertions="1" time="0.039080"/>
        <testcase name="test_RoleNameNull" class="User_test" classname="User_test" file="/Applications/MAMP/htdocs/umpire/application/tests/models/User_test.php" line="125" assertions="1" time="0.034955"/>
        <testcase name="test_RoleNameEmpty" class="User_test" classname="User_test" file="/Applications/MAMP/htdocs/umpire/application/tests/models/User_test.php" line="131" assertions="1" time="0.034505"/>
        <testcase name="test_SubRoleName" class="User_test" classname="User_test" file="/Applications/MAMP/htdocs/umpire/application/tests/models/User_test.php" line="137" assertions="1" time="0.033992"/>
        <testcase name="test_SubRoleNameNull" class="User_test" classname="User_test" file="/Applications/MAMP/htdocs/umpire/application/tests/models/User_test.php" line="143" assertions="1" time="0.036450"/>
        <testcase name="test_SubRoleNameEmpty" class="User_test" classname="User_test" file="/Applications/MAMP/htdocs/umpire/application/tests/models/User_test.php" line="149" assertions="1" time="0.030292"/>
        <testcase name="test_PasswordResetURL" class="User_test" classname="User_test" file="/Applications/MAMP/htdocs/umpire/application/tests/models/User_test.php" line="156" assertions="1" time="0.040309"/>
        <testcase name="test_PasswordResetURLNotURL" class="User_test" classname="User_test" file="/Applications/MAMP/htdocs/umpire/application/tests/models/User_test.php" line="162" assertions="1" time="0.032527"/>
        <testcase name="test_PasswordResetURLNumber" class="User_test" classname="User_test" file="/Applications/MAMP/htdocs/umpire/application/tests/models/User_test.php" line="168" assertions="1" time="0.032097"/>
        <testcase name="test_PasswordResetURLNull" class="User_test" classname="User_test" file="/Applications/MAMP/htdocs/umpire/application/tests/models/User_test.php" line="174" assertions="1" time="0.038159"/>
        <testcase name="test_PasswordResetURLEmpty" class="User_test" classname="User_test" file="/Applications/MAMP/htdocs/umpire/application/tests/models/User_test.php" line="180" assertions="1" time="0.035469"/>
        <testcase name="test_EmailAddress" class="User_test" classname="User_test" file="/Applications/MAMP/htdocs/umpire/application/tests/models/User_test.php" line="186" assertions="1" time="0.037141"/>
        <testcase name="test_EmailAddress255" class="User_test" classname="User_test" file="/Applications/MAMP/htdocs/umpire/application/tests/models/User_test.php" line="192" assertions="1" time="0.036641"/>
        <testcase name="test_EmailAddress256" class="User_test" classname="User_test" file="/Applications/MAMP/htdocs/umpire/application/tests/models/User_test.php" line="198" assertions="1" time="0.031609"/>
        <testcase name="test_EmailAddress300" class="User_test" classname="User_test" file="/Applications/MAMP/htdocs/umpire/application/tests/models/User_test.php" line="204" assertions="1" time="0.054982"/>
        <testcase name="test_EmailAddressNull" class="User_test" classname="User_test" file="/Applications/MAMP/htdocs/umpire/application/tests/models/User_test.php" line="210" assertions="1" time="0.032761"/>
        <testcase name="test_EmailAddressEmptyString" class="User_test" classname="User_test" file="/Applications/MAMP/htdocs/umpire/application/tests/models/User_test.php" line="216" assertions="1" time="0.033637"/>
        <testcase name="test_ActivationID" class="User_test" classname="User_test" file="/Applications/MAMP/htdocs/umpire/application/tests/models/User_test.php" line="222" assertions="1" time="0.034039"/>
        <testcase name="test_ActivationID200" class="User_test" classname="User_test" file="/Applications/MAMP/htdocs/umpire/application/tests/models/User_test.php" line="228" assertions="1" time="0.033034"/>
        <testcase name="test_ActivationID201" class="User_test" classname="User_test" file="/Applications/MAMP/htdocs/umpire/application/tests/models/User_test.php" line="234" assertions="1" time="0.036191"/>
        <testcase name="test_ActivationID300" class="User_test" classname="User_test" file="/Applications/MAMP/htdocs/umpire/application/tests/models/User_test.php" line="240" assertions="1" time="0.030288"/>
        <testcase name="test_ActivationIDNull" class="User_test" classname="User_test" file="/Applications/MAMP/htdocs/umpire/application/tests/models/User_test.php" line="246" assertions="1" time="0.033972"/>
        <testcase name="test_ActivationIDEmptyString" class="User_test" classname="User_test" file="/Applications/MAMP/htdocs/umpire/application/tests/models/User_test.php" line="252" assertions="1" time="0.035376"/>
        <testcase name="test_Active0" class="User_test" classname="User_test" file="/Applications/MAMP/htdocs/umpire/application/tests/models/User_test.php" line="258" assertions="1" time="0.034139"/>
        <testcase name="test_Active1" class="User_test" classname="User_test" file="/Applications/MAMP/htdocs/umpire/application/tests/models/User_test.php" line="265" assertions="1" time="0.029696"/>
        <testcase name="test_ActiveEmpty" class="User_test" classname="User_test" file="/Applications/MAMP/htdocs/umpire/application/tests/models/User_test.php" line="272" assertions="1" time="0.042995"/>
        <testcase name="test_ActiveNull" class="User_test" classname="User_test" file="/Applications/MAMP/htdocs/umpire/application/tests/models/User_test.php" line="279" assertions="1" time="0.032094"/>
        <testcase name="test_Active0String" class="User_test" classname="User_test" file="/Applications/MAMP/htdocs/umpire/application/tests/models/User_test.php" line="286" assertions="1" time="0.036280"/>
        <testcase name="test_Active1String" class="User_test" classname="User_test" file="/Applications/MAMP/htdocs/umpire/application/tests/models/User_test.php" line="293" assertions="1" time="0.032221"/>
        <testcase name="test_Active2" class="User_test" classname="User_test" file="/Applications/MAMP/htdocs/umpire/application/tests/models/User_test.php" line="300" assertions="1" time="0.035067"/>
        <testcase name="test_ActiveTextValue" class="User_test" classname="User_test" file="/Applications/MAMP/htdocs/umpire/application/tests/models/User_test.php" line="306" assertions="1" time="0.035800"/>
        <testcase name="test_CreateUserFromNameAndRole" class="User_test" classname="User_test" file="/Applications/MAMP/htdocs/umpire/application/tests/models/User_test.php" line="313" assertions="8" time="0.049676"/>
        <testcase name="test_CreateUserFromNameAndPW" class="User_test" classname="User_test" file="/Applications/MAMP/htdocs/umpire/application/tests/models/User_test.php" line="334" assertions="5" time="0.033663"/>
        <testcase name="test_CreateUserFromNameAndPW_MissingUsername" class="User_test" classname="User_test" file="/Applications/MAMP/htdocs/umpire/application/tests/models/User_test.php" line="350" assertions="5" time="0.037849"/>
        <testcase name="test_CreateUserFromNameAndPW_MissingFirstname" class="User_test" classname="User_test" file="/Applications/MAMP/htdocs/umpire/application/tests/models/User_test.php" line="366" assertions="5" time="0.038691"/>
        <testcase name="test_SetPermissionArray" class="User_test" classname="User_test" file="/Applications/MAMP/htdocs/umpire/application/tests/models/User_test.php" line="382" assertions="1" time="0.036407"/>
        <testcase name="test_SetPermissionArray_Empty" class="User_test" classname="User_test" file="/Applications/MAMP/htdocs/umpire/application/tests/models/User_test.php" line="397" assertions="1" time="0.040500"/>
      </testsuite>
    </testsuite>
    <testsuite name="integration" tests="35" assertions="43" errors="0" failures="0" skipped="0" time="19.248465">
      <testsuite name="ForgotPassword_test" file="/Applications/MAMP/htdocs/umpire/application/tests/controllers/ForgotPassword_test.php" tests="9" assertions="9" errors="0" failures="0" skipped="0" time="0.911950">
        <testcase name="test_DataValid" class="ForgotPassword_test" classname="ForgotPassword_test" file="/Applications/MAMP/htdocs/umpire/application/tests/controllers/ForgotPassword_test.php" line="12" assertions="1" time="0.118393"/>
        <testcase name="test_SubmitChangePasswordForm_Valid" class="ForgotPassword_test" classname="ForgotPassword_test" file="/Applications/MAMP/htdocs/umpire/application/tests/controllers/ForgotPassword_test.php" line="21" assertions="1" time="0.164417"/>
        <testcase name="test_SubmitChangePasswordForm_DoesNotMatch" class="ForgotPassword_test" classname="ForgotPassword_test" file="/Applications/MAMP/htdocs/umpire/application/tests/controllers/ForgotPassword_test.php" line="33" assertions="1" time="0.079425"/>
        <testcase name="test_SubmitChangePasswordForm_UsernameNotFound" class="ForgotPassword_test" classname="ForgotPassword_test" file="/Applications/MAMP/htdocs/umpire/application/tests/controllers/ForgotPassword_test.php" line="45" assertions="1" time="0.077087"/>
        <testcase name="test_SubmitChangePasswordForm_UsernameNull" class="ForgotPassword_test" classname="ForgotPassword_test" file="/Applications/MAMP/htdocs/umpire/application/tests/controllers/ForgotPassword_test.php" line="57" assertions="1" time="0.091172"/>
        <testcase name="test_SubmitChangePasswordForm_EmailNull" class="ForgotPassword_test" classname="ForgotPassword_test" file="/Applications/MAMP/htdocs/umpire/application/tests/controllers/ForgotPassword_test.php" line="69" assertions="1" time="0.101431"/>
        <testcase name="test_SubmitChangePasswordForm_UsernameEmpty" class="ForgotPassword_test" classname="ForgotPassword_test" file="/Applications/MAMP/htdocs/umpire/application/tests/controllers/ForgotPassword_test.php" line="81" assertions="1" time="0.091941"/>
        <testcase name="test_SubmitChangePasswordForm_EmailEmpty" class="ForgotPassword_test" classname="ForgotPassword_test" file="/Applications/MAMP/htdocs/umpire/application/tests/controllers/ForgotPassword_test.php" line="93" assertions="1" time="0.094159"/>
        <testcase name="test_SubmitChangePasswordForm_UsernameInjection" class="ForgotPassword_test" classname="ForgotPassword_test" file="/Applications/MAMP/htdocs/umpire/application/tests/controllers/ForgotPassword_test.php" line="105" assertions="1" time="0.093924"/>
      </testsuite>
      <testsuite name="HomeController_test" file="/Applications/MAMP/htdocs/umpire/application/tests/controllers/HomeController_test.php" tests="2" assertions="3" errors="0" failures="0" skipped="0" time="0.263654">
        <testcase name="test_LoadPage" class="HomeController_test" classname="HomeController_test" file="/Applications/MAMP/htdocs/umpire/application/tests/controllers/HomeController_test.php" line="12" assertions="2" time="0.181738"/>
        <testcase name="test_LoadPage_NotLoggedIn" class="HomeController_test" classname="HomeController_test" file="/Applications/MAMP/htdocs/umpire/application/tests/controllers/HomeController_test.php" line="45" assertions="1" time="0.081916"/>
      </testsuite>
      <testsuite name="Integration_test" file="/Applications/MAMP/htdocs/umpire/application/tests/controllers/Integration_test.php" tests="1" assertions="1" errors="0" failures="0" skipped="0" time="1.546362">
        <testcase name="test_Dummy" class="Integration_test" classname="Integration_test" file="/Applications/MAMP/htdocs/umpire/application/tests/controllers/Integration_test.php" line="17" assertions="1" time="1.546362"/>
      </testsuite>
      <testsuite name="Report_test" file="/Applications/MAMP/htdocs/umpire/application/tests/controllers/Report_test.php" tests="8" assertions="8" errors="0" failures="0" skipped="0" time="14.889241">
        <testcase name="test_Report1" class="Report_test" classname="Report_test" file="/Applications/MAMP/htdocs/umpire/application/tests/controllers/Report_test.php" line="10" assertions="1" time="1.217085"/>
        <testcase name="test_Report2" class="Report_test" classname="Report_test" file="/Applications/MAMP/htdocs/umpire/application/tests/controllers/Report_test.php" line="29" assertions="1" time="0.260537"/>
        <testcase name="test_Report3" class="Report_test" classname="Report_test" file="/Applications/MAMP/htdocs/umpire/application/tests/controllers/Report_test.php" line="48" assertions="1" time="0.240471"/>
        <testcase name="test_Report4" class="Report_test" classname="Report_test" file="/Applications/MAMP/htdocs/umpire/application/tests/controllers/Report_test.php" line="67" assertions="1" time="0.467622"/>
        <testcase name="test_Report5" class="Report_test" classname="Report_test" file="/Applications/MAMP/htdocs/umpire/application/tests/controllers/Report_test.php" line="86" assertions="1" time="0.138320"/>
        <testcase name="test_Report6" class="Report_test" classname="Report_test" file="/Applications/MAMP/htdocs/umpire/application/tests/controllers/Report_test.php" line="105" assertions="1" time="5.415111"/>
        <testcase name="test_Report7" class="Report_test" classname="Report_test" file="/Applications/MAMP/htdocs/umpire/application/tests/controllers/Report_test.php" line="124" assertions="1" time="0.407770"/>
        <testcase name="test_Report8" class="Report_test" classname="Report_test" file="/Applications/MAMP/htdocs/umpire/application/tests/controllers/Report_test.php" line="143" assertions="1" time="6.742325"/>
      </testsuite>
      <testsuite name="ResetPasswordEntry_test" file="/Applications/MAMP/htdocs/umpire/application/tests/controllers/ResetPasswordEntry_test.php" tests="6" assertions="13" errors="0" failures="0" skipped="0" time="0.580923">
        <testcase name="test_LoadPage" class="ResetPasswordEntry_test" classname="ResetPasswordEntry_test" file="/Applications/MAMP/htdocs/umpire/application/tests/controllers/ResetPasswordEntry_test.php" line="18" assertions="1" time="0.096209"/>
        <testcase name="test_SubmitNewPassword_Valid" class="ResetPasswordEntry_test" classname="ResetPasswordEntry_test" file="/Applications/MAMP/htdocs/umpire/application/tests/controllers/ResetPasswordEntry_test.php" line="32" assertions="4" time="0.118930"/>
        <testcase name="test_SubmitNewPassword_IncorrectPW" class="ResetPasswordEntry_test" classname="ResetPasswordEntry_test" file="/Applications/MAMP/htdocs/umpire/application/tests/controllers/ResetPasswordEntry_test.php" line="69" assertions="2" time="0.098699"/>
        <testcase name="test_SubmitNewPassword_MissingPW" class="ResetPasswordEntry_test" classname="ResetPasswordEntry_test" file="/Applications/MAMP/htdocs/umpire/application/tests/controllers/ResetPasswordEntry_test.php" line="98" assertions="2" time="0.085721"/>
        <testcase name="test_SubmitNewPassword_PWDoesNotMatch" class="ResetPasswordEntry_test" classname="ResetPasswordEntry_test" file="/Applications/MAMP/htdocs/umpire/application/tests/controllers/ResetPasswordEntry_test.php" line="125" assertions="2" time="0.086264"/>
        <testcase name="test_SubmitNewPassword_UsernameDoesNotExist" class="ResetPasswordEntry_test" classname="ResetPasswordEntry_test" file="/Applications/MAMP/htdocs/umpire/application/tests/controllers/ResetPasswordEntry_test.php" line="152" assertions="2" time="0.095100"/>
      </testsuite>
      <testsuite name="UpdateProfile_test" file="/Applications/MAMP/htdocs/umpire/application/tests/controllers/UpdateProfile_test.php" tests="4" assertions="4" errors="0" failures="0" skipped="0" time="0.615915">
        <testcase name="test_DataValid" class="UpdateProfile_test" classname="UpdateProfile_test" file="/Applications/MAMP/htdocs/umpire/application/tests/controllers/UpdateProfile_test.php" line="11" assertions="1" time="0.152934"/>
        <testcase name="test_UpdateEmail_Valid" class="UpdateProfile_test" classname="UpdateProfile_test" file="/Applications/MAMP/htdocs/umpire/application/tests/controllers/UpdateProfile_test.php" line="25" assertions="1" time="0.144167"/>
        <testcase name="test_UpdateEmail_NotValid" class="UpdateProfile_test" classname="UpdateProfile_test" file="/Applications/MAMP/htdocs/umpire/application/tests/controllers/UpdateProfile_test.php" line="43" assertions="1" time="0.159018"/>
        <testcase name="test_UpdateEmail_Empty" class="UpdateProfile_test" classname="UpdateProfile_test" file="/Applications/MAMP/htdocs/umpire/application/tests/controllers/UpdateProfile_test.php" line="61" assertions="1" time="0.159796"/>
      </testsuite>
      <testsuite name="VerifyLogin_test" file="/Applications/MAMP/htdocs/umpire/application/tests/controllers/VerifyLogin_test.php" tests="5" assertions="5" errors="0" failures="0" skipped="0" time="0.440421">
        <testcase name="testIndex_CorrectDetails" class="VerifyLogin_test" classname="VerifyLogin_test" file="/Applications/MAMP/htdocs/umpire/application/tests/controllers/VerifyLogin_test.php" line="15" assertions="1" time="0.096450"/>
        <testcase name="testIndex_IncorrectPW" class="VerifyLogin_test" classname="VerifyLogin_test" file="/Applications/MAMP/htdocs/umpire/application/tests/controllers/VerifyLogin_test.php" line="27" assertions="1" time="0.085765"/>
        <testcase name="testIndex_IncorrectUsername" class="VerifyLogin_test" classname="VerifyLogin_test" file="/Applications/MAMP/htdocs/umpire/application/tests/controllers/VerifyLogin_test.php" line="39" assertions="1" time="0.080517"/>
        <testcase name="testIndex_MissingUsername" class="VerifyLogin_test" classname="VerifyLogin_test" file="/Applications/MAMP/htdocs/umpire/application/tests/controllers/VerifyLogin_test.php" line="51" assertions="1" time="0.110912"/>
        <testcase name="testIndex_MissingPassword" class="VerifyLogin_test" classname="VerifyLogin_test" file="/Applications/MAMP/htdocs/umpire/application/tests/controllers/VerifyLogin_test.php" line="63" assertions="1" time="0.066777"/>
      </testsuite>
    </testsuite>
  </testsuite>
</testsuites>
