<?xml version="1.0" encoding="UTF-8"?>
<testsuites>
  <testsuite name="alltests" tests="407" assertions="539" errors="1" failures="0" skipped="0" time="31.810857">
    <testsuite name="ForgotPassword_test" file="/Applications/MAMP/htdocs/umpire/application/tests/controllers/ForgotPassword_test.php" tests="9" assertions="9" errors="0" failures="0" skipped="0" time="1.002602">
      <testcase name="test_DataValid" class="ForgotPassword_test" classname="ForgotPassword_test" file="/Applications/MAMP/htdocs/umpire/application/tests/controllers/ForgotPassword_test.php" line="12" assertions="1" time="0.245673"/>
      <testcase name="test_SubmitChangePasswordForm_Valid" class="ForgotPassword_test" classname="ForgotPassword_test" file="/Applications/MAMP/htdocs/umpire/application/tests/controllers/ForgotPassword_test.php" line="21" assertions="1" time="0.175216"/>
      <testcase name="test_SubmitChangePasswordForm_DoesNotMatch" class="ForgotPassword_test" classname="ForgotPassword_test" file="/Applications/MAMP/htdocs/umpire/application/tests/controllers/ForgotPassword_test.php" line="33" assertions="1" time="0.084283"/>
      <testcase name="test_SubmitChangePasswordForm_UsernameNotFound" class="ForgotPassword_test" classname="ForgotPassword_test" file="/Applications/MAMP/htdocs/umpire/application/tests/controllers/ForgotPassword_test.php" line="45" assertions="1" time="0.085095"/>
      <testcase name="test_SubmitChangePasswordForm_UsernameNull" class="ForgotPassword_test" classname="ForgotPassword_test" file="/Applications/MAMP/htdocs/umpire/application/tests/controllers/ForgotPassword_test.php" line="57" assertions="1" time="0.077281"/>
      <testcase name="test_SubmitChangePasswordForm_EmailNull" class="ForgotPassword_test" classname="ForgotPassword_test" file="/Applications/MAMP/htdocs/umpire/application/tests/controllers/ForgotPassword_test.php" line="69" assertions="1" time="0.089313"/>
      <testcase name="test_SubmitChangePasswordForm_UsernameEmpty" class="ForgotPassword_test" classname="ForgotPassword_test" file="/Applications/MAMP/htdocs/umpire/application/tests/controllers/ForgotPassword_test.php" line="81" assertions="1" time="0.070199"/>
      <testcase name="test_SubmitChangePasswordForm_EmailEmpty" class="ForgotPassword_test" classname="ForgotPassword_test" file="/Applications/MAMP/htdocs/umpire/application/tests/controllers/ForgotPassword_test.php" line="93" assertions="1" time="0.090163"/>
      <testcase name="test_SubmitChangePasswordForm_UsernameInjection" class="ForgotPassword_test" classname="ForgotPassword_test" file="/Applications/MAMP/htdocs/umpire/application/tests/controllers/ForgotPassword_test.php" line="105" assertions="1" time="0.085379"/>
    </testsuite>
    <testsuite name="HomeController_test" file="/Applications/MAMP/htdocs/umpire/application/tests/controllers/HomeController_test.php" tests="2" assertions="3" errors="0" failures="0" skipped="0" time="0.381324">
      <testcase name="test_LoadPage" class="HomeController_test" classname="HomeController_test" file="/Applications/MAMP/htdocs/umpire/application/tests/controllers/HomeController_test.php" line="12" assertions="2" time="0.318002"/>
      <testcase name="test_LoadPage_NotLoggedIn" class="HomeController_test" classname="HomeController_test" file="/Applications/MAMP/htdocs/umpire/application/tests/controllers/HomeController_test.php" line="45" assertions="1" time="0.063322"/>
    </testsuite>
    <testsuite name="Integration_test" file="/Applications/MAMP/htdocs/umpire/application/tests/controllers/Integration_test.php" tests="1" assertions="1" errors="0" failures="0" skipped="0" time="1.554094">
      <testcase name="test_Dummy" class="Integration_test" classname="Integration_test" file="/Applications/MAMP/htdocs/umpire/application/tests/controllers/Integration_test.php" line="17" assertions="1" time="1.554094"/>
    </testsuite>
    <testsuite name="Report_test" file="/Applications/MAMP/htdocs/umpire/application/tests/controllers/Report_test.php" tests="2" assertions="1" errors="1" failures="0" skipped="0" time="1.144946">
      <testcase name="test_Report1" class="Report_test" classname="Report_test" file="/Applications/MAMP/htdocs/umpire/application/tests/controllers/Report_test.php" line="10" assertions="0" time="1.112393">
        <error type="RuntimeException">Report_test::test_Report1
RuntimeException: Undefined index: short_league_name on line 352 in file /Applications/MAMP/htdocs/umpire/application/models/Report_instance.php

/Applications/MAMP/htdocs/umpire/application/tests/_ci_phpunit_test/CIPHPUnitTestCase.php:169
/Applications/MAMP/htdocs/umpire/application/models/Report_instance.php:352
/Applications/MAMP/htdocs/umpire/application/models/Report_instance.php:283
/Applications/MAMP/htdocs/umpire/application/models/Report_instance.php:219
/Applications/MAMP/htdocs/umpire/application/views/report/single_report_view.php:4
/Applications/MAMP/htdocs/umpire/application/tests/_ci_phpunit_test/replacing/core/Loader.php:1012
/Applications/MAMP/htdocs/umpire/application/tests/_ci_phpunit_test/replacing/core/Loader.php:513
/Applications/MAMP/htdocs/umpire/application/controllers/Report.php:68
/Applications/MAMP/htdocs/umpire/application/tests/_ci_phpunit_test/CIPHPUnitTestRequest.php:368
/Applications/MAMP/htdocs/umpire/application/tests/_ci_phpunit_test/CIPHPUnitTestRequest.php:257
/Applications/MAMP/htdocs/umpire/application/tests/_ci_phpunit_test/CIPHPUnitTestRequest.php:153
/Applications/MAMP/htdocs/umpire/application/tests/_ci_phpunit_test/CIPHPUnitTestCase.php:144
/Applications/MAMP/htdocs/umpire/application/tests/controllers/Report_test.php:24
/Applications/MAMP/htdocs/umpire/vendor/phpunit/phpunit/phpunit:53
</error>
      </testcase>
      <testcase name="test_dummy" class="Report_test" classname="Report_test" file="/Applications/MAMP/htdocs/umpire/application/tests/controllers/Report_test.php" line="29" assertions="1" time="0.032553"/>
    </testsuite>
    <testsuite name="ResetPasswordEntry_test" file="/Applications/MAMP/htdocs/umpire/application/tests/controllers/ResetPasswordEntry_test.php" tests="6" assertions="13" errors="0" failures="0" skipped="0" time="0.944462">
      <testcase name="test_LoadPage" class="ResetPasswordEntry_test" classname="ResetPasswordEntry_test" file="/Applications/MAMP/htdocs/umpire/application/tests/controllers/ResetPasswordEntry_test.php" line="18" assertions="1" time="0.077505"/>
      <testcase name="test_SubmitNewPassword_Valid" class="ResetPasswordEntry_test" classname="ResetPasswordEntry_test" file="/Applications/MAMP/htdocs/umpire/application/tests/controllers/ResetPasswordEntry_test.php" line="32" assertions="4" time="0.306196"/>
      <testcase name="test_SubmitNewPassword_IncorrectPW" class="ResetPasswordEntry_test" classname="ResetPasswordEntry_test" file="/Applications/MAMP/htdocs/umpire/application/tests/controllers/ResetPasswordEntry_test.php" line="69" assertions="2" time="0.203937"/>
      <testcase name="test_SubmitNewPassword_MissingPW" class="ResetPasswordEntry_test" classname="ResetPasswordEntry_test" file="/Applications/MAMP/htdocs/umpire/application/tests/controllers/ResetPasswordEntry_test.php" line="98" assertions="2" time="0.092127"/>
      <testcase name="test_SubmitNewPassword_PWDoesNotMatch" class="ResetPasswordEntry_test" classname="ResetPasswordEntry_test" file="/Applications/MAMP/htdocs/umpire/application/tests/controllers/ResetPasswordEntry_test.php" line="125" assertions="2" time="0.137171"/>
      <testcase name="test_SubmitNewPassword_UsernameDoesNotExist" class="ResetPasswordEntry_test" classname="ResetPasswordEntry_test" file="/Applications/MAMP/htdocs/umpire/application/tests/controllers/ResetPasswordEntry_test.php" line="152" assertions="2" time="0.127526"/>
    </testsuite>
    <testsuite name="UpdateProfile_test" file="/Applications/MAMP/htdocs/umpire/application/tests/controllers/UpdateProfile_test.php" tests="4" assertions="4" errors="0" failures="0" skipped="0" time="0.711324">
      <testcase name="test_DataValid" class="UpdateProfile_test" classname="UpdateProfile_test" file="/Applications/MAMP/htdocs/umpire/application/tests/controllers/UpdateProfile_test.php" line="11" assertions="1" time="0.241611"/>
      <testcase name="test_UpdateEmail_Valid" class="UpdateProfile_test" classname="UpdateProfile_test" file="/Applications/MAMP/htdocs/umpire/application/tests/controllers/UpdateProfile_test.php" line="25" assertions="1" time="0.168895"/>
      <testcase name="test_UpdateEmail_NotValid" class="UpdateProfile_test" classname="UpdateProfile_test" file="/Applications/MAMP/htdocs/umpire/application/tests/controllers/UpdateProfile_test.php" line="43" assertions="1" time="0.147439"/>
      <testcase name="test_UpdateEmail_Empty" class="UpdateProfile_test" classname="UpdateProfile_test" file="/Applications/MAMP/htdocs/umpire/application/tests/controllers/UpdateProfile_test.php" line="61" assertions="1" time="0.153379"/>
    </testsuite>
    <testsuite name="VerifyLogin_test" file="/Applications/MAMP/htdocs/umpire/application/tests/controllers/VerifyLogin_test.php" tests="5" assertions="5" errors="0" failures="0" skipped="0" time="0.430599">
      <testcase name="testIndex_CorrectDetails" class="VerifyLogin_test" classname="VerifyLogin_test" file="/Applications/MAMP/htdocs/umpire/application/tests/controllers/VerifyLogin_test.php" line="15" assertions="1" time="0.116589"/>
      <testcase name="testIndex_IncorrectPW" class="VerifyLogin_test" classname="VerifyLogin_test" file="/Applications/MAMP/htdocs/umpire/application/tests/controllers/VerifyLogin_test.php" line="27" assertions="1" time="0.079927"/>
      <testcase name="testIndex_IncorrectUsername" class="VerifyLogin_test" classname="VerifyLogin_test" file="/Applications/MAMP/htdocs/umpire/application/tests/controllers/VerifyLogin_test.php" line="39" assertions="1" time="0.073826"/>
      <testcase name="testIndex_MissingUsername" class="VerifyLogin_test" classname="VerifyLogin_test" file="/Applications/MAMP/htdocs/umpire/application/tests/controllers/VerifyLogin_test.php" line="51" assertions="1" time="0.072225"/>
      <testcase name="testIndex_MissingPassword" class="VerifyLogin_test" classname="VerifyLogin_test" file="/Applications/MAMP/htdocs/umpire/application/tests/controllers/VerifyLogin_test.php" line="63" assertions="1" time="0.088032"/>
    </testsuite>
    <testsuite name="Match_import_test" file="/Applications/MAMP/htdocs/umpire/application/tests/models/Match_import_test.php" tests="11" assertions="20" errors="0" failures="0" skipped="0" time="4.287121">
      <testcase name="test_ImportFile_ValidXLS" class="Match_import_test" classname="Match_import_test" file="/Applications/MAMP/htdocs/umpire/application/tests/models/Match_import_test.php" line="28" assertions="4" time="1.629103"/>
      <testcase name="test_ImportFile_ValidXLSX" class="Match_import_test" classname="Match_import_test" file="/Applications/MAMP/htdocs/umpire/application/tests/models/Match_import_test.php" line="54" assertions="4" time="0.340621"/>
      <testcase name="test_ImportFile_MissingColumnHeaderRow" class="Match_import_test" classname="Match_import_test" file="/Applications/MAMP/htdocs/umpire/application/tests/models/Match_import_test.php" line="80" assertions="1" time="0.307262"/>
      <testcase name="test_ImportFile_BlankColumnHeaderRow" class="Match_import_test" classname="Match_import_test" file="/Applications/MAMP/htdocs/umpire/application/tests/models/Match_import_test.php" line="93" assertions="1" time="0.248822"/>
      <testcase name="test_ImportFile_IncorrectColumnHeaderRow" class="Match_import_test" classname="Match_import_test" file="/Applications/MAMP/htdocs/umpire/application/tests/models/Match_import_test.php" line="106" assertions="1" time="0.290661"/>
      <testcase name="test_ImportFile_MissingLastColumn" class="Match_import_test" classname="Match_import_test" file="/Applications/MAMP/htdocs/umpire/application/tests/models/Match_import_test.php" line="119" assertions="1" time="0.268365"/>
      <testcase name="test_ImportFile_MissingSeveralColumns" class="Match_import_test" classname="Match_import_test" file="/Applications/MAMP/htdocs/umpire/application/tests/models/Match_import_test.php" line="132" assertions="1" time="0.218095"/>
      <testcase name="test_ImportFile_ExtraColumn" class="Match_import_test" classname="Match_import_test" file="/Applications/MAMP/htdocs/umpire/application/tests/models/Match_import_test.php" line="145" assertions="4" time="0.337458"/>
      <testcase name="test_ImportFile_NoData" class="Match_import_test" classname="Match_import_test" file="/Applications/MAMP/htdocs/umpire/application/tests/models/Match_import_test.php" line="171" assertions="1" time="0.187419"/>
      <testcase name="test_ImportFile_NotExcel" class="Match_import_test" classname="Match_import_test" file="/Applications/MAMP/htdocs/umpire/application/tests/models/Match_import_test.php" line="184" assertions="1" time="0.187634"/>
      <testcase name="test_ImportFile_AnotherSheetSelected" class="Match_import_test" classname="Match_import_test" file="/Applications/MAMP/htdocs/umpire/application/tests/models/Match_import_test.php" line="197" assertions="1" time="0.271681"/>
    </testsuite>
    <testsuite name="Missing_data_updater_test" file="/Applications/MAMP/htdocs/umpire/application/tests/models/Missing_data_updater_test.php" tests="14" assertions="20" errors="0" failures="0" skipped="0" time="0.824817">
      <testcase name="test_GetPossibleLeaguesForComp" class="Missing_data_updater_test" classname="Missing_data_updater_test" file="/Applications/MAMP/htdocs/umpire/application/tests/models/Missing_data_updater_test.php" line="12" assertions="2" time="0.049463"/>
      <testcase name="test_GetClubsForTeam" class="Missing_data_updater_test" classname="Missing_data_updater_test" file="/Applications/MAMP/htdocs/umpire/application/tests/models/Missing_data_updater_test.php" line="23" assertions="2" time="0.049447"/>
      <testcase name="test_GetRegions" class="Missing_data_updater_test" classname="Missing_data_updater_test" file="/Applications/MAMP/htdocs/umpire/application/tests/models/Missing_data_updater_test.php" line="34" assertions="2" time="0.045068"/>
      <testcase name="test_GetAgeGroups" class="Missing_data_updater_test" classname="Missing_data_updater_test" file="/Applications/MAMP/htdocs/umpire/application/tests/models/Missing_data_updater_test.php" line="45" assertions="2" time="0.043592"/>
      <testcase name="test_GetShortLeagueNames" class="Missing_data_updater_test" classname="Missing_data_updater_test" file="/Applications/MAMP/htdocs/umpire/application/tests/models/Missing_data_updater_test.php" line="56" assertions="2" time="0.067731"/>
      <testcase name="test_GetDivisions" class="Missing_data_updater_test" classname="Missing_data_updater_test" file="/Applications/MAMP/htdocs/umpire/application/tests/models/Missing_data_updater_test.php" line="67" assertions="2" time="0.049437"/>
      <testcase name="test_UpdateSingleCompetition" class="Missing_data_updater_test" classname="Missing_data_updater_test" file="/Applications/MAMP/htdocs/umpire/application/tests/models/Missing_data_updater_test.php" line="78" assertions="1" time="0.054335"/>
      <testcase name="test_InsertNewLeague" class="Missing_data_updater_test" classname="Missing_data_updater_test" file="/Applications/MAMP/htdocs/umpire/application/tests/models/Missing_data_updater_test.php" line="88" assertions="1" time="0.061414"/>
      <testcase name="test_updateTeamAndClubData_OneTeamInsert" class="Missing_data_updater_test" classname="Missing_data_updater_test" file="/Applications/MAMP/htdocs/umpire/application/tests/models/Missing_data_updater_test.php" line="100" assertions="1" time="0.080136"/>
      <testcase name="test_updateTeamAndClubData_TwoTeamsInsert" class="Missing_data_updater_test" classname="Missing_data_updater_test" file="/Applications/MAMP/htdocs/umpire/application/tests/models/Missing_data_updater_test.php" line="123" assertions="1" time="0.074679"/>
      <testcase name="test_updateTeamAndClubData_OneTeamUpdate" class="Missing_data_updater_test" classname="Missing_data_updater_test" file="/Applications/MAMP/htdocs/umpire/application/tests/models/Missing_data_updater_test.php" line="147" assertions="1" time="0.056355"/>
      <testcase name="test_updateTeamAndClubData_TwoTeamsUpdate" class="Missing_data_updater_test" classname="Missing_data_updater_test" file="/Applications/MAMP/htdocs/umpire/application/tests/models/Missing_data_updater_test.php" line="170" assertions="1" time="0.067462"/>
      <testcase name="test_updateTeamAndClubData_MissingValues" class="Missing_data_updater_test" classname="Missing_data_updater_test" file="/Applications/MAMP/htdocs/umpire/application/tests/models/Missing_data_updater_test.php" line="193" assertions="1" time="0.065157"/>
      <testcase name="test_updateTeamAndClubData_NoCompetition" class="Missing_data_updater_test" classname="Missing_data_updater_test" file="/Applications/MAMP/htdocs/umpire/application/tests/models/Missing_data_updater_test.php" line="208" assertions="1" time="0.060541"/>
    </testsuite>
    <testsuite name="Report1_test" file="/Applications/MAMP/htdocs/umpire/application/tests/models/Report1_test.php" tests="6" assertions="6" errors="0" failures="0" skipped="0" time="0.583591">
      <testcase name="test_GetDataQuery" class="Report1_test" classname="Report1_test" file="/Applications/MAMP/htdocs/umpire/application/tests/models/Report1_test.php" line="10" assertions="1" time="0.103175"/>
      <testcase name="test_GetReportColumnQuery" class="Report1_test" classname="Report1_test" file="/Applications/MAMP/htdocs/umpire/application/tests/models/Report1_test.php" line="32" assertions="1" time="0.180720"/>
      <testcase name="test_GetDataQueryNullParam" class="Report1_test" classname="Report1_test" file="/Applications/MAMP/htdocs/umpire/application/tests/models/Report1_test.php" line="52" assertions="1" time="0.075864"/>
      <testcase name="test_GetDataQueryEmptyParam" class="Report1_test" classname="Report1_test" file="/Applications/MAMP/htdocs/umpire/application/tests/models/Report1_test.php" line="71" assertions="1" time="0.101757"/>
      <testcase name="test_GetReportColumnQueryNullParam" class="Report1_test" classname="Report1_test" file="/Applications/MAMP/htdocs/umpire/application/tests/models/Report1_test.php" line="90" assertions="1" time="0.063607"/>
      <testcase name="test_GetReportColumnQueryEmptyParam" class="Report1_test" classname="Report1_test" file="/Applications/MAMP/htdocs/umpire/application/tests/models/Report1_test.php" line="108" assertions="1" time="0.058468"/>
    </testsuite>
    <testsuite name="Report2_test" file="/Applications/MAMP/htdocs/umpire/application/tests/models/Report2_test.php" tests="6" assertions="6" errors="0" failures="0" skipped="0" time="0.405323">
      <testcase name="test_GetDataQuery" class="Report2_test" classname="Report2_test" file="/Applications/MAMP/htdocs/umpire/application/tests/models/Report2_test.php" line="10" assertions="1" time="0.060964"/>
      <testcase name="test_GetReportColumnQuery" class="Report2_test" classname="Report2_test" file="/Applications/MAMP/htdocs/umpire/application/tests/models/Report2_test.php" line="37" assertions="1" time="0.059801"/>
      <testcase name="test_GetDataQueryNullParam" class="Report2_test" classname="Report2_test" file="/Applications/MAMP/htdocs/umpire/application/tests/models/Report2_test.php" line="58" assertions="1" time="0.065691"/>
      <testcase name="test_GetDataQueryEmptyParam" class="Report2_test" classname="Report2_test" file="/Applications/MAMP/htdocs/umpire/application/tests/models/Report2_test.php" line="77" assertions="1" time="0.080389"/>
      <testcase name="test_GetReportColumnQueryNullParam" class="Report2_test" classname="Report2_test" file="/Applications/MAMP/htdocs/umpire/application/tests/models/Report2_test.php" line="96" assertions="1" time="0.071861"/>
      <testcase name="test_GetReportColumnQueryEmptyParam" class="Report2_test" classname="Report2_test" file="/Applications/MAMP/htdocs/umpire/application/tests/models/Report2_test.php" line="114" assertions="1" time="0.066617"/>
    </testsuite>
    <testsuite name="Report3_test" file="/Applications/MAMP/htdocs/umpire/application/tests/models/Report3_test.php" tests="6" assertions="6" errors="0" failures="0" skipped="0" time="0.518794">
      <testcase name="test_GetDataQuery" class="Report3_test" classname="Report3_test" file="/Applications/MAMP/htdocs/umpire/application/tests/models/Report3_test.php" line="10" assertions="1" time="0.110985"/>
      <testcase name="test_GetReportColumnQuery" class="Report3_test" classname="Report3_test" file="/Applications/MAMP/htdocs/umpire/application/tests/models/Report3_test.php" line="29" assertions="1" time="0.077253"/>
      <testcase name="test_GetDataQueryNullParam" class="Report3_test" classname="Report3_test" file="/Applications/MAMP/htdocs/umpire/application/tests/models/Report3_test.php" line="47" assertions="1" time="0.083990"/>
      <testcase name="test_GetDataQueryEmptyParam" class="Report3_test" classname="Report3_test" file="/Applications/MAMP/htdocs/umpire/application/tests/models/Report3_test.php" line="63" assertions="1" time="0.072758"/>
      <testcase name="test_GetReportColumnQueryNullParam" class="Report3_test" classname="Report3_test" file="/Applications/MAMP/htdocs/umpire/application/tests/models/Report3_test.php" line="79" assertions="1" time="0.085597"/>
      <testcase name="test_GetReportColumnQueryEmptyParam" class="Report3_test" classname="Report3_test" file="/Applications/MAMP/htdocs/umpire/application/tests/models/Report3_test.php" line="94" assertions="1" time="0.088211"/>
    </testsuite>
    <testsuite name="Report4_test" file="/Applications/MAMP/htdocs/umpire/application/tests/models/Report4_test.php" tests="6" assertions="6" errors="0" failures="0" skipped="0" time="0.529704">
      <testcase name="test_GetDataQuery" class="Report4_test" classname="Report4_test" file="/Applications/MAMP/htdocs/umpire/application/tests/models/Report4_test.php" line="10" assertions="1" time="0.084644"/>
      <testcase name="test_GetReportColumnQuery" class="Report4_test" classname="Report4_test" file="/Applications/MAMP/htdocs/umpire/application/tests/models/Report4_test.php" line="25" assertions="1" time="0.090903"/>
      <testcase name="test_GetDataQueryNullParam" class="Report4_test" classname="Report4_test" file="/Applications/MAMP/htdocs/umpire/application/tests/models/Report4_test.php" line="38" assertions="1" time="0.078624"/>
      <testcase name="test_GetDataQueryEmptyParam" class="Report4_test" classname="Report4_test" file="/Applications/MAMP/htdocs/umpire/application/tests/models/Report4_test.php" line="57" assertions="1" time="0.102816"/>
      <testcase name="test_GetReportColumnQueryNullParam" class="Report4_test" classname="Report4_test" file="/Applications/MAMP/htdocs/umpire/application/tests/models/Report4_test.php" line="76" assertions="1" time="0.084299"/>
      <testcase name="test_GetReportColumnQueryEmptyParam" class="Report4_test" classname="Report4_test" file="/Applications/MAMP/htdocs/umpire/application/tests/models/Report4_test.php" line="94" assertions="1" time="0.088418"/>
    </testsuite>
    <testsuite name="Report5_test" file="/Applications/MAMP/htdocs/umpire/application/tests/models/Report5_test.php" tests="6" assertions="6" errors="0" failures="0" skipped="0" time="0.455685">
      <testcase name="test_GetDataQuery" class="Report5_test" classname="Report5_test" file="/Applications/MAMP/htdocs/umpire/application/tests/models/Report5_test.php" line="10" assertions="1" time="0.072438"/>
      <testcase name="test_GetReportColumnQuery" class="Report5_test" classname="Report5_test" file="/Applications/MAMP/htdocs/umpire/application/tests/models/Report5_test.php" line="30" assertions="1" time="0.068743"/>
      <testcase name="test_GetDataQueryNullParam" class="Report5_test" classname="Report5_test" file="/Applications/MAMP/htdocs/umpire/application/tests/models/Report5_test.php" line="47" assertions="1" time="0.096998"/>
      <testcase name="test_GetDataQueryEmptyParam" class="Report5_test" classname="Report5_test" file="/Applications/MAMP/htdocs/umpire/application/tests/models/Report5_test.php" line="66" assertions="1" time="0.076999"/>
      <testcase name="test_GetReportColumnQueryNullParam" class="Report5_test" classname="Report5_test" file="/Applications/MAMP/htdocs/umpire/application/tests/models/Report5_test.php" line="85" assertions="1" time="0.068281"/>
      <testcase name="test_GetReportColumnQueryEmptyParam" class="Report5_test" classname="Report5_test" file="/Applications/MAMP/htdocs/umpire/application/tests/models/Report5_test.php" line="103" assertions="1" time="0.072226"/>
    </testsuite>
    <testsuite name="Report6_test" file="/Applications/MAMP/htdocs/umpire/application/tests/models/Report6_test.php" tests="6" assertions="6" errors="0" failures="0" skipped="0" time="0.768845">
      <testcase name="test_GetDataQuery" class="Report6_test" classname="Report6_test" file="/Applications/MAMP/htdocs/umpire/application/tests/models/Report6_test.php" line="10" assertions="1" time="0.119891"/>
      <testcase name="test_GetReportColumnQuery" class="Report6_test" classname="Report6_test" file="/Applications/MAMP/htdocs/umpire/application/tests/models/Report6_test.php" line="32" assertions="1" time="0.108585"/>
      <testcase name="test_GetDataQueryNullParam" class="Report6_test" classname="Report6_test" file="/Applications/MAMP/htdocs/umpire/application/tests/models/Report6_test.php" line="51" assertions="1" time="0.167881"/>
      <testcase name="test_GetDataQueryEmptyParam" class="Report6_test" classname="Report6_test" file="/Applications/MAMP/htdocs/umpire/application/tests/models/Report6_test.php" line="70" assertions="1" time="0.119214"/>
      <testcase name="test_GetReportColumnQueryNullParam" class="Report6_test" classname="Report6_test" file="/Applications/MAMP/htdocs/umpire/application/tests/models/Report6_test.php" line="89" assertions="1" time="0.130808"/>
      <testcase name="test_GetReportColumnQueryEmptyParam" class="Report6_test" classname="Report6_test" file="/Applications/MAMP/htdocs/umpire/application/tests/models/Report6_test.php" line="107" assertions="1" time="0.122466"/>
    </testsuite>
    <testsuite name="Report7_test" file="/Applications/MAMP/htdocs/umpire/application/tests/models/Report7_test.php" tests="6" assertions="6" errors="0" failures="0" skipped="0" time="0.688741">
      <testcase name="test_GetDataQuery" class="Report7_test" classname="Report7_test" file="/Applications/MAMP/htdocs/umpire/application/tests/models/Report7_test.php" line="10" assertions="1" time="0.113462"/>
      <testcase name="test_GetReportColumnQuery" class="Report7_test" classname="Report7_test" file="/Applications/MAMP/htdocs/umpire/application/tests/models/Report7_test.php" line="32" assertions="1" time="0.111343"/>
      <testcase name="test_GetDataQueryNullParam" class="Report7_test" classname="Report7_test" file="/Applications/MAMP/htdocs/umpire/application/tests/models/Report7_test.php" line="53" assertions="1" time="0.131224"/>
      <testcase name="test_GetDataQueryEmptyParam" class="Report7_test" classname="Report7_test" file="/Applications/MAMP/htdocs/umpire/application/tests/models/Report7_test.php" line="72" assertions="1" time="0.097787"/>
      <testcase name="test_GetReportColumnQueryNullParam" class="Report7_test" classname="Report7_test" file="/Applications/MAMP/htdocs/umpire/application/tests/models/Report7_test.php" line="91" assertions="1" time="0.118963"/>
      <testcase name="test_GetReportColumnQueryEmptyParam" class="Report7_test" classname="Report7_test" file="/Applications/MAMP/htdocs/umpire/application/tests/models/Report7_test.php" line="109" assertions="1" time="0.115962"/>
    </testsuite>
    <testsuite name="Report8_test" file="/Applications/MAMP/htdocs/umpire/application/tests/models/Report8_test.php" tests="6" assertions="6" errors="0" failures="0" skipped="0" time="0.540354">
      <testcase name="test_GetDataQuery" class="Report8_test" classname="Report8_test" file="/Applications/MAMP/htdocs/umpire/application/tests/models/Report8_test.php" line="10" assertions="1" time="0.114132"/>
      <testcase name="test_GetReportColumnQuery" class="Report8_test" classname="Report8_test" file="/Applications/MAMP/htdocs/umpire/application/tests/models/Report8_test.php" line="20" assertions="1" time="0.125346"/>
      <testcase name="test_GetDataQueryNullParam" class="Report8_test" classname="Report8_test" file="/Applications/MAMP/htdocs/umpire/application/tests/models/Report8_test.php" line="27" assertions="1" time="0.079413"/>
      <testcase name="test_GetDataQueryEmptyParam" class="Report8_test" classname="Report8_test" file="/Applications/MAMP/htdocs/umpire/application/tests/models/Report8_test.php" line="46" assertions="1" time="0.081304"/>
      <testcase name="test_GetReportColumnQueryNullParam" class="Report8_test" classname="Report8_test" file="/Applications/MAMP/htdocs/umpire/application/tests/models/Report8_test.php" line="65" assertions="1" time="0.078516"/>
      <testcase name="test_GetReportColumnQueryEmptyParam" class="Report8_test" classname="Report8_test" file="/Applications/MAMP/htdocs/umpire/application/tests/models/Report8_test.php" line="83" assertions="1" time="0.061643"/>
    </testsuite>
    <testsuite name="Report_display_options_test" file="/Applications/MAMP/htdocs/umpire/application/tests/models/Report_display_options_test.php" tests="14" assertions="14" errors="0" failures="0" skipped="0" time="0.905334">
      <testcase name="test_ColumnGroup" class="Report_display_options_test" classname="Report_display_options_test" file="/Applications/MAMP/htdocs/umpire/application/tests/models/Report_display_options_test.php" line="10" assertions="1" time="0.062322"/>
      <testcase name="test_RowGroup" class="Report_display_options_test" classname="Report_display_options_test" file="/Applications/MAMP/htdocs/umpire/application/tests/models/Report_display_options_test.php" line="16" assertions="1" time="0.064158"/>
      <testcase name="test_FieldToDisplay" class="Report_display_options_test" classname="Report_display_options_test" file="/Applications/MAMP/htdocs/umpire/application/tests/models/Report_display_options_test.php" line="22" assertions="1" time="0.054706"/>
      <testcase name="test_NoDataValue" class="Report_display_options_test" classname="Report_display_options_test" file="/Applications/MAMP/htdocs/umpire/application/tests/models/Report_display_options_test.php" line="28" assertions="1" time="0.067427"/>
      <testcase name="test_MergeColumnGroup" class="Report_display_options_test" classname="Report_display_options_test" file="/Applications/MAMP/htdocs/umpire/application/tests/models/Report_display_options_test.php" line="34" assertions="1" time="0.068114"/>
      <testcase name="test_ColourCells" class="Report_display_options_test" classname="Report_display_options_test" file="/Applications/MAMP/htdocs/umpire/application/tests/models/Report_display_options_test.php" line="40" assertions="1" time="0.068710"/>
      <testcase name="test_ColumnHeadingLabel" class="Report_display_options_test" classname="Report_display_options_test" file="/Applications/MAMP/htdocs/umpire/application/tests/models/Report_display_options_test.php" line="46" assertions="1" time="0.066264"/>
      <testcase name="test_FirstColumnFormat" class="Report_display_options_test" classname="Report_display_options_test" file="/Applications/MAMP/htdocs/umpire/application/tests/models/Report_display_options_test.php" line="52" assertions="1" time="0.073623"/>
      <testcase name="test_ColumnHeadingSizeText" class="Report_display_options_test" classname="Report_display_options_test" file="/Applications/MAMP/htdocs/umpire/application/tests/models/Report_display_options_test.php" line="58" assertions="1" time="0.063926"/>
      <testcase name="test_PDFResolution" class="Report_display_options_test" classname="Report_display_options_test" file="/Applications/MAMP/htdocs/umpire/application/tests/models/Report_display_options_test.php" line="64" assertions="1" time="0.063768"/>
      <testcase name="test_PDFPaperSize" class="Report_display_options_test" classname="Report_display_options_test" file="/Applications/MAMP/htdocs/umpire/application/tests/models/Report_display_options_test.php" line="70" assertions="1" time="0.057159"/>
      <testcase name="test_PDFOrientation" class="Report_display_options_test" classname="Report_display_options_test" file="/Applications/MAMP/htdocs/umpire/application/tests/models/Report_display_options_test.php" line="76" assertions="1" time="0.066566"/>
      <testcase name="test_LastGameDate" class="Report_display_options_test" classname="Report_display_options_test" file="/Applications/MAMP/htdocs/umpire/application/tests/models/Report_display_options_test.php" line="82" assertions="1" time="0.058077"/>
      <testcase name="test_CreateObject" class="Report_display_options_test" classname="Report_display_options_test" file="/Applications/MAMP/htdocs/umpire/application/tests/models/Report_display_options_test.php" line="88" assertions="1" time="0.070514"/>
    </testsuite>
    <testsuite name="Report_factory_test" file="/Applications/MAMP/htdocs/umpire/application/tests/models/Report_factory_test.php" tests="13" assertions="13" errors="0" failures="0" skipped="0" time="0.696388">
      <testcase name="test_Report1" class="Report_factory_test" classname="Report_factory_test" file="/Applications/MAMP/htdocs/umpire/application/tests/models/Report_factory_test.php" line="17" assertions="1" time="0.037642"/>
      <testcase name="test_Report2" class="Report_factory_test" classname="Report_factory_test" file="/Applications/MAMP/htdocs/umpire/application/tests/models/Report_factory_test.php" line="22" assertions="1" time="0.043937"/>
      <testcase name="test_Report3" class="Report_factory_test" classname="Report_factory_test" file="/Applications/MAMP/htdocs/umpire/application/tests/models/Report_factory_test.php" line="27" assertions="1" time="0.056425"/>
      <testcase name="test_Report4" class="Report_factory_test" classname="Report_factory_test" file="/Applications/MAMP/htdocs/umpire/application/tests/models/Report_factory_test.php" line="32" assertions="1" time="0.058283"/>
      <testcase name="test_Report5" class="Report_factory_test" classname="Report_factory_test" file="/Applications/MAMP/htdocs/umpire/application/tests/models/Report_factory_test.php" line="37" assertions="1" time="0.053280"/>
      <testcase name="test_Report6" class="Report_factory_test" classname="Report_factory_test" file="/Applications/MAMP/htdocs/umpire/application/tests/models/Report_factory_test.php" line="42" assertions="1" time="0.043661"/>
      <testcase name="test_Report7" class="Report_factory_test" classname="Report_factory_test" file="/Applications/MAMP/htdocs/umpire/application/tests/models/Report_factory_test.php" line="47" assertions="1" time="0.073975"/>
      <testcase name="test_Report8" class="Report_factory_test" classname="Report_factory_test" file="/Applications/MAMP/htdocs/umpire/application/tests/models/Report_factory_test.php" line="52" assertions="1" time="0.056955"/>
      <testcase name="test_Report9" class="Report_factory_test" classname="Report_factory_test" file="/Applications/MAMP/htdocs/umpire/application/tests/models/Report_factory_test.php" line="57" assertions="1" time="0.054262"/>
      <testcase name="test_ReportDecimal" class="Report_factory_test" classname="Report_factory_test" file="/Applications/MAMP/htdocs/umpire/application/tests/models/Report_factory_test.php" line="62" assertions="1" time="0.062763"/>
      <testcase name="test_ReportZero" class="Report_factory_test" classname="Report_factory_test" file="/Applications/MAMP/htdocs/umpire/application/tests/models/Report_factory_test.php" line="67" assertions="1" time="0.060272"/>
      <testcase name="test_ReportText" class="Report_factory_test" classname="Report_factory_test" file="/Applications/MAMP/htdocs/umpire/application/tests/models/Report_factory_test.php" line="72" assertions="1" time="0.045929"/>
      <testcase name="test_ReportNull" class="Report_factory_test" classname="Report_factory_test" file="/Applications/MAMP/htdocs/umpire/application/tests/models/Report_factory_test.php" line="77" assertions="1" time="0.049004"/>
    </testsuite>
    <testsuite name="Report_filter_parameter_test" file="/Applications/MAMP/htdocs/umpire/application/tests/models/Report_filter_parameter_test.php" tests="15" assertions="15" errors="0" failures="0" skipped="0" time="0.682398">
      <testcase name="test_dummy" class="Report_filter_parameter_test" classname="Report_filter_parameter_test" file="/Applications/MAMP/htdocs/umpire/application/tests/models/Report_filter_parameter_test.php" line="9" assertions="1" time="0.039368"/>
      <testcase name="test_createFilterParameter_ValuesOKSQL" class="Report_filter_parameter_test" classname="Report_filter_parameter_test" file="/Applications/MAMP/htdocs/umpire/application/tests/models/Report_filter_parameter_test.php" line="13" assertions="1" time="0.040833"/>
      <testcase name="test_createFilterParameter_ValuesOKDisplay" class="Report_filter_parameter_test" classname="Report_filter_parameter_test" file="/Applications/MAMP/htdocs/umpire/application/tests/models/Report_filter_parameter_test.php" line="23" assertions="1" time="0.042840"/>
      <testcase name="test_createFilterParameter_SingleValueSQL" class="Report_filter_parameter_test" classname="Report_filter_parameter_test" file="/Applications/MAMP/htdocs/umpire/application/tests/models/Report_filter_parameter_test.php" line="33" assertions="1" time="0.044559"/>
      <testcase name="test_createFilterParameter_SingleValueDisplay" class="Report_filter_parameter_test" classname="Report_filter_parameter_test" file="/Applications/MAMP/htdocs/umpire/application/tests/models/Report_filter_parameter_test.php" line="43" assertions="1" time="0.048312"/>
      <testcase name="test_createFilterParameter_ValuesOKPDFSQL" class="Report_filter_parameter_test" classname="Report_filter_parameter_test" file="/Applications/MAMP/htdocs/umpire/application/tests/models/Report_filter_parameter_test.php" line="55" assertions="1" time="0.039945"/>
      <testcase name="test_createFilterParameter_SingleValuePDFSQL" class="Report_filter_parameter_test" classname="Report_filter_parameter_test" file="/Applications/MAMP/htdocs/umpire/application/tests/models/Report_filter_parameter_test.php" line="84" assertions="1" time="0.065422"/>
      <testcase name="test_createFilterParameter_SeveralValuesRegionSQL" class="Report_filter_parameter_test" classname="Report_filter_parameter_test" file="/Applications/MAMP/htdocs/umpire/application/tests/models/Report_filter_parameter_test.php" line="105" assertions="1" time="0.060682"/>
      <testcase name="test_createFilterParameter_SeveralValuesRegionDisplay" class="Report_filter_parameter_test" classname="Report_filter_parameter_test" file="/Applications/MAMP/htdocs/umpire/application/tests/models/Report_filter_parameter_test.php" line="115" assertions="1" time="0.038968"/>
      <testcase name="test_createFilterParameter_SingleArrayValueRegionSQL" class="Report_filter_parameter_test" classname="Report_filter_parameter_test" file="/Applications/MAMP/htdocs/umpire/application/tests/models/Report_filter_parameter_test.php" line="125" assertions="1" time="0.051558"/>
      <testcase name="test_createFilterParameter_SingleArrayValueRegionDisplay" class="Report_filter_parameter_test" classname="Report_filter_parameter_test" file="/Applications/MAMP/htdocs/umpire/application/tests/models/Report_filter_parameter_test.php" line="135" assertions="1" time="0.040512"/>
      <testcase name="test_createFilterParameter_SingleValueRegionSQL" class="Report_filter_parameter_test" classname="Report_filter_parameter_test" file="/Applications/MAMP/htdocs/umpire/application/tests/models/Report_filter_parameter_test.php" line="145" assertions="1" time="0.040282"/>
      <testcase name="test_createFilterParameter_SingleValueRegionDisplay" class="Report_filter_parameter_test" classname="Report_filter_parameter_test" file="/Applications/MAMP/htdocs/umpire/application/tests/models/Report_filter_parameter_test.php" line="155" assertions="1" time="0.035100"/>
      <testcase name="test_createFilterParameter_StringSQL" class="Report_filter_parameter_test" classname="Report_filter_parameter_test" file="/Applications/MAMP/htdocs/umpire/application/tests/models/Report_filter_parameter_test.php" line="165" assertions="1" time="0.055814"/>
      <testcase name="test_createFilterParameter_EmptyArraySQL" class="Report_filter_parameter_test" classname="Report_filter_parameter_test" file="/Applications/MAMP/htdocs/umpire/application/tests/models/Report_filter_parameter_test.php" line="173" assertions="1" time="0.038203"/>
    </testsuite>
    <testsuite name="Report_grouping_structure_test" file="/Applications/MAMP/htdocs/umpire/application/tests/models/Report_grouping_structure_test.php" tests="10" assertions="10" errors="0" failures="0" skipped="0" time="0.423218">
      <testcase name="test_ObjectType" class="Report_grouping_structure_test" classname="Report_grouping_structure_test" file="/Applications/MAMP/htdocs/umpire/application/tests/models/Report_grouping_structure_test.php" line="8" assertions="1" time="0.040812"/>
      <testcase name="test_ReportGroupingStructureID" class="Report_grouping_structure_test" classname="Report_grouping_structure_test" file="/Applications/MAMP/htdocs/umpire/application/tests/models/Report_grouping_structure_test.php" line="15" assertions="1" time="0.036116"/>
      <testcase name="test_GroupingType" class="Report_grouping_structure_test" classname="Report_grouping_structure_test" file="/Applications/MAMP/htdocs/umpire/application/tests/models/Report_grouping_structure_test.php" line="23" assertions="1" time="0.044803"/>
      <testcase name="test_FieldName" class="Report_grouping_structure_test" classname="Report_grouping_structure_test" file="/Applications/MAMP/htdocs/umpire/application/tests/models/Report_grouping_structure_test.php" line="31" assertions="1" time="0.031840"/>
      <testcase name="test_FieldGroupOrder" class="Report_grouping_structure_test" classname="Report_grouping_structure_test" file="/Applications/MAMP/htdocs/umpire/application/tests/models/Report_grouping_structure_test.php" line="40" assertions="1" time="0.051679"/>
      <testcase name="test_MergeField" class="Report_grouping_structure_test" classname="Report_grouping_structure_test" file="/Applications/MAMP/htdocs/umpire/application/tests/models/Report_grouping_structure_test.php" line="49" assertions="1" time="0.035110"/>
      <testcase name="test_GroupHeading" class="Report_grouping_structure_test" classname="Report_grouping_structure_test" file="/Applications/MAMP/htdocs/umpire/application/tests/models/Report_grouping_structure_test.php" line="58" assertions="1" time="0.044324"/>
      <testcase name="test_GroupSizeText" class="Report_grouping_structure_test" classname="Report_grouping_structure_test" file="/Applications/MAMP/htdocs/umpire/application/tests/models/Report_grouping_structure_test.php" line="67" assertions="1" time="0.058346"/>
      <testcase name="test_NullParams" class="Report_grouping_structure_test" classname="Report_grouping_structure_test" file="/Applications/MAMP/htdocs/umpire/application/tests/models/Report_grouping_structure_test.php" line="75" assertions="1" time="0.041113"/>
      <testcase name="test_EmptyStringParams" class="Report_grouping_structure_test" classname="Report_grouping_structure_test" file="/Applications/MAMP/htdocs/umpire/application/tests/models/Report_grouping_structure_test.php" line="83" assertions="1" time="0.039075"/>
    </testsuite>
    <testsuite name="Report_instance_test" file="/Applications/MAMP/htdocs/umpire/application/tests/models/Report_instance_test.php" tests="2" assertions="7" errors="0" failures="0" skipped="0" time="0.165177">
      <testcase name="test_SetReportType" class="Report_instance_test" classname="Report_instance_test" file="/Applications/MAMP/htdocs/umpire/application/tests/models/Report_instance_test.php" line="10" assertions="3" time="0.088570"/>
      <testcase name="test_LoadReportResults" class="Report_instance_test" classname="Report_instance_test" file="/Applications/MAMP/htdocs/umpire/application/tests/models/Report_instance_test.php" line="39" assertions="4" time="0.076607"/>
    </testsuite>
    <testsuite name="Report_param_loader_test" file="/Applications/MAMP/htdocs/umpire/application/tests/models/Report_param_loader_test.php" tests="7" assertions="8" errors="0" failures="0" skipped="0" time="0.337894">
      <testcase name="test_GetReportParameter" class="Report_param_loader_test" classname="Report_param_loader_test" file="/Applications/MAMP/htdocs/umpire/application/tests/models/Report_param_loader_test.php" line="12" assertions="1" time="0.036133"/>
      <testcase name="test_GetReportGroupingStructureArray" class="Report_param_loader_test" classname="Report_param_loader_test" file="/Applications/MAMP/htdocs/umpire/application/tests/models/Report_param_loader_test.php" line="19" assertions="2" time="0.044207"/>
      <testcase name="test_loadAllParametersTest" class="Report_param_loader_test" classname="Report_param_loader_test" file="/Applications/MAMP/htdocs/umpire/application/tests/models/Report_param_loader_test.php" line="30" assertions="1" time="0.051124"/>
      <testcase name="test_loadAllParametersTestV2" class="Report_param_loader_test" classname="Report_param_loader_test" file="/Applications/MAMP/htdocs/umpire/application/tests/models/Report_param_loader_test.php" line="41" assertions="1" time="0.048203"/>
      <testcase name="test_loadAllParametersTestNotFound" class="Report_param_loader_test" classname="Report_param_loader_test" file="/Applications/MAMP/htdocs/umpire/application/tests/models/Report_param_loader_test.php" line="52" assertions="1" time="0.058418"/>
      <testcase name="test_loadAllGroupingStructuresForReport" class="Report_param_loader_test" classname="Report_param_loader_test" file="/Applications/MAMP/htdocs/umpire/application/tests/models/Report_param_loader_test.php" line="60" assertions="1" time="0.049047"/>
      <testcase name="test_loadAllGroupingStructuresForReportNotFound" class="Report_param_loader_test" classname="Report_param_loader_test" file="/Applications/MAMP/htdocs/umpire/application/tests/models/Report_param_loader_test.php" line="71" assertions="1" time="0.050762"/>
    </testsuite>
    <testsuite name="Report_parameter_test" file="/Applications/MAMP/htdocs/umpire/application/tests/models/Report_parameter_test.php" tests="8" assertions="8" errors="0" failures="0" skipped="0" time="0.394346">
      <testcase name="test_ReportTitle" class="Report_parameter_test" classname="Report_parameter_test" file="/Applications/MAMP/htdocs/umpire/application/tests/models/Report_parameter_test.php" line="20" assertions="1" time="0.040136"/>
      <testcase name="test_ValueFieldID" class="Report_parameter_test" classname="Report_parameter_test" file="/Applications/MAMP/htdocs/umpire/application/tests/models/Report_parameter_test.php" line="27" assertions="1" time="0.039774"/>
      <testcase name="test_NoValueDisplay" class="Report_parameter_test" classname="Report_parameter_test" file="/Applications/MAMP/htdocs/umpire/application/tests/models/Report_parameter_test.php" line="34" assertions="1" time="0.043805"/>
      <testcase name="test_FirstColumnFormat" class="Report_parameter_test" classname="Report_parameter_test" file="/Applications/MAMP/htdocs/umpire/application/tests/models/Report_parameter_test.php" line="41" assertions="1" time="0.034663"/>
      <testcase name="test_ColourCells" class="Report_parameter_test" classname="Report_parameter_test" file="/Applications/MAMP/htdocs/umpire/application/tests/models/Report_parameter_test.php" line="48" assertions="1" time="0.051127"/>
      <testcase name="test_PDFOrientation" class="Report_parameter_test" classname="Report_parameter_test" file="/Applications/MAMP/htdocs/umpire/application/tests/models/Report_parameter_test.php" line="55" assertions="1" time="0.040037"/>
      <testcase name="test_PDFPaperSize" class="Report_parameter_test" classname="Report_parameter_test" file="/Applications/MAMP/htdocs/umpire/application/tests/models/Report_parameter_test.php" line="62" assertions="1" time="0.051631"/>
      <testcase name="test_PDFResolution" class="Report_parameter_test" classname="Report_parameter_test" file="/Applications/MAMP/htdocs/umpire/application/tests/models/Report_parameter_test.php" line="69" assertions="1" time="0.093173"/>
    </testsuite>
    <testsuite name="Report_populator_model_test" file="/Applications/MAMP/htdocs/umpire/application/tests/models/Report_populator_model_test.php" tests="1" assertions="1" errors="0" failures="0" skipped="0" time="0.101153">
      <testcase name="test_dummy" class="Report_populator_model_test" classname="Report_populator_model_test" file="/Applications/MAMP/htdocs/umpire/application/tests/models/Report_populator_model_test.php" line="10" assertions="1" time="0.101153"/>
    </testsuite>
    <testsuite name="Report_selection_parameter_test" file="/Applications/MAMP/htdocs/umpire/application/tests/models/Report_selection_parameter_test.php" tests="8" assertions="14" errors="0" failures="0" skipped="0" time="0.555968">
      <testcase name="test_createReportSelectionParameterID" class="Report_selection_parameter_test" classname="Report_selection_parameter_test" file="/Applications/MAMP/htdocs/umpire/application/tests/models/Report_selection_parameter_test.php" line="8" assertions="1" time="0.059256"/>
      <testcase name="test_createReportSelectionParameterName" class="Report_selection_parameter_test" classname="Report_selection_parameter_test" file="/Applications/MAMP/htdocs/umpire/application/tests/models/Report_selection_parameter_test.php" line="20" assertions="1" time="0.064042"/>
      <testcase name="test_createReportSelectionParameterDisplayOrder" class="Report_selection_parameter_test" classname="Report_selection_parameter_test" file="/Applications/MAMP/htdocs/umpire/application/tests/models/Report_selection_parameter_test.php" line="32" assertions="1" time="0.075872"/>
      <testcase name="test_createReportSelectionParameterAllowMultiple" class="Report_selection_parameter_test" classname="Report_selection_parameter_test" file="/Applications/MAMP/htdocs/umpire/application/tests/models/Report_selection_parameter_test.php" line="44" assertions="1" time="0.071080"/>
      <testcase name="test_createReportSelectionParameterIDNull" class="Report_selection_parameter_test" classname="Report_selection_parameter_test" file="/Applications/MAMP/htdocs/umpire/application/tests/models/Report_selection_parameter_test.php" line="56" assertions="1" time="0.057645"/>
      <testcase name="test_createReportSelectionParameterIDEmpty" class="Report_selection_parameter_test" classname="Report_selection_parameter_test" file="/Applications/MAMP/htdocs/umpire/application/tests/models/Report_selection_parameter_test.php" line="68" assertions="1" time="0.094037"/>
      <testcase name="test_initialiseSelectableReportOptions_OneValue" class="Report_selection_parameter_test" classname="Report_selection_parameter_test" file="/Applications/MAMP/htdocs/umpire/application/tests/models/Report_selection_parameter_test.php" line="80" assertions="3" time="0.069852"/>
      <testcase name="test_initialiseSelectableReportOptions_TwoValues" class="Report_selection_parameter_test" classname="Report_selection_parameter_test" file="/Applications/MAMP/htdocs/umpire/application/tests/models/Report_selection_parameter_test.php" line="107" assertions="5" time="0.064184"/>
    </testsuite>
    <testsuite name="Report_selection_test" file="/Applications/MAMP/htdocs/umpire/application/tests/models/Report_selection_test.php" tests="19" assertions="19" errors="0" failures="0" skipped="0" time="1.182704">
      <testcase name="test_CreateReportSelection" class="Report_selection_test" classname="Report_selection_test" file="/Applications/MAMP/htdocs/umpire/application/tests/models/Report_selection_test.php" line="8" assertions="1" time="0.066852"/>
      <testcase name="test_CreateReportSelectionEmptyID" class="Report_selection_test" classname="Report_selection_test" file="/Applications/MAMP/htdocs/umpire/application/tests/models/Report_selection_test.php" line="22" assertions="1" time="0.045601"/>
      <testcase name="test_CreateReportSelectionNullID" class="Report_selection_test" classname="Report_selection_test" file="/Applications/MAMP/htdocs/umpire/application/tests/models/Report_selection_test.php" line="35" assertions="1" time="0.094775"/>
      <testcase name="test_CreateReportSelectionTextID" class="Report_selection_test" classname="Report_selection_test" file="/Applications/MAMP/htdocs/umpire/application/tests/models/Report_selection_test.php" line="48" assertions="1" time="0.054471"/>
      <testcase name="test_CreateReportSelectionZeroEnabled" class="Report_selection_test" classname="Report_selection_test" file="/Applications/MAMP/htdocs/umpire/application/tests/models/Report_selection_test.php" line="61" assertions="1" time="0.043393"/>
      <testcase name="test_CreateReportSelectionRegionEnabledTwo" class="Report_selection_test" classname="Report_selection_test" file="/Applications/MAMP/htdocs/umpire/application/tests/models/Report_selection_test.php" line="75" assertions="1" time="0.048363"/>
      <testcase name="test_CreateReportSelectionLeagueEnabledTwo" class="Report_selection_test" classname="Report_selection_test" file="/Applications/MAMP/htdocs/umpire/application/tests/models/Report_selection_test.php" line="88" assertions="1" time="0.058176"/>
      <testcase name="test_CreateReportSelectionAgeGroupEnabledTwo" class="Report_selection_test" classname="Report_selection_test" file="/Applications/MAMP/htdocs/umpire/application/tests/models/Report_selection_test.php" line="101" assertions="1" time="0.129713"/>
      <testcase name="test_CreateReportSelectionUmpireTypeEnabledTwo" class="Report_selection_test" classname="Report_selection_test" file="/Applications/MAMP/htdocs/umpire/application/tests/models/Report_selection_test.php" line="114" assertions="1" time="0.062737"/>
      <testcase name="test_CreateReportSelectionRegionEnabledText" class="Report_selection_test" classname="Report_selection_test" file="/Applications/MAMP/htdocs/umpire/application/tests/models/Report_selection_test.php" line="127" assertions="1" time="0.119444"/>
      <testcase name="test_CreateReportSelectionLeagueEnabledText" class="Report_selection_test" classname="Report_selection_test" file="/Applications/MAMP/htdocs/umpire/application/tests/models/Report_selection_test.php" line="140" assertions="1" time="0.072210"/>
      <testcase name="test_CreateReportSelectionAgeGroupEnabledText" class="Report_selection_test" classname="Report_selection_test" file="/Applications/MAMP/htdocs/umpire/application/tests/models/Report_selection_test.php" line="153" assertions="1" time="0.070421"/>
      <testcase name="test_CreateReportSelectionUmpireTypeEnabledText" class="Report_selection_test" classname="Report_selection_test" file="/Applications/MAMP/htdocs/umpire/application/tests/models/Report_selection_test.php" line="166" assertions="1" time="0.053833"/>
      <testcase name="test_CreateReportSelectionIDName" class="Report_selection_test" classname="Report_selection_test" file="/Applications/MAMP/htdocs/umpire/application/tests/models/Report_selection_test.php" line="179" assertions="1" time="0.043480"/>
      <testcase name="test_CreateReportSelectionName" class="Report_selection_test" classname="Report_selection_test" file="/Applications/MAMP/htdocs/umpire/application/tests/models/Report_selection_test.php" line="188" assertions="1" time="0.040146"/>
      <testcase name="test_CreateReportSelectionRegion" class="Report_selection_test" classname="Report_selection_test" file="/Applications/MAMP/htdocs/umpire/application/tests/models/Report_selection_test.php" line="202" assertions="1" time="0.031441"/>
      <testcase name="test_CreateReportSelectionLeague" class="Report_selection_test" classname="Report_selection_test" file="/Applications/MAMP/htdocs/umpire/application/tests/models/Report_selection_test.php" line="216" assertions="1" time="0.051645"/>
      <testcase name="test_CreateReportSelectionAgeGroup" class="Report_selection_test" classname="Report_selection_test" file="/Applications/MAMP/htdocs/umpire/application/tests/models/Report_selection_test.php" line="230" assertions="1" time="0.051301"/>
      <testcase name="test_CreateReportSelectionUmpireType" class="Report_selection_test" classname="Report_selection_test" file="/Applications/MAMP/htdocs/umpire/application/tests/models/Report_selection_test.php" line="244" assertions="1" time="0.044702"/>
    </testsuite>
    <testsuite name="Requested_report_model_test" file="/Applications/MAMP/htdocs/umpire/application/tests/models/Requested_report_model_test.php" tests="10" assertions="10" errors="0" failures="0" skipped="0" time="0.431081">
      <testcase name="test_ReportNumber" class="Requested_report_model_test" classname="Requested_report_model_test" file="/Applications/MAMP/htdocs/umpire/application/tests/models/Requested_report_model_test.php" line="8" assertions="1" time="0.043883"/>
      <testcase name="test_Season" class="Requested_report_model_test" classname="Requested_report_model_test" file="/Applications/MAMP/htdocs/umpire/application/tests/models/Requested_report_model_test.php" line="23" assertions="1" time="0.059868"/>
      <testcase name="test_Region" class="Requested_report_model_test" classname="Requested_report_model_test" file="/Applications/MAMP/htdocs/umpire/application/tests/models/Requested_report_model_test.php" line="38" assertions="1" time="0.050118"/>
      <testcase name="test_AgeGroup" class="Requested_report_model_test" classname="Requested_report_model_test" file="/Applications/MAMP/htdocs/umpire/application/tests/models/Requested_report_model_test.php" line="53" assertions="1" time="0.048948"/>
      <testcase name="test_UmpireType" class="Requested_report_model_test" classname="Requested_report_model_test" file="/Applications/MAMP/htdocs/umpire/application/tests/models/Requested_report_model_test.php" line="68" assertions="1" time="0.042817"/>
      <testcase name="test_League" class="Requested_report_model_test" classname="Requested_report_model_test" file="/Applications/MAMP/htdocs/umpire/application/tests/models/Requested_report_model_test.php" line="83" assertions="1" time="0.037120"/>
      <testcase name="test_PDFMode" class="Requested_report_model_test" classname="Requested_report_model_test" file="/Applications/MAMP/htdocs/umpire/application/tests/models/Requested_report_model_test.php" line="98" assertions="1" time="0.030344"/>
      <testcase name="test_ReportNumberText" class="Requested_report_model_test" classname="Requested_report_model_test" file="/Applications/MAMP/htdocs/umpire/application/tests/models/Requested_report_model_test.php" line="113" assertions="1" time="0.036302"/>
      <testcase name="test_SeasonText" class="Requested_report_model_test" classname="Requested_report_model_test" file="/Applications/MAMP/htdocs/umpire/application/tests/models/Requested_report_model_test.php" line="126" assertions="1" time="0.044618"/>
      <testcase name="test_PDFModeText" class="Requested_report_model_test" classname="Requested_report_model_test" file="/Applications/MAMP/htdocs/umpire/application/tests/models/Requested_report_model_test.php" line="139" assertions="1" time="0.037063"/>
    </testsuite>
    <testsuite name="Season_test" file="/Applications/MAMP/htdocs/umpire/application/tests/models/Season_test.php" tests="8" assertions="9" errors="0" failures="0" skipped="0" time="0.329104">
      <testcase name="test_SeasonID" class="Season_test" classname="Season_test" file="/Applications/MAMP/htdocs/umpire/application/tests/models/Season_test.php" line="8" assertions="1" time="0.052579"/>
      <testcase name="test_SeasonIDText" class="Season_test" classname="Season_test" file="/Applications/MAMP/htdocs/umpire/application/tests/models/Season_test.php" line="17" assertions="1" time="0.036932"/>
      <testcase name="test_SeasonYearEarly" class="Season_test" classname="Season_test" file="/Applications/MAMP/htdocs/umpire/application/tests/models/Season_test.php" line="26" assertions="1" time="0.045169"/>
      <testcase name="test_SeasonYearMin" class="Season_test" classname="Season_test" file="/Applications/MAMP/htdocs/umpire/application/tests/models/Season_test.php" line="33" assertions="1" time="0.039171"/>
      <testcase name="test_SeasonYearRecent" class="Season_test" classname="Season_test" file="/Applications/MAMP/htdocs/umpire/application/tests/models/Season_test.php" line="42" assertions="1" time="0.038564"/>
      <testcase name="test_SeasonYearFuture" class="Season_test" classname="Season_test" file="/Applications/MAMP/htdocs/umpire/application/tests/models/Season_test.php" line="51" assertions="1" time="0.036740"/>
      <testcase name="test_SeasonYearText" class="Season_test" classname="Season_test" file="/Applications/MAMP/htdocs/umpire/application/tests/models/Season_test.php" line="60" assertions="1" time="0.043071"/>
      <testcase name="test_CreateSeasonFromID" class="Season_test" classname="Season_test" file="/Applications/MAMP/htdocs/umpire/application/tests/models/Season_test.php" line="67" assertions="2" time="0.036878"/>
    </testsuite>
    <testsuite name="Selectable_report_option_test" file="/Applications/MAMP/htdocs/umpire/application/tests/models/Selectable_report_option_test.php" tests="3" assertions="3" errors="0" failures="0" skipped="0" time="0.145748">
      <testcase name="test_OptionName" class="Selectable_report_option_test" classname="Selectable_report_option_test" file="/Applications/MAMP/htdocs/umpire/application/tests/models/Selectable_report_option_test.php" line="11" assertions="1" time="0.054020"/>
      <testcase name="test_OptionValue" class="Selectable_report_option_test" classname="Selectable_report_option_test" file="/Applications/MAMP/htdocs/umpire/application/tests/models/Selectable_report_option_test.php" line="17" assertions="1" time="0.042682"/>
      <testcase name="test_OptionDisplayOrder" class="Selectable_report_option_test" classname="Selectable_report_option_test" file="/Applications/MAMP/htdocs/umpire/application/tests/models/Selectable_report_option_test.php" line="23" assertions="1" time="0.049046"/>
    </testsuite>
    <testsuite name="Table_operation_test" file="/Applications/MAMP/htdocs/umpire/application/tests/models/Table_operation_test.php" tests="5" assertions="5" errors="0" failures="0" skipped="0" time="0.314135">
      <testcase name="test_ImportedFileID" class="Table_operation_test" classname="Table_operation_test" file="/Applications/MAMP/htdocs/umpire/application/tests/models/Table_operation_test.php" line="12" assertions="1" time="0.035552"/>
      <testcase name="test_ProcessedTableID" class="Table_operation_test" classname="Table_operation_test" file="/Applications/MAMP/htdocs/umpire/application/tests/models/Table_operation_test.php" line="18" assertions="1" time="0.043761"/>
      <testcase name="test_OperationID" class="Table_operation_test" classname="Table_operation_test" file="/Applications/MAMP/htdocs/umpire/application/tests/models/Table_operation_test.php" line="24" assertions="1" time="0.115327"/>
      <testcase name="test_OperationDateTime" class="Table_operation_test" classname="Table_operation_test" file="/Applications/MAMP/htdocs/umpire/application/tests/models/Table_operation_test.php" line="30" assertions="1" time="0.044840"/>
      <testcase name="test_RowCount" class="Table_operation_test" classname="Table_operation_test" file="/Applications/MAMP/htdocs/umpire/application/tests/models/Table_operation_test.php" line="36" assertions="1" time="0.074655"/>
    </testsuite>
    <testsuite name="Umpire_test" file="/Applications/MAMP/htdocs/umpire/application/tests/models/Umpire_test.php" tests="11" assertions="11" errors="0" failures="0" skipped="0" time="0.791023">
      <testcase name="test_ID" class="Umpire_test" classname="Umpire_test" file="/Applications/MAMP/htdocs/umpire/application/tests/models/Umpire_test.php" line="15" assertions="1" time="0.052894"/>
      <testcase name="test_FirstName" class="Umpire_test" classname="Umpire_test" file="/Applications/MAMP/htdocs/umpire/application/tests/models/Umpire_test.php" line="23" assertions="1" time="0.084287"/>
      <testcase name="test_LastName" class="Umpire_test" classname="Umpire_test" file="/Applications/MAMP/htdocs/umpire/application/tests/models/Umpire_test.php" line="31" assertions="1" time="0.126756"/>
      <testcase name="test_GamesPlayedPrior" class="Umpire_test" classname="Umpire_test" file="/Applications/MAMP/htdocs/umpire/application/tests/models/Umpire_test.php" line="40" assertions="1" time="0.062482"/>
      <testcase name="test_GamesPlayedPriorText" class="Umpire_test" classname="Umpire_test" file="/Applications/MAMP/htdocs/umpire/application/tests/models/Umpire_test.php" line="48" assertions="1" time="0.069924"/>
      <testcase name="test_GamesPlayedOtherLeagues" class="Umpire_test" classname="Umpire_test" file="/Applications/MAMP/htdocs/umpire/application/tests/models/Umpire_test.php" line="56" assertions="1" time="0.068888"/>
      <testcase name="test_GamesPlayedOtherLeaguesText" class="Umpire_test" classname="Umpire_test" file="/Applications/MAMP/htdocs/umpire/application/tests/models/Umpire_test.php" line="64" assertions="1" time="0.059941"/>
      <testcase name="test_OldGamesPlayedPrior" class="Umpire_test" classname="Umpire_test" file="/Applications/MAMP/htdocs/umpire/application/tests/models/Umpire_test.php" line="72" assertions="1" time="0.079320"/>
      <testcase name="test_OldGamesPlayedPriorText" class="Umpire_test" classname="Umpire_test" file="/Applications/MAMP/htdocs/umpire/application/tests/models/Umpire_test.php" line="80" assertions="1" time="0.057377"/>
      <testcase name="test_OldGamesPlayedOtherLeagues" class="Umpire_test" classname="Umpire_test" file="/Applications/MAMP/htdocs/umpire/application/tests/models/Umpire_test.php" line="88" assertions="1" time="0.064187"/>
      <testcase name="test_OldGamesPlayedOtherLeaguesText" class="Umpire_test" classname="Umpire_test" file="/Applications/MAMP/htdocs/umpire/application/tests/models/Umpire_test.php" line="96" assertions="1" time="0.064967"/>
    </testsuite>
    <testsuite name="Umpireadminmodel_test" file="/Applications/MAMP/htdocs/umpire/application/tests/models/Umpireadminmodel_test.php" tests="8" assertions="45" errors="0" failures="0" skipped="0" time="0.726096">
      <testcase name="test_GetAllUmpiresAndValues_ManyRecords" class="Umpireadminmodel_test" classname="Umpireadminmodel_test" file="/Applications/MAMP/htdocs/umpire/application/tests/models/Umpireadminmodel_test.php" line="12" assertions="4" time="0.235269"/>
      <testcase name="test_GetAllUmpiresAndValues_NoRecords" class="Umpireadminmodel_test" classname="Umpireadminmodel_test" file="/Applications/MAMP/htdocs/umpire/application/tests/models/Umpireadminmodel_test.php" line="32" assertions="1" time="0.079164"/>
      <testcase name="test_UpdateUmpireValues_Valid" class="Umpireadminmodel_test" classname="Umpireadminmodel_test" file="/Applications/MAMP/htdocs/umpire/application/tests/models/Umpireadminmodel_test.php" line="39" assertions="9" time="0.096562"/>
      <testcase name="test_UpdateUmpireValues_NoValuesInArray" class="Umpireadminmodel_test" classname="Umpireadminmodel_test" file="/Applications/MAMP/htdocs/umpire/application/tests/models/Umpireadminmodel_test.php" line="74" assertions="3" time="0.071835"/>
      <testcase name="test_UpdateUmpireValues_NoMatchingUmpires" class="Umpireadminmodel_test" classname="Umpireadminmodel_test" file="/Applications/MAMP/htdocs/umpire/application/tests/models/Umpireadminmodel_test.php" line="89" assertions="9" time="0.069789"/>
      <testcase name="test_UpdateUmpireValues_ArrayHasText" class="Umpireadminmodel_test" classname="Umpireadminmodel_test" file="/Applications/MAMP/htdocs/umpire/application/tests/models/Umpireadminmodel_test.php" line="116" assertions="1" time="0.051593"/>
      <testcase name="test_UpdateUmpireValues_MultipleUpdates" class="Umpireadminmodel_test" classname="Umpireadminmodel_test" file="/Applications/MAMP/htdocs/umpire/application/tests/models/Umpireadminmodel_test.php" line="132" assertions="9" time="0.060656"/>
      <testcase name="test_UpdateUmpireValues_NoChanges" class="Umpireadminmodel_test" classname="Umpireadminmodel_test" file="/Applications/MAMP/htdocs/umpire/application/tests/models/Umpireadminmodel_test.php" line="166" assertions="9" time="0.061228"/>
    </testsuite>
    <testsuite name="User_admin_model_test" file="/Applications/MAMP/htdocs/umpire/application/tests/models/User_admin_test.php" tests="39" assertions="73" errors="0" failures="0" skipped="0" time="2.373801">
      <testcase name="test_GetAllUsers" class="User_admin_model_test" classname="User_admin_model_test" file="/Applications/MAMP/htdocs/umpire/application/tests/models/User_admin_test.php" line="11" assertions="4" time="0.070554"/>
      <testcase name="test_GetAllUsersArrayEmpty" class="User_admin_model_test" classname="User_admin_model_test" file="/Applications/MAMP/htdocs/umpire/application/tests/models/User_admin_test.php" line="32" assertions="1" time="0.041770"/>
      <testcase name="test_GetRoleArray" class="User_admin_model_test" classname="User_admin_model_test" file="/Applications/MAMP/htdocs/umpire/application/tests/models/User_admin_test.php" line="41" assertions="4" time="0.039978"/>
      <testcase name="test_GetRoleArrayEmpty" class="User_admin_model_test" classname="User_admin_model_test" file="/Applications/MAMP/htdocs/umpire/application/tests/models/User_admin_test.php" line="57" assertions="1" time="0.058345"/>
      <testcase name="test_GetReportArray" class="User_admin_model_test" classname="User_admin_model_test" file="/Applications/MAMP/htdocs/umpire/application/tests/models/User_admin_test.php" line="66" assertions="3" time="0.044877"/>
      <testcase name="test_GetReportArrayEmpty" class="User_admin_model_test" classname="User_admin_model_test" file="/Applications/MAMP/htdocs/umpire/application/tests/models/User_admin_test.php" line="81" assertions="1" time="0.053653"/>
      <testcase name="test_GetRegionArray" class="User_admin_model_test" classname="User_admin_model_test" file="/Applications/MAMP/htdocs/umpire/application/tests/models/User_admin_test.php" line="89" assertions="2" time="0.051682"/>
      <testcase name="test_GetRegionArrayEmpty" class="User_admin_model_test" classname="User_admin_model_test" file="/Applications/MAMP/htdocs/umpire/application/tests/models/User_admin_test.php" line="103" assertions="1" time="0.051950"/>
      <testcase name="test_GetUmpireDisciplineArray" class="User_admin_model_test" classname="User_admin_model_test" file="/Applications/MAMP/htdocs/umpire/application/tests/models/User_admin_test.php" line="109" assertions="2" time="0.054054"/>
      <testcase name="test_GetUmpireDisciplineArrayEmpty" class="User_admin_model_test" classname="User_admin_model_test" file="/Applications/MAMP/htdocs/umpire/application/tests/models/User_admin_test.php" line="124" assertions="1" time="0.046962"/>
      <testcase name="test_GetAgeGroupArray" class="User_admin_model_test" classname="User_admin_model_test" file="/Applications/MAMP/htdocs/umpire/application/tests/models/User_admin_test.php" line="131" assertions="2" time="0.051035"/>
      <testcase name="test_GetAgeGroupArrayEmpty" class="User_admin_model_test" classname="User_admin_model_test" file="/Applications/MAMP/htdocs/umpire/application/tests/models/User_admin_test.php" line="146" assertions="1" time="0.048708"/>
      <testcase name="test_GetLeagueArray" class="User_admin_model_test" classname="User_admin_model_test" file="/Applications/MAMP/htdocs/umpire/application/tests/models/User_admin_test.php" line="152" assertions="2" time="0.099510"/>
      <testcase name="test_GetLeagueArrayEmpty" class="User_admin_model_test" classname="User_admin_model_test" file="/Applications/MAMP/htdocs/umpire/application/tests/models/User_admin_test.php" line="167" assertions="1" time="0.043575"/>
      <testcase name="test_GetPermissionArray" class="User_admin_model_test" classname="User_admin_model_test" file="/Applications/MAMP/htdocs/umpire/application/tests/models/User_admin_test.php" line="176" assertions="2" time="0.047129"/>
      <testcase name="test_GetPermissionArrayEmpty" class="User_admin_model_test" classname="User_admin_model_test" file="/Applications/MAMP/htdocs/umpire/application/tests/models/User_admin_test.php" line="190" assertions="1" time="0.046690"/>
      <testcase name="test_addNewUser" class="User_admin_model_test" classname="User_admin_model_test" file="/Applications/MAMP/htdocs/umpire/application/tests/models/User_admin_test.php" line="197" assertions="1" time="0.058955"/>
      <testcase name="test_addNewUser_EmptyUsername" class="User_admin_model_test" classname="User_admin_model_test" file="/Applications/MAMP/htdocs/umpire/application/tests/models/User_admin_test.php" line="212" assertions="1" time="0.051507"/>
      <testcase name="test_addNewUser_EmptyNames" class="User_admin_model_test" classname="User_admin_model_test" file="/Applications/MAMP/htdocs/umpire/application/tests/models/User_admin_test.php" line="226" assertions="1" time="0.066241"/>
      <testcase name="test_addNewUser_EmptyPassword" class="User_admin_model_test" classname="User_admin_model_test" file="/Applications/MAMP/htdocs/umpire/application/tests/models/User_admin_test.php" line="241" assertions="1" time="0.049776"/>
      <testcase name="test_GetAllUserPermissionsFromDB" class="User_admin_model_test" classname="User_admin_model_test" file="/Applications/MAMP/htdocs/umpire/application/tests/models/User_admin_test.php" line="255" assertions="2" time="0.040489"/>
      <testcase name="test_GetAllUserRolesFromDB" class="User_admin_model_test" classname="User_admin_model_test" file="/Applications/MAMP/htdocs/umpire/application/tests/models/User_admin_test.php" line="270" assertions="2" time="0.054991"/>
      <testcase name="test_GetAllUserActiveFromDB" class="User_admin_model_test" classname="User_admin_model_test" file="/Applications/MAMP/htdocs/umpire/application/tests/models/User_admin_test.php" line="287" assertions="2" time="0.051379"/>
      <testcase name="test_TranslateUserFormActive" class="User_admin_model_test" classname="User_admin_model_test" file="/Applications/MAMP/htdocs/umpire/application/tests/models/User_admin_test.php" line="302" assertions="4" time="0.046425"/>
      <testcase name="test_RemovePrivileges" class="User_admin_model_test" classname="User_admin_model_test" file="/Applications/MAMP/htdocs/umpire/application/tests/models/User_admin_test.php" line="333" assertions="2" time="0.043853"/>
      <testcase name="test_RemovePrivileges_UsernameNotFound" class="User_admin_model_test" classname="User_admin_model_test" file="/Applications/MAMP/htdocs/umpire/application/tests/models/User_admin_test.php" line="370" assertions="2" time="0.165361"/>
      <testcase name="test_RemovePrivileges_PermissionNotFound" class="User_admin_model_test" classname="User_admin_model_test" file="/Applications/MAMP/htdocs/umpire/application/tests/models/User_admin_test.php" line="408" assertions="2" time="0.060417"/>
      <testcase name="test_RemovePrivileges_DeleteTwo" class="User_admin_model_test" classname="User_admin_model_test" file="/Applications/MAMP/htdocs/umpire/application/tests/models/User_admin_test.php" line="441" assertions="2" time="0.065925"/>
      <testcase name="test_AddPrivileges" class="User_admin_model_test" classname="User_admin_model_test" file="/Applications/MAMP/htdocs/umpire/application/tests/models/User_admin_test.php" line="482" assertions="2" time="0.068950"/>
      <testcase name="test_AddPrivileges_UsernameNotFound" class="User_admin_model_test" classname="User_admin_model_test" file="/Applications/MAMP/htdocs/umpire/application/tests/models/User_admin_test.php" line="517" assertions="2" time="0.055833"/>
      <testcase name="test_AddPrivileges_PermissionExists" class="User_admin_model_test" classname="User_admin_model_test" file="/Applications/MAMP/htdocs/umpire/application/tests/models/User_admin_test.php" line="551" assertions="2" time="0.056745"/>
      <testcase name="test_UpdateUserRoles" class="User_admin_model_test" classname="User_admin_model_test" file="/Applications/MAMP/htdocs/umpire/application/tests/models/User_admin_test.php" line="587" assertions="2" time="0.055355"/>
      <testcase name="test_UpdateUserRoles_UsernameMissing" class="User_admin_model_test" classname="User_admin_model_test" file="/Applications/MAMP/htdocs/umpire/application/tests/models/User_admin_test.php" line="619" assertions="2" time="0.055111"/>
      <testcase name="test_UpdateUserRoles_UsernameHasRole" class="User_admin_model_test" classname="User_admin_model_test" file="/Applications/MAMP/htdocs/umpire/application/tests/models/User_admin_test.php" line="651" assertions="2" time="0.065023"/>
      <testcase name="test_UpdateUserActive" class="User_admin_model_test" classname="User_admin_model_test" file="/Applications/MAMP/htdocs/umpire/application/tests/models/User_admin_test.php" line="685" assertions="2" time="0.117359"/>
      <testcase name="test_UpdateUserActive_UsernameMissing" class="User_admin_model_test" classname="User_admin_model_test" file="/Applications/MAMP/htdocs/umpire/application/tests/models/User_admin_test.php" line="719" assertions="2" time="0.139796"/>
      <testcase name="test_UpdateUserActive_SetInactive" class="User_admin_model_test" classname="User_admin_model_test" file="/Applications/MAMP/htdocs/umpire/application/tests/models/User_admin_test.php" line="753" assertions="2" time="0.050015"/>
      <testcase name="test_UpdateUserActive_SetInvalid" class="User_admin_model_test" classname="User_admin_model_test" file="/Applications/MAMP/htdocs/umpire/application/tests/models/User_admin_test.php" line="787" assertions="2" time="0.043685"/>
      <testcase name="test_UpdateUserActive_SetNull" class="User_admin_model_test" classname="User_admin_model_test" file="/Applications/MAMP/htdocs/umpire/application/tests/models/User_admin_test.php" line="821" assertions="2" time="0.060137"/>
    </testsuite>
    <testsuite name="User_authentication_model_test" file="/Applications/MAMP/htdocs/umpire/application/tests/models/User_authentication_model_test.php" tests="11" assertions="11" errors="0" failures="0" skipped="0" time="0.547924">
      <testcase name="test_Login_ValidOneResult" class="User_authentication_model_test" classname="User_authentication_model_test" file="/Applications/MAMP/htdocs/umpire/application/tests/models/User_authentication_model_test.php" line="10" assertions="1" time="0.041856"/>
      <testcase name="test_Login_ValidTwoResults" class="User_authentication_model_test" classname="User_authentication_model_test" file="/Applications/MAMP/htdocs/umpire/application/tests/models/User_authentication_model_test.php" line="26" assertions="1" time="0.046618"/>
[...]
      <testcase name="test_Validate_SQLInjectionCreate" class="User_maintenance_model_test" classname="User_maintenance_model_test" file="/Applications/MAMP/htdocs/umpire/application/tests/models/User_maintenance_model_test.php" line="326" assertions="1" time="0.037727"/>
      <testcase name="test_UpdateEmailAddress" class="User_maintenance_model_test" classname="User_maintenance_model_test" file="/Applications/MAMP/htdocs/umpire/application/tests/models/User_maintenance_model_test.php" line="336" assertions="1" time="0.060040"/>
      <testcase name="test_UpdateEmailAddress_EmailEmpty" class="User_maintenance_model_test" classname="User_maintenance_model_test" file="/Applications/MAMP/htdocs/umpire/application/tests/models/User_maintenance_model_test.php" line="345" assertions="1" time="0.039087"/>
      <testcase name="test_UpdateEmailAddress_EmailNull" class="User_maintenance_model_test" classname="User_maintenance_model_test" file="/Applications/MAMP/htdocs/umpire/application/tests/models/User_maintenance_model_test.php" line="354" assertions="1" time="0.036157"/>
      <testcase name="test_UpdateEmailAddress_UserNotFound" class="User_maintenance_model_test" classname="User_maintenance_model_test" file="/Applications/MAMP/htdocs/umpire/application/tests/models/User_maintenance_model_test.php" line="363" assertions="1" time="0.044846"/>
      <testcase name="test_UpdateEmailAddress_TwoUsersFound" class="User_maintenance_model_test" classname="User_maintenance_model_test" file="/Applications/MAMP/htdocs/umpire/application/tests/models/User_maintenance_model_test.php" line="372" assertions="1" time="0.042543"/>
    </testsuite>
    <testsuite name="User_permission_loader_model_test" file="/Applications/MAMP/htdocs/umpire/application/tests/models/User_permission_loader_model_test.php" tests="16" assertions="20" errors="0" failures="0" skipped="0" time="0.742913">
      <testcase name="test_getUserFromUsername" class="User_permission_loader_model_test" classname="User_permission_loader_model_test" file="/Applications/MAMP/htdocs/umpire/application/tests/models/User_permission_loader_model_test.php" line="11" assertions="3" time="0.038018"/>
      <testcase name="test_getUserFromUsername_UserNotFound" class="User_permission_loader_model_test" classname="User_permission_loader_model_test" file="/Applications/MAMP/htdocs/umpire/application/tests/models/User_permission_loader_model_test.php" line="24" assertions="1" time="0.042922"/>
      <testcase name="test_getUserFromUsername_TwoUsers" class="User_permission_loader_model_test" classname="User_permission_loader_model_test" file="/Applications/MAMP/htdocs/umpire/application/tests/models/User_permission_loader_model_test.php" line="32" assertions="3" time="0.036025"/>
      <testcase name="test_UserHasSpecificPermission" class="User_permission_loader_model_test" classname="User_permission_loader_model_test" file="/Applications/MAMP/htdocs/umpire/application/tests/models/User_permission_loader_model_test.php" line="45" assertions="1" time="0.049060"/>
      <testcase name="test_UserHasSpecificPermission_SelectionNotInArray" class="User_permission_loader_model_test" classname="User_permission_loader_model_test" file="/Applications/MAMP/htdocs/umpire/application/tests/models/User_permission_loader_model_test.php" line="56" assertions="1" time="0.052419"/>
      <testcase name="test_UserHasSpecificPermission_PermissionNotInArray" class="User_permission_loader_model_test" classname="User_permission_loader_model_test" file="/Applications/MAMP/htdocs/umpire/application/tests/models/User_permission_loader_model_test.php" line="67" assertions="1" time="0.057340"/>
      <testcase name="test_UserHasSpecificPermission_Empty" class="User_permission_loader_model_test" classname="User_permission_loader_model_test" file="/Applications/MAMP/htdocs/umpire/application/tests/models/User_permission_loader_model_test.php" line="78" assertions="1" time="0.041680"/>
      <testcase name="test_UserHasSpecificPermission_Null" class="User_permission_loader_model_test" classname="User_permission_loader_model_test" file="/Applications/MAMP/htdocs/umpire/application/tests/models/User_permission_loader_model_test.php" line="89" assertions="1" time="0.056901"/>
      <testcase name="test_UserHasImportFilePermission" class="User_permission_loader_model_test" classname="User_permission_loader_model_test" file="/Applications/MAMP/htdocs/umpire/application/tests/models/User_permission_loader_model_test.php" line="100" assertions="1" time="0.044396"/>
      <testcase name="test_UserHasImportFilePermission_No" class="User_permission_loader_model_test" classname="User_permission_loader_model_test" file="/Applications/MAMP/htdocs/umpire/application/tests/models/User_permission_loader_model_test.php" line="109" assertions="1" time="0.050030"/>
      <testcase name="test_UserCanSeeAdminPage" class="User_permission_loader_model_test" classname="User_permission_loader_model_test" file="/Applications/MAMP/htdocs/umpire/application/tests/models/User_permission_loader_model_test.php" line="118" assertions="1" time="0.037430"/>
      <testcase name="test_UserCanSeeAdminPage_No" class="User_permission_loader_model_test" classname="User_permission_loader_model_test" file="/Applications/MAMP/htdocs/umpire/application/tests/models/User_permission_loader_model_test.php" line="127" assertions="1" time="0.056221"/>
      <testcase name="test_UserCanSeeDataTestPage" class="User_permission_loader_model_test" classname="User_permission_loader_model_test" file="/Applications/MAMP/htdocs/umpire/application/tests/models/User_permission_loader_model_test.php" line="136" assertions="1" time="0.043101"/>
      <testcase name="test_UserCanSeeDataTest_No" class="User_permission_loader_model_test" classname="User_permission_loader_model_test" file="/Applications/MAMP/htdocs/umpire/application/tests/models/User_permission_loader_model_test.php" line="145" assertions="1" time="0.046244"/>
      <testcase name="test_UserCanCreatePDF" class="User_permission_loader_model_test" classname="User_permission_loader_model_test" file="/Applications/MAMP/htdocs/umpire/application/tests/models/User_permission_loader_model_test.php" line="154" assertions="1" time="0.042629"/>
      <testcase name="test_UserCanCreatePDF_No" class="User_permission_loader_model_test" classname="User_permission_loader_model_test" file="/Applications/MAMP/htdocs/umpire/application/tests/models/User_permission_loader_model_test.php" line="163" assertions="1" time="0.048497"/>
    </testsuite>
    <testsuite name="User_role_permission_test" file="/Applications/MAMP/htdocs/umpire/application/tests/models/User_role_permission_test.php" tests="6" assertions="9" errors="0" failures="0" skipped="0" time="0.263618">
      <testcase name="test_ID" class="User_role_permission_test" classname="User_role_permission_test" file="/Applications/MAMP/htdocs/umpire/application/tests/models/User_role_permission_test.php" line="11" assertions="1" time="0.042277"/>
      <testcase name="test_PermissionId" class="User_role_permission_test" classname="User_role_permission_test" file="/Applications/MAMP/htdocs/umpire/application/tests/models/User_role_permission_test.php" line="17" assertions="1" time="0.046708"/>
      <testcase name="test_PermissionName" class="User_role_permission_test" classname="User_role_permission_test" file="/Applications/MAMP/htdocs/umpire/application/tests/models/User_role_permission_test.php" line="24" assertions="1" time="0.041053"/>
      <testcase name="test_SelectionName" class="User_role_permission_test" classname="User_role_permission_test" file="/Applications/MAMP/htdocs/umpire/application/tests/models/User_role_permission_test.php" line="31" assertions="1" time="0.043514"/>
      <testcase name="test_CreateFromRow" class="User_role_permission_test" classname="User_role_permission_test" file="/Applications/MAMP/htdocs/umpire/application/tests/models/User_role_permission_test.php" line="37" assertions="4" time="0.035901"/>
      <testcase name="test_CreateFromRowNullData" class="User_role_permission_test" classname="User_role_permission_test" file="/Applications/MAMP/htdocs/umpire/application/tests/models/User_role_permission_test.php" line="56" assertions="1" time="0.054165"/>
    </testsuite>
    <testsuite name="User_test" file="/Applications/MAMP/htdocs/umpire/application/tests/models/User_test.php" tests="55" assertions="74" errors="0" failures="0" skipped="0" time="2.250135">
      <testcase name="test_ID" class="User_test" classname="User_test" file="/Applications/MAMP/htdocs/umpire/application/tests/models/User_test.php" line="11" assertions="1" time="0.054698"/>
      <testcase name="test_IDNull" class="User_test" classname="User_test" file="/Applications/MAMP/htdocs/umpire/application/tests/models/User_test.php" line="17" assertions="1" time="0.041561"/>
      <testcase name="test_IDEmptyString" class="User_test" classname="User_test" file="/Applications/MAMP/htdocs/umpire/application/tests/models/User_test.php" line="23" assertions="1" time="0.053250"/>
      <testcase name="test_Username" class="User_test" classname="User_test" file="/Applications/MAMP/htdocs/umpire/application/tests/models/User_test.php" line="29" assertions="1" time="0.054548"/>
      <testcase name="test_Username255" class="User_test" classname="User_test" file="/Applications/MAMP/htdocs/umpire/application/tests/models/User_test.php" line="35" assertions="1" time="0.042624"/>
      <testcase name="test_Username256" class="User_test" classname="User_test" file="/Applications/MAMP/htdocs/umpire/application/tests/models/User_test.php" line="41" assertions="1" time="0.035579"/>
      <testcase name="test_Username300" class="User_test" classname="User_test" file="/Applications/MAMP/htdocs/umpire/application/tests/models/User_test.php" line="47" assertions="1" time="0.039804"/>
      <testcase name="test_UsernameNull" class="User_test" classname="User_test" file="/Applications/MAMP/htdocs/umpire/application/tests/models/User_test.php" line="53" assertions="1" time="0.052249"/>
      <testcase name="test_UsernameEmptyString" class="User_test" classname="User_test" file="/Applications/MAMP/htdocs/umpire/application/tests/models/User_test.php" line="59" assertions="1" time="0.037537"/>
      <testcase name="test_Password" class="User_test" classname="User_test" file="/Applications/MAMP/htdocs/umpire/application/tests/models/User_test.php" line="65" assertions="1" time="0.034115"/>
      <testcase name="test_PasswordNull" class="User_test" classname="User_test" file="/Applications/MAMP/htdocs/umpire/application/tests/models/User_test.php" line="71" assertions="1" time="0.040552"/>
      <testcase name="test_PasswordEmpty" class="User_test" classname="User_test" file="/Applications/MAMP/htdocs/umpire/application/tests/models/User_test.php" line="77" assertions="1" time="0.033718"/>
      <testcase name="test_FirstName" class="User_test" classname="User_test" file="/Applications/MAMP/htdocs/umpire/application/tests/models/User_test.php" line="83" assertions="1" time="0.047765"/>
      <testcase name="test_FirstNameNull" class="User_test" classname="User_test" file="/Applications/MAMP/htdocs/umpire/application/tests/models/User_test.php" line="89" assertions="1" time="0.036091"/>
      <testcase name="test_FirstNameEmpty" class="User_test" classname="User_test" file="/Applications/MAMP/htdocs/umpire/application/tests/models/User_test.php" line="95" assertions="1" time="0.047267"/>
      <testcase name="test_LastName" class="User_test" classname="User_test" file="/Applications/MAMP/htdocs/umpire/application/tests/models/User_test.php" line="101" assertions="1" time="0.048501"/>
      <testcase name="test_LastNameNull" class="User_test" classname="User_test" file="/Applications/MAMP/htdocs/umpire/application/tests/models/User_test.php" line="107" assertions="1" time="0.049051"/>
      <testcase name="test_LastNameEmpty" class="User_test" classname="User_test" file="/Applications/MAMP/htdocs/umpire/application/tests/models/User_test.php" line="113" assertions="1" time="0.042365"/>
      <testcase name="test_RoleName" class="User_test" classname="User_test" file="/Applications/MAMP/htdocs/umpire/application/tests/models/User_test.php" line="119" assertions="1" time="0.046141"/>
      <testcase name="test_RoleNameNull" class="User_test" classname="User_test" file="/Applications/MAMP/htdocs/umpire/application/tests/models/User_test.php" line="125" assertions="1" time="0.046289"/>
      <testcase name="test_RoleNameEmpty" class="User_test" classname="User_test" file="/Applications/MAMP/htdocs/umpire/application/tests/models/User_test.php" line="131" assertions="1" time="0.044092"/>
      <testcase name="test_SubRoleName" class="User_test" classname="User_test" file="/Applications/MAMP/htdocs/umpire/application/tests/models/User_test.php" line="137" assertions="1" time="0.045972"/>
      <testcase name="test_SubRoleNameNull" class="User_test" classname="User_test" file="/Applications/MAMP/htdocs/umpire/application/tests/models/User_test.php" line="143" assertions="1" time="0.044912"/>
      <testcase name="test_SubRoleNameEmpty" class="User_test" classname="User_test" file="/Applications/MAMP/htdocs/umpire/application/tests/models/User_test.php" line="149" assertions="1" time="0.047773"/>
      <testcase name="test_PasswordResetURL" class="User_test" classname="User_test" file="/Applications/MAMP/htdocs/umpire/application/tests/models/User_test.php" line="156" assertions="1" time="0.038067"/>
      <testcase name="test_PasswordResetURLNotURL" class="User_test" classname="User_test" file="/Applications/MAMP/htdocs/umpire/application/tests/models/User_test.php" line="162" assertions="1" time="0.038868"/>
      <testcase name="test_PasswordResetURLNumber" class="User_test" classname="User_test" file="/Applications/MAMP/htdocs/umpire/application/tests/models/User_test.php" line="168" assertions="1" time="0.045877"/>
      <testcase name="test_PasswordResetURLNull" class="User_test" classname="User_test" file="/Applications/MAMP/htdocs/umpire/application/tests/models/User_test.php" line="174" assertions="1" time="0.040917"/>
      <testcase name="test_PasswordResetURLEmpty" class="User_test" classname="User_test" file="/Applications/MAMP/htdocs/umpire/application/tests/models/User_test.php" line="180" assertions="1" time="0.041129"/>
      <testcase name="test_EmailAddress" class="User_test" classname="User_test" file="/Applications/MAMP/htdocs/umpire/application/tests/models/User_test.php" line="186" assertions="1" time="0.040287"/>
      <testcase name="test_EmailAddress255" class="User_test" classname="User_test" file="/Applications/MAMP/htdocs/umpire/application/tests/models/User_test.php" line="192" assertions="1" time="0.042384"/>
      <testcase name="test_EmailAddress256" class="User_test" classname="User_test" file="/Applications/MAMP/htdocs/umpire/application/tests/models/User_test.php" line="198" assertions="1" time="0.043812"/>
      <testcase name="test_EmailAddress300" class="User_test" classname="User_test" file="/Applications/MAMP/htdocs/umpire/application/tests/models/User_test.php" line="204" assertions="1" time="0.044558"/>
      <testcase name="test_EmailAddressNull" class="User_test" classname="User_test" file="/Applications/MAMP/htdocs/umpire/application/tests/models/User_test.php" line="210" assertions="1" time="0.037483"/>
      <testcase name="test_EmailAddressEmptyString" class="User_test" classname="User_test" file="/Applications/MAMP/htdocs/umpire/application/tests/models/User_test.php" line="216" assertions="1" time="0.045199"/>
      <testcase name="test_ActivationID" class="User_test" classname="User_test" file="/Applications/MAMP/htdocs/umpire/application/tests/models/User_test.php" line="222" assertions="1" time="0.037437"/>
      <testcase name="test_ActivationID200" class="User_test" classname="User_test" file="/Applications/MAMP/htdocs/umpire/application/tests/models/User_test.php" line="228" assertions="1" time="0.044807"/>
      <testcase name="test_ActivationID201" class="User_test" classname="User_test" file="/Applications/MAMP/htdocs/umpire/application/tests/models/User_test.php" line="234" assertions="1" time="0.031779"/>
      <testcase name="test_ActivationID300" class="User_test" classname="User_test" file="/Applications/MAMP/htdocs/umpire/application/tests/models/User_test.php" line="240" assertions="1" time="0.032807"/>
      <testcase name="test_ActivationIDNull" class="User_test" classname="User_test" file="/Applications/MAMP/htdocs/umpire/application/tests/models/User_test.php" line="246" assertions="1" time="0.050772"/>
      <testcase name="test_ActivationIDEmptyString" class="User_test" classname="User_test" file="/Applications/MAMP/htdocs/umpire/application/tests/models/User_test.php" line="252" assertions="1" time="0.034419"/>
      <testcase name="test_Active0" class="User_test" classname="User_test" file="/Applications/MAMP/htdocs/umpire/application/tests/models/User_test.php" line="258" assertions="1" time="0.036597"/>
      <testcase name="test_Active1" class="User_test" classname="User_test" file="/Applications/MAMP/htdocs/umpire/application/tests/models/User_test.php" line="265" assertions="1" time="0.041350"/>
      <testcase name="test_ActiveEmpty" class="User_test" classname="User_test" file="/Applications/MAMP/htdocs/umpire/application/tests/models/User_test.php" line="272" assertions="1" time="0.035393"/>
      <testcase name="test_ActiveNull" class="User_test" classname="User_test" file="/Applications/MAMP/htdocs/umpire/application/tests/models/User_test.php" line="279" assertions="1" time="0.040425"/>
      <testcase name="test_Active0String" class="User_test" classname="User_test" file="/Applications/MAMP/htdocs/umpire/application/tests/models/User_test.php" line="286" assertions="1" time="0.034027"/>
      <testcase name="test_Active1String" class="User_test" classname="User_test" file="/Applications/MAMP/htdocs/umpire/application/tests/models/User_test.php" line="293" assertions="1" time="0.036513"/>
      <testcase name="test_Active2" class="User_test" classname="User_test" file="/Applications/MAMP/htdocs/umpire/application/tests/models/User_test.php" line="300" assertions="1" time="0.030754"/>
      <testcase name="test_ActiveTextValue" class="User_test" classname="User_test" file="/Applications/MAMP/htdocs/umpire/application/tests/models/User_test.php" line="306" assertions="1" time="0.029163"/>
      <testcase name="test_CreateUserFromNameAndRole" class="User_test" classname="User_test" file="/Applications/MAMP/htdocs/umpire/application/tests/models/User_test.php" line="313" assertions="8" time="0.035228"/>
      <testcase name="test_CreateUserFromNameAndPW" class="User_test" classname="User_test" file="/Applications/MAMP/htdocs/umpire/application/tests/models/User_test.php" line="334" assertions="5" time="0.030603"/>
      <testcase name="test_CreateUserFromNameAndPW_MissingUsername" class="User_test" classname="User_test" file="/Applications/MAMP/htdocs/umpire/application/tests/models/User_test.php" line="350" assertions="5" time="0.037657"/>
      <testcase name="test_CreateUserFromNameAndPW_MissingFirstname" class="User_test" classname="User_test" file="/Applications/MAMP/htdocs/umpire/application/tests/models/User_test.php" line="366" assertions="5" time="0.030338"/>
      <testcase name="test_SetPermissionArray" class="User_test" classname="User_test" file="/Applications/MAMP/htdocs/umpire/application/tests/models/User_test.php" line="382" assertions="1" time="0.044476"/>
      <testcase name="test_SetPermissionArray_Empty" class="User_test" classname="User_test" file="/Applications/MAMP/htdocs/umpire/application/tests/models/User_test.php" line="397" assertions="1" time="0.030554"/>
    </testsuite>
  </testsuite>
</testsuites>
