<?xml version="1.0" encoding="UTF-8"?>
<testsuites>
  <testsuite name="alltests" tests="407" assertions="539" errors="1" failures="0" skipped="0" time="31.723462">
    <testsuite name="ForgotPassword_test" file="/Applications/MAMP/htdocs/umpire/application/tests/controllers/ForgotPassword_test.php" tests="9" assertions="9" errors="0" failures="0" skipped="0" time="1.021310">
      <testcase name="test_DataValid" class="ForgotPassword_test" classname="ForgotPassword_test" file="/Applications/MAMP/htdocs/umpire/application/tests/controllers/ForgotPassword_test.php" line="12" assertions="1" time="0.237017"/>
      <testcase name="test_SubmitChangePasswordForm_Valid" class="ForgotPassword_test" classname="ForgotPassword_test" file="/Applications/MAMP/htdocs/umpire/application/tests/controllers/ForgotPassword_test.php" line="21" assertions="1" time="0.245186"/>
      <testcase name="test_SubmitChangePasswordForm_DoesNotMatch" class="ForgotPassword_test" classname="ForgotPassword_test" file="/Applications/MAMP/htdocs/umpire/application/tests/controllers/ForgotPassword_test.php" line="33" assertions="1" time="0.081505"/>
      <testcase name="test_SubmitChangePasswordForm_UsernameNotFound" class="ForgotPassword_test" classname="ForgotPassword_test" file="/Applications/MAMP/htdocs/umpire/application/tests/controllers/ForgotPassword_test.php" line="45" assertions="1" time="0.071139"/>
      <testcase name="test_SubmitChangePasswordForm_UsernameNull" class="ForgotPassword_test" classname="ForgotPassword_test" file="/Applications/MAMP/htdocs/umpire/application/tests/controllers/ForgotPassword_test.php" line="57" assertions="1" time="0.073059"/>
      <testcase name="test_SubmitChangePasswordForm_EmailNull" class="ForgotPassword_test" classname="ForgotPassword_test" file="/Applications/MAMP/htdocs/umpire/application/tests/controllers/ForgotPassword_test.php" line="69" assertions="1" time="0.086711"/>
      <testcase name="test_SubmitChangePasswordForm_UsernameEmpty" class="ForgotPassword_test" classname="ForgotPassword_test" file="/Applications/MAMP/htdocs/umpire/application/tests/controllers/ForgotPassword_test.php" line="81" assertions="1" time="0.074243"/>
      <testcase name="test_SubmitChangePasswordForm_EmailEmpty" class="ForgotPassword_test" classname="ForgotPassword_test" file="/Applications/MAMP/htdocs/umpire/application/tests/controllers/ForgotPassword_test.php" line="93" assertions="1" time="0.076561"/>
      <testcase name="test_SubmitChangePasswordForm_UsernameInjection" class="ForgotPassword_test" classname="ForgotPassword_test" file="/Applications/MAMP/htdocs/umpire/application/tests/controllers/ForgotPassword_test.php" line="105" assertions="1" time="0.075889"/>
    </testsuite>
    <testsuite name="HomeController_test" file="/Applications/MAMP/htdocs/umpire/application/tests/controllers/HomeController_test.php" tests="2" assertions="3" errors="0" failures="0" skipped="0" time="0.275783">
      <testcase name="test_LoadPage" class="HomeController_test" classname="HomeController_test" file="/Applications/MAMP/htdocs/umpire/application/tests/controllers/HomeController_test.php" line="12" assertions="2" time="0.212655"/>
      <testcase name="test_LoadPage_NotLoggedIn" class="HomeController_test" classname="HomeController_test" file="/Applications/MAMP/htdocs/umpire/application/tests/controllers/HomeController_test.php" line="45" assertions="1" time="0.063128"/>
    </testsuite>
    <testsuite name="Integration_test" file="/Applications/MAMP/htdocs/umpire/application/tests/controllers/Integration_test.php" tests="1" assertions="1" errors="0" failures="0" skipped="0" time="1.592321">
      <testcase name="test_Dummy" class="Integration_test" classname="Integration_test" file="/Applications/MAMP/htdocs/umpire/application/tests/controllers/Integration_test.php" line="17" assertions="1" time="1.592321"/>
    </testsuite>
    <testsuite name="Report_test" file="/Applications/MAMP/htdocs/umpire/application/tests/controllers/Report_test.php" tests="2" assertions="1" errors="1" failures="0" skipped="0" time="1.381844">
      <testcase name="test_Report1" class="Report_test" classname="Report_test" file="/Applications/MAMP/htdocs/umpire/application/tests/controllers/Report_test.php" line="10" assertions="1" time="1.197843"/>
      <testcase name="test_Report2" class="Report_test" classname="Report_test" file="/Applications/MAMP/htdocs/umpire/application/tests/controllers/Report_test.php" line="29" assertions="0" time="0.184001">
        <error type="RuntimeException">Report_test::test_Report2
RuntimeException: Undefined index: 2 Umpires on line 252 in file /Applications/MAMP/htdocs/umpire/application/models/separate_reports/Parent_report.php

/Applications/MAMP/htdocs/umpire/application/tests/_ci_phpunit_test/CIPHPUnitTestCase.php:169
/Applications/MAMP/htdocs/umpire/application/models/separate_reports/Parent_report.php:252
/Applications/MAMP/htdocs/umpire/application/models/separate_reports/Report2.php:156
/Applications/MAMP/htdocs/umpire/application/models/Report_instance.php:199
/Applications/MAMP/htdocs/umpire/application/models/Report_instance.php:137
/Applications/MAMP/htdocs/umpire/application/models/Report_populator_model.php:27
/Applications/MAMP/htdocs/umpire/application/controllers/Report.php:46
/Applications/MAMP/htdocs/umpire/application/tests/_ci_phpunit_test/CIPHPUnitTestRequest.php:368
/Applications/MAMP/htdocs/umpire/application/tests/_ci_phpunit_test/CIPHPUnitTestRequest.php:257
/Applications/MAMP/htdocs/umpire/application/tests/_ci_phpunit_test/CIPHPUnitTestRequest.php:153
/Applications/MAMP/htdocs/umpire/application/tests/_ci_phpunit_test/CIPHPUnitTestCase.php:144
/Applications/MAMP/htdocs/umpire/application/tests/controllers/Report_test.php:43
/Applications/MAMP/htdocs/umpire/vendor/phpunit/phpunit/phpunit:53
</error>
      </testcase>
    </testsuite>
    <testsuite name="ResetPasswordEntry_test" file="/Applications/MAMP/htdocs/umpire/application/tests/controllers/ResetPasswordEntry_test.php" tests="6" assertions="13" errors="0" failures="0" skipped="0" time="0.500436">
      <testcase name="test_LoadPage" class="ResetPasswordEntry_test" classname="ResetPasswordEntry_test" file="/Applications/MAMP/htdocs/umpire/application/tests/controllers/ResetPasswordEntry_test.php" line="18" assertions="1" time="0.069808"/>
      <testcase name="test_SubmitNewPassword_Valid" class="ResetPasswordEntry_test" classname="ResetPasswordEntry_test" file="/Applications/MAMP/htdocs/umpire/application/tests/controllers/ResetPasswordEntry_test.php" line="32" assertions="4" time="0.118647"/>
      <testcase name="test_SubmitNewPassword_IncorrectPW" class="ResetPasswordEntry_test" classname="ResetPasswordEntry_test" file="/Applications/MAMP/htdocs/umpire/application/tests/controllers/ResetPasswordEntry_test.php" line="69" assertions="2" time="0.081669"/>
      <testcase name="test_SubmitNewPassword_MissingPW" class="ResetPasswordEntry_test" classname="ResetPasswordEntry_test" file="/Applications/MAMP/htdocs/umpire/application/tests/controllers/ResetPasswordEntry_test.php" line="98" assertions="2" time="0.076830"/>
      <testcase name="test_SubmitNewPassword_PWDoesNotMatch" class="ResetPasswordEntry_test" classname="ResetPasswordEntry_test" file="/Applications/MAMP/htdocs/umpire/application/tests/controllers/ResetPasswordEntry_test.php" line="125" assertions="2" time="0.071309"/>
      <testcase name="test_SubmitNewPassword_UsernameDoesNotExist" class="ResetPasswordEntry_test" classname="ResetPasswordEntry_test" file="/Applications/MAMP/htdocs/umpire/application/tests/controllers/ResetPasswordEntry_test.php" line="152" assertions="2" time="0.082173"/>
    </testsuite>
    <testsuite name="UpdateProfile_test" file="/Applications/MAMP/htdocs/umpire/application/tests/controllers/UpdateProfile_test.php" tests="4" assertions="4" errors="0" failures="0" skipped="0" time="0.538361">
      <testcase name="test_DataValid" class="UpdateProfile_test" classname="UpdateProfile_test" file="/Applications/MAMP/htdocs/umpire/application/tests/controllers/UpdateProfile_test.php" line="11" assertions="1" time="0.137612"/>
      <testcase name="test_UpdateEmail_Valid" class="UpdateProfile_test" classname="UpdateProfile_test" file="/Applications/MAMP/htdocs/umpire/application/tests/controllers/UpdateProfile_test.php" line="25" assertions="1" time="0.133129"/>
      <testcase name="test_UpdateEmail_NotValid" class="UpdateProfile_test" classname="UpdateProfile_test" file="/Applications/MAMP/htdocs/umpire/application/tests/controllers/UpdateProfile_test.php" line="43" assertions="1" time="0.126516"/>
      <testcase name="test_UpdateEmail_Empty" class="UpdateProfile_test" classname="UpdateProfile_test" file="/Applications/MAMP/htdocs/umpire/application/tests/controllers/UpdateProfile_test.php" line="61" assertions="1" time="0.141104"/>
    </testsuite>
    <testsuite name="VerifyLogin_test" file="/Applications/MAMP/htdocs/umpire/application/tests/controllers/VerifyLogin_test.php" tests="5" assertions="5" errors="0" failures="0" skipped="0" time="0.360675">
      <testcase name="testIndex_CorrectDetails" class="VerifyLogin_test" classname="VerifyLogin_test" file="/Applications/MAMP/htdocs/umpire/application/tests/controllers/VerifyLogin_test.php" line="15" assertions="1" time="0.076319"/>
      <testcase name="testIndex_IncorrectPW" class="VerifyLogin_test" classname="VerifyLogin_test" file="/Applications/MAMP/htdocs/umpire/application/tests/controllers/VerifyLogin_test.php" line="27" assertions="1" time="0.085052"/>
      <testcase name="testIndex_IncorrectUsername" class="VerifyLogin_test" classname="VerifyLogin_test" file="/Applications/MAMP/htdocs/umpire/application/tests/controllers/VerifyLogin_test.php" line="39" assertions="1" time="0.066133"/>
      <testcase name="testIndex_MissingUsername" class="VerifyLogin_test" classname="VerifyLogin_test" file="/Applications/MAMP/htdocs/umpire/application/tests/controllers/VerifyLogin_test.php" line="51" assertions="1" time="0.067218"/>
      <testcase name="testIndex_MissingPassword" class="VerifyLogin_test" classname="VerifyLogin_test" file="/Applications/MAMP/htdocs/umpire/application/tests/controllers/VerifyLogin_test.php" line="63" assertions="1" time="0.065953"/>
    </testsuite>
    <testsuite name="Match_import_test" file="/Applications/MAMP/htdocs/umpire/application/tests/models/Match_import_test.php" tests="11" assertions="20" errors="0" failures="0" skipped="0" time="4.207685">
      <testcase name="test_ImportFile_ValidXLS" class="Match_import_test" classname="Match_import_test" file="/Applications/MAMP/htdocs/umpire/application/tests/models/Match_import_test.php" line="28" assertions="4" time="1.544100"/>
      <testcase name="test_ImportFile_ValidXLSX" class="Match_import_test" classname="Match_import_test" file="/Applications/MAMP/htdocs/umpire/application/tests/models/Match_import_test.php" line="54" assertions="4" time="0.351480"/>
      <testcase name="test_ImportFile_MissingColumnHeaderRow" class="Match_import_test" classname="Match_import_test" file="/Applications/MAMP/htdocs/umpire/application/tests/models/Match_import_test.php" line="80" assertions="1" time="0.205175"/>
      <testcase name="test_ImportFile_BlankColumnHeaderRow" class="Match_import_test" classname="Match_import_test" file="/Applications/MAMP/htdocs/umpire/application/tests/models/Match_import_test.php" line="93" assertions="1" time="0.250277"/>
      <testcase name="test_ImportFile_IncorrectColumnHeaderRow" class="Match_import_test" classname="Match_import_test" file="/Applications/MAMP/htdocs/umpire/application/tests/models/Match_import_test.php" line="106" assertions="1" time="0.292760"/>
      <testcase name="test_ImportFile_MissingLastColumn" class="Match_import_test" classname="Match_import_test" file="/Applications/MAMP/htdocs/umpire/application/tests/models/Match_import_test.php" line="119" assertions="1" time="0.377463"/>
      <testcase name="test_ImportFile_MissingSeveralColumns" class="Match_import_test" classname="Match_import_test" file="/Applications/MAMP/htdocs/umpire/application/tests/models/Match_import_test.php" line="132" assertions="1" time="0.213137"/>
      <testcase name="test_ImportFile_ExtraColumn" class="Match_import_test" classname="Match_import_test" file="/Applications/MAMP/htdocs/umpire/application/tests/models/Match_import_test.php" line="145" assertions="4" time="0.329435"/>
      <testcase name="test_ImportFile_NoData" class="Match_import_test" classname="Match_import_test" file="/Applications/MAMP/htdocs/umpire/application/tests/models/Match_import_test.php" line="171" assertions="1" time="0.158181"/>
      <testcase name="test_ImportFile_NotExcel" class="Match_import_test" classname="Match_import_test" file="/Applications/MAMP/htdocs/umpire/application/tests/models/Match_import_test.php" line="184" assertions="1" time="0.213115"/>
      <testcase name="test_ImportFile_AnotherSheetSelected" class="Match_import_test" classname="Match_import_test" file="/Applications/MAMP/htdocs/umpire/application/tests/models/Match_import_test.php" line="197" assertions="1" time="0.272562"/>
    </testsuite>
    <testsuite name="Missing_data_updater_test" file="/Applications/MAMP/htdocs/umpire/application/tests/models/Missing_data_updater_test.php" tests="14" assertions="20" errors="0" failures="0" skipped="0" time="0.882386">
      <testcase name="test_GetPossibleLeaguesForComp" class="Missing_data_updater_test" classname="Missing_data_updater_test" file="/Applications/MAMP/htdocs/umpire/application/tests/models/Missing_data_updater_test.php" line="12" assertions="2" time="0.059677"/>
      <testcase name="test_GetClubsForTeam" class="Missing_data_updater_test" classname="Missing_data_updater_test" file="/Applications/MAMP/htdocs/umpire/application/tests/models/Missing_data_updater_test.php" line="23" assertions="2" time="0.052075"/>
      <testcase name="test_GetRegions" class="Missing_data_updater_test" classname="Missing_data_updater_test" file="/Applications/MAMP/htdocs/umpire/application/tests/models/Missing_data_updater_test.php" line="34" assertions="2" time="0.057516"/>
      <testcase name="test_GetAgeGroups" class="Missing_data_updater_test" classname="Missing_data_updater_test" file="/Applications/MAMP/htdocs/umpire/application/tests/models/Missing_data_updater_test.php" line="45" assertions="2" time="0.059030"/>
      <testcase name="test_GetShortLeagueNames" class="Missing_data_updater_test" classname="Missing_data_updater_test" file="/Applications/MAMP/htdocs/umpire/application/tests/models/Missing_data_updater_test.php" line="56" assertions="2" time="0.047200"/>
      <testcase name="test_GetDivisions" class="Missing_data_updater_test" classname="Missing_data_updater_test" file="/Applications/MAMP/htdocs/umpire/application/tests/models/Missing_data_updater_test.php" line="67" assertions="2" time="0.060431"/>
      <testcase name="test_UpdateSingleCompetition" class="Missing_data_updater_test" classname="Missing_data_updater_test" file="/Applications/MAMP/htdocs/umpire/application/tests/models/Missing_data_updater_test.php" line="78" assertions="1" time="0.048643"/>
      <testcase name="test_InsertNewLeague" class="Missing_data_updater_test" classname="Missing_data_updater_test" file="/Applications/MAMP/htdocs/umpire/application/tests/models/Missing_data_updater_test.php" line="88" assertions="1" time="0.085794"/>
      <testcase name="test_updateTeamAndClubData_OneTeamInsert" class="Missing_data_updater_test" classname="Missing_data_updater_test" file="/Applications/MAMP/htdocs/umpire/application/tests/models/Missing_data_updater_test.php" line="100" assertions="1" time="0.073703"/>
      <testcase name="test_updateTeamAndClubData_TwoTeamsInsert" class="Missing_data_updater_test" classname="Missing_data_updater_test" file="/Applications/MAMP/htdocs/umpire/application/tests/models/Missing_data_updater_test.php" line="123" assertions="1" time="0.073951"/>
      <testcase name="test_updateTeamAndClubData_OneTeamUpdate" class="Missing_data_updater_test" classname="Missing_data_updater_test" file="/Applications/MAMP/htdocs/umpire/application/tests/models/Missing_data_updater_test.php" line="147" assertions="1" time="0.067305"/>
      <testcase name="test_updateTeamAndClubData_TwoTeamsUpdate" class="Missing_data_updater_test" classname="Missing_data_updater_test" file="/Applications/MAMP/htdocs/umpire/application/tests/models/Missing_data_updater_test.php" line="170" assertions="1" time="0.068425"/>
      <testcase name="test_updateTeamAndClubData_MissingValues" class="Missing_data_updater_test" classname="Missing_data_updater_test" file="/Applications/MAMP/htdocs/umpire/application/tests/models/Missing_data_updater_test.php" line="193" assertions="1" time="0.063455"/>
      <testcase name="test_updateTeamAndClubData_NoCompetition" class="Missing_data_updater_test" classname="Missing_data_updater_test" file="/Applications/MAMP/htdocs/umpire/application/tests/models/Missing_data_updater_test.php" line="208" assertions="1" time="0.065181"/>
    </testsuite>
    <testsuite name="Report1_test" file="/Applications/MAMP/htdocs/umpire/application/tests/models/Report1_test.php" tests="6" assertions="6" errors="0" failures="0" skipped="0" time="0.526797">
      <testcase name="test_GetDataQuery" class="Report1_test" classname="Report1_test" file="/Applications/MAMP/htdocs/umpire/application/tests/models/Report1_test.php" line="10" assertions="1" time="0.087451"/>
      <testcase name="test_GetReportColumnQuery" class="Report1_test" classname="Report1_test" file="/Applications/MAMP/htdocs/umpire/application/tests/models/Report1_test.php" line="32" assertions="1" time="0.083116"/>
      <testcase name="test_GetDataQueryNullParam" class="Report1_test" classname="Report1_test" file="/Applications/MAMP/htdocs/umpire/application/tests/models/Report1_test.php" line="52" assertions="1" time="0.083700"/>
      <testcase name="test_GetDataQueryEmptyParam" class="Report1_test" classname="Report1_test" file="/Applications/MAMP/htdocs/umpire/application/tests/models/Report1_test.php" line="71" assertions="1" time="0.093279"/>
      <testcase name="test_GetReportColumnQueryNullParam" class="Report1_test" classname="Report1_test" file="/Applications/MAMP/htdocs/umpire/application/tests/models/Report1_test.php" line="90" assertions="1" time="0.089367"/>
      <testcase name="test_GetReportColumnQueryEmptyParam" class="Report1_test" classname="Report1_test" file="/Applications/MAMP/htdocs/umpire/application/tests/models/Report1_test.php" line="108" assertions="1" time="0.089884"/>
    </testsuite>
    <testsuite name="Report2_test" file="/Applications/MAMP/htdocs/umpire/application/tests/models/Report2_test.php" tests="6" assertions="6" errors="0" failures="0" skipped="0" time="0.556298">
      <testcase name="test_GetDataQuery" class="Report2_test" classname="Report2_test" file="/Applications/MAMP/htdocs/umpire/application/tests/models/Report2_test.php" line="10" assertions="1" time="0.094985"/>
      <testcase name="test_GetReportColumnQuery" class="Report2_test" classname="Report2_test" file="/Applications/MAMP/htdocs/umpire/application/tests/models/Report2_test.php" line="37" assertions="1" time="0.083585"/>
      <testcase name="test_GetDataQueryNullParam" class="Report2_test" classname="Report2_test" file="/Applications/MAMP/htdocs/umpire/application/tests/models/Report2_test.php" line="58" assertions="1" time="0.080695"/>
      <testcase name="test_GetDataQueryEmptyParam" class="Report2_test" classname="Report2_test" file="/Applications/MAMP/htdocs/umpire/application/tests/models/Report2_test.php" line="77" assertions="1" time="0.095678"/>
      <testcase name="test_GetReportColumnQueryNullParam" class="Report2_test" classname="Report2_test" file="/Applications/MAMP/htdocs/umpire/application/tests/models/Report2_test.php" line="96" assertions="1" time="0.113580"/>
      <testcase name="test_GetReportColumnQueryEmptyParam" class="Report2_test" classname="Report2_test" file="/Applications/MAMP/htdocs/umpire/application/tests/models/Report2_test.php" line="114" assertions="1" time="0.087775"/>
    </testsuite>
    <testsuite name="Report3_test" file="/Applications/MAMP/htdocs/umpire/application/tests/models/Report3_test.php" tests="6" assertions="6" errors="0" failures="0" skipped="0" time="0.633786">
      <testcase name="test_GetDataQuery" class="Report3_test" classname="Report3_test" file="/Applications/MAMP/htdocs/umpire/application/tests/models/Report3_test.php" line="10" assertions="1" time="0.122788"/>
      <testcase name="test_GetReportColumnQuery" class="Report3_test" classname="Report3_test" file="/Applications/MAMP/htdocs/umpire/application/tests/models/Report3_test.php" line="29" assertions="1" time="0.072225"/>
      <testcase name="test_GetDataQueryNullParam" class="Report3_test" classname="Report3_test" file="/Applications/MAMP/htdocs/umpire/application/tests/models/Report3_test.php" line="47" assertions="1" time="0.077179"/>
      <testcase name="test_GetDataQueryEmptyParam" class="Report3_test" classname="Report3_test" file="/Applications/MAMP/htdocs/umpire/application/tests/models/Report3_test.php" line="63" assertions="1" time="0.180746"/>
      <testcase name="test_GetReportColumnQueryNullParam" class="Report3_test" classname="Report3_test" file="/Applications/MAMP/htdocs/umpire/application/tests/models/Report3_test.php" line="79" assertions="1" time="0.096570"/>
      <testcase name="test_GetReportColumnQueryEmptyParam" class="Report3_test" classname="Report3_test" file="/Applications/MAMP/htdocs/umpire/application/tests/models/Report3_test.php" line="94" assertions="1" time="0.084278"/>
    </testsuite>
    <testsuite name="Report4_test" file="/Applications/MAMP/htdocs/umpire/application/tests/models/Report4_test.php" tests="6" assertions="6" errors="0" failures="0" skipped="0" time="0.506430">
      <testcase name="test_GetDataQuery" class="Report4_test" classname="Report4_test" file="/Applications/MAMP/htdocs/umpire/application/tests/models/Report4_test.php" line="10" assertions="1" time="0.083446"/>
      <testcase name="test_GetReportColumnQuery" class="Report4_test" classname="Report4_test" file="/Applications/MAMP/htdocs/umpire/application/tests/models/Report4_test.php" line="25" assertions="1" time="0.118173"/>
      <testcase name="test_GetDataQueryNullParam" class="Report4_test" classname="Report4_test" file="/Applications/MAMP/htdocs/umpire/application/tests/models/Report4_test.php" line="38" assertions="1" time="0.101732"/>
      <testcase name="test_GetDataQueryEmptyParam" class="Report4_test" classname="Report4_test" file="/Applications/MAMP/htdocs/umpire/application/tests/models/Report4_test.php" line="57" assertions="1" time="0.068416"/>
      <testcase name="test_GetReportColumnQueryNullParam" class="Report4_test" classname="Report4_test" file="/Applications/MAMP/htdocs/umpire/application/tests/models/Report4_test.php" line="76" assertions="1" time="0.072271"/>
      <testcase name="test_GetReportColumnQueryEmptyParam" class="Report4_test" classname="Report4_test" file="/Applications/MAMP/htdocs/umpire/application/tests/models/Report4_test.php" line="94" assertions="1" time="0.062392"/>
    </testsuite>
    <testsuite name="Report5_test" file="/Applications/MAMP/htdocs/umpire/application/tests/models/Report5_test.php" tests="6" assertions="6" errors="0" failures="0" skipped="0" time="0.398470">
      <testcase name="test_GetDataQuery" class="Report5_test" classname="Report5_test" file="/Applications/MAMP/htdocs/umpire/application/tests/models/Report5_test.php" line="10" assertions="1" time="0.066861"/>
      <testcase name="test_GetReportColumnQuery" class="Report5_test" classname="Report5_test" file="/Applications/MAMP/htdocs/umpire/application/tests/models/Report5_test.php" line="30" assertions="1" time="0.062833"/>
      <testcase name="test_GetDataQueryNullParam" class="Report5_test" classname="Report5_test" file="/Applications/MAMP/htdocs/umpire/application/tests/models/Report5_test.php" line="47" assertions="1" time="0.067360"/>
      <testcase name="test_GetDataQueryEmptyParam" class="Report5_test" classname="Report5_test" file="/Applications/MAMP/htdocs/umpire/application/tests/models/Report5_test.php" line="66" assertions="1" time="0.066888"/>
      <testcase name="test_GetReportColumnQueryNullParam" class="Report5_test" classname="Report5_test" file="/Applications/MAMP/htdocs/umpire/application/tests/models/Report5_test.php" line="85" assertions="1" time="0.070978"/>
      <testcase name="test_GetReportColumnQueryEmptyParam" class="Report5_test" classname="Report5_test" file="/Applications/MAMP/htdocs/umpire/application/tests/models/Report5_test.php" line="103" assertions="1" time="0.063550"/>
    </testsuite>
    <testsuite name="Report6_test" file="/Applications/MAMP/htdocs/umpire/application/tests/models/Report6_test.php" tests="6" assertions="6" errors="0" failures="0" skipped="0" time="0.391983">
      <testcase name="test_GetDataQuery" class="Report6_test" classname="Report6_test" file="/Applications/MAMP/htdocs/umpire/application/tests/models/Report6_test.php" line="10" assertions="1" time="0.060747"/>
      <testcase name="test_GetReportColumnQuery" class="Report6_test" classname="Report6_test" file="/Applications/MAMP/htdocs/umpire/application/tests/models/Report6_test.php" line="32" assertions="1" time="0.075755"/>
      <testcase name="test_GetDataQueryNullParam" class="Report6_test" classname="Report6_test" file="/Applications/MAMP/htdocs/umpire/application/tests/models/Report6_test.php" line="51" assertions="1" time="0.059642"/>
      <testcase name="test_GetDataQueryEmptyParam" class="Report6_test" classname="Report6_test" file="/Applications/MAMP/htdocs/umpire/application/tests/models/Report6_test.php" line="70" assertions="1" time="0.066221"/>
      <testcase name="test_GetReportColumnQueryNullParam" class="Report6_test" classname="Report6_test" file="/Applications/MAMP/htdocs/umpire/application/tests/models/Report6_test.php" line="89" assertions="1" time="0.064155"/>
      <testcase name="test_GetReportColumnQueryEmptyParam" class="Report6_test" classname="Report6_test" file="/Applications/MAMP/htdocs/umpire/application/tests/models/Report6_test.php" line="107" assertions="1" time="0.065463"/>
    </testsuite>
    <testsuite name="Report7_test" file="/Applications/MAMP/htdocs/umpire/application/tests/models/Report7_test.php" tests="6" assertions="6" errors="0" failures="0" skipped="0" time="0.528630">
      <testcase name="test_GetDataQuery" class="Report7_test" classname="Report7_test" file="/Applications/MAMP/htdocs/umpire/application/tests/models/Report7_test.php" line="10" assertions="1" time="0.084717"/>
      <testcase name="test_GetReportColumnQuery" class="Report7_test" classname="Report7_test" file="/Applications/MAMP/htdocs/umpire/application/tests/models/Report7_test.php" line="32" assertions="1" time="0.082407"/>
      <testcase name="test_GetDataQueryNullParam" class="Report7_test" classname="Report7_test" file="/Applications/MAMP/htdocs/umpire/application/tests/models/Report7_test.php" line="53" assertions="1" time="0.073293"/>
      <testcase name="test_GetDataQueryEmptyParam" class="Report7_test" classname="Report7_test" file="/Applications/MAMP/htdocs/umpire/application/tests/models/Report7_test.php" line="72" assertions="1" time="0.080966"/>
      <testcase name="test_GetReportColumnQueryNullParam" class="Report7_test" classname="Report7_test" file="/Applications/MAMP/htdocs/umpire/application/tests/models/Report7_test.php" line="91" assertions="1" time="0.067400"/>
      <testcase name="test_GetReportColumnQueryEmptyParam" class="Report7_test" classname="Report7_test" file="/Applications/MAMP/htdocs/umpire/application/tests/models/Report7_test.php" line="109" assertions="1" time="0.139847"/>
    </testsuite>
    <testsuite name="Report8_test" file="/Applications/MAMP/htdocs/umpire/application/tests/models/Report8_test.php" tests="6" assertions="6" errors="0" failures="0" skipped="0" time="0.427221">
      <testcase name="test_GetDataQuery" class="Report8_test" classname="Report8_test" file="/Applications/MAMP/htdocs/umpire/application/tests/models/Report8_test.php" line="10" assertions="1" time="0.093917"/>
      <testcase name="test_GetReportColumnQuery" class="Report8_test" classname="Report8_test" file="/Applications/MAMP/htdocs/umpire/application/tests/models/Report8_test.php" line="20" assertions="1" time="0.076315"/>
      <testcase name="test_GetDataQueryNullParam" class="Report8_test" classname="Report8_test" file="/Applications/MAMP/htdocs/umpire/application/tests/models/Report8_test.php" line="27" assertions="1" time="0.068552"/>
      <testcase name="test_GetDataQueryEmptyParam" class="Report8_test" classname="Report8_test" file="/Applications/MAMP/htdocs/umpire/application/tests/models/Report8_test.php" line="46" assertions="1" time="0.062563"/>
      <testcase name="test_GetReportColumnQueryNullParam" class="Report8_test" classname="Report8_test" file="/Applications/MAMP/htdocs/umpire/application/tests/models/Report8_test.php" line="65" assertions="1" time="0.062712"/>
      <testcase name="test_GetReportColumnQueryEmptyParam" class="Report8_test" classname="Report8_test" file="/Applications/MAMP/htdocs/umpire/application/tests/models/Report8_test.php" line="83" assertions="1" time="0.063162"/>
    </testsuite>
    <testsuite name="Report_display_options_test" file="/Applications/MAMP/htdocs/umpire/application/tests/models/Report_display_options_test.php" tests="14" assertions="14" errors="0" failures="0" skipped="0" time="1.269023">
      <testcase name="test_ColumnGroup" class="Report_display_options_test" classname="Report_display_options_test" file="/Applications/MAMP/htdocs/umpire/application/tests/models/Report_display_options_test.php" line="10" assertions="1" time="0.058688"/>
      <testcase name="test_RowGroup" class="Report_display_options_test" classname="Report_display_options_test" file="/Applications/MAMP/htdocs/umpire/application/tests/models/Report_display_options_test.php" line="16" assertions="1" time="0.058813"/>
      <testcase name="test_FieldToDisplay" class="Report_display_options_test" classname="Report_display_options_test" file="/Applications/MAMP/htdocs/umpire/application/tests/models/Report_display_options_test.php" line="22" assertions="1" time="0.064494"/>
      <testcase name="test_NoDataValue" class="Report_display_options_test" classname="Report_display_options_test" file="/Applications/MAMP/htdocs/umpire/application/tests/models/Report_display_options_test.php" line="28" assertions="1" time="0.058407"/>
      <testcase name="test_MergeColumnGroup" class="Report_display_options_test" classname="Report_display_options_test" file="/Applications/MAMP/htdocs/umpire/application/tests/models/Report_display_options_test.php" line="34" assertions="1" time="0.069889"/>
      <testcase name="test_ColourCells" class="Report_display_options_test" classname="Report_display_options_test" file="/Applications/MAMP/htdocs/umpire/application/tests/models/Report_display_options_test.php" line="40" assertions="1" time="0.312100"/>
      <testcase name="test_ColumnHeadingLabel" class="Report_display_options_test" classname="Report_display_options_test" file="/Applications/MAMP/htdocs/umpire/application/tests/models/Report_display_options_test.php" line="46" assertions="1" time="0.131403"/>
      <testcase name="test_FirstColumnFormat" class="Report_display_options_test" classname="Report_display_options_test" file="/Applications/MAMP/htdocs/umpire/application/tests/models/Report_display_options_test.php" line="52" assertions="1" time="0.075956"/>
      <testcase name="test_ColumnHeadingSizeText" class="Report_display_options_test" classname="Report_display_options_test" file="/Applications/MAMP/htdocs/umpire/application/tests/models/Report_display_options_test.php" line="58" assertions="1" time="0.080792"/>
      <testcase name="test_PDFResolution" class="Report_display_options_test" classname="Report_display_options_test" file="/Applications/MAMP/htdocs/umpire/application/tests/models/Report_display_options_test.php" line="64" assertions="1" time="0.059211"/>
      <testcase name="test_PDFPaperSize" class="Report_display_options_test" classname="Report_display_options_test" file="/Applications/MAMP/htdocs/umpire/application/tests/models/Report_display_options_test.php" line="70" assertions="1" time="0.060007"/>
      <testcase name="test_PDFOrientation" class="Report_display_options_test" classname="Report_display_options_test" file="/Applications/MAMP/htdocs/umpire/application/tests/models/Report_display_options_test.php" line="76" assertions="1" time="0.058245"/>
      <testcase name="test_LastGameDate" class="Report_display_options_test" classname="Report_display_options_test" file="/Applications/MAMP/htdocs/umpire/application/tests/models/Report_display_options_test.php" line="82" assertions="1" time="0.074825"/>
      <testcase name="test_CreateObject" class="Report_display_options_test" classname="Report_display_options_test" file="/Applications/MAMP/htdocs/umpire/application/tests/models/Report_display_options_test.php" line="88" assertions="1" time="0.106193"/>
    </testsuite>
    <testsuite name="Report_factory_test" file="/Applications/MAMP/htdocs/umpire/application/tests/models/Report_factory_test.php" tests="13" assertions="13" errors="0" failures="0" skipped="0" time="1.483625">
      <testcase name="test_Report1" class="Report_factory_test" classname="Report_factory_test" file="/Applications/MAMP/htdocs/umpire/application/tests/models/Report_factory_test.php" line="17" assertions="1" time="0.060877"/>
      <testcase name="test_Report2" class="Report_factory_test" classname="Report_factory_test" file="/Applications/MAMP/htdocs/umpire/application/tests/models/Report_factory_test.php" line="22" assertions="1" time="0.088641"/>
      <testcase name="test_Report3" class="Report_factory_test" classname="Report_factory_test" file="/Applications/MAMP/htdocs/umpire/application/tests/models/Report_factory_test.php" line="27" assertions="1" time="0.054174"/>
      <testcase name="test_Report4" class="Report_factory_test" classname="Report_factory_test" file="/Applications/MAMP/htdocs/umpire/application/tests/models/Report_factory_test.php" line="32" assertions="1" time="0.041086"/>
      <testcase name="test_Report5" class="Report_factory_test" classname="Report_factory_test" file="/Applications/MAMP/htdocs/umpire/application/tests/models/Report_factory_test.php" line="37" assertions="1" time="0.062593"/>
      <testcase name="test_Report6" class="Report_factory_test" classname="Report_factory_test" file="/Applications/MAMP/htdocs/umpire/application/tests/models/Report_factory_test.php" line="42" assertions="1" time="0.087691"/>
      <testcase name="test_Report7" class="Report_factory_test" classname="Report_factory_test" file="/Applications/MAMP/htdocs/umpire/application/tests/models/Report_factory_test.php" line="47" assertions="1" time="0.122009"/>
      <testcase name="test_Report8" class="Report_factory_test" classname="Report_factory_test" file="/Applications/MAMP/htdocs/umpire/application/tests/models/Report_factory_test.php" line="52" assertions="1" time="0.272442"/>
      <testcase name="test_Report9" class="Report_factory_test" classname="Report_factory_test" file="/Applications/MAMP/htdocs/umpire/application/tests/models/Report_factory_test.php" line="57" assertions="1" time="0.221948"/>
      <testcase name="test_ReportDecimal" class="Report_factory_test" classname="Report_factory_test" file="/Applications/MAMP/htdocs/umpire/application/tests/models/Report_factory_test.php" line="62" assertions="1" time="0.139592"/>
      <testcase name="test_ReportZero" class="Report_factory_test" classname="Report_factory_test" file="/Applications/MAMP/htdocs/umpire/application/tests/models/Report_factory_test.php" line="67" assertions="1" time="0.070903"/>
      <testcase name="test_ReportText" class="Report_factory_test" classname="Report_factory_test" file="/Applications/MAMP/htdocs/umpire/application/tests/models/Report_factory_test.php" line="72" assertions="1" time="0.063734"/>
      <testcase name="test_ReportNull" class="Report_factory_test" classname="Report_factory_test" file="/Applications/MAMP/htdocs/umpire/application/tests/models/Report_factory_test.php" line="77" assertions="1" time="0.197935"/>
    </testsuite>
    <testsuite name="Report_filter_parameter_test" file="/Applications/MAMP/htdocs/umpire/application/tests/models/Report_filter_parameter_test.php" tests="15" assertions="15" errors="0" failures="0" skipped="0" time="2.576412">
      <testcase name="test_dummy" class="Report_filter_parameter_test" classname="Report_filter_parameter_test" file="/Applications/MAMP/htdocs/umpire/application/tests/models/Report_filter_parameter_test.php" line="9" assertions="1" time="0.236375"/>
      <testcase name="test_createFilterParameter_ValuesOKSQL" class="Report_filter_parameter_test" classname="Report_filter_parameter_test" file="/Applications/MAMP/htdocs/umpire/application/tests/models/Report_filter_parameter_test.php" line="13" assertions="1" time="0.215745"/>
      <testcase name="test_createFilterParameter_ValuesOKDisplay" class="Report_filter_parameter_test" classname="Report_filter_parameter_test" file="/Applications/MAMP/htdocs/umpire/application/tests/models/Report_filter_parameter_test.php" line="23" assertions="1" time="0.088860"/>
      <testcase name="test_createFilterParameter_SingleValueSQL" class="Report_filter_parameter_test" classname="Report_filter_parameter_test" file="/Applications/MAMP/htdocs/umpire/application/tests/models/Report_filter_parameter_test.php" line="33" assertions="1" time="0.062905"/>
      <testcase name="test_createFilterParameter_SingleValueDisplay" class="Report_filter_parameter_test" classname="Report_filter_parameter_test" file="/Applications/MAMP/htdocs/umpire/application/tests/models/Report_filter_parameter_test.php" line="43" assertions="1" time="0.146490"/>
      <testcase name="test_createFilterParameter_ValuesOKPDFSQL" class="Report_filter_parameter_test" classname="Report_filter_parameter_test" file="/Applications/MAMP/htdocs/umpire/application/tests/models/Report_filter_parameter_test.php" line="55" assertions="1" time="0.093838"/>
      <testcase name="test_createFilterParameter_SingleValuePDFSQL" class="Report_filter_parameter_test" classname="Report_filter_parameter_test" file="/Applications/MAMP/htdocs/umpire/application/tests/models/Report_filter_parameter_test.php" line="84" assertions="1" time="0.145103"/>
      <testcase name="test_createFilterParameter_SeveralValuesRegionSQL" class="Report_filter_parameter_test" classname="Report_filter_parameter_test" file="/Applications/MAMP/htdocs/umpire/application/tests/models/Report_filter_parameter_test.php" line="105" assertions="1" time="0.500994"/>
      <testcase name="test_createFilterParameter_SeveralValuesRegionDisplay" class="Report_filter_parameter_test" classname="Report_filter_parameter_test" file="/Applications/MAMP/htdocs/umpire/application/tests/models/Report_filter_parameter_test.php" line="115" assertions="1" time="0.142473"/>
      <testcase name="test_createFilterParameter_SingleArrayValueRegionSQL" class="Report_filter_parameter_test" classname="Report_filter_parameter_test" file="/Applications/MAMP/htdocs/umpire/application/tests/models/Report_filter_parameter_test.php" line="125" assertions="1" time="0.112129"/>
      <testcase name="test_createFilterParameter_SingleArrayValueRegionDisplay" class="Report_filter_parameter_test" classname="Report_filter_parameter_test" file="/Applications/MAMP/htdocs/umpire/application/tests/models/Report_filter_parameter_test.php" line="135" assertions="1" time="0.230651"/>
      <testcase name="test_createFilterParameter_SingleValueRegionSQL" class="Report_filter_parameter_test" classname="Report_filter_parameter_test" file="/Applications/MAMP/htdocs/umpire/application/tests/models/Report_filter_parameter_test.php" line="145" assertions="1" time="0.348926"/>
      <testcase name="test_createFilterParameter_SingleValueRegionDisplay" class="Report_filter_parameter_test" classname="Report_filter_parameter_test" file="/Applications/MAMP/htdocs/umpire/application/tests/models/Report_filter_parameter_test.php" line="155" assertions="1" time="0.094215"/>
      <testcase name="test_createFilterParameter_StringSQL" class="Report_filter_parameter_test" classname="Report_filter_parameter_test" file="/Applications/MAMP/htdocs/umpire/application/tests/models/Report_filter_parameter_test.php" line="165" assertions="1" time="0.081508"/>
      <testcase name="test_createFilterParameter_EmptyArraySQL" class="Report_filter_parameter_test" classname="Report_filter_parameter_test" file="/Applications/MAMP/htdocs/umpire/application/tests/models/Report_filter_parameter_test.php" line="173" assertions="1" time="0.076200"/>
    </testsuite>
    <testsuite name="Report_grouping_structure_test" file="/Applications/MAMP/htdocs/umpire/application/tests/models/Report_grouping_structure_test.php" tests="10" assertions="10" errors="0" failures="0" skipped="0" time="0.755775">
      <testcase name="test_ObjectType" class="Report_grouping_structure_test" classname="Report_grouping_structure_test" file="/Applications/MAMP/htdocs/umpire/application/tests/models/Report_grouping_structure_test.php" line="8" assertions="1" time="0.068959"/>
      <testcase name="test_ReportGroupingStructureID" class="Report_grouping_structure_test" classname="Report_grouping_structure_test" file="/Applications/MAMP/htdocs/umpire/application/tests/models/Report_grouping_structure_test.php" line="15" assertions="1" time="0.089238"/>
      <testcase name="test_GroupingType" class="Report_grouping_structure_test" classname="Report_grouping_structure_test" file="/Applications/MAMP/htdocs/umpire/application/tests/models/Report_grouping_structure_test.php" line="23" assertions="1" time="0.100016"/>
      <testcase name="test_FieldName" class="Report_grouping_structure_test" classname="Report_grouping_structure_test" file="/Applications/MAMP/htdocs/umpire/application/tests/models/Report_grouping_structure_test.php" line="31" assertions="1" time="0.074864"/>
      <testcase name="test_FieldGroupOrder" class="Report_grouping_structure_test" classname="Report_grouping_structure_test" file="/Applications/MAMP/htdocs/umpire/application/tests/models/Report_grouping_structure_test.php" line="40" assertions="1" time="0.067954"/>
      <testcase name="test_MergeField" class="Report_grouping_structure_test" classname="Report_grouping_structure_test" file="/Applications/MAMP/htdocs/umpire/application/tests/models/Report_grouping_structure_test.php" line="49" assertions="1" time="0.093776"/>
      <testcase name="test_GroupHeading" class="Report_grouping_structure_test" classname="Report_grouping_structure_test" file="/Applications/MAMP/htdocs/umpire/application/tests/models/Report_grouping_structure_test.php" line="58" assertions="1" time="0.068362"/>
      <testcase name="test_GroupSizeText" class="Report_grouping_structure_test" classname="Report_grouping_structure_test" file="/Applications/MAMP/htdocs/umpire/application/tests/models/Report_grouping_structure_test.php" line="67" assertions="1" time="0.080777"/>
      <testcase name="test_NullParams" class="Report_grouping_structure_test" classname="Report_grouping_structure_test" file="/Applications/MAMP/htdocs/umpire/application/tests/models/Report_grouping_structure_test.php" line="75" assertions="1" time="0.058424"/>
      <testcase name="test_EmptyStringParams" class="Report_grouping_structure_test" classname="Report_grouping_structure_test" file="/Applications/MAMP/htdocs/umpire/application/tests/models/Report_grouping_structure_test.php" line="83" assertions="1" time="0.053405"/>
    </testsuite>
    <testsuite name="Report_instance_test" file="/Applications/MAMP/htdocs/umpire/application/tests/models/Report_instance_test.php" tests="2" assertions="7" errors="0" failures="0" skipped="0" time="0.364454">
      <testcase name="test_SetReportType" class="Report_instance_test" classname="Report_instance_test" file="/Applications/MAMP/htdocs/umpire/application/tests/models/Report_instance_test.php" line="10" assertions="3" time="0.134505"/>
      <testcase name="test_LoadReportResults" class="Report_instance_test" classname="Report_instance_test" file="/Applications/MAMP/htdocs/umpire/application/tests/models/Report_instance_test.php" line="39" assertions="4" time="0.229949"/>
    </testsuite>
    <testsuite name="Report_param_loader_test" file="/Applications/MAMP/htdocs/umpire/application/tests/models/Report_param_loader_test.php" tests="7" assertions="8" errors="0" failures="0" skipped="0" time="0.406912">
      <testcase name="test_GetReportParameter" class="Report_param_loader_test" classname="Report_param_loader_test" file="/Applications/MAMP/htdocs/umpire/application/tests/models/Report_param_loader_test.php" line="12" assertions="1" time="0.050641"/>
      <testcase name="test_GetReportGroupingStructureArray" class="Report_param_loader_test" classname="Report_param_loader_test" file="/Applications/MAMP/htdocs/umpire/application/tests/models/Report_param_loader_test.php" line="19" assertions="2" time="0.055370"/>
      <testcase name="test_loadAllParametersTest" class="Report_param_loader_test" classname="Report_param_loader_test" file="/Applications/MAMP/htdocs/umpire/application/tests/models/Report_param_loader_test.php" line="30" assertions="1" time="0.066559"/>
      <testcase name="test_loadAllParametersTestV2" class="Report_param_loader_test" classname="Report_param_loader_test" file="/Applications/MAMP/htdocs/umpire/application/tests/models/Report_param_loader_test.php" line="41" assertions="1" time="0.051969"/>
      <testcase name="test_loadAllParametersTestNotFound" class="Report_param_loader_test" classname="Report_param_loader_test" file="/Applications/MAMP/htdocs/umpire/application/tests/models/Report_param_loader_test.php" line="52" assertions="1" time="0.061398"/>
      <testcase name="test_loadAllGroupingStructuresForReport" class="Report_param_loader_test" classname="Report_param_loader_test" file="/Applications/MAMP/htdocs/umpire/application/tests/models/Report_param_loader_test.php" line="60" assertions="1" time="0.060990"/>
      <testcase name="test_loadAllGroupingStructuresForReportNotFound" class="Report_param_loader_test" classname="Report_param_loader_test" file="/Applications/MAMP/htdocs/umpire/application/tests/models/Report_param_loader_test.php" line="71" assertions="1" time="0.059985"/>
    </testsuite>
    <testsuite name="Report_parameter_test" file="/Applications/MAMP/htdocs/umpire/application/tests/models/Report_parameter_test.php" tests="8" assertions="8" errors="0" failures="0" skipped="0" time="0.537433">
      <testcase name="test_ReportTitle" class="Report_parameter_test" classname="Report_parameter_test" file="/Applications/MAMP/htdocs/umpire/application/tests/models/Report_parameter_test.php" line="20" assertions="1" time="0.071089"/>
      <testcase name="test_ValueFieldID" class="Report_parameter_test" classname="Report_parameter_test" file="/Applications/MAMP/htdocs/umpire/application/tests/models/Report_parameter_test.php" line="27" assertions="1" time="0.061659"/>
      <testcase name="test_NoValueDisplay" class="Report_parameter_test" classname="Report_parameter_test" file="/Applications/MAMP/htdocs/umpire/application/tests/models/Report_parameter_test.php" line="34" assertions="1" time="0.044594"/>
      <testcase name="test_FirstColumnFormat" class="Report_parameter_test" classname="Report_parameter_test" file="/Applications/MAMP/htdocs/umpire/application/tests/models/Report_parameter_test.php" line="41" assertions="1" time="0.069422"/>
      <testcase name="test_ColourCells" class="Report_parameter_test" classname="Report_parameter_test" file="/Applications/MAMP/htdocs/umpire/application/tests/models/Report_parameter_test.php" line="48" assertions="1" time="0.079538"/>
      <testcase name="test_PDFOrientation" class="Report_parameter_test" classname="Report_parameter_test" file="/Applications/MAMP/htdocs/umpire/application/tests/models/Report_parameter_test.php" line="55" assertions="1" time="0.055854"/>
      <testcase name="test_PDFPaperSize" class="Report_parameter_test" classname="Report_parameter_test" file="/Applications/MAMP/htdocs/umpire/application/tests/models/Report_parameter_test.php" line="62" assertions="1" time="0.069539"/>
      <testcase name="test_PDFResolution" class="Report_parameter_test" classname="Report_parameter_test" file="/Applications/MAMP/htdocs/umpire/application/tests/models/Report_parameter_test.php" line="69" assertions="1" time="0.085738"/>
    </testsuite>
    <testsuite name="Report_populator_model_test" file="/Applications/MAMP/htdocs/umpire/application/tests/models/Report_populator_model_test.php" tests="1" assertions="1" errors="0" failures="0" skipped="0" time="0.143968">
      <testcase name="test_dummy" class="Report_populator_model_test" classname="Report_populator_model_test" file="/Applications/MAMP/htdocs/umpire/application/tests/models/Report_populator_model_test.php" line="10" assertions="1" time="0.143968"/>
    </testsuite>
    <testsuite name="Report_selection_parameter_test" file="/Applications/MAMP/htdocs/umpire/application/tests/models/Report_selection_parameter_test.php" tests="8" assertions="14" errors="0" failures="0" skipped="0" time="0.475455">
      <testcase name="test_createReportSelectionParameterID" class="Report_selection_parameter_test" classname="Report_selection_parameter_test" file="/Applications/MAMP/htdocs/umpire/application/tests/models/Report_selection_parameter_test.php" line="8" assertions="1" time="0.053702"/>
      <testcase name="test_createReportSelectionParameterName" class="Report_selection_parameter_test" classname="Report_selection_parameter_test" file="/Applications/MAMP/htdocs/umpire/application/tests/models/Report_selection_parameter_test.php" line="20" assertions="1" time="0.059620"/>
      <testcase name="test_createReportSelectionParameterDisplayOrder" class="Report_selection_parameter_test" classname="Report_selection_parameter_test" file="/Applications/MAMP/htdocs/umpire/application/tests/models/Report_selection_parameter_test.php" line="32" assertions="1" time="0.072068"/>
      <testcase name="test_createReportSelectionParameterAllowMultiple" class="Report_selection_parameter_test" classname="Report_selection_parameter_test" file="/Applications/MAMP/htdocs/umpire/application/tests/models/Report_selection_parameter_test.php" line="44" assertions="1" time="0.079857"/>
      <testcase name="test_createReportSelectionParameterIDNull" class="Report_selection_parameter_test" classname="Report_selection_parameter_test" file="/Applications/MAMP/htdocs/umpire/application/tests/models/Report_selection_parameter_test.php" line="56" assertions="1" time="0.055485"/>
      <testcase name="test_createReportSelectionParameterIDEmpty" class="Report_selection_parameter_test" classname="Report_selection_parameter_test" file="/Applications/MAMP/htdocs/umpire/application/tests/models/Report_selection_parameter_test.php" line="68" assertions="1" time="0.047182"/>
      <testcase name="test_initialiseSelectableReportOptions_OneValue" class="Report_selection_parameter_test" classname="Report_selection_parameter_test" file="/Applications/MAMP/htdocs/umpire/application/tests/models/Report_selection_parameter_test.php" line="80" assertions="3" time="0.057826"/>
      <testcase name="test_initialiseSelectableReportOptions_TwoValues" class="Report_selection_parameter_test" classname="Report_selection_parameter_test" file="/Applications/MAMP/htdocs/umpire/application/tests/models/Report_selection_parameter_test.php" line="107" assertions="5" time="0.049715"/>
    </testsuite>
    <testsuite name="Report_selection_test" file="/Applications/MAMP/htdocs/umpire/application/tests/models/Report_selection_test.php" tests="19" assertions="19" errors="0" failures="0" skipped="0" time="1.175313">
      <testcase name="test_CreateReportSelection" class="Report_selection_test" classname="Report_selection_test" file="/Applications/MAMP/htdocs/umpire/application/tests/models/Report_selection_test.php" line="8" assertions="1" time="0.052857"/>
      <testcase name="test_CreateReportSelectionEmptyID" class="Report_selection_test" classname="Report_selection_test" file="/Applications/MAMP/htdocs/umpire/application/tests/models/Report_selection_test.php" line="22" assertions="1" time="0.065521"/>
      <testcase name="test_CreateReportSelectionNullID" class="Report_selection_test" classname="Report_selection_test" file="/Applications/MAMP/htdocs/umpire/application/tests/models/Report_selection_test.php" line="35" assertions="1" time="0.068564"/>
      <testcase name="test_CreateReportSelectionTextID" class="Report_selection_test" classname="Report_selection_test" file="/Applications/MAMP/htdocs/umpire/application/tests/models/Report_selection_test.php" line="48" assertions="1" time="0.057674"/>
      <testcase name="test_CreateReportSelectionZeroEnabled" class="Report_selection_test" classname="Report_selection_test" file="/Applications/MAMP/htdocs/umpire/application/tests/models/Report_selection_test.php" line="61" assertions="1" time="0.030095"/>
      <testcase name="test_CreateReportSelectionRegionEnabledTwo" class="Report_selection_test" classname="Report_selection_test" file="/Applications/MAMP/htdocs/umpire/application/tests/models/Report_selection_test.php" line="75" assertions="1" time="0.035425"/>
      <testcase name="test_CreateReportSelectionLeagueEnabledTwo" class="Report_selection_test" classname="Report_selection_test" file="/Applications/MAMP/htdocs/umpire/application/tests/models/Report_selection_test.php" line="88" assertions="1" time="0.058651"/>
      <testcase name="test_CreateReportSelectionAgeGroupEnabledTwo" class="Report_selection_test" classname="Report_selection_test" file="/Applications/MAMP/htdocs/umpire/application/tests/models/Report_selection_test.php" line="101" assertions="1" time="0.053099"/>
      <testcase name="test_CreateReportSelectionUmpireTypeEnabledTwo" class="Report_selection_test" classname="Report_selection_test" file="/Applications/MAMP/htdocs/umpire/application/tests/models/Report_selection_test.php" line="114" assertions="1" time="0.100761"/>
      <testcase name="test_CreateReportSelectionRegionEnabledText" class="Report_selection_test" classname="Report_selection_test" file="/Applications/MAMP/htdocs/umpire/application/tests/models/Report_selection_test.php" line="127" assertions="1" time="0.063461"/>
      <testcase name="test_CreateReportSelectionLeagueEnabledText" class="Report_selection_test" classname="Report_selection_test" file="/Applications/MAMP/htdocs/umpire/application/tests/models/Report_selection_test.php" line="140" assertions="1" time="0.049479"/>
      <testcase name="test_CreateReportSelectionAgeGroupEnabledText" class="Report_selection_test" classname="Report_selection_test" file="/Applications/MAMP/htdocs/umpire/application/tests/models/Report_selection_test.php" line="153" assertions="1" time="0.045130"/>
      <testcase name="test_CreateReportSelectionUmpireTypeEnabledText" class="Report_selection_test" classname="Report_selection_test" file="/Applications/MAMP/htdocs/umpire/application/tests/models/Report_selection_test.php" line="166" assertions="1" time="0.070184"/>
      <testcase name="test_CreateReportSelectionIDName" class="Report_selection_test" classname="Report_selection_test" file="/Applications/MAMP/htdocs/umpire/application/tests/models/Report_selection_test.php" line="179" assertions="1" time="0.060466"/>
      <testcase name="test_CreateReportSelectionName" class="Report_selection_test" classname="Report_selection_test" file="/Applications/MAMP/htdocs/umpire/application/tests/models/Report_selection_test.php" line="188" assertions="1" time="0.053099"/>
      <testcase name="test_CreateReportSelectionRegion" class="Report_selection_test" classname="Report_selection_test" file="/Applications/MAMP/htdocs/umpire/application/tests/models/Report_selection_test.php" line="202" assertions="1" time="0.059711"/>
      <testcase name="test_CreateReportSelectionLeague" class="Report_selection_test" classname="Report_selection_test" file="/Applications/MAMP/htdocs/umpire/application/tests/models/Report_selection_test.php" line="216" assertions="1" time="0.089992"/>
      <testcase name="test_CreateReportSelectionAgeGroup" class="Report_selection_test" classname="Report_selection_test" file="/Applications/MAMP/htdocs/umpire/application/tests/models/Report_selection_test.php" line="230" assertions="1" time="0.047680"/>
      <testcase name="test_CreateReportSelectionUmpireType" class="Report_selection_test" classname="Report_selection_test" file="/Applications/MAMP/htdocs/umpire/application/tests/models/Report_selection_test.php" line="244" assertions="1" time="0.113464"/>
    </testsuite>
    <testsuite name="Requested_report_model_test" file="/Applications/MAMP/htdocs/umpire/application/tests/models/Requested_report_model_test.php" tests="10" assertions="10" errors="0" failures="0" skipped="0" time="0.744951">
      <testcase name="test_ReportNumber" class="Requested_report_model_test" classname="Requested_report_model_test" file="/Applications/MAMP/htdocs/umpire/application/tests/models/Requested_report_model_test.php" line="8" assertions="1" time="0.081457"/>
      <testcase name="test_Season" class="Requested_report_model_test" classname="Requested_report_model_test" file="/Applications/MAMP/htdocs/umpire/application/tests/models/Requested_report_model_test.php" line="23" assertions="1" time="0.124244"/>
      <testcase name="test_Region" class="Requested_report_model_test" classname="Requested_report_model_test" file="/Applications/MAMP/htdocs/umpire/application/tests/models/Requested_report_model_test.php" line="38" assertions="1" time="0.064999"/>
      <testcase name="test_AgeGroup" class="Requested_report_model_test" classname="Requested_report_model_test" file="/Applications/MAMP/htdocs/umpire/application/tests/models/Requested_report_model_test.php" line="53" assertions="1" time="0.062093"/>
      <testcase name="test_UmpireType" class="Requested_report_model_test" classname="Requested_report_model_test" file="/Applications/MAMP/htdocs/umpire/application/tests/models/Requested_report_model_test.php" line="68" assertions="1" time="0.051580"/>
      <testcase name="test_League" class="Requested_report_model_test" classname="Requested_report_model_test" file="/Applications/MAMP/htdocs/umpire/application/tests/models/Requested_report_model_test.php" line="83" assertions="1" time="0.068221"/>
      <testcase name="test_PDFMode" class="Requested_report_model_test" classname="Requested_report_model_test" file="/Applications/MAMP/htdocs/umpire/application/tests/models/Requested_report_model_test.php" line="98" assertions="1" time="0.077068"/>
      <testcase name="test_ReportNumberText" class="Requested_report_model_test" classname="Requested_report_model_test" file="/Applications/MAMP/htdocs/umpire/application/tests/models/Requested_report_model_test.php" line="113" assertions="1" time="0.058819"/>
      <testcase name="test_SeasonText" class="Requested_report_model_test" classname="Requested_report_model_test" file="/Applications/MAMP/htdocs/umpire/application/tests/models/Requested_report_model_test.php" line="126" assertions="1" time="0.062574"/>
      <testcase name="test_PDFModeText" class="Requested_report_model_test" classname="Requested_report_model_test" file="/Applications/MAMP/htdocs/umpire/application/tests/models/Requested_report_model_test.php" line="139" assertions="1" time="0.093896"/>
    </testsuite>
    <testsuite name="Season_test" file="/Applications/MAMP/htdocs/umpire/application/tests/models/Season_test.php" tests="8" assertions="9" errors="0" failures="0" skipped="0" time="0.361396">
      <testcase name="test_SeasonID" class="Season_test" classname="Season_test" file="/Applications/MAMP/htdocs/umpire/application/tests/models/Season_test.php" line="8" assertions="1" time="0.056354"/>
      <testcase name="test_SeasonIDText" class="Season_test" classname="Season_test" file="/Applications/MAMP/htdocs/umpire/application/tests/models/Season_test.php" line="17" assertions="1" time="0.057400"/>
      <testcase name="test_SeasonYearEarly" class="Season_test" classname="Season_test" file="/Applications/MAMP/htdocs/umpire/application/tests/models/Season_test.php" line="26" assertions="1" time="0.043296"/>
      <testcase name="test_SeasonYearMin" class="Season_test" classname="Season_test" file="/Applications/MAMP/htdocs/umpire/application/tests/models/Season_test.php" line="33" assertions="1" time="0.048102"/>
      <testcase name="test_SeasonYearRecent" class="Season_test" classname="Season_test" file="/Applications/MAMP/htdocs/umpire/application/tests/models/Season_test.php" line="42" assertions="1" time="0.033189"/>
      <testcase name="test_SeasonYearFuture" class="Season_test" classname="Season_test" file="/Applications/MAMP/htdocs/umpire/application/tests/models/Season_test.php" line="51" assertions="1" time="0.033371"/>
      <testcase name="test_SeasonYearText" class="Season_test" classname="Season_test" file="/Applications/MAMP/htdocs/umpire/application/tests/models/Season_test.php" line="60" assertions="1" time="0.049162"/>
      <testcase name="test_CreateSeasonFromID" class="Season_test" classname="Season_test" file="/Applications/MAMP/htdocs/umpire/application/tests/models/Season_test.php" line="67" assertions="2" time="0.040522"/>
    </testsuite>
    <testsuite name="Selectable_report_option_test" file="/Applications/MAMP/htdocs/umpire/application/tests/models/Selectable_report_option_test.php" tests="3" assertions="3" errors="0" failures="0" skipped="0" time="0.165677">
      <testcase name="test_OptionName" class="Selectable_report_option_test" classname="Selectable_report_option_test" file="/Applications/MAMP/htdocs/umpire/application/tests/models/Selectable_report_option_test.php" line="11" assertions="1" time="0.034539"/>
      <testcase name="test_OptionValue" class="Selectable_report_option_test" classname="Selectable_report_option_test" file="/Applications/MAMP/htdocs/umpire/application/tests/models/Selectable_report_option_test.php" line="17" assertions="1" time="0.067464"/>
      <testcase name="test_OptionDisplayOrder" class="Selectable_report_option_test" classname="Selectable_report_option_test" file="/Applications/MAMP/htdocs/umpire/application/tests/models/Selectable_report_option_test.php" line="23" assertions="1" time="0.063674"/>
    </testsuite>
    <testsuite name="Table_operation_test" file="/Applications/MAMP/htdocs/umpire/application/tests/models/Table_operation_test.php" tests="5" assertions="5" errors="0" failures="0" skipped="0" time="0.218412">
      <testcase name="test_ImportedFileID" class="Table_operation_test" classname="Table_operation_test" file="/Applications/MAMP/htdocs/umpire/application/tests/models/Table_operation_test.php" line="12" assertions="1" time="0.077056"/>
      <testcase name="test_ProcessedTableID" class="Table_operation_test" classname="Table_operation_test" file="/Applications/MAMP/htdocs/umpire/application/tests/models/Table_operation_test.php" line="18" assertions="1" time="0.031986"/>
      <testcase name="test_OperationID" class="Table_operation_test" classname="Table_operation_test" file="/Applications/MAMP/htdocs/umpire/application/tests/models/Table_operation_test.php" line="24" assertions="1" time="0.038444"/>
      <testcase name="test_OperationDateTime" class="Table_operation_test" classname="Table_operation_test" file="/Applications/MAMP/htdocs/umpire/application/tests/models/Table_operation_test.php" line="30" assertions="1" time="0.039826"/>
      <testcase name="test_RowCount" class="Table_operation_test" classname="Table_operation_test" file="/Applications/MAMP/htdocs/umpire/application/tests/models/Table_operation_test.php" line="36" assertions="1" time="0.031100"/>
    </testsuite>
    <testsuite name="Umpire_test" file="/Applications/MAMP/htdocs/umpire/application/tests/models/Umpire_test.php" tests="11" assertions="11" errors="0" failures="0" skipped="0" time="0.424880">
      <testcase name="test_ID" class="Umpire_test" classname="Umpire_test" file="/Applications/MAMP/htdocs/umpire/application/tests/models/Umpire_test.php" line="15" assertions="1" time="0.033740"/>
      <testcase name="test_FirstName" class="Umpire_test" classname="Umpire_test" file="/Applications/MAMP/htdocs/umpire/application/tests/models/Umpire_test.php" line="23" assertions="1" time="0.063728"/>
      <testcase name="test_LastName" class="Umpire_test" classname="Umpire_test" file="/Applications/MAMP/htdocs/umpire/application/tests/models/Umpire_test.php" line="31" assertions="1" time="0.087456"/>
      <testcase name="test_GamesPlayedPrior" class="Umpire_test" classname="Umpire_test" file="/Applications/MAMP/htdocs/umpire/application/tests/models/Umpire_test.php" line="40" assertions="1" time="0.030305"/>
      <testcase name="test_GamesPlayedPriorText" class="Umpire_test" classname="Umpire_test" file="/Applications/MAMP/htdocs/umpire/application/tests/models/Umpire_test.php" line="48" assertions="1" time="0.027353"/>
      <testcase name="test_GamesPlayedOtherLeagues" class="Umpire_test" classname="Umpire_test" file="/Applications/MAMP/htdocs/umpire/application/tests/models/Umpire_test.php" line="56" assertions="1" time="0.031966"/>
      <testcase name="test_GamesPlayedOtherLeaguesText" class="Umpire_test" classname="Umpire_test" file="/Applications/MAMP/htdocs/umpire/application/tests/models/Umpire_test.php" line="64" assertions="1" time="0.027852"/>
      <testcase name="test_OldGamesPlayedPrior" class="Umpire_test" classname="Umpire_test" file="/Applications/MAMP/htdocs/umpire/application/tests/models/Umpire_test.php" line="72" assertions="1" time="0.031249"/>
      <testcase name="test_OldGamesPlayedPriorText" class="Umpire_test" classname="Umpire_test" file="/Applications/MAMP/htdocs/umpire/application/tests/models/Umpire_test.php" line="80" assertions="1" time="0.026584"/>
      <testcase name="test_OldGamesPlayedOtherLeagues" class="Umpire_test" classname="Umpire_test" file="/Applications/MAMP/htdocs/umpire/application/tests/models/Umpire_test.php" line="88" assertions="1" time="0.036045"/>
      <testcase name="test_OldGamesPlayedOtherLeaguesText" class="Umpire_test" classname="Umpire_test" file="/Applications/MAMP/htdocs/umpire/application/tests/models/Umpire_test.php" line="96" assertions="1" time="0.028602"/>
    </testsuite>
    <testsuite name="Umpireadminmodel_test" file="/Applications/MAMP/htdocs/umpire/application/tests/models/Umpireadminmodel_test.php" tests="8" assertions="45" errors="0" failures="0" skipped="0" time="0.364326">
      <testcase name="test_GetAllUmpiresAndValues_ManyRecords" class="Umpireadminmodel_test" classname="Umpireadminmodel_test" file="/Applications/MAMP/htdocs/umpire/application/tests/models/Umpireadminmodel_test.php" line="12" assertions="4" time="0.053204"/>
      <testcase name="test_GetAllUmpiresAndValues_NoRecords" class="Umpireadminmodel_test" classname="Umpireadminmodel_test" file="/Applications/MAMP/htdocs/umpire/application/tests/models/Umpireadminmodel_test.php" line="32" assertions="1" time="0.039667"/>
      <testcase name="test_UpdateUmpireValues_Valid" class="Umpireadminmodel_test" classname="Umpireadminmodel_test" file="/Applications/MAMP/htdocs/umpire/application/tests/models/Umpireadminmodel_test.php" line="39" assertions="9" time="0.053078"/>
      <testcase name="test_UpdateUmpireValues_NoValuesInArray" class="Umpireadminmodel_test" classname="Umpireadminmodel_test" file="/Applications/MAMP/htdocs/umpire/application/tests/models/Umpireadminmodel_test.php" line="74" assertions="3" time="0.042694"/>
      <testcase name="test_UpdateUmpireValues_NoMatchingUmpires" class="Umpireadminmodel_test" classname="Umpireadminmodel_test" file="/Applications/MAMP/htdocs/umpire/application/tests/models/Umpireadminmodel_test.php" line="89" assertions="9" time="0.044502"/>
      <testcase name="test_UpdateUmpireValues_ArrayHasText" class="Umpireadminmodel_test" classname="Umpireadminmodel_test" file="/Applications/MAMP/htdocs/umpire/application/tests/models/Umpireadminmodel_test.php" line="116" assertions="1" time="0.041033"/>
      <testcase name="test_UpdateUmpireValues_MultipleUpdates" class="Umpireadminmodel_test" classname="Umpireadminmodel_test" file="/Applications/MAMP/htdocs/umpire/application/tests/models/Umpireadminmodel_test.php" line="132" assertions="9" time="0.043301"/>
      <testcase name="test_UpdateUmpireValues_NoChanges" class="Umpireadminmodel_test" classname="Umpireadminmodel_test" file="/Applications/MAMP/htdocs/umpire/application/tests/models/Umpireadminmodel_test.php" line="166" assertions="9" time="0.046848"/>
    </testsuite>
    <testsuite name="User_admin_model_test" file="/Applications/MAMP/htdocs/umpire/application/tests/models/User_admin_test.php" tests="39" assertions="73" errors="0" failures="0" skipped="0" time="1.542561">
      <testcase name="test_GetAllUsers" class="User_admin_model_test" classname="User_admin_model_test" file="/Applications/MAMP/htdocs/umpire/application/tests/models/User_admin_test.php" line="11" assertions="4" time="0.063156"/>
      <testcase name="test_GetAllUsersArrayEmpty" class="User_admin_model_test" classname="User_admin_model_test" file="/Applications/MAMP/htdocs/umpire/application/tests/models/User_admin_test.php" line="32" assertions="1" time="0.039926"/>
      <testcase name="test_GetRoleArray" class="User_admin_model_test" classname="User_admin_model_test" file="/Applications/MAMP/htdocs/umpire/application/tests/models/User_admin_test.php" line="41" assertions="4" time="0.038062"/>
      <testcase name="test_GetRoleArrayEmpty" class="User_admin_model_test" classname="User_admin_model_test" file="/Applications/MAMP/htdocs/umpire/application/tests/models/User_admin_test.php" line="57" assertions="1" time="0.032925"/>
      <testcase name="test_GetReportArray" class="User_admin_model_test" classname="User_admin_model_test" file="/Applications/MAMP/htdocs/umpire/application/tests/models/User_admin_test.php" line="66" assertions="3" time="0.039592"/>
      <testcase name="test_GetReportArrayEmpty" class="User_admin_model_test" classname="User_admin_model_test" file="/Applications/MAMP/htdocs/umpire/application/tests/models/User_admin_test.php" line="81" assertions="1" time="0.033307"/>
      <testcase name="test_GetRegionArray" class="User_admin_model_test" classname="User_admin_model_test" file="/Applications/MAMP/htdocs/umpire/application/tests/models/User_admin_test.php" line="89" assertions="2" time="0.038105"/>
      <testcase name="test_GetRegionArrayEmpty" class="User_admin_model_test" classname="User_admin_model_test" file="/Applications/MAMP/htdocs/umpire/application/tests/models/User_admin_test.php" line="103" assertions="1" time="0.033600"/>
      <testcase name="test_GetUmpireDisciplineArray" class="User_admin_model_test" classname="User_admin_model_test" file="/Applications/MAMP/htdocs/umpire/application/tests/models/User_admin_test.php" line="109" assertions="2" time="0.038417"/>
      <testcase name="test_GetUmpireDisciplineArrayEmpty" class="User_admin_model_test" classname="User_admin_model_test" file="/Applications/MAMP/htdocs/umpire/application/tests/models/User_admin_test.php" line="124" assertions="1" time="0.038793"/>
      <testcase name="test_GetAgeGroupArray" class="User_admin_model_test" classname="User_admin_model_test" file="/Applications/MAMP/htdocs/umpire/application/tests/models/User_admin_test.php" line="131" assertions="2" time="0.033130"/>
      <testcase name="test_GetAgeGroupArrayEmpty" class="User_admin_model_test" classname="User_admin_model_test" file="/Applications/MAMP/htdocs/umpire/application/tests/models/User_admin_test.php" line="146" assertions="1" time="0.035234"/>
      <testcase name="test_GetLeagueArray" class="User_admin_model_test" classname="User_admin_model_test" file="/Applications/MAMP/htdocs/umpire/application/tests/models/User_admin_test.php" line="152" assertions="2" time="0.036859"/>
      <testcase name="test_GetLeagueArrayEmpty" class="User_admin_model_test" classname="User_admin_model_test" file="/Applications/MAMP/htdocs/umpire/application/tests/models/User_admin_test.php" line="167" assertions="1" time="0.040048"/>
      <testcase name="test_GetPermissionArray" class="User_admin_model_test" classname="User_admin_model_test" file="/Applications/MAMP/htdocs/umpire/application/tests/models/User_admin_test.php" line="176" assertions="2" time="0.042988"/>
      <testcase name="test_GetPermissionArrayEmpty" class="User_admin_model_test" classname="User_admin_model_test" file="/Applications/MAMP/htdocs/umpire/application/tests/models/User_admin_test.php" line="190" assertions="1" time="0.034573"/>
      <testcase name="test_addNewUser" class="User_admin_model_test" classname="User_admin_model_test" file="/Applications/MAMP/htdocs/umpire/application/tests/models/User_admin_test.php" line="197" assertions="1" time="0.036261"/>
      <testcase name="test_addNewUser_EmptyUsername" class="User_admin_model_test" classname="User_admin_model_test" file="/Applications/MAMP/htdocs/umpire/application/tests/models/User_admin_test.php" line="212" assertions="1" time="0.036840"/>
      <testcase name="test_addNewUser_EmptyNames" class="User_admin_model_test" classname="User_admin_model_test" file="/Applications/MAMP/htdocs/umpire/application/tests/models/User_admin_test.php" line="226" assertions="1" time="0.037441"/>
      <testcase name="test_addNewUser_EmptyPassword" class="User_admin_model_test" classname="User_admin_model_test" file="/Applications/MAMP/htdocs/umpire/application/tests/models/User_admin_test.php" line="241" assertions="1" time="0.036426"/>
      <testcase name="test_GetAllUserPermissionsFromDB" class="User_admin_model_test" classname="User_admin_model_test" file="/Applications/MAMP/htdocs/umpire/application/tests/models/User_admin_test.php" line="255" assertions="2" time="0.036634"/>
      <testcase name="test_GetAllUserRolesFromDB" class="User_admin_model_test" classname="User_admin_model_test" file="/Applications/MAMP/htdocs/umpire/application/tests/models/User_admin_test.php" line="270" assertions="2" time="0.036278"/>
      <testcase name="test_GetAllUserActiveFromDB" class="User_admin_model_test" classname="User_admin_model_test" file="/Applications/MAMP/htdocs/umpire/application/tests/models/User_admin_test.php" line="287" assertions="2" time="0.035551"/>
      <testcase name="test_TranslateUserFormActive" class="User_admin_model_test" classname="User_admin_model_test" file="/Applications/MAMP/htdocs/umpire/application/tests/models/User_admin_test.php" line="302" assertions="4" time="0.042108"/>
      <testcase name="test_RemovePrivileges" class="User_admin_model_test" classname="User_admin_model_test" file="/Applications/MAMP/htdocs/umpire/application/tests/models/User_admin_test.php" line="333" assertions="2" time="0.052077"/>
      <testcase name="test_RemovePrivileges_UsernameNotFound" class="User_admin_model_test" classname="User_admin_model_test" file="/Applications/MAMP/htdocs/umpire/application/tests/models/User_admin_test.php" line="370" assertions="2" time="0.048454"/>
      <testcase name="test_RemovePrivileges_PermissionNotFound" class="User_admin_model_test" classname="User_admin_model_test" file="/Applications/MAMP/htdocs/umpire/application/tests/models/User_admin_test.php" line="408" assertions="2" time="0.049444"/>
      <testcase name="test_RemovePrivileges_DeleteTwo" class="User_admin_model_test" classname="User_admin_model_test" file="/Applications/MAMP/htdocs/umpire/application/tests/models/User_admin_test.php" line="441" assertions="2" time="0.037292"/>
      <testcase name="test_AddPrivileges" class="User_admin_model_test" classname="User_admin_model_test" file="/Applications/MAMP/htdocs/umpire/application/tests/models/User_admin_test.php" line="482" assertions="2" time="0.042921"/>
      <testcase name="test_AddPrivileges_UsernameNotFound" class="User_admin_model_test" classname="User_admin_model_test" file="/Applications/MAMP/htdocs/umpire/application/tests/models/User_admin_test.php" line="517" assertions="2" time="0.040601"/>
      <testcase name="test_AddPrivileges_PermissionExists" class="User_admin_model_test" classname="User_admin_model_test" file="/Applications/MAMP/htdocs/umpire/application/tests/models/User_admin_test.php" line="551" assertions="2" time="0.042506"/>
      <testcase name="test_UpdateUserRoles" class="User_admin_model_test" classname="User_admin_model_test" file="/Applications/MAMP/htdocs/umpire/application/tests/models/User_admin_test.php" line="587" assertions="2" time="0.037912"/>
      <testcase name="test_UpdateUserRoles_UsernameMissing" class="User_admin_model_test" classname="User_admin_model_test" file="/Applications/MAMP/htdocs/umpire/application/tests/models/User_admin_test.php" line="619" assertions="2" time="0.044356"/>
      <testcase name="test_UpdateUserRoles_UsernameHasRole" class="User_admin_model_test" classname="User_admin_model_test" file="/Applications/MAMP/htdocs/umpire/application/tests/models/User_admin_test.php" line="651" assertions="2" time="0.034493"/>
      <testcase name="test_UpdateUserActive" class="User_admin_model_test" classname="User_admin_model_test" file="/Applications/MAMP/htdocs/umpire/application/tests/models/User_admin_test.php" line="685" assertions="2" time="0.035780"/>
      <testcase name="test_UpdateUserActive_UsernameMissing" class="User_admin_model_test" classname="User_admin_model_test" file="/Applications/MAMP/htdocs/umpire/application/tests/models/User_admin_test.php" line="719" assertions="2" time="0.036576"/>
      <testcase name="test_UpdateUserActive_SetInactive" class="User_admin_model_test" classname="User_admin_model_test" file="/Applications/MAMP/htdocs/umpire/application/tests/models/User_admin_test.php" line="753" assertions="2" time="0.046967"/>
      <testcase name="test_UpdateUserActive_SetInvalid" class="User_admin_model_test" classname="User_admin_model_test" file="/Applications/MAMP/htdocs/umpire/application/tests/models/User_admin_test.php" line="787" assertions="2" time="0.036086"/>
      <testcase name="test_UpdateUserActive_SetNull" class="User_admin_model_test" classname="User_admin_model_test" file="/Applications/MAMP/htdocs/umpire/application/tests/models/User_admin_test.php" line="821" assertions="2" time="0.040843"/>
    </testsuite>
    <testsuite name="User_authentication_model_test" file="/Applications/MAMP/htdocs/umpire/application/tests/models/User_authentication_model_test.php" tests="11" assertions="11" errors="0" failures="0" skipped="0" time="0.417246">
      <testcase name="test_Login_ValidOneResult" class="User_authentication_model_test" classname="User_authentication_model_test" file="/Applications/MAMP/htdocs/umpire/application/tests/models/User_authentication_model_test.php" line="10" assertions="1" time="0.042342"/>
      <testcase name="test_Login_ValidTwoResults" class="User_authentication_model_test" classname="User_authentication_model_test" file="/Applications/MAMP/htdocs/umpire/application/tests/models/User_authentication_model_test.php" line="26" assertions="1" time="0.068531"/>
[...]
      <testcase name="test_Validate_SQLInjectionCreate" class="User_maintenance_model_test" classname="User_maintenance_model_test" file="/Applications/MAMP/htdocs/umpire/application/tests/models/User_maintenance_model_test.php" line="326" assertions="1" time="0.034986"/>
      <testcase name="test_UpdateEmailAddress" class="User_maintenance_model_test" classname="User_maintenance_model_test" file="/Applications/MAMP/htdocs/umpire/application/tests/models/User_maintenance_model_test.php" line="336" assertions="1" time="0.029284"/>
      <testcase name="test_UpdateEmailAddress_EmailEmpty" class="User_maintenance_model_test" classname="User_maintenance_model_test" file="/Applications/MAMP/htdocs/umpire/application/tests/models/User_maintenance_model_test.php" line="345" assertions="1" time="0.030180"/>
      <testcase name="test_UpdateEmailAddress_EmailNull" class="User_maintenance_model_test" classname="User_maintenance_model_test" file="/Applications/MAMP/htdocs/umpire/application/tests/models/User_maintenance_model_test.php" line="354" assertions="1" time="0.045416"/>
      <testcase name="test_UpdateEmailAddress_UserNotFound" class="User_maintenance_model_test" classname="User_maintenance_model_test" file="/Applications/MAMP/htdocs/umpire/application/tests/models/User_maintenance_model_test.php" line="363" assertions="1" time="0.028926"/>
      <testcase name="test_UpdateEmailAddress_TwoUsersFound" class="User_maintenance_model_test" classname="User_maintenance_model_test" file="/Applications/MAMP/htdocs/umpire/application/tests/models/User_maintenance_model_test.php" line="372" assertions="1" time="0.028934"/>
    </testsuite>
    <testsuite name="User_permission_loader_model_test" file="/Applications/MAMP/htdocs/umpire/application/tests/models/User_permission_loader_model_test.php" tests="16" assertions="20" errors="0" failures="0" skipped="0" time="0.534324">
      <testcase name="test_getUserFromUsername" class="User_permission_loader_model_test" classname="User_permission_loader_model_test" file="/Applications/MAMP/htdocs/umpire/application/tests/models/User_permission_loader_model_test.php" line="11" assertions="3" time="0.032496"/>
      <testcase name="test_getUserFromUsername_UserNotFound" class="User_permission_loader_model_test" classname="User_permission_loader_model_test" file="/Applications/MAMP/htdocs/umpire/application/tests/models/User_permission_loader_model_test.php" line="24" assertions="1" time="0.027250"/>
      <testcase name="test_getUserFromUsername_TwoUsers" class="User_permission_loader_model_test" classname="User_permission_loader_model_test" file="/Applications/MAMP/htdocs/umpire/application/tests/models/User_permission_loader_model_test.php" line="32" assertions="3" time="0.038126"/>
      <testcase name="test_UserHasSpecificPermission" class="User_permission_loader_model_test" classname="User_permission_loader_model_test" file="/Applications/MAMP/htdocs/umpire/application/tests/models/User_permission_loader_model_test.php" line="45" assertions="1" time="0.035197"/>
      <testcase name="test_UserHasSpecificPermission_SelectionNotInArray" class="User_permission_loader_model_test" classname="User_permission_loader_model_test" file="/Applications/MAMP/htdocs/umpire/application/tests/models/User_permission_loader_model_test.php" line="56" assertions="1" time="0.032691"/>
      <testcase name="test_UserHasSpecificPermission_PermissionNotInArray" class="User_permission_loader_model_test" classname="User_permission_loader_model_test" file="/Applications/MAMP/htdocs/umpire/application/tests/models/User_permission_loader_model_test.php" line="67" assertions="1" time="0.039876"/>
      <testcase name="test_UserHasSpecificPermission_Empty" class="User_permission_loader_model_test" classname="User_permission_loader_model_test" file="/Applications/MAMP/htdocs/umpire/application/tests/models/User_permission_loader_model_test.php" line="78" assertions="1" time="0.030710"/>
      <testcase name="test_UserHasSpecificPermission_Null" class="User_permission_loader_model_test" classname="User_permission_loader_model_test" file="/Applications/MAMP/htdocs/umpire/application/tests/models/User_permission_loader_model_test.php" line="89" assertions="1" time="0.036268"/>
      <testcase name="test_UserHasImportFilePermission" class="User_permission_loader_model_test" classname="User_permission_loader_model_test" file="/Applications/MAMP/htdocs/umpire/application/tests/models/User_permission_loader_model_test.php" line="100" assertions="1" time="0.029020"/>
      <testcase name="test_UserHasImportFilePermission_No" class="User_permission_loader_model_test" classname="User_permission_loader_model_test" file="/Applications/MAMP/htdocs/umpire/application/tests/models/User_permission_loader_model_test.php" line="109" assertions="1" time="0.036447"/>
      <testcase name="test_UserCanSeeAdminPage" class="User_permission_loader_model_test" classname="User_permission_loader_model_test" file="/Applications/MAMP/htdocs/umpire/application/tests/models/User_permission_loader_model_test.php" line="118" assertions="1" time="0.029400"/>
      <testcase name="test_UserCanSeeAdminPage_No" class="User_permission_loader_model_test" classname="User_permission_loader_model_test" file="/Applications/MAMP/htdocs/umpire/application/tests/models/User_permission_loader_model_test.php" line="127" assertions="1" time="0.034231"/>
      <testcase name="test_UserCanSeeDataTestPage" class="User_permission_loader_model_test" classname="User_permission_loader_model_test" file="/Applications/MAMP/htdocs/umpire/application/tests/models/User_permission_loader_model_test.php" line="136" assertions="1" time="0.033162"/>
      <testcase name="test_UserCanSeeDataTest_No" class="User_permission_loader_model_test" classname="User_permission_loader_model_test" file="/Applications/MAMP/htdocs/umpire/application/tests/models/User_permission_loader_model_test.php" line="145" assertions="1" time="0.031639"/>
      <testcase name="test_UserCanCreatePDF" class="User_permission_loader_model_test" classname="User_permission_loader_model_test" file="/Applications/MAMP/htdocs/umpire/application/tests/models/User_permission_loader_model_test.php" line="154" assertions="1" time="0.032872"/>
      <testcase name="test_UserCanCreatePDF_No" class="User_permission_loader_model_test" classname="User_permission_loader_model_test" file="/Applications/MAMP/htdocs/umpire/application/tests/models/User_permission_loader_model_test.php" line="163" assertions="1" time="0.034939"/>
    </testsuite>
    <testsuite name="User_role_permission_test" file="/Applications/MAMP/htdocs/umpire/application/tests/models/User_role_permission_test.php" tests="6" assertions="9" errors="0" failures="0" skipped="0" time="0.182774">
      <testcase name="test_ID" class="User_role_permission_test" classname="User_role_permission_test" file="/Applications/MAMP/htdocs/umpire/application/tests/models/User_role_permission_test.php" line="11" assertions="1" time="0.036060"/>
      <testcase name="test_PermissionId" class="User_role_permission_test" classname="User_role_permission_test" file="/Applications/MAMP/htdocs/umpire/application/tests/models/User_role_permission_test.php" line="17" assertions="1" time="0.034170"/>
      <testcase name="test_PermissionName" class="User_role_permission_test" classname="User_role_permission_test" file="/Applications/MAMP/htdocs/umpire/application/tests/models/User_role_permission_test.php" line="24" assertions="1" time="0.026133"/>
      <testcase name="test_SelectionName" class="User_role_permission_test" classname="User_role_permission_test" file="/Applications/MAMP/htdocs/umpire/application/tests/models/User_role_permission_test.php" line="31" assertions="1" time="0.028572"/>
      <testcase name="test_CreateFromRow" class="User_role_permission_test" classname="User_role_permission_test" file="/Applications/MAMP/htdocs/umpire/application/tests/models/User_role_permission_test.php" line="37" assertions="4" time="0.028367"/>
      <testcase name="test_CreateFromRowNullData" class="User_role_permission_test" classname="User_role_permission_test" file="/Applications/MAMP/htdocs/umpire/application/tests/models/User_role_permission_test.php" line="56" assertions="1" time="0.029472"/>
    </testsuite>
    <testsuite name="User_test" file="/Applications/MAMP/htdocs/umpire/application/tests/models/User_test.php" tests="55" assertions="74" errors="0" failures="0" skipped="0" time="1.651818">
      <testcase name="test_ID" class="User_test" classname="User_test" file="/Applications/MAMP/htdocs/umpire/application/tests/models/User_test.php" line="11" assertions="1" time="0.029657"/>
      <testcase name="test_IDNull" class="User_test" classname="User_test" file="/Applications/MAMP/htdocs/umpire/application/tests/models/User_test.php" line="17" assertions="1" time="0.031510"/>
      <testcase name="test_IDEmptyString" class="User_test" classname="User_test" file="/Applications/MAMP/htdocs/umpire/application/tests/models/User_test.php" line="23" assertions="1" time="0.028982"/>
      <testcase name="test_Username" class="User_test" classname="User_test" file="/Applications/MAMP/htdocs/umpire/application/tests/models/User_test.php" line="29" assertions="1" time="0.027908"/>
      <testcase name="test_Username255" class="User_test" classname="User_test" file="/Applications/MAMP/htdocs/umpire/application/tests/models/User_test.php" line="35" assertions="1" time="0.026873"/>
      <testcase name="test_Username256" class="User_test" classname="User_test" file="/Applications/MAMP/htdocs/umpire/application/tests/models/User_test.php" line="41" assertions="1" time="0.030063"/>
      <testcase name="test_Username300" class="User_test" classname="User_test" file="/Applications/MAMP/htdocs/umpire/application/tests/models/User_test.php" line="47" assertions="1" time="0.034496"/>
      <testcase name="test_UsernameNull" class="User_test" classname="User_test" file="/Applications/MAMP/htdocs/umpire/application/tests/models/User_test.php" line="53" assertions="1" time="0.027482"/>
      <testcase name="test_UsernameEmptyString" class="User_test" classname="User_test" file="/Applications/MAMP/htdocs/umpire/application/tests/models/User_test.php" line="59" assertions="1" time="0.031366"/>
      <testcase name="test_Password" class="User_test" classname="User_test" file="/Applications/MAMP/htdocs/umpire/application/tests/models/User_test.php" line="65" assertions="1" time="0.027589"/>
      <testcase name="test_PasswordNull" class="User_test" classname="User_test" file="/Applications/MAMP/htdocs/umpire/application/tests/models/User_test.php" line="71" assertions="1" time="0.033494"/>
      <testcase name="test_PasswordEmpty" class="User_test" classname="User_test" file="/Applications/MAMP/htdocs/umpire/application/tests/models/User_test.php" line="77" assertions="1" time="0.028272"/>
      <testcase name="test_FirstName" class="User_test" classname="User_test" file="/Applications/MAMP/htdocs/umpire/application/tests/models/User_test.php" line="83" assertions="1" time="0.030590"/>
      <testcase name="test_FirstNameNull" class="User_test" classname="User_test" file="/Applications/MAMP/htdocs/umpire/application/tests/models/User_test.php" line="89" assertions="1" time="0.028955"/>
      <testcase name="test_FirstNameEmpty" class="User_test" classname="User_test" file="/Applications/MAMP/htdocs/umpire/application/tests/models/User_test.php" line="95" assertions="1" time="0.033411"/>
      <testcase name="test_LastName" class="User_test" classname="User_test" file="/Applications/MAMP/htdocs/umpire/application/tests/models/User_test.php" line="101" assertions="1" time="0.027234"/>
      <testcase name="test_LastNameNull" class="User_test" classname="User_test" file="/Applications/MAMP/htdocs/umpire/application/tests/models/User_test.php" line="107" assertions="1" time="0.028646"/>
      <testcase name="test_LastNameEmpty" class="User_test" classname="User_test" file="/Applications/MAMP/htdocs/umpire/application/tests/models/User_test.php" line="113" assertions="1" time="0.033182"/>
      <testcase name="test_RoleName" class="User_test" classname="User_test" file="/Applications/MAMP/htdocs/umpire/application/tests/models/User_test.php" line="119" assertions="1" time="0.035501"/>
      <testcase name="test_RoleNameNull" class="User_test" classname="User_test" file="/Applications/MAMP/htdocs/umpire/application/tests/models/User_test.php" line="125" assertions="1" time="0.027999"/>
      <testcase name="test_RoleNameEmpty" class="User_test" classname="User_test" file="/Applications/MAMP/htdocs/umpire/application/tests/models/User_test.php" line="131" assertions="1" time="0.027624"/>
      <testcase name="test_SubRoleName" class="User_test" classname="User_test" file="/Applications/MAMP/htdocs/umpire/application/tests/models/User_test.php" line="137" assertions="1" time="0.027360"/>
      <testcase name="test_SubRoleNameNull" class="User_test" classname="User_test" file="/Applications/MAMP/htdocs/umpire/application/tests/models/User_test.php" line="143" assertions="1" time="0.036565"/>
      <testcase name="test_SubRoleNameEmpty" class="User_test" classname="User_test" file="/Applications/MAMP/htdocs/umpire/application/tests/models/User_test.php" line="149" assertions="1" time="0.031628"/>
      <testcase name="test_PasswordResetURL" class="User_test" classname="User_test" file="/Applications/MAMP/htdocs/umpire/application/tests/models/User_test.php" line="156" assertions="1" time="0.027225"/>
      <testcase name="test_PasswordResetURLNotURL" class="User_test" classname="User_test" file="/Applications/MAMP/htdocs/umpire/application/tests/models/User_test.php" line="162" assertions="1" time="0.027079"/>
      <testcase name="test_PasswordResetURLNumber" class="User_test" classname="User_test" file="/Applications/MAMP/htdocs/umpire/application/tests/models/User_test.php" line="168" assertions="1" time="0.030748"/>
      <testcase name="test_PasswordResetURLNull" class="User_test" classname="User_test" file="/Applications/MAMP/htdocs/umpire/application/tests/models/User_test.php" line="174" assertions="1" time="0.026900"/>
      <testcase name="test_PasswordResetURLEmpty" class="User_test" classname="User_test" file="/Applications/MAMP/htdocs/umpire/application/tests/models/User_test.php" line="180" assertions="1" time="0.028007"/>
      <testcase name="test_EmailAddress" class="User_test" classname="User_test" file="/Applications/MAMP/htdocs/umpire/application/tests/models/User_test.php" line="186" assertions="1" time="0.027020"/>
      <testcase name="test_EmailAddress255" class="User_test" classname="User_test" file="/Applications/MAMP/htdocs/umpire/application/tests/models/User_test.php" line="192" assertions="1" time="0.026740"/>
      <testcase name="test_EmailAddress256" class="User_test" classname="User_test" file="/Applications/MAMP/htdocs/umpire/application/tests/models/User_test.php" line="198" assertions="1" time="0.029428"/>
      <testcase name="test_EmailAddress300" class="User_test" classname="User_test" file="/Applications/MAMP/htdocs/umpire/application/tests/models/User_test.php" line="204" assertions="1" time="0.027499"/>
      <testcase name="test_EmailAddressNull" class="User_test" classname="User_test" file="/Applications/MAMP/htdocs/umpire/application/tests/models/User_test.php" line="210" assertions="1" time="0.026678"/>
      <testcase name="test_EmailAddressEmptyString" class="User_test" classname="User_test" file="/Applications/MAMP/htdocs/umpire/application/tests/models/User_test.php" line="216" assertions="1" time="0.033559"/>
      <testcase name="test_ActivationID" class="User_test" classname="User_test" file="/Applications/MAMP/htdocs/umpire/application/tests/models/User_test.php" line="222" assertions="1" time="0.031413"/>
      <testcase name="test_ActivationID200" class="User_test" classname="User_test" file="/Applications/MAMP/htdocs/umpire/application/tests/models/User_test.php" line="228" assertions="1" time="0.032636"/>
      <testcase name="test_ActivationID201" class="User_test" classname="User_test" file="/Applications/MAMP/htdocs/umpire/application/tests/models/User_test.php" line="234" assertions="1" time="0.027730"/>
      <testcase name="test_ActivationID300" class="User_test" classname="User_test" file="/Applications/MAMP/htdocs/umpire/application/tests/models/User_test.php" line="240" assertions="1" time="0.028465"/>
      <testcase name="test_ActivationIDNull" class="User_test" classname="User_test" file="/Applications/MAMP/htdocs/umpire/application/tests/models/User_test.php" line="246" assertions="1" time="0.039157"/>
      <testcase name="test_ActivationIDEmptyString" class="User_test" classname="User_test" file="/Applications/MAMP/htdocs/umpire/application/tests/models/User_test.php" line="252" assertions="1" time="0.032654"/>
      <testcase name="test_Active0" class="User_test" classname="User_test" file="/Applications/MAMP/htdocs/umpire/application/tests/models/User_test.php" line="258" assertions="1" time="0.041706"/>
      <testcase name="test_Active1" class="User_test" classname="User_test" file="/Applications/MAMP/htdocs/umpire/application/tests/models/User_test.php" line="265" assertions="1" time="0.028923"/>
      <testcase name="test_ActiveEmpty" class="User_test" classname="User_test" file="/Applications/MAMP/htdocs/umpire/application/tests/models/User_test.php" line="272" assertions="1" time="0.034646"/>
      <testcase name="test_ActiveNull" class="User_test" classname="User_test" file="/Applications/MAMP/htdocs/umpire/application/tests/models/User_test.php" line="279" assertions="1" time="0.027258"/>
      <testcase name="test_Active0String" class="User_test" classname="User_test" file="/Applications/MAMP/htdocs/umpire/application/tests/models/User_test.php" line="286" assertions="1" time="0.026823"/>
      <testcase name="test_Active1String" class="User_test" classname="User_test" file="/Applications/MAMP/htdocs/umpire/application/tests/models/User_test.php" line="293" assertions="1" time="0.026848"/>
      <testcase name="test_Active2" class="User_test" classname="User_test" file="/Applications/MAMP/htdocs/umpire/application/tests/models/User_test.php" line="300" assertions="1" time="0.027506"/>
      <testcase name="test_ActiveTextValue" class="User_test" classname="User_test" file="/Applications/MAMP/htdocs/umpire/application/tests/models/User_test.php" line="306" assertions="1" time="0.028189"/>
      <testcase name="test_CreateUserFromNameAndRole" class="User_test" classname="User_test" file="/Applications/MAMP/htdocs/umpire/application/tests/models/User_test.php" line="313" assertions="8" time="0.035868"/>
      <testcase name="test_CreateUserFromNameAndPW" class="User_test" classname="User_test" file="/Applications/MAMP/htdocs/umpire/application/tests/models/User_test.php" line="334" assertions="5" time="0.030889"/>
      <testcase name="test_CreateUserFromNameAndPW_MissingUsername" class="User_test" classname="User_test" file="/Applications/MAMP/htdocs/umpire/application/tests/models/User_test.php" line="350" assertions="5" time="0.028666"/>
      <testcase name="test_CreateUserFromNameAndPW_MissingFirstname" class="User_test" classname="User_test" file="/Applications/MAMP/htdocs/umpire/application/tests/models/User_test.php" line="366" assertions="5" time="0.028445"/>
      <testcase name="test_SetPermissionArray" class="User_test" classname="User_test" file="/Applications/MAMP/htdocs/umpire/application/tests/models/User_test.php" line="382" assertions="1" time="0.028909"/>
      <testcase name="test_SetPermissionArray_Empty" class="User_test" classname="User_test" file="/Applications/MAMP/htdocs/umpire/application/tests/models/User_test.php" line="397" assertions="1" time="0.027816"/>
    </testsuite>
  </testsuite>
</testsuites>
